0000000000000000000000000000000000010011
0000000000000000000000000000000000110001
0000000000000000000000000000000000110001
0000000000000000000000000000000000010011
0000000000000000000000000000000000000100
0000000000000000000000000000000000010011
0000000000000000000000000000000000010011
0000000000000000000000000000000000110001
0000000000000000000000000000000000100010
0000000000000000000000000000000000010011
0000000000000000000000000000000000010011
0000000000000000000000000000000000000100
0000000000000000000000000000000000010011
0000000000000000000000000000000000000100
0000000000000000000000000000000000000100
0000000000000000000000000000000000010011
0000000000000000000000000000000000110001
0000000000000000000000000000000000000100
0000000000000000000000000000000000110001
0000000000000000000000000000000000110001
0000000000000000000000000000000000110001
0000000000000000000000000000000000110001
0000000000000000000000000000000000010011
0000000000000000000000000000000000010011
0000000000000000000000000000000000100010
0000000000000000000000000000000000100010
0000000000000000000000000000000000110001
0000000000000000000000000000000000100010
0000000000000000000000000000000000000100
0000000000000000000000000000000000010011
0000000000000000000000000000000000110001
0000000000000000000000000000000000010011
0000000000000000000000000000000000100010
0000000000000000000000000000000000010011
0000000000000000000000000000000000100010
0000000000000000000000000000000000000100
0000000000000000000000000000000000100010
0000000000000000000000000000000000000100
0000000000000000000000000000000000110001
0000000000000000000000000000000000100010
0000000000000000000000000000000000000100
0000000000000000000000000000000000110001
0000000000000000000000000000000000000100
0000000000000000000000000000000000100010
0000000000000000000000000000000000000100
0000000000000000000000000000000000000100
0000000000000000000000000000000000000100
0000000000000000000000000000000000110001
0000000000000000000000000000000000100010
0000000000000000000000000000000000110001
0000000000000000000000000000000000010011
0000000000000000000000000000000000110001
0000000000000000000000000000000000000100
0000000000000000000000000000000000110001
0000000000000000000000000000000000100010
0000000000000000000000000000000000010011
0000000000000000000000000000000000000100
0000000000000000000000000000000000000100
0000000000000000000000000000000000110001
0000000000000000000000000000000000100010
0000000000000000000000000000000000010011
0000000000000000000000000000000000000100
0000000000000000000000000000000000010011
0000000000000000000000000000000000100010
0000000000000000000000000000000000010011
0000000000000000000000000000000000110001
0000000000000000000000000000000000110001
0000000000000000000000000000000000110001
0000000000000000000000000000000000110001
0000000000000000000000000000000000000100
0000000000000000000000000000000000010011
0000000000000000000000000000000000000100
0000000000000000000000000000000000100010
0000000000000000000000000000000000010011
0000000000000000000000000000000000110001
0000000000000000000000000000000000100010
0000000000000000000000000000000000000100
0000000000000000000000000000000000000100
0000000000000000000000000000000000100010
0000000000000000000000000000000000100010
0000000000000000000000000000000000100010
0000000000000000000000000000000000110001
0000000000000000000000000000000000110001
0000000000000000000000000000000000000100
0000000000000000000000000000000000000100
0000000000000000000000000000000000100010
0000000000000000000000000000000000110001
0000000000000000000000000000000000000100
0000000000000000000000000000000000100010
0000000000000000000000000000000000010011
0000000000000000000000000000000000100010
0000000000000000000000000000000000010011
0000000000000000000000000000000000100010
0000000000000000000000000000000000000100
0000000000000000000000000000000000000100
0000000000000000000000000000000000000100
0000000000000000000000000000000000110001
0000000000000000000000000000000000110001
0000000000000000000000000000000000100010
0000000000000000000000000000000000110001
0000000000000000000000000000000000110001
0000000000000000000000000000000000100010
0000000000000000000000000000000000010011
0000000000000000000000000000000000100010
0000000000000000000000000000000000110001
0000000000000000000000000000000000010011
0000000000000000000000000000000000110001
0000000000000000000000000000000000010011
0000000000000000000000000000000000100010
0000000000000000000000000000000000110001
0000000000000000000000000000000000000100
0000000000000000000000000000000000010011
0000000000000000000000000000000000110001
0000000000000000000000000000000000010011
0000000000000000000000000000000000100010
0000000000000000000000000000000000110001
0000000000000000000000000000000000100010
0000000000000000000000000000000000000100
0000000000000000000000000000000000000100
0000000000000000000000000000000000100010
0000000000000000000000000000000000000100
0000000000000000000000000000000000110001
0000000000000000000000000000000000100010
0000000000000000000000000000000000010011
0000000000000000000000000000000000010011
0000000000000000000000000000000000100010
0000000000000000000000000000000000010011
0000000000000000000000000000000000010011
0000000000000000000000000000000000100010
0000000000000000000000000000000000000100
0000000000000000000000000000000000010011
0000000000000000000000000000000000110001
0000000000000000000000000000000000100010
0000000000000000000000000000000000100010
0000000000000000000000000000000000100010
0000000000000000000000000000000000000100
0000000000000000000000000000000000100010
0000000000000000000000000000000000110001
0000000000000000000000000000000000110001
0000000000000000000000000000000000010011
0000000000000000000000000000000000000100
0000000000000000000000000000000000110001
0000000000000000000000000000000000110001
0000000000000000000000000000000000110001
0000000000000000000000000000000000110001
0000000000000000000000000000000000000100
0000000000000000000000000000000000110001
0000000000000000000000000000000000110001
0000000000000000000000000000000000010011
0000000000000000000000000000000000100010
0000000000000000000000000000000000000100
0000000000000000000000000000000000110001
0000000000000000000000000000000000100010
0000000000000000000000000000000000010011
0000000000000000000000000000000000010011
0000000000000000000000000000000000000100
0000000000000000000000000000000000010011
0000000000000000000000000000000000110001
0000000000000000000000000000000000000100
0000000000000000000000000000000000000100
0000000000000000000000000000000000010011
0000000000000000000000000000000000110001
0000000000000000000000000000000000100010
0000000000000000000000000000000000000100
0000000000000000000000000000000000100010
0000000000000000000000000000000000000100
0000000000000000000000000000000000010011
0000000000000000000000000000000000010011
0000000000000000000000000000000000010011
0000000000000000000000000000000000000100
0000000000000000000000000000000000110001
0000000000000000000000000000000000010011
0000000000000000000000000000000000100010
0000000000000000000000000000000000010011
0000000000000000000000000000000000100010
0000000000000000000000000000000000010011
0000000000000000000000000000000000110001
0000000000000000000000000000000000000100
0000000000000000000000000000000000110001
0000000000000000000000000000000000000100
0000000000000000000000000000000000110001
0000000000000000000000100000000000111111
0000000000000000000000100000000000000010
0000000000000000000000100000000000000010
0000000000000000000000100000000000100000
0000000000000000000000000000000000100010
0000000000000000000000000000000000010011
0000000000000000000000000000000000100010
0000000000000000000000000000000000000100
0000000000000000000000000000000000010011
0000000000000000000000000000000000000100
0000000000000000000000000000000000010011
0000000000000000000000000000000000010011
0000000000000000000000000000000000110001
0000000000000000000000000000000000010011
0000000000000000000000000000000000000100
0000000000000000000000000000000000010011
0000000000000000000000000000000000110001
0000000000000000000000000000000000000100
0000000000000000000000000000000000110001
0000000000000000000000000000000000110001
0000000000000000000000000000000000110001
0000000000000000000000000000000000100010
0000000000000000000000000000000000000100
0000000000000000000000000000000000000100
0000000000000000000000000000000000100010
0000000000000000000000000000000000100010
0000000000000000000000000000000000000100
0000000000000000000000000000000000100010
0000000000000000000000000000000000010011
0000000000000000000000000000000000110001
0000000000000000000000000000000000000100
0000000000000000000000000000000000000100
0000000000000000000000000000000000110001
0000000000000000000000000000000000100010
0000000000000000000000100000000000111111
0000000000000000000000000000000000000100
0000000000000000000000000000000000010011
0000000000000000000000000000000000010011
0000000000000000000000000000000000010011
0000000000000000000000000000000000000100
0000000000000000000000000000000000010011
0000000000000000000000000000000000000100
0000000000000000000000000000000000010011
0000000000000000000000000000000000000100
0000000000000000000000000000000000100010
0000000000000000000000000000000000110001
0000000000000000000000000000000000110001
0000000000000000000000000000000000100010
0000000000000000000000000000000000010011
0000000000000000000000000000000000110001
0000000000000000000000000000000000000100
0000000000000000000000000000000000100010
0000000000000000000000000000000000010011
0000000000000000000000000000000000010011
0000000000000000000000000000000000100010
0000000000000000000000000000000000010011
0000000000000000000000000000000000000100
0000000000000000000000000000000000110001
0000000000000000000000000000000000110001
0000000000000000000000000000000000100010
0000000000000000000000000000000000110001
0000000000000000000000000000000000100010
0000000000000000000000000000000000000100
0000000000000000000000000000000000010011
0000000000000000000000000000000000110001
0000000000000000000000000000000000110001
0000000000000000000000000000000000000100
0000000000000000000000000000000000110001
0000000000000000000000000000000000010011
0000000000000000000000000000000000110001
0000000000000000000000000000000000010011
0000000000000000000000000000000000110001
0000000000000000000000000000000000100010
0000000000000000000000000000000000110001
0000000000000000000000000000000000000100
0000000000000000000000000000000000100010
0000000000000000000000000000000000010011
0000000000000000000000000000000000000100
0000000000000000000000000000000000110001
0000000000000000000000000000000000000100
0000000000000000000000000000000000100010
0000000000000000000000000000000000010011
0000000000000000000000000000000000110001
0000000000000000000000000000000000010011
0000000000000000000000000000000000010011
0000000000000000000000000000000000100010
0000000000000000000000000000000000000100
0000000000000000000000000000000000110001
0000000000000000000000000000000000010011
0000000000000000000000000000000000000100
0000000000000000000000000000000000100010
0000000000000000000000000000000000000100
0000000000000000000000000000000000110001
0000000000000000000000000000000000110001
0000000000000000000000000000000000100010
0000000000000000000000000000000000000100
0000000000000000000000000000000000100010
0000000000000000000000000000000000110001
0000000000000000000000000000000000100010
0000000000000000000000000000000000010011
0000000000000000000000000000000000100010
0000000000000000000000000000000000000100
0000000000000000000000000000000000010011
0000000000000000000000000000000000010011
0000000000000000000000000000000000100010
0000000000000000000000000000000000000100
0000000000000000000000000000000000100010
0000000000000000000000000000000000110001
0000000000000000000000000000000000010011
0000000000000000000000000000000000000100
0000000000000000000000000000000000100010
0000000000000000000000000000000000000100
0000000000000000000000000000000000110001
0000000000000000000000000000000000000100
0000000000000000000000000000000000110001
0000000000000000000000000000000000010011
0000000000000000000000000000000000000100
0000000000000000000000000000000000100010
0000000000000000000000000000000000110001
0000000000000000000000000000000000010011
0000000000000000000000000000000000110001
0000000000000000000000000000000000000100
0000000000000000000000000000000000100010
0000000000000000000000000000000000100010
0000000000000000000000000000000000100010
0000000000000000000000000000000000000100
0000000000000000000000000000000000110001
0000000000000000000000000000000000100010
0000000000000000000000000000000000110001
0000000000000000000000000000000000000100
0000000000000000000000000000000000110001
0000000000000000000000000000000000110001
0000000000000000000000000000000000010011
0000000000000000000000000000000000010011
0000000000000000000000000000000000010011
0000000000000000000000000000000000010011
0000000000000000000000000000000000010011
0000000000000000000000000000000000110001
0000000000000000000000000000000000100010
0000000000000000000000000000000000100010
0000000000000000000000000000000000110001
0000000000000000000000000000000000100010
0000000000000000000000000000000000000100
0000000000000000000000000000000000110001
0000000000000000000000000000000000100010
0000000000000000000000000000000000000100
0000000000000000000000000000000000110001
0000000000000000000000000000000000000100
0000000000000000000000000000000000100010
0000000000000000000000000000000000100010
0000000000000000000000000000000000100010
0000000000000000000000100000000000100000
0000000000000000000000100000000000111111
