554633104 : 	0	0	0	0	0	0	0	66	
555435756 : 	0	0	0	0	0	0	0	66	
555653612 : 	0	0	0	0	0	0	0	48	
555854128 : 	0	0	0	0	0	0	0	66	
556054216 : 	0	0	0	0	0	0	0	48	
559554008 : 	0	0	0	0	0	0	0	75	
560057036 : 	0	0	0	0	0	0	0	48	
560266052 : 	0	0	0	0	0	0	0	66	
560359128 : 	0	0	0	0	0	0	0	75	
561363656 : 	0	0	0	0	0	0	0	57	
562674612 : 	0	0	0	0	0	0	0	66	
563472932 : 	0	0	0	0	0	0	0	66	
564505596 : 	0	0	0	0	0	0	0	48	
564779468 : 	0	0	0	0	0	0	0	75	
568895760 : 	0	0	0	0	0	0	0	48	
569297988 : 	0	0	0	0	0	0	0	48	
569700288 : 	0	0	0	0	0	0	0	48	
570605284 : 	0	0	0	0	0	0	0	57	
571132032 : 	0	0	0	0	0	0	0	66	
571543688 : 	0	0	0	0	0	0	0	66	
572513368 : 	0	0	0	0	0	0	0	48	
575526612 : 	0	0	0	0	0	0	0	66	
575830744 : 	0	0	0	0	0	0	0	57	
576431776 : 	0	0	0	0	0	0	0	75	
576632548 : 	0	0	0	0	0	0	0	57	
577545616 : 	0	0	0	0	0	0	0	66	
577738144 : 	0	0	0	0	0	0	0	48	
577838016 : 	0	0	0	0	0	0	0	57	
579965652 : 	0	0	0	0	0	0	0	66	
580752836 : 	0	0	0	0	0	C8	0	62	
582161200 : 	0	0	0	0	0	DF	0	4C	
582761304 : 	0	0	0	0	0	8F	0	6F	
584268868 : 	0	0	0	0	1	2B	0	59	
584971980 : 	0	0	0	0	1	4E	0	45	
585784332 : 	0	0	0	0	1	2D	0	48	
585985436 : 	0	0	0	0	1	21	0	62	
586186632 : 	0	0	0	0	1	17	0	4F	
587784972 : 	0	0	0	0	0	BE	0	4F	
588233432 : 	0	0	0	0	0	E2	0	48	
588424428 : 	0	0	0	0	0	FD	0	6A	
588489452 : 	0	0	0	0	1	10	0	73	
588606328 : 	0	0	0	0	1	1B	0	4B	
589092440 : 	0	0	0	0	1	9	0	5D	
591301508 : 	0	0	0	0	0	0	0	75	
591602840 : 	0	0	0	0	0	0	0	66	
592004968 : 	0	0	0	0	0	0	0	66	
592825216 : 	0	0	0	0	0	0	0	66	
592910896 : 	0	0	0	0	0	FE	0	78	
594114156 : 	0	0	0	0	3	A	0	78	
594415744 : 	0	0	0	0	3	7A	0	62	
595420864 : 	0	0	0	0	4	65	0	49	
596652344 : 	0	0	0	0	4	F4	0	41	
597032804 : 	0	0	0	0	5	2	0	41	
597244196 : 	0	0	0	0	5	1A	0	66	
599040504 : 	0	0	0	0	4	BF	0	4A	
601102688 : 	0	0	0	0	4	DA	0	4D	
602960704 : 	0	0	0	0	6	54	0	76	
604063320 : 	0	0	0	0	6	78	0	61	
604365412 : 	0	0	0	0	6	47	0	56	
604967468 : 	0	0	0	0	5	D0	0	73	
605269472 : 	0	0	0	0	5	8C	0	6D	
605872376 : 	0	0	0	0	5	50	0	4E	
606073404 : 	0	0	0	0	5	36	0	68	
607078272 : 	0	0	0	0	4	8A	0	42	
608184716 : 	0	0	0	0	4	28	0	77	
609304508 : 	0	0	0	0	2	F7	0	6E	
609992412 : 	0	0	0	0	1	BC	0	5F	
613533256 : 	0	0	0	0	0	0	0	48	
613745248 : 	0	0	0	0	0	0	0	66	
613909044 : 	0	0	0	0	0	0	0	48	
614011808 : 	0	0	0	0	0	0	0	57	
614212068 : 	0	0	0	0	0	0	0	75	
615618224 : 	0	0	0	0	0	0	0	57	
616624368 : 	0	0	0	0	0	0	0	75	
617744920 : 	0	0	0	0	0	0	0	66	
713953664 : 	0	0	0	0	0	0	0	48	
714026004 : 	0	0	0	0	0	0	0	57	
714342876 : 	0	0	0	0	0	0	0	48	
714729032 : 	0	0	0	0	0	0	0	48	
715331000 : 	0	0	0	0	0	0	0	66	
716439060 : 	0	0	0	0	0	0	0	57	
716739028 : 	0	0	0	0	0	0	0	48	
717242312 : 	0	0	0	0	0	0	0	57	
717543128 : 	0	0	0	0	0	0	0	48	
717952488 : 	0	0	0	0	1	9	0	4E	
718154276 : 	0	0	0	0	1	46	0	6B	
718347228 : 	0	0	0	0	1	80	0	4F	
720056576 : 	0	0	0	0	2	CA	0	5F	
720363512 : 	0	0	0	0	3	3	0	42	
722180728 : 	0	0	0	0	3	7A	0	62	
722570620 : 	0	0	0	0	3	80	0	6B	
723474340 : 	0	0	0	0	3	44	0	7A	
724375936 : 	0	0	0	0	3	76	0	48	
726487508 : 	0	0	0	0	5	4	0	5E	
726634980 : 	0	0	0	0	5	E	0	63	
727390972 : 	0	0	0	0	5	6F	0	6C	
728094600 : 	0	0	0	0	5	9	0	59	
728393548 : 	0	0	0	0	4	41	0	4F	
730102048 : 	0	0	0	0	2	8D	0	50	
730704868 : 	0	0	0	0	2	80	0	7B	
733317512 : 	0	0	0	0	2	4E	0	53	
734220472 : 	0	0	0	0	2	96	0	65	
734321616 : 	0	0	0	0	2	66	0	77	
734723248 : 	0	0	0	0	2	73	0	79	
735325976 : 	0	0	0	0	2	38	0	5A	
735835220 : 	0	0	0	0	2	CF	0	69	
736035216 : 	0	0	0	0	3	6	0	4F	
737735816 : 	0	0	0	0	4	73	0	59	
737842060 : 	0	0	0	0	4	78	0	63	
738043340 : 	0	0	0	0	4	9E	0	4D	
739255448 : 	0	0	0	0	5	5B	0	43	
739472788 : 	0	0	0	0	5	9C	0	6C	
739662080 : 	0	0	0	0	5	8C	0	4F	
739747508 : 	0	0	0	0	5	86	0	54	
739854608 : 	0	0	0	0	5	AB	0	6C	
740050532 : 	0	0	0	0	5	E0	0	45	
740752208 : 	0	0	0	0	5	8B	0	7D	
740952808 : 	0	0	0	0	5	B1	0	56	
742259596 : 	0	0	0	0	6	C2	0	62	
742360072 : 	0	0	0	0	6	B4	0	70	
744266876 : 	0	0	0	0	8	9	0	65	
744475036 : 	0	0	0	0	8	32	0	4B	
745171868 : 	0	0	0	0	8	22	0	79	
745673280 : 	0	0	0	0	8	65	0	45	
745883316 : 	0	0	0	0	8	31	0	6A	
746083832 : 	0	0	0	0	8	59	0	42	
746283580 : 	0	0	0	0	8	62	0	66	
746483416 : 	0	0	0	0	8	5C	0	4F	
746683428 : 	0	0	0	0	8	79	0	6E	
747583664 : 	0	0	0	0	9	4F	0	79	
747895776 : 	0	0	0	0	9	7F	0	67	
748095016 : 	0	0	0	0	9	C1	0	42	
748514748 : 	0	0	0	0	9	E3	0	4E	
748891220 : 	0	0	0	0	A	4	0	4A	
749289776 : 	0	0	0	0	9	F6	0	4A	
749793324 : 	0	0	0	0	9	E1	0	5F	
753507052 : 	0	0	0	0	6	2D	0	61	
754009912 : 	0	0	0	0	5	31	0	7C	
754813672 : 	0	0	0	0	4	83	0	76	
754914736 : 	0	0	0	0	4	79	0	44	
755141940 : 	0	0	0	0	4	3A	0	65	
755215808 : 	0	0	0	0	4	10	0	70	
755324016 : 	0	0	0	0	3	DE	0	4A	
755522996 : 	0	0	0	0	3	67	0	66	
755718072 : 	0	0	0	0	3	3	0	42	
756734000 : 	0	0	0	0	1	CC	0	6D	
758934300 : 	0	0	0	0	1	9F	0	4F	
759544092 : 	0	0	0	0	1	5D	0	63	
760443816 : 	0	0	0	0	2	1C	0	76	
761046808 : 	0	0	0	0	3	3B	0	56	
761154928 : 	0	0	0	0	3	61	0	6C	
761348728 : 	0	0	0	0	3	BB	0	4F	
761851332 : 	0	0	0	0	4	7D	0	5F	
762653824 : 	0	0	0	0	5	6B	0	51	
762964160 : 	0	0	0	0	5	C0	0	47	
763164156 : 	0	0	0	0	5	F8	0	6A	
763257064 : 	0	0	0	0	6	22	0	7B	
763584396 : 	0	0	0	0	6	64	0	66	
763775560 : 	0	0	0	0	6	B2	0	45	
765383676 : 	0	0	0	0	8	56	0	45	
767784164 : 	0	0	0	0	8	CA	0	4A	
768482948 : 	0	0	0	0	8	39	0	71	
770391792 : 	0	0	0	0	9	23	0	68	
771195128 : 	0	0	0	0	9	84	0	61	
772023620 : 	0	0	0	0	9	C1	0	60	
772903880 : 	0	0	0	0	A	2	0	79	
774209572 : 	0	0	0	0	9	7E	0	4A	
776320968 : 	0	0	0	0	6	5C	0	50	
776822040 : 	0	0	0	0	6	31	0	6C	
777223332 : 	0	0	0	0	6	29	0	65	
779032128 : 	0	0	0	0	6	15	0	4C	
780136872 : 	0	0	0	0	6	DF	0	73	
780656652 : 	0	0	0	0	7	F	0	42	
783954816 : 	0	0	0	0	7	F8	0	59	
784876732 : 	0	0	0	0	7	B8	0	6C	
788915928 : 	0	0	0	0	7	28	0	65	
788980188 : 	0	0	0	0	7	55	0	74	
789096644 : 	0	0	0	0	7	36	0	48	
789280660 : 	0	0	0	0	7	9	0	66	
793198056 : 	0	0	0	0	4	68	0	55	
793516892 : 	0	0	0	0	4	3A	0	47	
796915020 : 	0	0	0	0	4	69	0	63	
797736632 : 	0	0	0	0	5	96	0	62	
797937316 : 	0	0	0	0	5	CC	0	4B	
798136812 : 	0	0	0	0	6	C	0	64	
798624456 : 	0	0	0	0	6	BF	0	75	
800333720 : 	0	0	0	0	8	1	0	4F	
801035820 : 	0	0	0	0	8	54	0	74	
801737584 : 	0	0	0	0	8	A4	0	60	
802140908 : 	0	0	0	0	8	B0	0	63	
802357996 : 	0	0	0	0	8	8C	0	4C	
803548172 : 	0	0	0	0	8	58	0	43	
805557480 : 	0	0	0	0	7	8B	0	4E	
805976872 : 	0	0	0	0	7	2F	0	40	
806176800 : 	0	0	0	0	7	8	0	67	
806378156 : 	0	0	0	0	6	F0	0	43	
806763552 : 	0	0	0	0	6	E1	0	43	
806964488 : 	0	0	0	0	6	DA	0	69	
807266576 : 	0	0	0	0	6	CF	0	56	
808671200 : 	0	0	0	0	6	EC	0	75	
810797228 : 	0	0	0	0	6	8A	0	40	
815605848 : 	0	0	0	0	0	98	0	47	
815706652 : 	0	0	0	0	0	86	0	59	
816710248 : 	0	0	0	0	0	0	0	75	
816910592 : 	0	0	0	0	0	0	0	57	
818517856 : 	0	0	0	0	0	0	0	57	
818719908 : 	0	0	0	0	0	0	0	75	
819429908 : 	0	0	0	0	0	0	0	66	
819622432 : 	0	0	0	0	0	0	0	48	
820328100 : 	0	0	0	0	0	0	0	75	
821639056 : 	0	0	0	0	0	0	0	48	
822436356 : 	0	0	0	0	0	0	0	48	
822536400 : 	0	0	0	0	0	0	0	57	
823657128 : 	0	0	0	0	0	0	0	48	
823857556 : 	0	0	0	0	0	0	0	66	
824042772 : 	0	0	0	0	0	0	0	48	
827257216 : 	0	0	0	0	0	0	0	48	
827559308 : 	0	0	0	0	0	0	0	75	
827658756 : 	0	0	0	0	0	0	0	48	
827890552 : 	0	0	0	0	0	0	0	66	
828070928 : 	0	0	0	0	0	0	0	48	
828269992 : 	0	0	0	0	0	0	0	66	
828477988 : 	0	0	0	0	0	0	0	48	
828663712 : 	0	0	0	0	0	0	0	66	
828864992 : 	0	0	0	0	0	0	0	48	
829266532 : 	0	0	0	0	0	0	0	48	
829970928 : 	0	0	0	0	0	0	0	75	
831277128 : 	0	0	0	0	0	0	0	48	
831377676 : 	0	0	0	0	0	0	0	57	
832110972 : 	0	0	0	0	0	0	0	48	
832282416 : 	0	0	0	0	0	0	0	66	
832482764 : 	0	0	0	0	0	0	0	48	
832685240 : 	0	0	0	0	0	0	0	66	
833188092 : 	0	0	0	0	0	0	0	75	
834392796 : 	0	0	0	0	0	0	0	75	
834493692 : 	0	0	0	0	0	0	0	48	
835096936 : 	0	0	0	0	1	98	0	64	
835297708 : 	0	0	0	0	1	F0	0	48	
835498648 : 	0	0	0	0	2	39	0	68	
836402028 : 	0	0	0	0	2	90	0	7A	
836710412 : 	0	0	0	0	2	9A	0	61	
836806372 : 	0	0	0	0	2	8D	0	7E	
837308380 : 	0	0	0	0	2	D5	0	44	
837909928 : 	0	0	0	0	2	F6	0	6F	
838719892 : 	0	0	0	0	3	4B	0	64	
840119756 : 	0	0	0	0	5	A8	0	41	
840221848 : 	0	0	0	0	5	B7	0	50	
840320780 : 	0	0	0	0	5	E0	0	63	
840623808 : 	0	0	0	0	6	70	0	5A	
840731076 : 	0	0	0	0	6	7B	0	6E	
840924288 : 	0	0	0	0	6	55	0	48	
842330272 : 	0	0	0	0	6	63	0	67	
844039700 : 	0	0	0	0	6	C8	0	7B	
844240812 : 	0	0	0	0	6	E3	0	50	
844550808 : 	0	0	0	0	7	39	0	45	
844749968 : 	0	0	0	0	7	53	0	67	
844950476 : 	0	0	0	0	7	5C	0	40	
846151272 : 	0	0	0	0	7	4E	0	4F	
846250892 : 	0	0	0	0	7	61	0	59	
849181608 : 	0	0	0	0	7	43	0	68	
851074048 : 	0	0	0	0	7	CE	0	56	
851274824 : 	0	0	0	0	7	C4	0	7E	
851379372 : 	0	0	0	0	7	BC	0	4A	
851591612 : 	0	0	0	0	7	A0	0	65	
852078236 : 	0	0	0	0	7	68	0	70	
853390388 : 	0	0	0	0	7	5F	0	4D	
853592176 : 	0	0	0	0	7	9C	0	6A	
853791844 : 	0	0	0	0	7	6E	0	4D	
853985128 : 	0	0	0	0	7	72	0	66	
855811608 : 	0	0	0	0	6	EE	0	46	
856011612 : 	0	0	0	0	6	96	0	61	
856800072 : 	0	0	0	0	5	4A	0	63	
857102248 : 	0	0	0	0	4	E6	0	5F	
857503448 : 	0	0	0	0	4	A2	0	57	
858020588 : 	0	0	0	0	4	68	0	64	
859622072 : 	0	0	0	0	3	8B	0	60	
859814680 : 	0	0	0	0	3	72	0	4C	
860023272 : 	0	0	0	0	3	49	0	66	
860318560 : 	0	0	0	0	2	F8	0	5E	
861322072 : 	0	0	0	0	1	C8	0	70	
861631216 : 	0	0	0	0	1	6D	0	62	
861832668 : 	0	0	0	0	1	46	0	4D	
862032416 : 	0	0	0	0	1	28	0	6B	
863840196 : 	0	0	0	0	0	0	0	48	
864238252 : 	0	0	0	0	0	0	0	48	
864337872 : 	0	0	0	0	0	0	0	57	
866052492 : 	0	0	0	0	0	0	0	66	
866259380 : 	0	0	0	0	0	0	0	48	
866349652 : 	0	0	0	0	0	0	0	57	
867252272 : 	0	0	0	0	0	0	0	66	
868659280 : 	0	0	0	0	1	29	0	4C	
869161792 : 	0	0	0	0	1	38	0	5B	
870073424 : 	0	0	0	0	0	AC	0	60	
870274192 : 	0	0	0	0	0	8E	0	42	
870466632 : 	0	0	0	0	0	0	0	66	
870969656 : 	0	0	0	0	0	0	0	75	
872173428 : 	0	0	0	0	0	0	0	75	
872475432 : 	0	0	0	0	0	0	0	66	
872576328 : 	0	0	0	0	0	0	0	75	
872683428 : 	0	0	0	0	0	0	0	48	
872882580 : 	0	0	0	0	0	0	0	66	
873781712 : 	0	0	0	0	0	0	0	75	
873982736 : 	0	0	0	0	0	0	0	57	
874284656 : 	0	0	0	0	0	0	0	48	
874714252 : 	0	0	0	0	0	0	0	48	
875089520 : 	0	0	0	0	0	0	0	48	
875390760 : 	0	0	0	0	0	0	0	75	
875993328 : 	0	0	0	0	0	0	0	57	
876502560 : 	0	0	0	0	0	0	0	66	
876597168 : 	0	0	0	0	0	0	0	75	
876712428 : 	0	0	0	0	0	0	0	48	
877300456 : 	0	0	0	0	0	0	0	66	
877400332 : 	0	0	0	0	0	0	0	75	
877601188 : 	0	0	0	0	0	0	0	57	
877902172 : 	0	0	0	0	0	0	0	48	
879911656 : 	0	0	0	0	0	0	0	48	
880212896 : 	0	0	0	0	0	0	0	75	
880522976 : 	0	0	0	0	0	0	0	66	
880724172 : 	0	0	0	0	0	0	0	48	
880924600 : 	0	0	0	0	0	0	0	66	
881017252 : 	0	0	0	0	0	0	0	75	
881117468 : 	0	0	0	0	0	0	0	48	
881721224 : 	0	0	0	0	0	0	0	66	
882122336 : 	0	0	0	0	0	0	0	66	
882524472 : 	0	0	0	0	0	0	0	66	
882827668 : 	0	0	0	0	0	0	0	57	
882934172 : 	0	0	0	0	0	0	0	66	
883030144 : 	0	0	0	0	0	0	0	75	
883530360 : 	0	0	0	0	0	0	0	48	
883731728 : 	0	0	0	0	0	0	0	66	
884334804 : 	0	0	0	0	0	0	0	48	
884542968 : 	0	0	0	0	0	0	0	66	
884636892 : 	0	0	0	0	0	0	0	75	
884741612 : 	0	0	0	0	0	0	0	48	
885039028 : 	0	0	0	0	0	0	0	75	
885153268 : 	0	0	0	0	0	0	0	48	
885241072 : 	0	0	0	0	0	0	0	57	
885340692 : 	0	0	0	0	0	0	0	66	
886345308 : 	0	0	0	0	0	0	0	48	
886552792 : 	0	0	0	0	0	0	0	66	
886754668 : 	0	0	0	0	0	0	0	48	
887250728 : 	0	0	0	0	0	0	0	57	
887852696 : 	0	0	0	0	0	0	0	75	
888255852 : 	0	0	0	0	0	0	0	75	
888363376 : 	0	0	0	0	0	0	0	48	
888564316 : 	0	0	0	0	0	0	0	66	
888772820 : 	0	0	0	0	0	0	0	48	
888858500 : 	0	0	0	0	0	0	0	57	
888973932 : 	0	0	0	0	0	0	0	66	
889194512 : 	0	0	0	0	0	0	0	48	
889259700 : 	0	0	0	0	0	0	0	57	
889963076 : 	0	0	0	0	0	0	0	48	
890264316 : 	0	0	0	0	0	0	0	75	
890364276 : 	0	0	0	0	0	0	0	48	
890565304 : 	0	0	0	0	0	0	0	66	
890794716 : 	0	0	0	0	0	0	0	48	
897098920 : 	0	0	0	0	0	0	0	75	
897215024 : 	0	0	0	0	0	0	0	48	
897422932 : 	0	0	0	0	0	0	0	66	
898303616 : 	0	0	0	0	0	0	0	75	
898403748 : 	0	0	0	0	0	0	0	48	
898504640 : 	0	0	0	0	0	0	0	57	
899509684 : 	0	0	0	0	0	0	0	75	
900312172 : 	0	0	0	0	0	0	0	75	
900514384 : 	0	0	0	0	0	0	0	57	
901224216 : 	0	0	0	0	0	0	0	48	
901424732 : 	0	0	0	0	0	0	0	66	
902034528 : 	0	0	0	0	0	0	0	48	
902422552 : 	0	0	0	0	0	0	0	48	
902724212 : 	0	0	0	0	0	0	0	75	
903727040 : 	0	0	0	0	0	0	0	57	
904130028 : 	0	0	0	0	0	0	0	57	
904733016 : 	0	0	0	0	0	0	0	75	
905234348 : 	0	0	0	0	0	0	0	48	
905335328 : 	0	0	0	0	0	0	0	57	
906475176 : 	0	0	0	0	0	0	0	48	
907846908 : 	0	0	0	0	0	0	0	66	
909958312 : 	0	0	0	0	0	0	0	75	
910561472 : 	0	0	0	0	0	0	0	57	
910675452 : 	0	0	0	0	0	0	0	66	
911063392 : 	0	0	0	0	0	0	0	66	
911866728 : 	0	0	0	0	0	0	0	66	
911969832 : 	0	0	0	0	0	0	0	75	
913172924 : 	0	0	0	0	0	0	0	75	
913475180 : 	0	0	0	0	0	0	0	66	
914078172 : 	0	0	0	0	0	92	0	4D	
914179408 : 	0	0	0	0	0	8C	0	53	
914480312 : 	0	0	0	0	0	87	0	49	
914782480 : 	0	0	0	0	0	86	0	77	
914882272 : 	0	0	0	0	0	91	0	4E	
914984272 : 	0	0	0	0	0	A5	0	58	
915585988 : 	0	0	0	0	1	84	0	78	
916390088 : 	0	0	0	0	2	DC	0	7A	
918917312 : 	0	0	0	0	1	FE	0	4A	
919907480 : 	0	0	0	0	1	72	0	6C	
921816828 : 	0	0	0	0	0	BC	0	50	
923157624 : 	0	0	0	0	0	80	0	6E	
923222140 : 	0	0	0	0	0	7C	0	72	
923338328 : 	0	0	0	0	0	77	0	4A	
923522352 : 	0	0	0	0	0	6E	0	62	
927243140 : 	0	0	0	0	0	0	0	75	
927846132 : 	0	0	0	0	0	0	0	57	
928450312 : 	0	0	0	0	0	0	0	75	
930559672 : 	0	0	0	0	0	0	0	48	
930997508 : 	0	0	0	0	0	0	0	48	
931237800 : 	0	0	0	0	0	0	0	66	
931399640 : 	0	0	0	0	0	0	0	48	
931597776 : 	0	0	0	0	0	0	0	66	
931965912 : 	0	0	0	0	0	0	0	66	
935797888 : 	0	0	0	0	0	0	0	48	
936086968 : 	0	0	0	0	0	0	0	75	
937190352 : 	0	0	0	0	0	0	0	66	
937391972 : 	0	0	0	0	0	0	0	48	
939642092 : 	0	0	0	0	0	0	0	66	
940040488 : 	0	0	0	0	0	0	0	66	
940220772 : 	0	0	0	0	0	0	0	48	
940405220 : 	0	0	0	0	0	0	0	66	
942615652 : 	0	0	0	0	0	0	0	48	
943018292 : 	0	0	0	0	0	0	0	48	
944640348 : 	0	0	0	0	0	0	0	48	
946133540 : 	0	0	0	0	0	0	0	75	
946433764 : 	0	0	0	0	0	0	0	66	
946837088 : 	0	0	0	0	0	0	0	66	
947037268 : 	0	0	0	0	0	0	0	48	
948280392 : 	0	0	0	0	0	0	0	48	
948461096 : 	0	0	0	0	0	0	0	66	
948681928 : 	0	0	0	0	0	0	0	48	
950654776 : 	0	0	0	0	1	52	0	40	
950855464 : 	0	0	0	0	1	4E	0	63	
950958148 : 	0	0	0	0	1	48	0	78	
953081356 : 	0	0	0	0	0	96	0	49	
953282380 : 	0	0	0	0	0	0	0	66	
954974136 : 	0	0	0	0	0	0	0	75	
956179268 : 	0	0	0	0	0	0	0	75	
957083412 : 	0	0	0	0	0	0	0	48	
957522104 : 	0	0	0	0	0	0	0	48	
957585428 : 	0	0	0	0	0	0	0	57	
957721592 : 	0	0	0	0	0	0	0	66	
958088876 : 	0	0	0	0	0	0	0	66	
958289816 : 	0	0	0	0	0	0	0	48	
958792252 : 	0	0	0	0	0	0	0	57	
959093924 : 	0	0	0	0	0	0	0	48	
959597200 : 	0	0	0	0	0	0	0	57	
959798992 : 	0	0	0	0	0	0	0	75	
960200192 : 	0	0	0	0	0	0	0	75	
961723396 : 	0	0	0	0	0	0	0	66	
963819584 : 	0	0	0	0	0	0	0	75	
964723296 : 	0	0	0	0	0	0	0	48	
965362844 : 	0	0	0	0	0	0	0	66	
965563268 : 	0	0	0	0	0	0	0	48	
966934828 : 	0	0	0	0	0	0	0	66	
968845288 : 	0	0	0	0	0	0	0	57	
969448448 : 	0	0	0	0	0	0	0	75	
969555460 : 	0	0	0	0	0	0	0	48	
970252468 : 	0	0	0	0	0	0	0	75	
971657936 : 	0	0	0	0	0	0	0	57	
972664084 : 	0	0	0	0	0	0	0	75	
973266136 : 	0	0	0	0	0	0	0	57	
973403668 : 	0	0	0	0	0	0	0	66	
973625440 : 	0	0	0	0	0	0	0	48	
973775888 : 	0	0	0	0	0	0	0	66	
974573184 : 	0	0	0	0	0	0	0	66	
975075788 : 	0	0	0	0	0	0	0	75	
976483980 : 	0	0	0	0	0	0	0	57	
976885692 : 	0	0	0	0	0	0	0	57	
977287240 : 	0	0	0	0	0	0	0	57	
978192144 : 	0	0	0	0	0	0	0	66	
981005896 : 	0	0	0	0	0	0	0	66	
981206752 : 	0	0	0	0	0	0	0	48	
981436080 : 	0	0	0	0	0	0	0	66	
981616536 : 	0	0	0	0	0	0	0	48	
981710036 : 	0	0	0	0	0	0	0	57	
981826912 : 	0	0	0	0	0	0	0	66	
981914036 : 	0	0	0	0	0	0	0	75	
982013740 : 	0	0	0	0	0	0	0	48	
982113956 : 	0	0	0	0	0	0	0	57	
982313368 : 	0	0	0	0	0	0	0	75	
983519516 : 	0	0	0	0	0	0	0	75	
983617948 : 	0	0	0	0	0	0	0	48	
983824580 : 	0	0	0	0	0	0	0	66	
986333612 : 	0	0	0	0	3	5	0	7D	
986433148 : 	0	0	0	0	3	33	0	4F	
987135588 : 	0	0	0	0	3	DF	0	76	
988246792 : 	0	0	0	0	4	B3	0	64	
990057376 : 	0	0	0	0	6	80	0	4A	
990267328 : 	0	0	0	0	6	C6	0	6E	
992058360 : 	0	0	0	0	8	2B	0	43	
992466872 : 	0	0	0	0	8	2E	0	40	
992964548 : 	0	0	0	0	8	8F	0	58	
994697528 : 	0	0	0	0	8	C4	0	6E	
998187796 : 	0	0	0	0	A	D7	0	59	
998698220 : 	0	0	0	0	A	4F	0	69	
998898480 : 	0	0	0	0	A	D	0	41	
999099084 : 	0	0	0	0	9	B2	0	60	
1000799168 : 	0	0	0	0	7	41	0	79	
1001301516 : 	0	0	0	0	6	D6	0	4F	
1001508068 : 	0	0	0	0	6	AC	0	6A	
1001709008 : 	0	0	0	0	6	37	0	48	
1002808908 : 	0	0	0	0	4	5D	0	7F	
1003110148 : 	0	0	0	0	3	F6	0	6E	
1003318992 : 	0	0	0	0	3	AB	0	40	
1003518740 : 	0	0	0	0	3	75	0	67	
1005924752 : 	0	0	0	0	0	7C	0	63	
1006426932 : 	0	0	0	0	0	0	0	75	
1007539412 : 	0	0	0	0	0	0	0	66	
1008537140 : 	0	0	0	0	0	0	0	48	
1009341244 : 	0	0	0	0	0	0	0	48	
1009948568 : 	0	0	0	0	0	0	0	66	
1010145172 : 	0	0	0	0	0	0	0	48	
1010345260 : 	0	0	0	0	0	0	0	66	
1011148860 : 	0	0	0	0	0	0	0	66	
1011559060 : 	0	0	0	0	0	0	0	66	
1011652224 : 	0	0	0	0	0	0	0	75	
1011760004 : 	0	0	0	0	0	0	0	48	
1011854012 : 	0	0	0	0	0	0	0	57	
1012556284 : 	0	0	0	0	0	0	0	48	
1013979692 : 	0	0	0	0	0	0	0	66	
1014465728 : 	0	0	0	0	0	0	0	75	
1014868368 : 	0	0	0	0	0	0	0	75	
1015779404 : 	0	0	0	0	0	0	0	48	
1017989232 : 	0	0	0	0	0	0	0	66	
1018189316 : 	0	0	0	0	0	0	0	48	
1019800152 : 	0	0	0	0	0	0	0	48	
1020998056 : 	0	0	0	0	0	0	0	48	
1021399256 : 	0	0	0	0	0	0	0	48	
1022230216 : 	0	0	0	0	0	0	0	48	
1022420788 : 	0	0	0	0	0	0	0	66	
1028435472 : 	0	0	0	0	0	0	0	66	
1030460936 : 	0	0	0	0	0	0	0	66	
1030645388 : 	0	0	0	0	0	0	0	48	
1030870636 : 	0	0	0	0	0	0	0	66	
1030947052 : 	0	0	0	0	0	0	0	75	
1034364476 : 	0	0	0	0	0	0	0	57	
1034565416 : 	0	0	0	0	0	0	0	75	
1035569948 : 	0	0	0	0	0	0	0	57	
1036373960 : 	0	0	0	0	0	0	0	57	
1037277348 : 	0	0	0	0	0	0	0	66	
1038783548 : 	0	0	0	0	0	0	0	57	
1039582032 : 	0	0	0	0	0	0	0	48	
1039701880 : 	0	0	0	0	0	0	0	66	
1042099900 : 	0	0	0	0	0	0	0	66	
1043205496 : 	0	0	0	0	0	0	0	57	
1043925192 : 	0	0	0	0	0	0	0	48	
1044310584 : 	0	0	0	0	0	0	0	48	
1044913656 : 	0	0	0	0	0	0	0	66	
1045015748 : 	0	0	0	0	0	0	0	75	
1045717840 : 	0	0	0	0	0	0	0	66	
1046220448 : 	0	0	0	0	0	0	0	75	
1046320748 : 	0	0	0	0	0	0	0	48	
1046420876 : 	0	0	0	0	0	0	0	57	
1047625496 : 	0	0	0	0	0	0	0	57	
1050438832 : 	0	0	0	0	0	0	0	57	
1052563148 : 	0	0	0	0	0	0	0	66	
1054056684 : 	0	0	0	0	0	0	0	57	
1055160660 : 	0	0	0	0	0	0	0	48	
1056606852 : 	0	0	0	0	0	0	0	66	
1056803204 : 	0	0	0	0	0	0	0	48	
1057168700 : 	0	0	0	0	0	0	0	48	
1059480872 : 	0	0	0	0	0	0	0	75	
1060082248 : 	0	0	0	0	0	0	0	57	
1060283272 : 	0	0	0	0	0	0	0	75	
1061606128 : 	0	0	0	0	0	0	0	48	
1061892832 : 	0	0	0	0	0	0	0	75	
1064102236 : 	0	0	0	0	0	0	0	57	
1065107624 : 	0	0	0	0	0	0	0	75	
1065846776 : 	0	0	0	0	0	0	0	66	
1069530848 : 	0	0	0	0	0	0	0	75	
1069731880 : 	0	0	0	0	0	0	0	57	
1070334948 : 	0	0	0	0	0	0	0	75	
1070937936 : 	0	0	0	0	0	0	0	57	
1072845336 : 	0	0	0	0	0	0	0	48	
1072946488 : 	0	0	0	0	0	0	0	57	
1073289300 : 	0	0	0	0	0	0	0	48	
1073348368 : 	0	0	0	0	0	0	0	57	
1073484708 : 	0	0	0	0	0	0	0	66	
1073851488 : 	0	0	0	0	0	0	0	66	
1074068912 : 	0	0	0	0	0	0	0	48	
1074857372 : 	0	0	0	0	0	0	0	48	
1075057632 : 	0	0	0	0	0	0	0	66	
1078086860 : 	0	0	0	0	0	0	0	48	
1078286868 : 	0	0	0	0	0	0	0	66	
1079578188 : 	0	0	0	0	0	0	0	75	
1080381352 : 	0	0	0	0	0	0	0	75	
1082966712 : 	0	0	0	0	0	0	0	48	
1083328984 : 	0	0	0	0	0	0	0	48	
1083493628 : 	0	0	0	0	0	0	0	66	
1083895592 : 	0	0	0	0	0	0	0	66	
1084599052 : 	0	0	0	0	0	0	0	57	
1085602392 : 	0	0	0	0	0	0	0	75	
1086406668 : 	0	0	0	0	0	0	0	75	
1087010588 : 	0	0	0	0	0	0	0	57	
1087729940 : 	0	0	0	0	0	0	0	48	
1088216908 : 	0	0	0	0	0	0	0	57	
1088517976 : 	0	0	0	0	0	0	0	48	
1091568116 : 	0	0	0	0	0	0	0	66	
1091949344 : 	0	0	0	0	0	0	0	66	
1094847680 : 	0	0	0	0	0	0	0	75	
1096369264 : 	0	0	0	0	0	0	0	66	
1098968304 : 	0	0	0	0	0	0	0	48	
1100410328 : 	0	0	0	0	0	0	0	66	
1100609908 : 	0	0	0	0	0	0	0	48	
1102184024 : 	0	0	0	0	0	0	0	48	
1102384204 : 	0	0	0	0	0	0	0	66	
1103791456 : 	0	0	0	0	0	0	0	48	
1104611620 : 	0	0	0	0	0	0	0	48	
1105400940 : 	0	0	0	0	0	0	0	48	
1106708580 : 	0	0	0	0	0	0	0	57	
1107810936 : 	0	0	0	0	0	0	0	48	
1108615804 : 	0	0	0	0	0	0	0	48	
1108852016 : 	0	0	0	0	0	0	0	66	
1109620932 : 	0	0	0	0	0	0	0	66	
1110524816 : 	0	0	0	0	0	0	0	75	
1111629908 : 	0	0	0	0	0	0	0	66	
1112533708 : 	0	0	0	0	0	0	0	75	
1113251616 : 	0	0	0	0	0	0	0	66	
1113438108 : 	0	0	0	0	0	0	0	48	
1113640072 : 	0	0	0	0	0	0	0	66	
1113740792 : 	0	0	0	0	0	0	0	75	
1114845112 : 	0	0	0	0	0	0	0	66	
1116552848 : 	0	0	0	0	0	0	0	75	
1117272968 : 	0	0	0	0	0	0	0	66	
1117472548 : 	0	0	0	0	0	0	0	48	
1117660568 : 	0	0	0	0	0	0	0	66	
1117760952 : 	0	0	0	0	0	0	0	75	
1118965404 : 	0	0	0	0	0	0	0	75	
1119670988 : 	0	0	0	0	0	0	0	66	
1121092528 : 	0	0	0	0	0	0	0	48	
1121492960 : 	0	0	0	0	0	0	0	48	
1121693900 : 	0	0	0	0	0	0	0	66	
1123991792 : 	0	0	0	0	0	0	0	57	
1124291680 : 	0	0	0	0	0	0	0	48	
1124592912 : 	0	0	0	0	0	0	0	75	
1124994876 : 	0	0	0	0	0	0	0	75	
1125506660 : 	0	0	0	0	0	0	0	48	
1125715760 : 	0	0	0	0	0	0	0	66	
1126604012 : 	0	0	0	0	0	0	0	75	
1126703972 : 	0	0	0	0	0	0	0	48	
1127306536 : 	0	0	0	0	0	0	0	66	
1127506880 : 	0	0	0	0	0	0	0	48	
1128412132 : 	0	0	0	0	0	0	0	57	
1129717136 : 	0	0	0	0	0	0	0	66	
1130221616 : 	0	0	0	0	0	0	0	75	
1130346568 : 	0	0	0	0	0	0	0	48	
1132630852 : 	0	0	0	0	0	0	0	75	
1133735680 : 	0	0	0	0	0	0	0	66	
1135342012 : 	0	0	0	0	0	0	0	66	
1136748600 : 	0	0	0	0	0	0	0	48	
1137753800 : 	0	0	0	0	0	0	0	66	
1137954656 : 	0	0	0	0	0	0	0	48	
1138775084 : 	0	0	0	0	0	0	0	48	
1138968368 : 	0	0	0	0	0	0	0	66	
1141168760 : 	0	0	0	0	0	0	0	48	
1141269664 : 	0	0	0	0	0	0	0	57	
1142274868 : 	0	0	0	0	0	0	0	75	
1142475212 : 	0	0	0	0	0	0	0	57	
1142776112 : 	0	0	0	0	0	0	0	48	
1142977220 : 	0	0	0	0	0	0	0	66	
1143178252 : 	0	0	0	0	0	0	0	48	
1143387432 : 	0	0	0	0	0	0	0	66	
1144987640 : 	0	0	0	0	0	0	0	66	
1145690260 : 	0	0	0	0	0	0	0	57	
1149407472 : 	0	0	0	0	0	AF	0	6D	
1153828748 : 	0	0	0	0	2	C6	0	62	
1154331524 : 	0	0	0	0	3	23	0	7D	
1154496684 : 	0	0	0	0	3	45	0	4C	
1154531272 : 	0	0	0	0	3	59	0	56	
1154630892 : 	0	0	0	0	3	76	0	66	
1157145276 : 	0	0	0	0	4	7E	0	7C	
1157547836 : 	0	0	0	0	4	5E	0	7E	
1158709192 : 	0	0	0	0	5	25	0	6A	
1159077836 : 	0	0	0	0	5	5B	0	61	
1159958612 : 	0	0	0	0	6	6	0	79	
1160761688 : 	0	0	0	0	6	E3	0	7E	
1161062672 : 	0	0	0	0	7	21	0	6C	
1161767492 : 	0	0	0	0	7	99	0	5E	
1161867536 : 	0	0	0	0	7	A1	0	64	
1162369972 : 	0	0	0	0	7	D1	0	70	
1164078140 : 	0	0	0	0	8	23	0	4B	
1164783548 : 	0	0	0	0	8	22	0	79	
1167390156 : 	0	0	0	0	9	5A	0	40	
1168500256 : 	0	0	0	0	A	D3	0	4E	
1171014048 : 	0	0	0	0	C	BF	0	51	
1171112816 : 	0	0	0	0	C	AF	0	61	
1174830888 : 	0	0	0	0	C	9E	0	72	
1175033024 : 	0	0	0	0	C	76	0	5E	
1175750676 : 	0	0	0	0	B	75	0	41	
1175971500 : 	0	0	0	0	B	C	0	6F	
1176172356 : 	0	0	0	0	A	BE	0	45	
1176640792 : 	0	0	0	0	9	86	0	50	
1177243104 : 	0	0	0	0	8	60	0	77	
1180359456 : 	0	0	0	0	7	1E	0	60	
1181867356 : 	0	0	0	0	7	1E	0	51	
1183473092 : 	0	0	0	0	7	94	0	53	
1184092148 : 	0	0	0	0	7	55	0	65	
1184176304 : 	0	0	0	0	7	19	0	47	
1184413448 : 	0	0	0	0	6	E6	0	6C	
1184577752 : 	0	0	0	0	6	AB	0	4D	
1184880436 : 	0	0	0	0	6	34	0	78	
1185482408 : 	0	0	0	0	5	98	0	51	
1186689916 : 	0	0	0	0	5	66	0	56	
1187493252 : 	0	0	0	0	6	1A	0	56	
1189302648 : 	0	0	0	0	7	24	0	78	
1189603632 : 	0	0	0	0	7	6C	0	6D	
1189803892 : 	0	0	0	0	7	9F	0	49	
1190107428 : 	0	0	0	0	7	C8	0	7A	
1192333660 : 	0	0	0	0	8	4	0	4C	
1192653688 : 	0	0	0	0	7	CC	0	49	
1192836272 : 	0	0	0	0	7	95	0	61	
1193021312 : 	0	0	0	0	7	5E	0	4E	
1194024908 : 	0	0	0	0	6	39	0	64	
1194528704 : 	0	0	0	0	5	98	0	7F	
1196739128 : 	0	0	0	0	4	D5	0	51	
1197242668 : 	0	0	0	0	5	12	0	6E	
1199551352 : 	0	0	0	0	5	FB	0	58	
1200053284 : 	0	0	0	0	6	4E	0	6E	
1201116712 : 	0	0	0	0	7	3E	0	40	
1201260708 : 	0	0	0	0	7	65	0	64	
1202566224 : 	0	0	0	0	8	1	0	7C	
1205897536 : 	0	0	0	0	8	0	0	40	
1206095500 : 	0	0	0	0	8	47	0	63	
1209094896 : 	0	0	0	0	5	61	0	4C	
1210737608 : 	0	0	0	0	4	0	0	44	
1210901740 : 	0	0	0	0	3	D1	0	65	
1212911568 : 	0	0	0	0	1	31	0	61	
1213415108 : 	0	0	0	0	0	B5	0	75	
1215120376 : 	0	0	0	0	0	0	0	48	
1215536620 : 	0	0	0	0	0	0	0	48	
1217330632 : 	0	0	0	0	0	0	0	66	
1217732004 : 	0	0	0	0	0	0	0	66	
1218839296 : 	0	0	0	0	0	0	0	57	
1219240412 : 	0	0	0	0	0	0	0	57	
1219577776 : 	0	0	0	0	0	0	0	48	
1219779396 : 	0	0	0	0	0	0	0	66	
1219845696 : 	0	0	0	0	0	0	0	75	
1221451948 : 	0	0	0	0	0	0	0	75	
1222155324 : 	0	0	0	0	0	0	0	66	
1223359340 : 	0	0	0	0	0	0	0	66	
1223662628 : 	0	0	0	0	0	0	0	57	
1223979588 : 	0	0	0	0	0	0	0	48	
1225169672 : 	0	0	0	0	0	0	0	48	
1227482352 : 	0	0	0	0	0	0	0	75	
1228219480 : 	0	0	0	0	0	0	0	66	
1228487824 : 	0	0	0	0	0	0	0	57	
1231100548 : 	0	0	0	0	0	0	0	75	
1231832056 : 	0	0	0	0	0	0	0	66	
1232018888 : 	0	0	0	0	0	0	0	48	
1235420500 : 	0	0	0	0	0	0	0	66	
1236240240 : 	0	0	0	0	0	0	0	66	
1236425888 : 	0	0	0	0	0	0	0	48	
1237129852 : 	0	0	0	0	0	0	0	75	
1237330876 : 	0	0	0	0	0	0	0	57	
1239843732 : 	0	0	0	0	0	0	0	66	
1240061332 : 	0	0	0	0	0	0	0	48	
1240260232 : 	0	0	0	0	0	0	0	66	
1240461852 : 	0	0	0	0	0	0	0	48	
1241552316 : 	0	0	0	0	0	0	0	75	
1244464844 : 	0	0	0	0	0	0	0	48	
1244693236 : 	0	0	0	0	0	0	0	66	
1244882276 : 	0	0	0	0	0	0	0	48	
1247278000 : 	0	0	0	0	0	0	0	48	
1247680652 : 	0	0	0	0	0	0	0	48	
1248902188 : 	0	0	0	0	0	0	0	48	
1249290036 : 	0	0	0	0	0	0	0	48	
1249390596 : 	0	0	0	0	0	0	0	57	
1249490128 : 	0	0	0	0	0	0	0	66	
1249993328 : 	0	0	0	0	0	0	0	75	
1251304708 : 	0	0	0	0	0	0	0	48	
1251499868 : 	0	0	0	0	0	0	0	66	
1251601016 : 	0	0	0	0	0	0	0	75	
1252304060 : 	0	0	0	0	0	0	0	66	
1252922596 : 	0	0	0	0	0	0	0	48	
1253123120 : 	0	0	0	0	0	0	0	66	
1253322184 : 	0	0	0	0	0	0	0	48	
1253910468 : 	0	0	0	0	1	E7	0	60	
1254011360 : 	0	0	0	0	1	FB	0	7A	
1254713972 : 	0	0	0	0	2	57	0	68	
1256936644 : 	0	0	0	0	4	4E	0	42	
1257136556 : 	0	0	0	0	4	6C	0	60	
1257343700 : 	0	0	0	0	4	92	0	49	
1259945132 : 	0	0	0	0	6	64	0	66	
1261046304 : 	0	0	0	0	6	44	0	59	
1261564208 : 	0	0	0	0	6	7A	0	6F	
1261752228 : 	0	0	0	0	6	66	0	46	
1261952828 : 	0	0	0	0	6	5F	0	6C	
1262052192 : 	0	0	0	0	6	4F	0	7C	
1262856036 : 	0	0	0	0	6	88	0	7F	
1263055704 : 	0	0	0	0	6	9B	0	5D	
1263156680 : 	0	0	0	0	6	A1	0	65	
1263356948 : 	0	0	0	0	6	A0	0	48	
1264363004 : 	0	0	0	0	6	54	0	67	
1265368380 : 	0	0	0	0	5	1C	0	46	
1266974888 : 	0	0	0	0	3	80	0	4D	
1267779068 : 	0	0	0	0	2	DA	0	4F	
1267986380 : 	0	0	0	0	2	AE	0	6C	
1268484232 : 	0	0	0	0	2	3D	0	73	
1269288412 : 	0	0	0	0	1	86	0	76	
1269691056 : 	0	0	0	0	1	22	0	70	
1269990596 : 	0	0	0	0	0	C3	0	67	
1271397008 : 	0	0	0	0	0	0	0	48	
1272201788 : 	0	0	0	0	0	0	0	48	
1272804860 : 	0	0	0	0	0	0	0	66	
1273307468 : 	0	0	0	0	0	0	0	75	
1273407428 : 	0	0	0	0	0	0	0	48	
1276120124 : 	0	0	0	0	0	8E	0	7F	
1276724304 : 	0	0	0	0	1	2A	0	5A	
1278631444 : 	0	0	0	0	0	E2	0	48	
1282248792 : 	0	0	0	0	2	F3	0	44	
1282499792 : 	0	0	0	0	3	22	0	6F	
1283856484 : 	0	0	0	0	3	D8	0	40	
1284258188 : 	0	0	0	0	3	DE	0	4A	
1284358656 : 	0	0	0	0	3	DC	0	5B	
1284961400 : 	0	0	0	0	3	FF	0	74	
1285263568 : 	0	0	0	0	4	1B	0	66	
1285866132 : 	0	0	0	0	4	92	0	49	
1285966948 : 	0	0	0	0	4	A4	0	55	
1291191388 : 	0	0	0	0	8	A0	0	55	
1293901692 : 	0	0	0	0	B	3B	0	4F	
1294521680 : 	0	0	0	0	B	7B	0	69	
1295208396 : 	0	0	0	0	B	A6	0	5C	
1295911176 : 	0	0	0	0	B	B0	0	42	
1299829336 : 	0	0	0	0	A	C9	0	76	
1303649152 : 	0	0	0	0	A	BC	0	56	
1304150824 : 	0	0	0	0	A	41	0	67	
1304653172 : 	0	0	0	0	9	AE	0	74	
1305960132 : 	0	0	0	0	9	38	0	44	
1306160052 : 	0	0	0	0	9	38	0	62	
1306461036 : 	0	0	0	0	9	22	0	5A	
1306962452 : 	0	0	0	0	9	3D	0	6D	
1307264124 : 	0	0	0	0	9	10	0	5D	
1307666336 : 	0	0	0	0	8	DD	0	55	
1309172620 : 	0	0	0	0	8	AB	0	4B	
1310579968 : 	0	0	0	0	7	52	0	68	
1311383132 : 	0	0	0	0	7	E	0	61	
1311685308 : 	0	0	0	0	6	D3	0	51	
1312023520 : 	0	0	0	0	6	F7	0	4C	
1314197736 : 	0	0	0	0	6	7F	0	6A	
1316207560 : 	0	0	0	0	4	E4	0	60	
1316423376 : 	0	0	0	0	4	A7	0	43	
1317614312 : 	0	0	0	0	3	1F	0	45	
1319421412 : 	0	0	0	0	1	F0	0	66	
1319522564 : 	0	0	0	0	1	EA	0	7C	
1321044912 : 	0	0	0	0	1	E1	0	66	
1321245428 : 	0	0	0	0	1	DF	0	4B	
1322335128 : 	0	0	0	0	1	35	0	7C	
1324343932 : 	0	0	0	0	1	35	0	7C	
1325304432 : 	0	0	0	0	0	F7	0	42	
1325466188 : 	0	0	0	0	0	DB	0	6E	
1325651400 : 	0	0	0	0	0	C4	0	48	
1329571688 : 	0	0	0	0	1	59	0	76	
1329671988 : 	0	0	0	0	1	62	0	4F	
1330575964 : 	0	0	0	0	1	6D	0	53	
1331983052 : 	0	0	0	0	2	1E	0	74	
1332784688 : 	0	0	0	0	2	65	0	78	
1333388188 : 	0	0	0	0	2	42	0	5F	
1333784884 : 	0	0	0	0	2	40	0	42	
1333889688 : 	0	0	0	0	2	40	0	60	
1334090456 : 	0	0	0	0	2	2F	0	45	
1335799896 : 	0	0	0	0	1	87	0	57	
1336904976 : 	0	0	0	0	1	B5	0	47	
1337810312 : 	0	0	0	0	2	17	0	5D	
1337987028 : 	0	0	0	0	2	10	0	63	
1338110532 : 	0	0	0	0	2	2B	0	49	
1338327120 : 	0	0	0	0	2	41	0	6F	
1338916160 : 	0	0	0	0	2	79	0	46	
1342185772 : 	0	0	0	0	4	17	0	4C	
1342346080 : 	0	0	0	0	4	39	0	66	
1342547872 : 	0	0	0	0	4	3D	0	44	
1342738532 : 	0	0	0	0	4	2B	0	65	
1342834576 : 	0	0	0	0	4	2D	0	72	
1343436980 : 	0	0	0	0	3	A4	0	56	
1343937544 : 	0	0	0	0	3	75	0	67	
1344239456 : 	0	0	0	0	3	63	0	5B	
1344339332 : 	0	0	0	0	3	6A	0	63	
1345644336 : 	0	0	0	0	3	8D	0	7D	
1347188108 : 	0	0	0	0	3	9	0	6A	
1347369240 : 	0	0	0	0	2	CD	0	4D	
1347553524 : 	0	0	0	0	2	8A	0	62	
1348358048 : 	0	0	0	0	1	FB	0	6B	
1349664580 : 	0	0	0	0	1	F3	0	72	
1351171632 : 	0	0	0	0	2	6	0	6E	
1351589408 : 	0	0	0	0	2	18	0	6B	
1352477832 : 	0	0	0	0	2	A	0	79	
1352577872 : 	0	0	0	0	2	C	0	4A	
1353281160 : 	0	0	0	0	1	D8	0	7F	
1354385312 : 	0	0	0	0	0	FB	0	6C	
1355088176 : 	0	0	0	0	0	0	0	57	
1356209752 : 	0	0	0	0	0	0	0	48	
1356409588 : 	0	0	0	0	0	0	0	66	
1356610188 : 	0	0	0	0	0	0	0	48	
1356697480 : 	0	0	0	0	0	0	0	57	
1358001220 : 	0	0	0	0	0	0	0	66	
1359507668 : 	0	0	0	0	0	0	0	57	
1360739912 : 	0	0	0	0	0	0	0	48	
1360847952 : 	0	0	0	0	0	0	0	66	
1361020240 : 	0	0	0	0	0	0	0	48	
1361214892 : 	0	0	0	0	0	0	0	66	
1371367328 : 	0	0	0	0	0	0	0	57	
1372975196 : 	0	0	0	0	0	0	0	57	
1374115804 : 	0	0	0	0	0	0	0	48	
1374496264 : 	0	0	0	0	0	0	0	48	
1374699244 : 	0	0	0	0	0	0	0	66	
1374884120 : 	0	0	0	0	0	0	0	48	
1376691812 : 	0	0	0	0	0	0	0	66	
1378099156 : 	0	0	0	0	0	0	0	48	
1380308904 : 	0	0	0	0	0	0	0	66	
1380409800 : 	0	0	0	0	0	0	0	75	
1380611844 : 	0	0	0	0	0	0	0	57	
1382320264 : 	0	0	0	0	0	0	0	66	
1382520948 : 	0	0	0	0	0	0	0	48	
1383225680 : 	0	0	0	0	0	0	0	75	
1384831584 : 	0	0	0	0	0	0	0	75	
1385009148 : 	0	0	0	0	0	0	0	48	
1385209408 : 	0	0	0	0	0	0	0	66	
1385333856 : 	0	0	0	0	0	0	0	48	
1386339144 : 	0	0	0	0	0	0	0	66	
1387041500 : 	0	0	0	0	0	0	0	57	
1388145824 : 	0	0	0	0	0	0	0	48	
1388647828 : 	0	0	0	0	0	0	0	57	
1389250816 : 	0	0	0	0	0	0	0	75	
1389955892 : 	0	0	0	0	0	0	0	66	
1390056452 : 	0	0	0	0	0	0	0	75	
1391262004 : 	0	0	0	0	0	0	0	75	
1391362056 : 	0	0	0	0	0	0	0	48	
1391866436 : 	0	0	0	0	0	0	0	57	
1393791264 : 	0	0	0	0	0	0	0	48	
1394377592 : 	0	0	0	0	0	0	0	66	
1395583488 : 	0	0	0	0	0	0	0	66	
1395784256 : 	0	0	0	0	0	0	0	48	
1396587084 : 	0	0	0	0	0	0	0	48	
1396787852 : 	0	0	0	0	0	0	0	66	
1398295244 : 	0	0	0	0	0	0	0	57	
1398612044 : 	0	0	0	0	0	0	0	48	
1399098324 : 	0	0	0	0	0	0	0	57	
1399400244 : 	0	0	0	0	0	0	0	48	
1399801360 : 	0	0	0	0	0	0	0	48	
1400504904 : 	0	0	0	0	0	0	0	75	
1402815968 : 	0	0	0	0	0	0	0	66	
1405029624 : 	0	0	0	0	0	0	0	48	
1406844456 : 	0	0	0	0	1	14	0	60	
1406937024 : 	0	0	0	0	1	16	0	7D	
1408041344 : 	0	0	0	0	0	89	0	65	
1408543352 : 	0	0	0	0	0	0	0	75	
1408844168 : 	0	0	0	0	0	0	0	66	
1410864616 : 	0	0	0	0	0	0	0	66	
1411144436 : 	0	0	0	0	1	1	0	46	
1411273384 : 	0	0	0	0	1	3B	0	67	
1411457324 : 	0	0	0	0	1	6C	0	45	
1413466636 : 	0	0	0	0	2	EB	0	4D	
1413675396 : 	0	0	0	0	2	F1	0	64	
1413769832 : 	0	0	0	0	2	FD	0	77	
1413970516 : 	0	0	0	0	3	29	0	59	
1415692276 : 	0	0	0	0	3	B3	0	65	
1415904096 : 	0	0	0	0	3	B6	0	44	
1417987872 : 	0	0	0	0	2	DE	0	5A	
1418294892 : 	0	0	0	0	2	A4	0	48	
1419593948 : 	0	0	0	0	2	1A	0	5A	
1419694252 : 	0	0	0	0	2	1C	0	67	
1420104720 : 	0	0	0	0	2	18	0	6B	
1420314152 : 	0	0	0	0	2	15	0	40	
1420513988 : 	0	0	0	0	2	14	0	6F	
1421203516 : 	0	0	0	0	2	20	0	53	
1422714128 : 	0	0	0	0	2	22	0	42	
1423211040 : 	0	0	0	0	2	87	0	56	
1423612832 : 	0	0	0	0	2	CD	0	5C	
1424618468 : 	0	0	0	0	3	2E	0	72	
1424726332 : 	0	0	0	0	3	32	0	40	
1424935948 : 	0	0	0	0	3	45	0	6A	
1425723560 : 	0	0	0	0	3	39	0	67	
1426937184 : 	0	0	0	0	2	F6	0	6F	
1428236240 : 	0	0	0	0	2	C6	0	71	
1429153388 : 	0	0	0	0	2	67	0	49	
1431555064 : 	0	0	0	0	2	5D	0	44	
1432855652 : 	0	0	0	0	2	AF	0	5C	
1433057444 : 	0	0	0	0	2	B3	0	75	
1433576452 : 	0	0	0	0	2	EA	0	4E	
1433775432 : 	0	0	0	0	3	A	0	69	
1434363980 : 	0	0	0	0	3	47	0	4A	
1434867260 : 	0	0	0	0	2	F3	0	53	
1434967304 : 	0	0	0	0	2	F2	0	63	
1435770212 : 	0	0	0	0	2	4	0	60	
1437406632 : 	0	0	0	0	1	64	0	6B	
1437596784 : 	0	0	0	0	1	4D	0	46	
1437794572 : 	0	0	0	0	1	45	0	6C	
1438687248 : 	0	0	0	0	1	40	0	70	
1438787116 : 	0	0	0	0	1	23	0	42	
1438988228 : 	0	0	0	0	1	23	0	60	
1440897668 : 	0	0	0	0	1	CC	0	5E	
1441617192 : 	0	0	0	0	2	C	0	4A	
1445118684 : 	0	0	0	0	0	0	0	75	
1445217624 : 	0	0	0	0	0	0	0	48	
1445657156 : 	0	0	0	0	0	0	0	48	
1445847556 : 	0	0	0	0	0	0	0	66	
1446038892 : 	0	0	0	0	0	0	0	48	
1446124580 : 	0	0	0	0	0	0	0	57	
1447931504 : 	0	0	0	0	0	D7	0	71	
1448332368 : 	0	0	0	0	0	EE	0	79	
1450442660 : 	0	0	0	0	0	AC	0	42	
1450645044 : 	0	0	0	0	0	A0	0	6C	
1451147140 : 	0	0	0	0	0	0	0	75	
1451649156 : 	0	0	0	0	0	0	0	48	
1453558504 : 	0	0	0	0	0	0	0	75	
1454162596 : 	0	0	0	0	0	AA	0	53	
1454279388 : 	0	0	0	0	0	AC	0	60	
1455668884 : 	0	0	0	0	0	A5	0	49	
1456776604 : 	0	0	0	0	0	0	0	75	
1456977040 : 	0	0	0	0	0	0	0	57	
1457177292 : 	0	0	0	0	0	0	0	75	
1457979780 : 	0	0	0	0	0	0	0	75	
1458489096 : 	0	0	0	0	0	0	0	48	
1458717664 : 	0	0	0	0	0	0	0	66	
1459486660 : 	0	0	0	0	0	0	0	66	
1461295296 : 	0	0	0	0	0	0	0	48	
1461397548 : 	0	0	0	0	0	0	0	57	
1461898532 : 	0	0	0	0	0	0	0	66	
1462299564 : 	0	0	0	0	0	0	0	66	
1464209852 : 	0	0	0	0	1	15	0	50	
1464611224 : 	0	0	0	0	1	4	0	52	
1464711096 : 	0	0	0	0	1	3	0	62	
1466519472 : 	0	0	0	0	1	20	0	45	
1469031820 : 	0	0	0	0	0	0	0	57	
1469633448 : 	0	0	0	0	0	0	0	75	
1471442000 : 	0	0	0	0	0	8F	0	50	
1472648824 : 	0	0	0	0	0	77	0	59	
1472949388 : 	0	0	0	0	0	0	0	48	
1474455924 : 	0	0	0	0	0	99	0	73	
1476162644 : 	0	0	0	0	0	0	0	48	
1477670708 : 	0	0	0	0	0	0	0	75	
1477770336 : 	0	0	0	0	0	0	0	48	
1478372724 : 	0	0	0	0	0	0	0	66	
1479075848 : 	0	0	0	0	0	0	0	57	
1479175888 : 	0	0	0	0	0	0	0	66	
1480582304 : 	0	0	0	0	0	0	0	48	
1481688828 : 	0	0	0	0	0	0	0	75	
1482592384 : 	0	0	0	0	0	0	0	48	
1482793744 : 	0	0	0	0	0	0	0	66	
1486358312 : 	0	0	0	0	0	0	0	48	
1486459632 : 	0	0	0	0	0	0	0	57	
1489274236 : 	0	0	0	0	0	0	0	57	
2260114184 : 	0	0	0	0	0	0	0	48	
2260307140 : 	0	0	0	0	0	0	0	66	
2261003116 : 	0	0	0	0	0	0	0	57	
2261204224 : 	0	0	0	0	0	0	0	75	
2261304184 : 	0	0	0	0	0	0	0	48	
2262106416 : 	0	0	0	0	0	0	0	48	
2262911876 : 	0	0	0	0	0	0	0	48	
2265623208 : 	0	0	0	0	0	0	0	75	
2266124196 : 	0	0	0	0	0	0	0	48	
2266225260 : 	0	0	0	0	0	0	0	57	
2266325304 : 	0	0	0	0	0	0	0	66	
2266956004 : 	0	0	0	0	0	0	0	48	
2267166464 : 	0	0	0	0	0	0	0	66	
2268335300 : 	0	0	0	0	0	D7	0	62	
2268747976 : 	0	0	0	0	0	E3	0	65	
2275570924 : 	0	0	0	0	2	63	0	6B	
2275772972 : 	0	0	0	0	2	5A	0	47	
2276475076 : 	0	0	0	0	2	8	0	7B	
2276574860 : 	0	0	0	0	1	F1	0	47	
2279086276 : 	0	0	0	0	0	0	0	57	
2279688496 : 	0	0	0	0	0	0	0	75	
2280395272 : 	0	0	0	0	0	0	0	66	
2283805980 : 	0	0	0	0	0	0	0	48	
2285025644 : 	0	0	0	0	1	8D	0	42	
2285715596 : 	0	0	0	0	1	24	0	7E	
2288887196 : 	0	0	0	0	0	0	0	66	
2289045976 : 	0	0	0	0	0	0	0	48	
2289231964 : 	0	0	0	0	0	0	0	66	
2289936268 : 	0	0	0	0	0	0	0	57	
2291643748 : 	0	0	0	0	0	D5	0	64	
2291844432 : 	0	0	0	0	1	23	0	42	
2292749596 : 	0	0	0	0	2	B3	0	57	
2293352076 : 	0	0	0	0	3	42	0	7C	
2293465132 : 	0	0	0	0	3	6F	0	40	
2293652556 : 	0	0	0	0	3	59	0	65	
2297305424 : 	0	0	0	0	3	BC	0	6C	
2297486984 : 	0	0	0	0	3	94	0	48	
2297687084 : 	0	0	0	0	3	6C	0	61	
2297871868 : 	0	0	0	0	3	53	0	4D	
2298072552 : 	0	0	0	0	3	40	0	6F	
2302326376 : 	0	0	0	0	4	42	0	4E	
2302706324 : 	0	0	0	0	4	79	0	44	
2303107356 : 	0	0	0	0	4	90	0	4B	
2303194992 : 	0	0	0	0	4	8F	0	5C	
2304799536 : 	0	0	0	0	4	B4	0	54	
2307212600 : 	0	0	0	0	4	F4	0	50	
2307513508 : 	0	0	0	0	5	2	0	41	
2307815932 : 	0	0	0	0	5	42	0	7A	
2309323408 : 	0	0	0	0	5	DE	0	66	
2310226192 : 	0	0	0	0	6	98	0	7E	
2311232508 : 	0	0	0	0	6	A7	0	50	
2311348700 : 	0	0	0	0	6	B6	0	6F	
2311533236 : 	0	0	0	0	6	9B	0	4E	
2315568696 : 	0	0	0	0	4	62	0	4C	
2315787408 : 	0	0	0	0	4	46	0	68	
2315953832 : 	0	0	0	0	4	26	0	4C	
2316557160 : 	0	0	0	0	3	7F	0	6D	
2319068656 : 	0	0	0	0	1	C5	0	73	
2319988184 : 	0	0	0	0	2	1A	0	4B	
2320474472 : 	0	0	0	0	2	1E	0	56	
2320774692 : 	0	0	0	0	2	19	0	4C	
2321077384 : 	0	0	0	0	2	26	0	7B	
2323087624 : 	0	0	0	0	1	DE	0	79	
2324048804 : 	0	0	0	0	1	DE	0	4C	
2324209200 : 	0	0	0	0	1	E0	0	67	
2324409120 : 	0	0	0	0	1	E4	0	45	
2324595016 : 	0	0	0	0	1	EA	0	6D	
2325097364 : 	0	0	0	0	2	22	0	7F	
2326403228 : 	0	0	0	0	3	CF	0	4A	
2326502592 : 	0	0	0	0	3	E2	0	54	
2326803232 : 	0	0	0	0	4	3A	0	47	
2328311044 : 	0	0	0	0	4	EB	0	78	
2328868908 : 	0	0	0	0	4	CC	0	4C	
2329114640 : 	0	0	0	0	4	A7	0	70	
2329214172 : 	0	0	0	0	4	8A	0	42	
2329431260 : 	0	0	0	0	4	63	0	69	
2330520028 : 	0	0	0	0	3	7D	0	50	
2331725928 : 	0	0	0	0	2	70	0	5E	
2332329252 : 	0	0	0	0	1	F3	0	72	
2333242660 : 	0	0	0	0	1	B8	0	44	
2333334552 : 	0	0	0	0	1	AD	0	5F	
2333508716 : 	0	0	0	0	1	94	0	68	
2333635192 : 	0	0	0	0	1	A1	0	4C	
2333848964 : 	0	0	0	0	1	91	0	6B	
2337652120 : 	0	0	0	0	5	2A	0	47	
2338254600 : 	0	0	0	0	5	DD	0	67	
2338511472 : 	0	0	0	0	6	21	0	4F	
2338683084 : 	0	0	0	0	6	4E	0	6E	
2338872388 : 	0	0	0	0	6	8B	0	4F	
2342572856 : 	0	0	0	0	9	BC	0	57	
2343678704 : 	0	0	0	0	A	B9	0	4A	
2344080508 : 	0	0	0	0	A	FC	0	43	
2344481192 : 	0	0	0	0	B	6	0	47	
2344782772 : 	0	0	0	0	A	E1	0	7C	
2346992692 : 	0	0	0	0	A	F6	0	58	
2347596356 : 	0	0	0	0	9	D6	0	79	
2347704484 : 	0	0	0	0	9	CB	0	48	
2347797468 : 	0	0	0	0	9	B1	0	52	
2347912308 : 	0	0	0	0	9	A4	0	6F	
2348600888 : 	0	0	0	0	7	C1	0	53	
2349302908 : 	0	0	0	0	6	14	0	4D	
2349806864 : 	0	0	0	0	5	C	0	56	
2349905464 : 	0	0	0	0	4	CB	0	6B	
2350006616 : 	0	0	0	0	4	95	0	73	
2351914952 : 	0	0	0	0	3	4	0	6F	
2352524824 : 	0	0	0	0	2	EE	0	4A	
2354829856 : 	0	0	0	0	1	7	0	7D	
2355935372 : 	0	0	0	0	0	0	0	66	
2356352460 : 	0	0	0	0	0	0	0	66	
2356544220 : 	0	0	0	0	0	0	0	48	
2357441820 : 	0	0	0	0	2	E	0	57	
2358144600 : 	0	0	0	0	2	78	0	47	
2360858224 : 	0	0	0	0	4	43	0	7A	
2360964900 : 	0	0	0	0	4	6F	0	4F	
2362867888 : 	0	0	0	0	7	CA	0	78	
2363370664 : 	0	0	0	0	8	8F	0	49	
2364274724 : 	0	0	0	0	A	1	0	5C	
2366585184 : 	0	0	0	0	B	E8	0	47	
2367194804 : 	0	0	0	0	C	87	0	6B	
2367289580 : 	0	0	0	0	C	CE	0	7F	
2367394556 : 	0	0	0	0	C	CF	0	41	
2367991680 : 	0	0	0	0	D	A7	0	68	
2369405572 : 	0	0	0	0	F	2	0	47	
2369698996 : 	0	0	0	0	F	4D	0	75	
2369813400 : 	0	0	0	0	F	2B	0	4C	
2371003996 : 	0	0	0	0	F	11	0	47	
2371806404 : 	0	0	0	0	E	DE	0	4F	
2371907636 : 	0	0	0	0	E	C5	0	58	
2372511640 : 	0	0	0	0	E	97	0	77	
2372912672 : 	0	0	0	0	E	67	0	7A	
2374225836 : 	0	0	0	0	E	76	0	4D	
2374426180 : 	0	0	0	0	E	74	0	6D	
2374635112 : 	0	0	0	0	E	B7	0	48	
2375222632 : 	0	0	0	0	F	31	0	63	
2375524636 : 	0	0	0	0	F	59	0	5A	
2376637116 : 	0	0	0	0	10	14	0	42	
2376835676 : 	0	0	0	0	10	38	0	6A	
2377734892 : 	0	0	0	0	10	86	0	76	
2378538224 : 	0	0	0	0	10	93	0	78	
2378645496 : 	0	0	0	0	10	98	0	46	
2379046184 : 	0	0	0	0	10	94	0	4A	
2380446304 : 	0	0	0	0	10	87	0	66	
2381049896 : 	0	0	0	0	F	C8	0	45	
2381255932 : 	0	0	0	0	F	EF	0	6A	
2382886316 : 	0	0	0	0	F	9	0	6E	
2383067620 : 	0	0	0	0	E	C8	0	46	
2383266520 : 	0	0	0	0	E	7D	0	64	
2383467636 : 	0	0	0	0	E	57	0	4E	
2386072288 : 	0	0	0	0	9	4F	0	6A	
2386173100 : 	0	0	0	0	9	2	0	7A	
2388384288 : 	0	0	0	0	4	DE	0	58	
2388685016 : 	0	0	0	0	4	77	0	46	
2389486904 : 	0	0	0	0	3	7E	0	40	
2390095760 : 	0	0	0	0	1	F7	0	6F	
2390307240 : 	0	0	0	0	1	8D	0	42	
2391195752 : 	0	0	0	0	1	9	0	5D	
2392106016 : 	0	0	0	0	0	0	0	66	
2392305932 : 	0	0	0	0	0	0	0	48	
2393204296 : 	0	0	0	0	0	0	0	57	
2393906568 : 	0	0	0	0	0	0	0	48	
2395116796 : 	0	0	0	0	0	0	0	48	
2395328020 : 	0	0	0	0	0	0	0	66	
2397327304 : 	0	0	0	0	0	0	0	66	
2398324524 : 	0	0	0	0	0	0	0	48	
2399746576 : 	0	0	0	0	0	0	0	66	
2399832176 : 	0	0	0	0	0	0	0	75	
2399976924 : 	0	0	0	0	0	0	0	48	
2400132984 : 	0	0	0	0	0	0	0	66	
2401138280 : 	0	0	0	0	0	0	0	48	
2401547640 : 	0	0	0	0	0	0	0	48	
2402945892 : 	0	0	0	0	0	0	0	66	
2404407388 : 	0	0	0	0	0	0	0	48	
2404586568 : 	0	0	0	0	0	0	0	66	
2405357172 : 	0	0	0	0	0	0	0	66	
2406189404 : 	0	0	0	0	0	0	0	66	
2406387624 : 	0	0	0	0	0	0	0	48	
2407065676 : 	0	0	0	0	0	0	0	75	
2408369740 : 	0	0	0	0	0	0	0	48	
2408571872 : 	0	0	0	0	0	0	0	66	
2412088748 : 	0	0	0	0	0	0	0	57	
2412808100 : 	0	0	0	0	0	0	0	48	
2413208876 : 	0	0	0	0	0	0	0	48	
2415306252 : 	0	0	0	0	0	0	0	57	
2416510028 : 	0	0	0	0	0	0	0	57	
2417028692 : 	0	0	0	0	0	0	0	66	
2417227420 : 	0	0	0	0	0	0	0	48	
2417414256 : 	0	0	0	0	0	0	0	66	
2419022968 : 	0	0	0	0	0	0	0	66	
2419625952 : 	0	0	0	0	0	0	0	48	
2420731632 : 	0	0	0	0	0	0	0	75	
2421049700 : 	0	0	0	0	0	0	0	66	
2421249204 : 	0	0	0	0	0	0	0	48	
2421451156 : 	0	0	0	0	0	0	0	66	
2421649972 : 	0	0	0	0	0	0	0	48	
2423041336 : 	0	0	0	0	0	0	0	66	
2424648344 : 	0	0	0	0	2	38	0	69	
2425252440 : 	0	0	0	0	2	AA	0	42	
2425452104 : 	0	0	0	0	2	C9	0	6F	
2425709232 : 	0	0	0	0	2	F7	0	40	
2425909576 : 	0	0	0	0	2	FF	0	66	
2426088672 : 	0	0	0	0	3	25	0	4E	
2426157436 : 	0	0	0	0	3	2A	0	58	
2426760088 : 	0	0	0	0	3	84	0	76	
2426860044 : 	0	0	0	0	3	75	0	49	
2427262016 : 	0	0	0	0	3	9E	0	4E	
2427663720 : 	0	0	0	0	3	E6	0	41	
2428667232 : 	0	0	0	0	4	7F	0	6C	
2429270644 : 	0	0	0	0	4	B5	0	44	
2429973516 : 	0	0	0	0	5	9B	0	7C	
2430291920 : 	0	0	0	0	5	E4	0	6F	
2431381792 : 	0	0	0	0	6	5F	0	5D	
2431883884 : 	0	0	0	0	6	15	0	6A	
2432788200 : 	0	0	0	0	5	EE	0	74	
2432989316 : 	0	0	0	0	5	E2	0	52	
2433592392 : 	0	0	0	0	5	A5	0	71	
2433949556 : 	0	0	0	0	5	98	0	60	
2433995540 : 	0	0	0	0	5	72	0	77	
2434095332 : 	0	0	0	0	5	80	0	4B	
2434312420 : 	0	0	0	0	5	73	0	67	
2435603576 : 	0	0	0	0	5	D	0	73	
2435904980 : 	0	0	0	0	5	3	0	6E	
2437110452 : 	0	0	0	0	4	9D	0	6C	
2438331984 : 	0	0	0	0	3	29	0	68	
2438532416 : 	0	0	0	0	2	B0	0	4B	
2438716780 : 	0	0	0	0	2	3C	0	65	
2438819208 : 	0	0	0	0	2	1C	0	76	
2441026060 : 	0	0	0	0	0	0	0	57	
2441630324 : 	0	0	0	0	0	0	0	75	
2442131144 : 	0	0	0	0	0	0	0	48	
2443192284 : 	0	0	0	0	0	0	0	66	
2443352340 : 	0	0	0	0	0	0	0	48	
2443537048 : 	0	0	0	0	0	0	0	66	
2443752528 : 	0	0	0	0	0	0	0	48	
2444340636 : 	0	0	0	0	0	0	0	66	
2445647424 : 	0	0	0	0	0	0	0	75	
2445849300 : 	0	0	0	0	0	0	0	57	
2446251352 : 	0	0	0	0	0	0	0	57	
2446853748 : 	0	0	0	0	0	0	0	75	
2446953544 : 	0	0	0	0	0	0	0	48	
2447557120 : 	0	0	0	0	0	0	0	66	
2447757552 : 	0	0	0	0	0	0	0	48	
2447975584 : 	0	0	0	0	0	0	0	66	
2450772500 : 	0	0	0	0	0	0	0	66	
2450873488 : 	0	0	0	0	0	0	0	75	
2451676644 : 	0	0	0	0	0	0	0	75	
2451992844 : 	0	0	0	0	1	1	0	64	
2452480748 : 	0	0	0	0	1	63	0	7B	
2454688620 : 	0	0	0	0	1	D3	0	56	
2455793712 : 	0	0	0	0	2	D0	0	49	
2456212592 : 	0	0	0	0	3	A	0	4B	
2456499212 : 	0	0	0	0	3	25	0	7B	
2456613532 : 	0	0	0	0	3	29	0	4A	
2456813024 : 	0	0	0	0	3	1D	0	65	
2457505096 : 	0	0	0	0	3	33	0	5E	
2457905872 : 	0	0	0	0	3	63	0	5B	
2458708528 : 	0	0	0	0	3	A3	0	57	
2460113916 : 	0	0	0	0	3	91	0	78	
2460315024 : 	0	0	0	0	3	78	0	55	
2460915124 : 	0	0	0	0	3	9E	0	4E	
2461219008 : 	0	0	0	0	3	C3	0	64	
2461321768 : 	0	0	0	0	3	D1	0	74	
2461420876 : 	0	0	0	0	3	C5	0	44	
2461723220 : 	0	0	0	0	4	24	0	7B	
2465037880 : 	0	0	0	0	9	4D	0	4E	
2465439768 : 	0	0	0	0	9	EA	0	47	
2465653960 : 	0	0	0	0	A	E	0	6E	
2465840536 : 	0	0	0	0	A	13	0	4A	
2466042580 : 	0	0	0	0	A	3E	0	6B	
2467748616 : 	0	0	0	0	B	96	0	7B	
2468955532 : 	0	0	0	0	C	A0	0	7F	
2469155792 : 	0	0	0	0	C	7D	0	57	
2470314256 : 	0	0	0	0	D	57	0	4F	
2470463176 : 	0	0	0	0	D	66	0	6D	
2471969376 : 	0	0	0	0	E	F4	0	56	
2472975692 : 	0	0	0	0	F	D7	0	72	
2473276932 : 	0	0	0	0	F	BD	0	6F	
2474383552 : 	0	0	0	0	10	EE	0	5A	
2476895720 : 	0	0	0	0	12	5	0	6E	
2477599784 : 	0	0	0	0	11	A2	0	59	
2478001572 : 	0	0	0	0	11	8D	0	50	
2478301876 : 	0	0	0	0	11	55	0	4C	
2478518880 : 	0	0	0	0	11	4E	0	62	
2482017992 : 	0	0	0	0	11	D0	0	58	
2482619792 : 	0	0	0	0	10	D0	0	77	
2483130216 : 	0	0	0	0	F	56	0	4E	
2483330056 : 	0	0	0	0	E	F3	0	66	
2483725812 : 	0	0	0	0	E	82	0	6E	
2485232608 : 	0	0	0	0	C	66	0	5F	
2485540908 : 	0	0	0	0	C	34	0	45	
2486738892 : 	0	0	0	0	A	9F	0	46	
2486840892 : 	0	0	0	0	A	7D	0	59	
2490056696 : 	0	0	0	0	3	8E	0	5E	
2491059696 : 	0	0	0	0	2	4F	0	70	
2491863796 : 	0	0	0	0	1	61	0	7D	
2491971916 : 	0	0	0	0	1	55	0	4D	
2492172092 : 	0	0	0	0	1	46	0	6B	
2492366656 : 	0	0	0	0	1	39	0	4B	
2496010096 : 	0	0	0	0	0	0	0	48	
2496191824 : 	0	0	0	0	0	0	0	66	
2496287536 : 	0	0	0	0	0	0	0	75	
2497993572 : 	0	0	0	0	0	0	0	48	
2498402252 : 	0	0	0	0	0	0	0	48	
2500212156 : 	0	0	0	0	0	0	0	66	
2501210232 : 	0	0	0	0	0	0	0	48	
2501713512 : 	0	0	0	0	0	0	0	57	
2501812452 : 	0	0	0	0	0	0	0	66	
2503019712 : 	0	0	0	0	0	0	0	66	
2503521972 : 	0	0	0	0	0	0	0	75	
2503621844 : 	0	0	0	0	0	0	0	48	
2504327856 : 	0	0	0	0	0	0	0	75	
2505231068 : 	0	0	0	0	0	0	0	48	
2505832356 : 	0	0	0	0	0	0	0	66	
2506441380 : 	0	0	0	0	0	0	0	48	
2507841500 : 	0	0	0	0	0	0	0	66	
2508042100 : 	0	0	0	0	0	0	0	48	
2510555468 : 	0	0	0	0	0	0	0	57	
2510662396 : 	0	0	0	0	0	0	0	66	
2510861636 : 	0	0	0	0	0	0	0	48	
2511062832 : 	0	0	0	0	0	B1	0	6A	
2512672732 : 	0	0	0	0	2	BC	0	6D	
2512871800 : 	0	0	0	0	3	B	0	4A	
2514071152 : 	0	0	0	0	2	72	0	4D	
2514883496 : 	0	0	0	0	1	A3	0	4A	
2515092680 : 	0	0	0	0	1	9F	0	6D	
2516183656 : 	0	0	0	0	1	5F	0	52	
2516786052 : 	0	0	0	0	1	ED	0	79	
2517590408 : 	0	0	0	0	4	16	0	7A	
2517891392 : 	0	0	0	0	4	87	0	63	
2518997324 : 	0	0	0	0	6	67	0	54	
2519112924 : 	0	0	0	0	6	76	0	63	
2519497720 : 	0	0	0	0	6	82	0	66	
2521313064 : 	0	0	0	0	8	3E	0	4F	
2522011084 : 	0	0	0	0	8	42	0	77	
2523416476 : 	0	0	0	0	7	E3	0	5F	
2523617756 : 	0	0	0	0	8	4B	0	7E	
2524020656 : 	0	0	0	0	8	BE	0	74	
2524922760 : 	0	0	0	0	7	D8	0	4C	
2526832372 : 	0	0	0	0	5	9B	0	7C	
2527736260 : 	0	0	0	0	5	1F	0	43	
2528641596 : 	0	0	0	0	5	94	0	55	
2530148396 : 	0	0	0	0	5	7B	0	41	
2530348736 : 	0	0	0	0	5	80	0	69	
2530450056 : 	0	0	0	0	5	87	0	71	
2532617308 : 	0	0	0	0	6	B8	0	4F	
2532962408 : 	0	0	0	0	6	F7	0	4C	
2534269192 : 	0	0	0	0	7	79	0	50	
2534972312 : 	0	0	0	0	7	97	0	41	
2535273040 : 	0	0	0	0	7	BF	0	74	
2535373256 : 	0	0	0	0	7	EF	0	44	
2537785216 : 	0	0	0	0	9	17	0	47	
2540299092 : 	0	0	0	0	9	61	0	57	
2540636456 : 	0	0	0	0	9	52	0	48	
2540836800 : 	0	0	0	0	9	16	0	66	
2541605372 : 	0	0	0	0	9	5C	0	6C	
2542309680 : 	0	0	0	0	9	BC	0	57	
2542913776 : 	0	0	0	0	A	58	0	7E	
2544119076 : 	0	0	0	0	B	59	0	7C	
2544320100 : 	0	0	0	0	B	5E	0	59	
2545826300 : 	0	0	0	0	A	50	0	49	
2546329760 : 	0	0	0	0	9	C7	0	5B	
2546529760 : 	0	0	0	0	9	98	0	7B	
2548739844 : 	0	0	0	0	6	D5	0	5F	
2548877384 : 	0	0	0	0	6	CA	0	6A	
2549077636 : 	0	0	0	0	6	BB	0	4C	
2549241772 : 	0	0	0	0	6	E9	0	69	
2549745480 : 	0	0	0	0	6	C2	0	71	
2550146512 : 	0	0	0	0	7	9	0	75	
2550247064 : 	0	0	0	0	7	21	0	4E	
2552254256 : 	0	0	0	0	8	A0	0	46	
2552959084 : 	0	0	0	0	8	C9	0	78	
2553877244 : 	0	0	0	0	7	8F	0	4A	
2553965560 : 	0	0	0	0	7	46	0	56	
2555371972 : 	0	0	0	0	5	A9	0	7D	
2557919676 : 	0	0	0	0	5	F6	0	4E	
2558097920 : 	0	0	0	0	5	FE	0	64	
2558788292 : 	0	0	0	0	5	D7	0	5E	
2560697136 : 	0	0	0	0	4	9E	0	4D	
2561298852 : 	0	0	0	0	4	65	0	67	
2561902096 : 	0	0	0	0	4	CC	0	4C	
2562303720 : 	0	0	0	0	5	20	0	41	
2566537740 : 	0	0	0	0	6	3E	0	6F	
2566740132 : 	0	0	0	0	6	61	0	4B	
2567428880 : 	0	0	0	0	7	16	0	77	
2568431880 : 	0	0	0	0	8	10	0	5E	
2571160212 : 	0	0	0	0	A	99	0	4C	
2571361832 : 	0	0	0	0	A	AE	0	64	
2571748240 : 	0	0	0	0	A	91	0	62	
2572250504 : 	0	0	0	0	A	5A	0	7C	
2572754052 : 	0	0	0	0	9	B8	0	4C	
2572955072 : 	0	0	0	0	9	73	0	63	
2574980876 : 	0	0	0	0	7	39	0	63	
2575066224 : 	0	0	0	0	7	22	0	7A	
2575182664 : 	0	0	0	0	7	18	0	48	
2577776184 : 	0	0	0	0	5	2B	0	64	
2577977472 : 	0	0	0	0	4	F3	0	42	
2578380028 : 	0	0	0	0	4	2D	0	45	
2579401980 : 	0	0	0	0	3	B	0	68	
2579600284 : 	0	0	0	0	3	3	0	42	
2579786436 : 	0	0	0	0	2	F4	0	61	
2582300908 : 	0	0	0	0	2	3B	0	75	
2582904064 : 	0	0	0	0	2	94	0	58	
2583221292 : 	0	0	0	0	2	F1	0	46	
2583422148 : 	0	0	0	0	3	4C	0	63	
2583622660 : 	0	0	0	0	3	97	0	45	
2583806852 : 	0	0	0	0	4	30	0	6F	
2585214960 : 	0	0	0	0	7	25	0	4A	
2587642644 : 	0	0	0	0	B	9F	0	45	
2587834832 : 	0	0	0	0	B	F2	0	6A	
2588042484 : 	0	0	0	0	C	8	0	44	
2588832304 : 	0	0	0	0	C	6	0	46	
2589937560 : 	0	0	0	0	C	54	0	70	
2590339612 : 	0	0	0	0	C	5D	0	77	
2590541832 : 	0	0	0	0	C	55	0	51	
2590641616 : 	0	0	0	0	C	49	0	6D	
2591682100 : 	0	0	0	0	C	5	0	47	
2591882532 : 	0	0	0	0	B	F5	0	67	
2592075652 : 	0	0	0	0	B	B3	0	4F	
2592247868 : 	0	0	0	0	B	8B	0	68	
2592752848 : 	0	0	0	0	B	5F	0	76	
2593253240 : 	0	0	0	0	B	41	0	48	
2593453416 : 	0	0	0	0	A	F2	0	6B	
2593856828 : 	0	0	0	0	B	87	0	6C	
2594056744 : 	0	0	0	0	B	CA	0	47	
2594860508 : 	0	0	0	0	C	CE	0	42	
2594962760 : 	0	0	0	0	C	E3	0	5A	
2596468796 : 	0	0	0	0	D	88	0	4B	
2598581212 : 	0	0	0	0	E	28	0	5F	
2599986180 : 	0	0	0	0	D	98	0	77	
2600286992 : 	0	0	0	0	D	7D	0	65	
2601104948 : 	0	0	0	0	C	D6	0	67	
2601794644 : 	0	0	0	0	C	2C	0	5D	
2602999680 : 	0	0	0	0	B	B7	0	5A	
2603604124 : 	0	0	0	0	B	EF	0	7D	
2604307152 : 	0	0	0	0	C	2E	0	6A	
2604709284 : 	0	0	0	0	C	44	0	62	
2604917452 : 	0	0	0	0	C	5F	0	48	
2605125872 : 	0	0	0	0	C	6C	0	68	
2605714072 : 	0	0	0	0	C	AD	0	45	
2606215572 : 	0	0	0	0	C	8E	0	55	
2607422576 : 	0	0	0	0	C	5A	0	5C	
2608426088 : 	0	0	0	0	B	E4	0	78	
2608526124 : 	0	0	0	0	B	DF	0	41	
2609028560 : 	0	0	0	0	B	FD	0	50	
2609229500 : 	0	0	0	0	B	D0	0	7D	
2609538732 : 	0	0	0	0	B	B1	0	6F	
2609737892 : 	0	0	0	0	B	B6	0	4C	
2609937636 : 	0	0	0	0	B	BF	0	61	
2610034536 : 	0	0	0	0	B	9E	0	73	
2610836000 : 	0	0	0	0	B	AC	0	74	
2611238220 : 	0	0	0	0	B	B7	0	78	
2612040884 : 	0	0	0	0	B	FE	0	7D	
2612547736 : 	0	0	0	0	B	D9	0	47	
2613747336 : 	0	0	0	0	A	B5	0	4E	
2614778472 : 	0	0	0	0	8	60	0	68	
2614978392 : 	0	0	0	0	8	19	0	46	
2615958356 : 	0	0	0	0	7	C0	0	63	
2616259088 : 	0	0	0	0	7	A0	0	56	
2616989064 : 	0	0	0	0	7	CF	0	46	
2617465660 : 	0	0	0	0	8	1B	0	53	
2620990016 : 	0	0	0	0	5	D5	0	41	
2621388580 : 	0	0	0	0	4	89	0	43	
2622999924 : 	0	0	0	0	1	1B	0	4B	
2623200780 : 	0	0	0	0	1	1	0	64	
2624096936 : 	0	0	0	0	0	72	0	7C	
2626010032 : 	0	0	0	0	0	0	0	66	
2628013148 : 	0	0	0	0	0	0	0	66	
2628219604 : 	0	0	0	0	0	0	0	48	
2628716940 : 	0	0	0	0	0	0	0	57	
2630048636 : 	0	0	0	0	0	0	0	66	
2630230792 : 	0	0	0	0	0	0	0	48	
2630430964 : 	0	0	0	0	0	0	0	66	
2631530868 : 	0	0	0	0	0	0	0	57	
2632442236 : 	0	0	0	0	0	0	0	66	
2634259876 : 	0	0	0	0	0	89	0	47	
2634344544 : 	0	0	0	0	0	89	0	56	
2634444664 : 	0	0	0	0	0	89	0	65	
2634650536 : 	0	0	0	0	0	0	0	48	
2635649880 : 	0	0	0	0	0	0	0	66	
2635750860 : 	0	0	0	0	0	0	0	75	
2636461292 : 	0	0	0	0	0	0	0	66	
2636958540 : 	0	0	0	0	0	0	0	75	
2637158552 : 	0	0	0	0	0	0	0	57	
2637457660 : 	0	0	0	0	0	0	0	48	
2638161632 : 	0	0	0	0	0	0	0	75	
2638870536 : 	0	0	0	0	0	0	0	66	
2640172056 : 	0	0	0	0	0	0	0	75	
2641478848 : 	0	0	0	0	0	0	0	48	
2641579312 : 	0	0	0	0	0	0	0	57	
2643091468 : 	0	0	0	0	0	0	0	48	
2643321472 : 	0	0	0	0	0	0	0	66	
2643488412 : 	0	0	0	0	0	0	0	48	
2644895160 : 	0	0	0	0	0	0	0	66	
2644996480 : 	0	0	0	0	0	0	0	75	
2645196996 : 	0	0	0	0	0	0	0	57	
2645399640 : 	0	0	0	0	0	0	0	75	
2645900032 : 	0	0	0	0	0	0	0	48	
2647343500 : 	0	0	0	0	0	0	0	66	
2648712680 : 	0	0	0	0	0	0	0	48	
2649415724 : 	0	0	0	0	0	0	0	75	
2650220328 : 	0	0	0	0	0	0	0	75	
2651023744 : 	0	0	0	0	0	0	0	75	
2651225876 : 	0	0	0	0	0	0	0	57	
2651541656 : 	0	0	0	0	0	0	0	48	
2651742844 : 	0	0	0	0	0	0	0	66	
2651943960 : 	0	0	0	0	0	0	0	48	
2654540620 : 	0	0	0	0	2	DF	0	68	
2655445872 : 	0	0	0	0	2	D8	0	7E	
2656003980 : 	0	0	0	0	2	82	0	4C	
2656147884 : 	0	0	0	0	2	59	0	66	
2656350276 : 	0	0	0	0	2	32	0	41	
2657858000 : 	0	0	0	0	1	40	0	70	
2657958216 : 	0	0	0	0	1	2B	0	4A	
2658661428 : 	0	0	0	0	0	DC	0	7C	
2659666376 : 	0	0	0	0	1	C1	0	59	
2659867232 : 	0	0	0	0	1	C1	0	77	
2660872100 : 	0	0	0	0	1	AD	0	5F	
2660972060 : 	0	0	0	0	1	7E	0	60	
2664824948 : 	0	0	0	0	4	87	0	45	
2666698512 : 	0	0	0	0	5	3A	0	73	
2667502100 : 	0	0	0	0	5	86	0	72	
2668823512 : 	0	0	0	0	4	F9	0	4C	
2668909956 : 	0	0	0	0	4	F3	0	51	
2669713468 : 	0	0	0	0	3	F2	0	53	
2672326020 : 	0	0	0	0	3	B2	0	75	
2672644092 : 	0	0	0	0	3	D3	0	63	
2673131140 : 	0	0	0	0	4	AB	0	7C	
2673734384 : 	0	0	0	0	5	50	0	5D	
2675342508 : 	0	0	0	0	6	B6	0	50	
2676044348 : 	0	0	0	0	7	8	0	49	
2677451692 : 	0	0	0	0	6	28	0	66	
2678456220 : 	0	0	0	0	6	7C	0	4F	
2680166848 : 	0	0	0	0	8	15	0	59	
2680467584 : 	0	0	0	0	8	47	0	45	
2681126836 : 	0	0	0	0	8	67	0	61	
2681287832 : 	0	0	0	0	8	8D	0	4B	
2681487744 : 	0	0	0	0	8	59	0	60	
2681574956 : 	0	0	0	0	8	53	0	75	
2681775136 : 	0	0	0	0	8	6C	0	5D	
2683080988 : 	0	0	0	0	8	62	0	66	
2683482440 : 	0	0	0	0	8	80	0	66	
2684687316 : 	0	0	0	0	8	17	0	66	
2685508076 : 	0	0	0	0	7	BA	0	6A	
2685692184 : 	0	0	0	0	7	CC	0	49	
2686296364 : 	0	0	0	0	8	20	0	6C	
2686497308 : 	0	0	0	0	7	A7	0	40	
2688306020 : 	0	0	0	0	9	A0	0	63	
2688506704 : 	0	0	0	0	A	4	0	4A	
2689728412 : 	0	0	0	0	B	DE	0	42	
2689928252 : 	0	0	0	0	C	22	0	66	
2690215040 : 	0	0	0	0	C	7F	0	55	
2691220508 : 	0	0	0	0	D	56	0	7D	
2691421440 : 	0	0	0	0	D	81	0	51	
2693329180 : 	0	0	0	0	B	EE	0	41	
2693747896 : 	0	0	0	0	B	B1	0	41	
2693949084 : 	0	0	0	0	B	95	0	6D	
2695441176 : 	0	0	0	0	9	F0	0	5F	
2697592524 : 	0	0	0	0	7	5C	0	6E	
2697653132 : 	0	0	0	0	7	41	0	79	
2697768816 : 	0	0	0	0	7	22	0	4D	
2697854240 : 	0	0	0	0	6	E6	0	5D	
2697969416 : 	0	0	0	0	6	E1	0	61	
2698190840 : 	0	0	0	0	6	D3	0	42	
2699461932 : 	0	0	0	0	6	10	0	50	
2701370012 : 	0	0	0	0	7	D7	0	4D	
2702789424 : 	0	0	0	0	9	10	0	6C	
2702977788 : 	0	0	0	0	9	52	0	48	
2704083980 : 	0	0	0	0	A	30	0	78	
2706029456 : 	0	0	0	0	9	FC	0	62	
2706250032 : 	0	0	0	0	9	95	0	41	
2706629384 : 	0	0	0	0	8	85	0	43	
2706832112 : 	0	0	0	0	7	D1	0	61	
2706998200 : 	0	0	0	0	7	61	0	4A	
2710813172 : 	0	0	0	0	5	BA	0	6C	
2712221712 : 	0	0	0	0	6	6F	0	4D	
2713026144 : 	0	0	0	0	7	A5	0	42	
2714132252 : 	0	0	0	0	9	5C	0	7B	
2714935160 : 	0	0	0	0	9	FE	0	7F	
2715085272 : 	0	0	0	0	A	0	0	4E	
2715445500 : 	0	0	0	0	A	30	0	4B	
2715645420 : 	0	0	0	0	A	21	0	69	
2716241780 : 	0	0	0	0	9	74	0	44	
2716945328 : 	0	0	0	0	8	3E	0	7C	
2719656232 : 	0	0	0	0	5	C6	0	6F	
2721266048 : 	0	0	0	0	5	79	0	61	
2723485828 : 	0	0	0	0	6	DC	0	49	
2723886340 : 	0	0	0	0	7	42	0	4B	
2724182568 : 	0	0	0	0	7	6A	0	7E	
2724785044 : 	0	0	0	0	7	C8	0	5C	
2725788216 : 	0	0	0	0	8	B4	0	7E	
2726095152 : 	0	0	0	0	9	1	0	6C	
2727596760 : 	0	0	0	0	9	5B	0	5E	
2727998648 : 	0	0	0	0	9	56	0	53	
2728299284 : 	0	0	0	0	9	B	0	44	
2728516204 : 	0	0	0	0	8	C7	0	6B	
2728706776 : 	0	0	0	0	8	75	0	44	
2728902532 : 	0	0	0	0	8	33	0	68	
2730716268 : 	0	0	0	0	6	F0	0	43	
2732420000 : 	0	0	0	0	5	4C	0	52	
2732627572 : 	0	0	0	0	5	35	0	69	
2734937020 : 	0	0	0	0	1	6B	0	64	
2736948296 : 	0	0	0	0	0	0	0	66	
2737157732 : 	0	0	0	0	1	19	0	4D	
2737845304 : 	0	0	0	0	2	45	0	7A	
2739251452 : 	0	0	0	0	2	6E	0	51	
2739358976 : 	0	0	0	0	2	76	0	67	
2739558812 : 	0	0	0	0	3	4	0	41	
2740355344 : 	0	0	0	0	3	BF	0	4B	
2740956804 : 	0	0	0	0	4	B8	0	6F	
2741776972 : 	0	0	0	0	5	2D	0	62	
2741977828 : 	0	0	0	0	5	6E	0	4F	
2743979072 : 	0	0	0	0	6	17	0	4A	
2745988040 : 	0	0	0	0	5	9B	0	4F	
2746184392 : 	0	0	0	0	5	AD	0	6A	
2747807976 : 	0	0	0	0	6	F1	0	60	
2747999056 : 	0	0	0	0	7	4	0	4D	
2748229916 : 	0	0	0	0	6	F2	0	6F	
2748897080 : 	0	0	0	0	6	D4	0	50	
2749628932 : 	0	0	0	0	6	AE	0	4A	
2749829532 : 	0	0	0	0	6	A1	0	65	
2750506052 : 	0	0	0	0	6	A1	0	56	
2751511604 : 	0	0	0	0	6	63	0	76	
2751913644 : 	0	0	0	0	6	F0	0	70	
2753830736 : 	0	0	0	0	7	C7	0	6C	
2755629676 : 	0	0	0	0	7	31	0	4D	
2756469984 : 	0	0	0	0	6	E7	0	4D	
2757942184 : 	0	0	0	0	5	F6	0	7B	
2758271056 : 	0	0	0	0	5	6A	0	61	
2760452492 : 	0	0	0	0	3	5B	0	45	
2761157744 : 	0	0	0	0	3	2C	0	74	
2761257696 : 	0	0	0	0	3	3B	0	47	
2761961500 : 	0	0	0	0	2	F6	0	7E	
2763268540 : 	0	0	0	0	2	C	0	4A	
2763469312 : 	0	0	0	0	1	BF	0	6B	
2764272304 : 	0	0	0	0	0	B7	0	64	
2764509964 : 	0	0	0	0	0	AF	0	4F	
2764573720 : 	0	0	0	0	0	0	0	57	
2764679624 : 	0	0	0	0	0	0	0	66	
2764775844 : 	0	0	0	0	0	0	0	75	
2764901052 : 	0	0	0	0	0	0	0	48	
2764977976 : 	0	0	0	0	0	0	0	57	
2766282132 : 	0	0	0	0	0	0	0	66	
2770201396 : 	0	0	0	0	1	1F	0	56	
2770604380 : 	0	0	0	0	1	4B	0	57	
2771006176 : 	0	0	0	0	1	75	0	5A	
2771809764 : 	0	0	0	0	1	3F	0	54	
2773140780 : 	0	0	0	0	0	0	0	66	
2773341804 : 	0	0	0	0	0	0	0	48	
2774423692 : 	0	0	0	0	0	0	0	75	
2776332532 : 	0	0	0	0	2	7	0	6D	
2777001996 : 	0	0	0	0	2	11	0	44	
2777353212 : 	0	0	0	0	1	D8	0	42	
2781572192 : 	0	0	0	0	0	EC	0	6C	
2781773464 : 	0	0	0	0	0	DD	0	4E	
2781861524 : 	0	0	0	0	0	E5	0	54	
2782262216 : 	0	0	0	0	0	CC	0	5F	
2782865120 : 	0	0	0	0	0	0	0	75	
2784170552 : 	0	0	0	0	0	0	0	48	
2789039164 : 	0	0	0	0	0	0	0	48	
2789851080 : 	0	0	0	0	0	0	0	48	
2790849488 : 	0	0	0	0	0	0	0	66	
