554790692 : 	0	0	0	0	0	0	0	21	
556190388 : 	0	0	0	0	0	0	0	3	
558290480 : 	0	0	0	0	0	0	0	12	
558490572 : 	0	0	0	0	0	0	0	30	
558990464 : 	0	0	0	0	0	0	0	3	
559690600 : 	0	0	0	0	0	0	0	30	
560990592 : 	0	0	0	0	0	0	0	3	
562089640 : 	0	0	0	0	0	0	0	30	
562390628 : 	0	0	0	0	0	0	0	21	
562691016 : 	0	0	0	0	0	0	0	12	
562790808 : 	0	0	0	0	0	0	0	21	
563290520 : 	0	0	0	0	0	0	0	30	
564490468 : 	0	0	0	0	0	0	0	30	
564590512 : 	0	0	0	0	0	0	0	3	
567391432 : 	0	0	0	0	0	0	0	3	
567890468 : 	0	0	0	0	0	0	0	12	
568590364 : 	0	0	0	0	0	0	0	3	
568690572 : 	0	0	0	0	0	0	0	12	
569590552 : 	0	0	0	0	0	0	0	21	
570190396 : 	0	0	0	0	0	0	0	3	
572890592 : 	0	0	0	0	0	0	0	30	
573990492 : 	0	0	0	0	0	0	0	21	
574590508 : 	0	0	0	0	0	0	0	3	
574790428 : 	0	0	0	0	0	0	0	21	
574890640 : 	0	0	0	0	0	0	0	30	
575490488 : 	0	0	0	0	0	0	0	12	
577390408 : 	0	0	0	0	0	0	0	3	
577890548 : 	0	0	0	0	0	0	0	12	
579289816 : 	0	0	0	0	0	0	0	30	
580190732 : 	0	0	0	0	0	0	0	3	
583389792 : 	0	0	0	0	0	0	0	3	
585790448 : 	0	0	0	0	0	0	0	3	
585890660 : 	0	0	0	0	0	0	0	12	
586390640 : 	0	0	0	0	0	0	0	21	
586590468 : 	0	0	0	0	0	0	0	3	
588289532 : 	0	0	0	0	0	0	0	12	
590190648 : 	0	0	0	0	0	0	0	3	
595090720 : 	0	0	0	0	0	0	0	12	
595490648 : 	0	0	0	0	0	0	0	12	
599290656 : 	0	0	0	0	0	0	0	30	
600589880 : 	0	0	0	0	0	0	0	3	
602190948 : 	0	0	0	0	0	0	0	3	
602390864 : 	0	0	0	0	0	0	0	21	
602490820 : 	0	0	0	0	0	0	0	30	
603390716 : 	0	0	0	0	0	0	0	3	
603990732 : 	0	0	0	0	0	0	0	21	
604790844 : 	0	0	0	0	0	0	0	21	
605491576 : 	0	0	0	0	0	0	0	12	
607690952 : 	0	0	0	0	0	0	0	30	
608190752 : 	0	0	0	0	0	0	0	3	
609591552 : 	0	0	0	0	0	0	0	21	
610891116 : 	0	0	0	0	0	0	0	30	
612590948 : 	0	0	0	0	0	0	0	3	
613591064 : 	0	0	0	0	0	0	0	21	
617891376 : 	0	0	0	0	0	0	0	12	
713787744 : 	0	0	0	0	0	0	0	12	
714388948 : 	0	0	0	0	0	0	0	30	
715088580 : 	0	0	0	0	0	0	0	21	
715488592 : 	0	0	0	0	0	0	0	21	
715988648 : 	0	0	0	0	0	0	0	30	
716288612 : 	0	0	0	0	0	0	0	21	
716488448 : 	0	0	0	0	0	0	0	3	
717188764 : 	0	0	0	0	0	0	0	30	
717288644 : 	0	0	0	0	0	0	0	3	
717488728 : 	0	0	0	0	0	0	0	21	
717988780 : 	0	0	0	0	0	0	0	30	
719188980 : 	0	0	0	0	0	0	0	30	
720188924 : 	0	0	0	0	0	0	0	12	
723688968 : 	0	0	0	0	0	0	0	3	
724989128 : 	0	0	0	0	0	0	0	12	
725288924 : 	0	0	0	0	0	0	0	3	
727290160 : 	0	0	0	0	0	0	0	3	
727489996 : 	0	0	0	0	0	0	0	21	
727890100 : 	0	0	0	0	0	0	0	21	
728190064 : 	0	0	0	0	0	0	0	12	
728290016 : 	0	0	0	0	0	0	0	21	
729090128 : 	0	0	0	0	0	0	0	21	
729189912 : 	0	0	0	0	0	0	0	30	
729789928 : 	0	0	0	0	0	0	0	12	
729890056 : 	0	0	0	0	0	0	0	21	
730789100 : 	0	0	0	0	0	0	0	30	
731290176 : 	0	0	0	0	0	0	0	3	
731490524 : 	0	0	0	0	0	0	0	21	
731890276 : 	0	0	0	0	0	0	0	21	
732890308 : 	0	0	0	0	0	0	0	3	
734689496 : 	0	0	0	0	0	0	0	21	
735189296 : 	0	0	0	0	0	0	0	30	
735289596 : 	0	0	0	0	0	0	0	3	
737089300 : 	0	0	0	0	0	0	0	21	
737289312 : 	0	0	0	0	0	0	0	3	
740590368 : 	0	0	0	0	0	0	0	12	
740889480 : 	0	0	0	0	0	0	0	3	
741089488 : 	0	0	0	0	0	0	0	21	
741289576 : 	0	0	0	0	0	0	0	3	
743589168 : 	0	0	0	0	0	0	0	30	
748689336 : 	0	0	0	0	0	0	0	21	
749589148 : 	0	0	0	0	0	0	0	30	
750089116 : 	0	0	0	0	0	0	0	3	
750189076 : 	0	0	0	0	0	0	0	12	
750890080 : 	0	0	0	0	0	0	0	3	
754290072 : 	0	0	0	0	0	0	0	21	
754689912 : 	0	0	0	0	0	0	0	21	
755689256 : 	0	0	0	0	0	0	0	3	
755789388 : 	0	0	0	0	0	0	0	12	
755889268 : 	0	0	0	0	0	0	0	21	
756290120 : 	0	0	0	0	0	0	0	21	
756489192 : 	0	0	0	0	0	0	0	3	
756589236 : 	0	0	0	0	0	0	0	12	
756689368 : 	0	0	0	0	0	0	0	21	
757289212 : 	0	0	0	0	0	0	0	3	
758290088 : 	0	0	0	0	0	0	0	21	
758789548 : 	0	0	0	0	0	0	0	30	
759890048 : 	0	0	0	0	0	0	0	21	
760290052 : 	0	0	0	0	0	0	0	21	
760689728 : 	0	0	0	0	0	0	0	21	
762089332 : 	0	0	0	0	0	0	0	3	
762590832 : 	0	0	0	0	0	0	0	12	
762990844 : 	0	0	0	0	0	0	0	12	
763190764 : 	0	0	0	0	0	0	0	30	
763589672 : 	0	0	0	0	0	0	0	30	
764790980 : 	0	0	0	0	0	0	0	30	
764889572 : 	0	0	0	0	0	0	0	3	
765589716 : 	0	0	0	0	0	0	0	30	
765690784 : 	0	0	0	0	0	0	0	3	
765791344 : 	0	0	0	0	0	0	0	12	
766291220 : 	0	0	0	0	0	0	0	21	
766689872 : 	0	0	0	0	0	0	0	21	
767591296 : 	0	0	0	0	0	0	0	30	
768091188 : 	0	0	0	0	0	0	0	3	
769590752 : 	0	0	0	0	0	0	0	30	
771490332 : 	0	0	0	0	0	0	0	21	
771891532 : 	0	0	0	0	0	0	0	21	
772191580 : 	0	0	0	0	0	0	0	12	
772391500 : 	0	0	0	0	0	0	0	30	
772691552 : 	0	0	0	0	0	0	0	21	
772990412 : 	0	0	0	0	0	0	0	12	
773590852 : 	0	0	0	0	0	0	0	30	
773891496 : 	0	0	0	0	0	0	0	21	
774490748 : 	0	0	0	0	0	0	0	3	
774990632 : 	0	0	0	0	0	0	0	12	
777191624 : 	0	0	0	0	0	0	0	30	
780490904 : 	0	0	0	0	0	0	0	3	
780691920 : 	0	0	0	0	0	0	0	21	
780990868 : 	0	0	0	0	0	0	0	12	
781591816 : 	0	0	0	0	0	0	0	30	
784092268 : 	0	0	0	0	0	0	0	3	
785092288 : 	0	0	0	0	0	0	0	21	
785892224 : 	0	0	0	0	0	0	0	21	
787792312 : 	0	0	0	0	0	0	0	12	
788392412 : 	0	0	0	0	0	0	0	30	
788991492 : 	0	0	0	0	0	0	0	12	
790192456 : 	0	0	0	0	0	0	0	12	
792792608 : 	0	0	0	0	0	0	0	30	
793392624 : 	0	0	0	0	0	0	0	12	
793991700 : 	0	0	0	0	0	0	0	30	
794192644 : 	0	0	0	0	0	0	0	12	
794392560 : 	0	0	0	0	0	0	0	30	
796491720 : 	0	0	0	0	0	0	0	3	
796592872 : 	0	0	0	0	0	0	0	12	
796892668 : 	0	0	0	0	0	0	0	3	
797192972 : 	0	0	0	0	0	0	0	30	
799193112 : 	0	0	0	0	0	0	0	30	
799892912 : 	0	0	0	0	0	0	0	21	
800793148 : 	0	0	0	0	0	0	0	30	
800893360 : 	0	0	0	0	0	0	0	3	
801093284 : 	0	0	0	0	0	0	0	21	
803093416 : 	0	0	0	0	0	0	0	21	
803193460 : 	0	0	0	0	0	0	0	30	
804693540 : 	0	0	0	0	0	0	0	21	
806792448 : 	0	0	0	0	0	0	0	30	
807193476 : 	0	0	0	0	0	0	0	30	
809193532 : 	0	0	0	0	0	0	0	30	
810593476 : 	0	0	0	0	0	0	0	12	
811593332 : 	0	0	0	0	0	0	0	30	
817094276 : 	0	0	0	0	0	0	0	21	
817994256 : 	0	0	0	0	0	0	0	30	
818094140 : 	0	0	0	0	0	0	0	3	
818194260 : 	0	0	0	0	0	0	0	12	
818294136 : 	0	0	0	0	0	0	0	21	
820094268 : 	0	0	0	0	0	0	0	3	
824094624 : 	0	0	0	0	0	0	0	3	
827694880 : 	0	0	0	0	0	0	0	3	
828395028 : 	0	0	0	0	0	0	0	30	
828794960 : 	0	0	0	0	0	0	0	30	
831095052 : 	0	0	0	0	0	0	0	21	
831395188 : 	0	0	0	0	0	0	0	12	
832895352 : 	0	0	0	0	0	0	0	3	
835195452 : 	0	0	0	0	0	0	0	30	
835395456 : 	0	0	0	0	0	0	0	12	
835495672 : 	0	0	0	0	0	0	0	21	
837895816 : 	0	0	0	0	0	0	0	21	
841896172 : 	0	0	0	0	0	0	0	21	
842696276 : 	0	0	0	0	0	0	0	21	
842896368 : 	0	0	0	0	0	0	0	3	
843696472 : 	0	0	0	0	0	0	0	3	
845596476 : 	0	0	0	0	0	0	0	30	
845796488 : 	0	0	0	0	0	0	0	12	
845996488 : 	0	0	0	0	0	0	0	30	
846096452 : 	0	0	0	0	0	0	0	3	
846396412 : 	0	0	0	0	0	0	0	30	
846996680 : 	0	0	0	0	0	0	0	12	
847096640 : 	0	0	0	0	0	0	0	21	
847696828 : 	0	0	0	0	0	0	0	3	
847796700 : 	0	0	0	0	0	0	0	12	
847996620 : 	0	0	0	0	0	0	0	30	
849196736 : 	0	0	0	0	0	0	0	30	
849396916 : 	0	0	0	0	0	0	0	12	
849696884 : 	0	0	0	0	0	0	0	3	
850096888 : 	0	0	0	0	0	0	0	3	
850396852 : 	0	0	0	0	0	0	0	30	
850596856 : 	0	0	0	0	0	0	0	12	
850795928 : 	0	0	0	0	0	0	0	30	
850996104 : 	0	0	0	0	0	0	0	12	
852196980 : 	0	0	0	0	0	0	0	12	
853197092 : 	0	0	0	0	0	0	0	30	
853897152 : 	0	0	0	0	0	0	0	21	
855797328 : 	0	0	0	0	0	0	0	12	
855997592 : 	0	0	0	0	0	0	0	30	
856097376 : 	0	0	0	0	0	0	0	3	
856197676 : 	0	0	0	0	0	0	0	12	
858597652 : 	0	0	0	0	0	0	0	12	
859997856 : 	0	0	0	0	0	0	0	30	
863096964 : 	0	0	0	0	0	0	0	21	
863297048 : 	0	0	0	0	0	0	0	3	
863698248 : 	0	0	0	0	0	0	0	3	
864098680 : 	0	0	0	0	0	0	0	3	
866497380 : 	0	0	0	0	0	0	0	3	
867097312 : 	0	0	0	0	0	0	0	21	
867697496 : 	0	0	0	0	0	0	0	3	
869297536 : 	0	0	0	0	0	0	0	3	
869897468 : 	0	0	0	0	0	0	0	21	
871897944 : 	0	0	0	0	0	0	0	21	
874098084 : 	0	0	0	0	0	0	0	3	
875698376 : 	0	0	0	0	0	0	0	3	
875799356 : 	0	0	0	0	0	0	0	12	
875999284 : 	0	0	0	0	0	0	0	30	
876898500 : 	0	0	0	0	0	0	0	3	
880298576 : 	0	0	0	0	0	0	0	21	
881698872 : 	0	0	0	0	0	0	0	3	
882498972 : 	0	0	0	0	0	0	0	3	
883900028 : 	0	0	0	0	0	0	0	21	
884200248 : 	0	0	0	0	0	0	0	12	
885300488 : 	0	0	0	0	0	0	0	3	
885400956 : 	0	0	0	0	0	0	0	12	
889200628 : 	0	0	0	0	0	0	0	30	
890800836 : 	0	0	0	0	0	0	0	30	
890900796 : 	0	0	0	0	0	0	0	3	
892400284 : 	0	0	0	0	0	0	0	30	
893001232 : 	0	0	0	0	0	0	0	12	
893301280 : 	0	0	0	0	0	0	0	3	
894901236 : 	0	0	0	0	0	0	0	3	
896500512 : 	0	0	0	0	0	0	0	3	
898501760 : 	0	0	0	0	0	0	0	3	
900101792 : 	0	0	0	0	0	0	0	3	
901702088 : 	0	0	0	0	0	0	0	3	
904902424 : 	0	0	0	0	0	0	0	3	
905402484 : 	0	0	0	0	0	0	0	12	
908702780 : 	0	0	0	0	0	0	0	21	
914803392 : 	0	0	0	0	0	0	0	30	
919403932 : 	0	0	0	0	0	0	0	12	
921904300 : 	0	0	0	0	0	0	0	21	
922303368 : 	0	0	0	0	0	0	0	21	
922903728 : 	0	0	0	0	0	0	0	3	
923604548 : 	0	0	0	0	0	0	0	30	
924304444 : 	0	0	0	0	0	0	0	21	
924704532 : 	0	0	0	0	0	0	0	21	
925404592 : 	0	0	0	0	0	0	0	12	
925504560 : 	0	0	0	0	0	0	0	21	
925804856 : 	0	0	0	0	0	0	0	12	
928004912 : 	0	0	0	0	0	0	0	30	
929205112 : 	0	0	0	0	0	0	0	30	
931805600 : 	0	0	0	0	0	0	0	12	
932505408 : 	0	0	0	0	0	0	0	3	
934205832 : 	0	0	0	0	0	0	0	12	
934705632 : 	0	0	0	0	0	0	0	21	
937006072 : 	0	0	0	0	0	0	0	12	
942406808 : 	0	0	0	0	0	0	0	30	
943506700 : 	0	0	0	0	0	0	0	21	
944607196 : 	0	0	0	0	0	0	0	12	
945407052 : 	0	0	0	0	0	0	0	12	
946207068 : 	0	0	0	0	0	0	0	12	
946407156 : 	0	0	0	0	0	0	0	30	
947507396 : 	0	0	0	0	0	0	0	21	
949507448 : 	0	0	0	0	0	0	0	21	
949907372 : 	0	0	0	0	0	0	0	21	
950707560 : 	0	0	0	0	0	0	0	21	
950907568 : 	0	0	0	0	0	0	0	3	
951007612 : 	0	0	0	0	0	0	0	12	
951107572 : 	0	0	0	0	0	0	0	21	
951607712 : 	0	0	0	0	0	0	0	30	
952207896 : 	0	0	0	0	0	0	0	12	
952406880 : 	0	0	0	0	0	0	0	30	
956008416 : 	0	0	0	0	0	0	0	30	
957808376 : 	0	0	0	0	0	0	0	12	
958608572 : 	0	0	0	0	0	0	0	12	
960008688 : 	0	0	0	0	0	0	0	30	
961108588 : 	0	0	0	0	0	0	0	21	
961810092 : 	0	0	0	0	0	0	0	12	
962809020 : 	0	0	0	0	0	0	0	30	
963609116 : 	0	0	0	0	0	0	0	30	
964609312 : 	0	0	0	0	0	0	0	12	
965508696 : 	0	0	0	0	0	0	0	21	
965809684 : 	0	0	0	0	0	0	0	12	
966809628 : 	0	0	0	0	0	0	0	30	
972410356 : 	0	0	0	0	0	0	0	30	
974510452 : 	0	0	0	0	0	0	0	3	
974910636 : 	0	0	0	0	0	0	0	3	
976410720 : 	0	0	0	0	0	0	0	30	
979311848 : 	0	0	0	0	0	0	0	3	
979412232 : 	0	0	0	0	0	0	0	12	
979711856 : 	0	0	0	0	0	0	0	3	
982512268 : 	0	0	0	0	0	0	0	3	
982612480 : 	0	0	0	0	0	0	0	12	
983612848 : 	0	0	0	0	0	0	0	30	
985512512 : 	0	0	0	0	0	0	0	21	
986312956 : 	0	0	0	0	0	0	0	21	
987413452 : 	0	0	0	0	0	0	0	12	
988513180 : 	0	0	0	0	0	0	0	3	
989513376 : 	0	0	0	0	0	0	0	21	
989713384 : 	0	0	0	0	0	0	0	3	
990013856 : 	0	0	0	0	0	0	0	30	
990714172 : 	0	0	0	0	0	0	0	21	
996214096 : 	0	0	0	0	0	0	0	12	
998814076 : 	0	0	0	0	0	0	0	30	
999414600 : 	0	0	0	0	0	0	0	12	
1001514272 : 	0	0	0	0	0	0	0	21	
1002214424 : 	0	0	0	0	0	0	0	12	
1003214440 : 	0	0	0	0	0	0	0	30	
1003615392 : 	0	0	0	0	0	0	0	30	
1006614868 : 	0	0	0	0	0	0	0	12	
1006714828 : 	0	0	0	0	0	0	0	21	
1007214796 : 	0	0	0	0	0	0	0	30	
1008015156 : 	0	0	0	0	0	0	0	30	
1008915052 : 	0	0	0	0	0	0	0	3	
1009115148 : 	0	0	0	0	0	0	0	21	
1009315232 : 	0	0	0	0	0	0	0	3	
1016615796 : 	0	0	0	0	0	0	0	12	
1016715844 : 	0	0	0	0	0	0	0	21	
1016815808 : 	0	0	0	0	0	0	0	30	
1019016372 : 	0	0	0	0	0	0	0	12	
1019716256 : 	0	0	0	0	0	0	0	3	
1020116268 : 	0	0	0	0	0	0	0	3	
1020216908 : 	0	0	0	0	0	0	0	12	
1027117292 : 	0	0	0	0	0	0	0	21	
1027817692 : 	0	0	0	0	0	0	0	12	
1028317492 : 	0	0	0	0	0	0	0	21	
1030218092 : 	0	0	0	0	0	0	0	12	
1030618104 : 	0	0	0	0	0	0	0	12	
1033018332 : 	0	0	0	0	0	0	0	12	
1034318236 : 	0	0	0	0	0	0	0	21	
1035018388 : 	0	0	0	0	0	0	0	12	
1036618508 : 	0	0	0	0	0	0	0	12	
1039418832 : 	0	0	0	0	0	0	0	12	
1040118980 : 	0	0	0	0	0	0	0	3	
1044319508 : 	0	0	0	0	0	0	0	21	
1045319708 : 	0	0	0	0	0	0	0	3	
1047019788 : 	0	0	0	0	0	0	0	12	
1048320124 : 	0	0	0	0	0	0	0	21	
1050721196 : 	0	0	0	0	0	0	0	21	
1052820440 : 	0	0	0	0	0	0	0	30	
1052920656 : 	0	0	0	0	0	0	0	3	
1053020616 : 	0	0	0	0	0	0	0	12	
1054920960 : 	0	0	0	0	0	0	0	3	
1056121164 : 	0	0	0	0	0	0	0	3	
1056921268 : 	0	0	0	0	0	0	0	3	
1058821696 : 	0	0	0	0	0	0	0	30	
1060021556 : 	0	0	0	0	0	0	0	30	
1060221648 : 	0	0	0	0	0	0	0	12	
1060621572 : 	0	0	0	0	0	0	0	12	
1062021776 : 	0	0	0	0	0	0	0	30	
1062221872 : 	0	0	0	0	0	0	0	12	
1062821116 : 	0	0	0	0	0	0	0	30	
1063122188 : 	0	0	0	0	0	0	0	21	
1063722040 : 	0	0	0	0	0	0	0	3	
1064322052 : 	0	0	0	0	0	0	0	21	
1064922236 : 	0	0	0	0	0	0	0	3	
1066621808 : 	0	0	0	0	0	0	0	12	
1067022668 : 	0	0	0	0	0	0	0	12	
1067322804 : 	0	0	0	0	0	0	0	3	
1067521956 : 	0	0	0	0	0	0	0	21	
1068521896 : 	0	0	0	0	0	0	0	3	
1068622792 : 	0	0	0	0	0	0	0	12	
1069222048 : 	0	0	0	0	0	0	0	30	
1069422132 : 	0	0	0	0	0	0	0	12	
1069622732 : 	0	0	0	0	0	0	0	30	
1070022748 : 	0	0	0	0	0	0	0	30	
1070422836 : 	0	0	0	0	0	0	0	30	
1071523416 : 	0	0	0	0	0	0	0	21	
1072322500 : 	0	0	0	0	0	0	0	21	
1073222568 : 	0	0	0	0	0	0	0	30	
1073322612 : 	0	0	0	0	0	0	0	3	
1073422656 : 	0	0	0	0	0	0	0	12	
1075222872 : 	0	0	0	0	0	0	0	30	
1076223160 : 	0	0	0	0	0	0	0	12	
1077223092 : 	0	0	0	0	0	0	0	30	
1077423188 : 	0	0	0	0	0	0	0	12	
1078023204 : 	0	0	0	0	0	0	0	30	
1078423208 : 	0	0	0	0	0	0	0	30	
1079223316 : 	0	0	0	0	0	0	0	30	
1079523616 : 	0	0	0	0	0	0	0	21	
1079723452 : 	0	0	0	0	0	0	0	3	
1080223508 : 	0	0	0	0	0	0	0	12	
1080423680 : 	0	0	0	0	0	0	0	30	
1081523752 : 	0	0	0	0	0	0	0	21	
1081623796 : 	0	0	0	0	0	0	0	30	
1083324052 : 	0	0	0	0	0	0	0	3	
1083523972 : 	0	0	0	0	0	0	0	21	
1084624296 : 	0	0	0	0	0	0	0	12	
1089325648 : 	0	0	0	0	0	0	0	3	
1090524996 : 	0	0	0	0	0	0	0	3	
1092525224 : 	0	0	0	0	0	0	0	3	
1093525496 : 	0	0	0	0	0	0	0	21	
1094425740 : 	0	0	0	0	0	0	0	30	
1096926944 : 	0	0	0	0	0	0	0	3	
1097326952 : 	0	0	0	0	0	0	0	3	
1100826316 : 	0	0	0	0	0	0	0	30	
1101227516 : 	0	0	0	0	0	0	0	30	
1101926812 : 	0	0	0	0	0	0	0	21	
1105027016 : 	0	0	0	0	0	0	0	12	
1105628136 : 	0	0	0	0	0	0	0	30	
1105827464 : 	0	0	0	0	0	0	0	12	
1106128108 : 	0	0	0	0	0	0	0	3	
1108328332 : 	0	0	0	0	0	0	0	21	
1109427720 : 	0	0	0	0	0	0	0	12	
1110828948 : 	0	0	0	0	0	0	0	30	
1112829252 : 	0	0	0	0	0	0	0	30	
1113929152 : 	0	0	0	0	0	0	0	21	
1115630512 : 	0	0	0	0	0	0	0	30	
1116329552 : 	0	0	0	0	0	0	0	21	
1116929736 : 	0	0	0	0	0	0	0	3	
1120830388 : 	0	0	0	0	0	0	0	30	
1121530448 : 	0	0	0	0	0	0	0	21	
1121730452 : 	0	0	0	0	0	0	0	3	
1122230508 : 	0	0	0	0	0	0	0	12	
1122530392 : 	0	0	0	0	0	0	0	3	
1127031476 : 	0	0	0	0	0	0	0	12	
1128031504 : 	0	0	0	0	0	0	0	30	
1129431792 : 	0	0	0	0	0	0	0	12	
1129731504 : 	0	0	0	0	0	0	0	3	
1130331688 : 	0	0	0	0	0	0	0	21	
1133232232 : 	0	0	0	0	0	0	0	30	
1134232508 : 	0	0	0	0	0	0	0	12	
1135732332 : 	0	0	0	0	0	0	0	3	
1135832548 : 	0	0	0	0	0	0	0	12	
1138732832 : 	0	0	0	0	0	0	0	21	
1140133044 : 	0	0	0	0	0	0	0	3	
1140232148 : 	0	0	0	0	0	0	0	12	
1140333128 : 	0	0	0	0	0	0	0	21	
1140432068 : 	0	0	0	0	0	0	0	30	
1140533048 : 	0	0	0	0	0	0	0	3	
1143133372 : 	0	0	0	0	0	0	0	21	
1144533744 : 	0	0	0	0	0	0	0	3	
1145332920 : 	0	0	0	0	0	0	0	3	
1145433892 : 	0	0	0	0	0	0	0	12	
1145533088 : 	0	0	0	0	0	0	0	21	
1145934032 : 	0	0	0	0	0	0	0	21	
1153634948 : 	0	0	0	0	0	0	0	30	
1153734828 : 	0	0	0	0	0	0	0	3	
1153834952 : 	0	0	0	0	0	0	0	12	
1155834324 : 	0	0	0	0	0	0	0	12	
1157535596 : 	0	0	0	0	0	0	0	21	
1159436708 : 	0	0	0	0	0	0	0	12	
1163636904 : 	0	0	0	0	0	0	0	30	
1164736632 : 	0	0	0	0	0	0	0	21	
1167837264 : 	0	0	0	0	0	0	0	12	
1169637640 : 	0	0	0	0	0	0	0	30	
1170636392 : 	0	0	0	0	0	0	0	12	
1170936784 : 	0	0	0	0	0	0	0	3	
1171036488 : 	0	0	0	0	0	0	0	12	
1171938428 : 	0	0	0	0	0	0	0	21	
1173837068 : 	0	0	0	0	0	0	0	12	
1174236908 : 	0	0	0	0	0	0	0	12	
1174938240 : 	0	0	0	0	0	0	0	3	
1176138440 : 	0	0	0	0	0	0	0	3	
1176938460 : 	0	0	0	0	0	0	0	3	
1177038424 : 	0	0	0	0	0	0	0	12	
1180738896 : 	0	0	0	0	0	0	0	21	
1183739568 : 	0	0	0	0	0	0	0	3	
1190340328 : 	0	0	0	0	0	0	0	21	
1193540832 : 	0	0	0	0	0	0	0	21	
1194841332 : 	0	0	0	0	0	0	0	30	
1196041368 : 	0	0	0	0	0	0	0	30	
1196941684 : 	0	0	0	0	0	0	0	3	
1197941536 : 	0	0	0	0	0	0	0	21	
1199141912 : 	0	0	0	0	0	0	0	21	
1204242592 : 	0	0	0	0	0	0	0	12	
1205642792 : 	0	0	0	0	0	0	0	30	
1206042724 : 	0	0	0	0	0	0	0	30	
1209743368 : 	0	0	0	0	0	0	0	3	
1210042732 : 	0	0	0	0	0	0	0	30	
1210242824 : 	0	0	0	0	0	0	0	12	
1210442740 : 	0	0	0	0	0	0	0	30	
1211543584 : 	0	0	0	0	0	0	0	21	
1214143984 : 	0	0	0	0	0	0	0	3	
1215344352 : 	0	0	0	0	0	0	0	3	
1215644748 : 	0	0	0	0	0	0	0	30	
1215745220 : 	0	0	0	0	0	0	0	3	
1217544492 : 	0	0	0	0	0	0	0	21	
1219344792 : 	0	0	0	0	0	0	0	3	
1220046900 : 	0	0	0	0	0	0	0	30	
1222745472 : 	0	0	0	0	0	0	0	21	
1222945392 : 	0	0	0	0	0	0	0	3	
1223445448 : 	0	0	0	0	0	0	0	12	
1223945756 : 	0	0	0	0	0	0	0	21	
1224945612 : 	0	0	0	0	0	0	0	3	
1225846016 : 	0	0	0	0	0	0	0	12	
1229347336 : 	0	0	0	0	0	0	0	3	
1229947436 : 	0	0	0	0	0	0	0	21	
1231647520 : 	0	0	0	0	0	0	0	30	
1232647632 : 	0	0	0	0	0	0	0	12	
1235847292 : 	0	0	0	0	0	0	0	12	
1236548536 : 	0	0	0	0	0	0	0	3	
1237448432 : 	0	0	0	0	0	0	0	12	
1241549256 : 	0	0	0	0	0	0	0	21	
1243349472 : 	0	0	0	0	0	0	0	3	
1244049540 : 	0	0	0	0	0	0	0	30	
1244349752 : 	0	0	0	0	0	0	0	21	
1244749852 : 	0	0	0	0	0	0	0	21	
1245149940 : 	0	0	0	0	0	0	0	21	
1245349692 : 	0	0	0	0	0	0	0	3	
1247549748 : 	0	0	0	0	0	0	0	21	
1248149684 : 	0	0	0	0	0	0	0	3	
1248249636 : 	0	0	0	0	0	0	0	12	
1251750108 : 	0	0	0	0	0	0	0	3	
1252049992 : 	0	0	0	0	0	0	0	30	
1256150140 : 	0	0	0	0	0	0	0	3	
1257050624 : 	0	0	0	0	0	0	0	12	
1261351196 : 	0	0	0	0	0	0	0	3	
1262151556 : 	0	0	0	0	0	0	0	3	
1262351220 : 	0	0	0	0	0	0	0	21	
1262650932 : 	0	0	0	0	0	0	0	12	
1262951584 : 	0	0	0	0	0	0	0	3	
1268852700 : 	0	0	0	0	0	0	0	30	
1272852972 : 	0	0	0	0	0	0	0	30	
1274053172 : 	0	0	0	0	0	0	0	30	
1274153472 : 	0	0	0	0	0	0	0	3	
1277254188 : 	0	0	0	0	0	0	0	30	
1278154168 : 	0	0	0	0	0	0	0	3	
1278354004 : 	0	0	0	0	0	0	0	21	
1278453368 : 	0	0	0	0	0	0	0	30	
1278854316 : 	0	0	0	0	0	0	0	30	
1279054828 : 	0	0	0	0	0	0	0	12	
1279754384 : 	0	0	0	0	0	0	0	3	
1279954296 : 	0	0	0	0	0	0	0	21	
1280154472 : 	0	0	0	0	0	0	0	3	
1280254100 : 	0	0	0	0	0	0	0	12	
1284255128 : 	0	0	0	0	0	0	0	12	
1284655228 : 	0	0	0	0	0	0	0	12	
1286055512 : 	0	0	0	0	0	0	0	30	
1286255600 : 	0	0	0	0	0	0	0	12	
1287254524 : 	0	0	0	0	0	0	0	30	
1290056208 : 	0	0	0	0	0	0	0	30	
1290256212 : 	0	0	0	0	0	0	0	12	
1290456224 : 	0	0	0	0	0	0	0	30	
1291456328 : 	0	0	0	0	0	0	0	12	
1291555352 : 	0	0	0	0	0	0	0	21	
1291956724 : 	0	0	0	0	0	0	0	21	
1292157320 : 	0	0	0	0	0	0	0	3	
1293256716 : 	0	0	0	0	0	0	0	30	
1295357068 : 	0	0	0	0	0	0	0	3	
1296055932 : 	0	0	0	0	0	0	0	30	
1298757748 : 	0	0	0	0	0	0	0	21	
1299257544 : 	0	0	0	0	0	0	0	30	
1299557676 : 	0	0	0	0	0	0	0	21	
1299757936 : 	0	0	0	0	0	0	0	3	
1299957780 : 	0	0	0	0	0	0	0	21	
1300556768 : 	0	0	0	0	0	0	0	3	
1307559152 : 	0	0	0	0	0	0	0	21	
1308059208 : 	0	0	0	0	0	0	0	30	
1309157916 : 	0	0	0	0	0	0	0	21	
1309358008 : 	0	0	0	0	0	0	0	3	
1311659552 : 	0	0	0	0	0	0	0	30	
1316160132 : 	0	0	0	0	0	0	0	3	
1318159588 : 	0	0	0	0	0	0	0	3	
1319161228 : 	0	0	0	0	0	0	0	21	
1320260872 : 	0	0	0	0	0	0	0	12	
1320360748 : 	0	0	0	0	0	0	0	21	
1320460708 : 	0	0	0	0	0	0	0	30	
1321260896 : 	0	0	0	0	0	0	0	30	
1322660168 : 	0	0	0	0	0	0	0	12	
1325361468 : 	0	0	0	0	0	0	0	3	
1328160948 : 	0	0	0	0	0	0	0	3	
1328260988 : 	0	0	0	0	0	0	0	12	
1329361228 : 	0	0	0	0	0	0	0	3	
1329461104 : 	0	0	0	0	0	0	0	12	
1330461296 : 	0	0	0	0	0	0	0	30	
1330561256 : 	0	0	0	0	0	0	0	3	
1331162300 : 	0	0	0	0	0	0	0	21	
1332062280 : 	0	0	0	0	0	0	0	30	
1332262276 : 	0	0	0	0	0	0	0	12	
1334461908 : 	0	0	0	0	0	0	0	30	
1336462388 : 	0	0	0	0	0	0	0	30	
1336762440 : 	0	0	0	0	0	0	0	21	
1337062312 : 	0	0	0	0	0	0	0	12	
1337762628 : 	0	0	0	0	0	0	0	3	
1339062532 : 	0	0	0	0	0	0	0	12	
1340963048 : 	0	0	0	0	0	0	0	3	
1341363056 : 	0	0	0	0	0	0	0	3	
1342463296 : 	0	0	0	0	0	0	0	30	
1344163552 : 	0	0	0	0	0	0	0	3	
1346263816 : 	0	0	0	0	0	0	0	12	
1346863748 : 	0	0	0	0	0	0	0	30	
1346963792 : 	0	0	0	0	0	0	0	3	
1347864112 : 	0	0	0	0	0	0	0	12	
1347963992 : 	0	0	0	0	0	0	0	21	
1348064032 : 	0	0	0	0	0	0	0	30	
1349764456 : 	0	0	0	0	0	0	0	3	
1350265448 : 	0	0	0	0	0	0	0	12	
1350364388 : 	0	0	0	0	0	0	0	21	
1350564564 : 	0	0	0	0	0	0	0	3	
1350864440 : 	0	0	0	0	0	0	0	30	
1351264452 : 	0	0	0	0	0	0	0	30	
1351764424 : 	0	0	0	0	0	0	0	3	
1351964596 : 	0	0	0	0	0	0	0	21	
1352364608 : 	0	0	0	0	0	0	0	21	
1353164796 : 	0	0	0	0	0	0	0	21	
1354265972 : 	0	0	0	0	0	0	0	12	
1354565688 : 	0	0	0	0	0	0	0	3	
1354764924 : 	0	0	0	0	0	0	0	21	
1356365216 : 	0	0	0	0	0	0	0	21	
1359565720 : 	0	0	0	0	0	0	0	21	
1361267080 : 	0	0	0	0	0	0	0	30	
1369522828 : 	0	0	0	0	0	0	0	12	
1373123512 : 	0	0	0	0	0	0	0	12	
1373423476 : 	0	0	0	0	0	0	0	3	
1376623984 : 	0	0	0	0	0	0	0	3	
1379424400 : 	0	0	0	0	0	0	0	3	
1379624400 : 	0	0	0	0	0	0	0	21	
1383324956 : 	0	0	0	0	0	0	0	30	
1383925056 : 	0	0	0	0	0	0	0	12	
1385325264 : 	0	0	0	0	0	0	0	30	
1385925192 : 	0	0	0	0	0	0	0	12	
1387825708 : 	0	0	0	0	0	0	0	3	
1389125868 : 	0	0	0	0	0	0	0	12	
1389425664 : 	0	0	0	0	0	0	0	3	
1391025284 : 	0	0	0	0	0	0	0	3	
1391426052 : 	0	0	0	0	0	0	0	3	
1392626336 : 	0	0	0	0	0	0	0	3	
1392726384 : 	0	0	0	0	0	0	0	12	
1394326684 : 	0	0	0	0	0	0	0	12	
1397127088 : 	0	0	0	0	0	0	0	12	
1397727280 : 	0	0	0	0	0	0	0	30	
1398227244 : 	0	0	0	0	0	0	0	3	
1398427248 : 	0	0	0	0	0	0	0	21	
1401427664 : 	0	0	0	0	0	0	0	3	
1401727712 : 	0	0	0	0	0	0	0	30	
1402227860 : 	0	0	0	0	0	0	0	3	
1402927996 : 	0	0	0	0	0	0	0	30	
1403428052 : 	0	0	0	0	0	0	0	3	
1403628060 : 	0	0	0	0	0	0	0	21	
1404728640 : 	0	0	0	0	0	0	0	12	
1406328676 : 	0	0	0	0	0	0	0	12	
1407928888 : 	0	0	0	0	0	0	0	12	
1409128920 : 	0	0	0	0	0	0	0	12	
1409329184 : 	0	0	0	0	0	0	0	30	
1409529268 : 	0	0	0	0	0	0	0	12	
1410329204 : 	0	0	0	0	0	0	0	12	
1410729296 : 	0	0	0	0	0	0	0	12	
1410829348 : 	0	0	0	0	0	0	0	21	
1412229464 : 	0	0	0	0	0	0	0	3	
1415830064 : 	0	0	0	0	0	0	0	3	
1417030176 : 	0	0	0	0	0	0	0	3	
1418330508 : 	0	0	0	0	0	0	0	12	
1419129424 : 	0	0	0	0	0	0	0	12	
1419829484 : 	0	0	0	0	0	0	0	3	
1428631064 : 	0	0	0	0	0	0	0	3	
1428831244 : 	0	0	0	0	0	0	0	21	
1429231164 : 	0	0	0	0	0	0	0	21	
1430031352 : 	0	0	0	0	0	0	0	21	
1430431448 : 	0	0	0	0	0	0	0	21	
1431332364 : 	0	0	0	0	0	0	0	30	
1432931636 : 	0	0	0	0	0	0	0	30	
1433531824 : 	0	0	0	0	0	0	0	12	
1434331844 : 	0	0	0	0	0	0	0	12	
1437432304 : 	0	0	0	0	0	0	0	3	
1438032404 : 	0	0	0	0	0	0	0	21	
1438232324 : 	0	0	0	0	0	0	0	3	
1438932552 : 	0	0	0	0	0	0	0	30	
1439232688 : 	0	0	0	0	0	0	0	21	
1441733896 : 	0	0	0	0	0	0	0	30	
1442334168 : 	0	0	0	0	0	0	0	12	
1443834332 : 	0	0	0	0	0	0	0	3	
1445633356 : 	0	0	0	0	0	0	0	21	
1449233956 : 	0	0	0	0	0	0	0	21	
1450335392 : 	0	0	0	0	0	0	0	12	
1450634252 : 	0	0	0	0	0	0	0	3	
1450834168 : 	0	0	0	0	0	0	0	21	
1453435676 : 	0	0	0	0	0	0	0	3	
1454135908 : 	0	0	0	0	0	0	0	30	
1454335744 : 	0	0	0	0	0	0	0	12	
1456335368 : 	0	0	0	0	0	0	0	12	
1456636268 : 	0	0	0	0	0	0	0	3	
1457035600 : 	0	0	0	0	0	0	0	3	
1458536620 : 	0	0	0	0	0	0	0	30	
1464036624 : 	0	0	0	0	0	0	0	21	
1464137516 : 	0	0	0	0	0	0	0	30	
1464336424 : 	0	0	0	0	0	0	0	12	
1464736512 : 	0	0	0	0	0	0	0	12	
1464936688 : 	0	0	0	0	0	0	0	30	
1465536624 : 	0	0	0	0	0	0	0	12	
1465737644 : 	0	0	0	0	0	0	0	30	
1466037184 : 	0	0	0	0	0	0	0	21	
1466236680 : 	0	0	0	0	0	0	0	3	
1468037404 : 	0	0	0	0	0	0	0	21	
1468237152 : 	0	0	0	0	0	0	0	3	
1468837336 : 	0	0	0	0	0	0	0	21	
1469037344 : 	0	0	0	0	0	0	0	3	
1473437800 : 	0	0	0	0	0	0	0	3	
1473738012 : 	0	0	0	0	0	0	0	30	
1476639404 : 	0	0	0	0	0	0	0	3	
1478438684 : 	0	0	0	0	0	0	0	21	
1480940148 : 	0	0	0	0	0	0	0	30	
1481640128 : 	0	0	0	0	0	0	0	21	
1481740084 : 	0	0	0	0	0	0	0	30	
1482140264 : 	0	0	0	0	0	0	0	30	
2263152084 : 	0	0	0	0	0	0	0	12	
2266451956 : 	0	0	0	0	0	0	0	21	
2268252176 : 	0	0	0	0	0	0	0	3	
2268352216 : 	0	0	0	0	0	0	0	12	
2269352324 : 	0	0	0	0	0	0	0	30	
2270752104 : 	0	0	0	0	0	0	0	12	
2271052664 : 	0	0	0	0	0	0	0	3	
2271752388 : 	0	0	0	0	0	0	0	30	
2272552576 : 	0	0	0	0	0	0	0	30	
2273452556 : 	0	0	0	0	0	0	0	3	
2275252688 : 	0	0	0	0	0	0	0	21	
2277052816 : 	0	0	0	0	0	0	0	3	
2279852128 : 	0	0	0	0	0	0	0	3	
2281253176 : 	0	0	0	0	0	0	0	21	
2281653100 : 	0	0	0	0	0	0	0	21	
2282753092 : 	0	0	0	0	0	0	0	12	
2283653156 : 	0	0	0	0	0	0	0	21	
2287753552 : 	0	0	0	0	0	0	0	30	
2288153476 : 	0	0	0	0	0	0	0	30	
2289753772 : 	0	0	0	0	0	0	0	30	
2291353896 : 	0	0	0	0	0	0	0	30	
2291853780 : 	0	0	0	0	0	0	0	3	
2292453712 : 	0	0	0	0	0	0	0	21	
2293854088 : 	0	0	0	0	0	0	0	3	
2298954256 : 	0	0	0	0	0	0	0	30	
2300154456 : 	0	0	0	0	0	0	0	30	
2302153748 : 	0	0	0	0	0	0	0	30	
2303854684 : 	0	0	0	0	0	0	0	3	
2308155080 : 	0	0	0	0	0	0	0	30	
2308355092 : 	0	0	0	0	0	0	0	12	
2309155276 : 	0	0	0	0	0	0	0	12	
2311956364 : 	0	0	0	0	0	0	0	12	
2312055220 : 	0	0	0	0	0	0	0	21	
2312555360 : 	0	0	0	0	0	0	0	30	
2315255384 : 	0	0	0	0	0	0	0	21	
2316655848 : 	0	0	0	0	0	0	0	3	
2317555912 : 	0	0	0	0	0	0	0	12	
2317855796 : 	0	0	0	0	0	0	0	3	
2321256132 : 	0	0	0	0	0	0	0	21	
2322856256 : 	0	0	0	0	0	0	0	21	
2326856788 : 	0	0	0	0	0	0	0	21	
2327156836 : 	0	0	0	0	0	0	0	12	
2327556756 : 	0	0	0	0	0	0	0	12	
2329256928 : 	0	0	0	0	0	0	0	21	
2329557740 : 	0	0	0	0	0	0	0	12	
2329857204 : 	0	0	0	0	0	0	0	3	
2330857136 : 	0	0	0	0	0	0	0	21	
2332757396 : 	0	0	0	0	0	0	0	12	
2334157600 : 	0	0	0	0	0	0	0	30	
2335657428 : 	0	0	0	0	0	0	0	21	
2335957644 : 	0	0	0	0	0	0	0	12	
2338257744 : 	0	0	0	0	0	0	0	3	
2338457756 : 	0	0	0	0	0	0	0	21	
2338758224 : 	0	0	0	0	0	0	0	12	
2339457948 : 	0	0	0	0	0	0	0	3	
2339557992 : 	0	0	0	0	0	0	0	12	
2340457972 : 	0	0	0	0	0	0	0	21	
2341858260 : 	0	0	0	0	0	0	0	3	
2342158228 : 	0	0	0	0	0	0	0	30	
2343558344 : 	0	0	0	0	0	0	0	12	
2345258260 : 	0	0	0	0	0	0	0	21	
2346158580 : 	0	0	0	0	0	0	0	30	
2346458544 : 	0	0	0	0	0	0	0	21	
2346758596 : 	0	0	0	0	0	0	0	12	
2347258396 : 	0	0	0	0	0	0	0	21	
2348558724 : 	0	0	0	0	0	0	0	30	
2353359188 : 	0	0	0	0	0	0	0	30	
2354360060 : 	0	0	0	0	0	0	0	12	
2354559300 : 	0	0	0	0	0	0	0	30	
2356560540 : 	0	0	0	0	0	0	0	30	
2357161072 : 	0	0	0	0	0	0	0	12	
2359660916 : 	0	0	0	0	0	0	0	21	
2359860920 : 	0	0	0	0	0	0	0	3	
2360360464 : 	0	0	0	0	0	0	0	12	
2360460512 : 	0	0	0	0	0	0	0	21	
2361262316 : 	0	0	0	0	0	0	0	21	
2363061084 : 	0	0	0	0	0	0	0	3	
2366361468 : 	0	0	0	0	0	0	0	12	
2369061152 : 	0	0	0	0	0	0	0	3	
2369261156 : 	0	0	0	0	0	0	0	21	
2369961556 : 	0	0	0	0	0	0	0	12	
2370561656 : 	0	0	0	0	0	0	0	30	
2370661872 : 	0	0	0	0	0	0	0	3	
2372661920 : 	0	0	0	0	0	0	0	3	
2373661784 : 	0	0	0	0	0	0	0	21	
2374261960 : 	0	0	0	0	0	0	0	3	
2374662232 : 	0	0	0	0	0	0	0	3	
2376561552 : 	0	0	0	0	0	0	0	30	
2377961672 : 	0	0	0	0	0	0	0	12	
2379263028 : 	0	0	0	0	0	0	0	21	
2379761808 : 	0	0	0	0	0	0	0	30	
2380862040 : 	0	0	0	0	0	0	0	21	
2381462312 : 	0	0	0	0	0	0	0	3	
2383462700 : 	0	0	0	0	0	0	0	3	
2384262304 : 	0	0	0	0	0	0	0	3	
2387262116 : 	0	0	0	0	0	0	0	21	
2388863012 : 	0	0	0	0	0	0	0	21	
2389662940 : 	0	0	0	0	0	0	0	21	
2390263128 : 	0	0	0	0	0	0	0	3	
2391063664 : 	0	0	0	0	0	0	0	3	
2391263492 : 	0	0	0	0	0	0	0	21	
2391862488 : 	0	0	0	0	0	0	0	3	
2394263744 : 	0	0	0	0	0	0	0	3	
2395664196 : 	0	0	0	0	0	0	0	21	
2395864032 : 	0	0	0	0	0	0	0	3	
2396163824 : 	0	0	0	0	0	0	0	30	
2396863800 : 	0	0	0	0	0	0	0	21	
2402464880 : 	0	0	0	0	0	0	0	21	
2402964512 : 	0	0	0	0	0	0	0	30	
2404164536 : 	0	0	0	0	0	0	0	30	
2404264920 : 	0	0	0	0	0	0	0	3	
2404464840 : 	0	0	0	0	0	0	0	21	
2404564632 : 	0	0	0	0	0	0	0	30	
2407665260 : 	0	0	0	0	0	0	0	21	
2408664436 : 	0	0	0	0	0	0	0	3	
2412264696 : 	0	0	0	0	0	0	0	3	
2414966252 : 	0	0	0	0	0	0	0	30	
2417166052 : 	0	0	0	0	0	0	0	12	
2419765860 : 	0	0	0	0	0	0	0	30	
2422667080 : 	0	0	0	0	0	0	0	3	
2424267204 : 	0	0	0	0	0	0	0	3	
2427566652 : 	0	0	0	0	0	0	0	12	
2428066968 : 	0	0	0	0	0	0	0	21	
2428766852 : 	0	0	0	0	0	0	0	12	
2430867548 : 	0	0	0	0	0	0	0	21	
2432068336 : 	0	0	0	0	0	0	0	21	
2432867592 : 	0	0	0	0	0	0	0	21	
2433067340 : 	0	0	0	0	0	0	0	3	
2433167300 : 	0	0	0	0	0	0	0	12	
2437268124 : 	0	0	0	0	0	0	0	21	
2441068816 : 	0	0	0	0	0	0	0	3	
2441968804 : 	0	0	0	0	0	0	0	12	
2443468884 : 	0	0	0	0	0	0	0	3	
2444869420 : 	0	0	0	0	0	0	0	21	
2445570332 : 	0	0	0	0	0	0	0	12	
2445869616 : 	0	0	0	0	0	0	0	3	
2446569420 : 	0	0	0	0	0	0	0	30	
2448270272 : 	0	0	0	0	0	0	0	3	
2450669656 : 	0	0	0	0	0	0	0	3	
2451670440 : 	0	0	0	0	0	0	0	21	
2453270820 : 	0	0	0	0	0	0	0	21	
2453570020 : 	0	0	0	0	0	0	0	12	
2453770024 : 	0	0	0	0	0	0	0	30	
2454870436 : 	0	0	0	0	0	0	0	21	
2455670456 : 	0	0	0	0	0	0	0	21	
2456170340 : 	0	0	0	0	0	0	0	30	
2456370772 : 	0	0	0	0	0	0	0	12	
2456570436 : 	0	0	0	0	0	0	0	30	
2456670316 : 	0	0	0	0	0	0	0	3	
2457171136 : 	0	0	0	0	0	0	0	12	
2457970732 : 	0	0	0	0	0	0	0	12	
2458371332 : 	0	0	0	0	0	0	0	12	
2459871496 : 	0	0	0	0	0	0	0	3	
2461070932 : 	0	0	0	0	0	0	0	3	
2462171852 : 	0	0	0	0	0	0	0	30	
2462771952 : 	0	0	0	0	0	0	0	12	
2463072264 : 	0	0	0	0	0	0	0	3	
2463272012 : 	0	0	0	0	0	0	0	21	
2463472012 : 	0	0	0	0	0	0	0	3	
2463772832 : 	0	0	0	0	0	0	0	30	
2464272116 : 	0	0	0	0	0	0	0	3	
2464572080 : 	0	0	0	0	0	0	0	30	
2464872216 : 	0	0	0	0	0	0	0	21	
2465372276 : 	0	0	0	0	0	0	0	30	
2465572276 : 	0	0	0	0	0	0	0	12	
2465672328 : 	0	0	0	0	0	0	0	21	
2466272504 : 	0	0	0	0	0	0	0	3	
2466372380 : 	0	0	0	0	0	0	0	12	
2467472540 : 	0	0	0	0	0	0	0	3	
2467672540 : 	0	0	0	0	0	0	0	21	
2469572884 : 	0	0	0	0	0	0	0	12	
2469873020 : 	0	0	0	0	0	0	0	3	
2470273036 : 	0	0	0	0	0	0	0	3	
2476474884 : 	0	0	0	0	0	0	0	21	
2482274776 : 	0	0	0	0	0	0	0	3	
2483274972 : 	0	0	0	0	0	0	0	21	
2483874908 : 	0	0	0	0	0	0	0	3	
2484274996 : 	0	0	0	0	0	0	0	3	
2484975056 : 	0	0	0	0	0	0	0	30	
2485475280 : 	0	0	0	0	0	0	0	3	
2487575548 : 	0	0	0	0	0	0	0	12	
2488575740 : 	0	0	0	0	0	0	0	30	
2488675532 : 	0	0	0	0	0	0	0	3	
2489775856 : 	0	0	0	0	0	0	0	30	
2491876120 : 	0	0	0	0	0	0	0	3	
2492676232 : 	0	0	0	0	0	0	0	3	
2492776184 : 	0	0	0	0	0	0	0	12	
2492976360 : 	0	0	0	0	0	0	0	30	
2494076772 : 	0	0	0	0	0	0	0	21	
2494876452 : 	0	0	0	0	0	0	0	21	
2496876676 : 	0	0	0	0	0	0	0	21	
2497076760 : 	0	0	0	0	0	0	0	3	
2502677588 : 	0	0	0	0	0	0	0	3	
2507878308 : 	0	0	0	0	0	0	0	3	
2509878448 : 	0	0	0	0	0	0	0	3	
2510378836 : 	0	0	0	0	0	0	0	12	
2511279248 : 	0	0	0	0	0	0	0	21	
2511379284 : 	0	0	0	0	0	0	0	30	
2512679108 : 	0	0	0	0	0	0	0	3	
2513279044 : 	0	0	0	0	0	0	0	21	
2513378060 : 	0	0	0	0	0	0	0	30	
2514579280 : 	0	0	0	0	0	0	0	30	
2515380492 : 	0	0	0	0	0	0	0	30	
2515978304 : 	0	0	0	0	0	0	0	12	
2517879836 : 	0	0	0	0	0	0	0	3	
2518079752 : 	0	0	0	0	0	0	0	21	
2520080056 : 	0	0	0	0	0	0	0	21	
2520379000 : 	0	0	0	0	0	0	0	12	
2520579184 : 	0	0	0	0	0	0	0	30	
2520880076 : 	0	0	0	0	0	0	0	21	
2520980208 : 	0	0	0	0	0	0	0	30	
2522379312 : 	0	0	0	0	0	0	0	12	
2522580588 : 	0	0	0	0	0	0	0	30	
2523080388 : 	0	0	0	0	0	0	0	3	
2525280696 : 	0	0	0	0	0	0	0	21	
2525780920 : 	0	0	0	0	0	0	0	30	
2526181016 : 	0	0	0	0	0	0	0	30	
2526380852 : 	0	0	0	0	0	0	0	12	
2527380112 : 	0	0	0	0	0	0	0	30	
2528481292 : 	0	0	0	0	0	0	0	21	
2529081300 : 	0	0	0	0	0	0	0	3	
2530881608 : 	0	0	0	0	0	0	0	21	
2531180552 : 	0	0	0	0	0	0	0	12	
2531281696 : 	0	0	0	0	0	0	0	21	
2531881712 : 	0	0	0	0	0	0	0	3	
2532281804 : 	0	0	0	0	0	0	0	3	
2532481812 : 	0	0	0	0	0	0	0	21	
2533481836 : 	0	0	0	0	0	0	0	3	
2534282024 : 	0	0	0	0	0	0	0	3	
2535282308 : 	0	0	0	0	0	0	0	21	
2535482228 : 	0	0	0	0	0	0	0	3	
2535781172 : 	0	0	0	0	0	0	0	30	
2538082384 : 	0	0	0	0	0	0	0	21	
2538282636 : 	0	0	0	0	0	0	0	3	
2539282660 : 	0	0	0	0	0	0	0	21	
2539682848 : 	0	0	0	0	0	0	0	21	
2540282856 : 	0	0	0	0	0	0	0	3	
2541683060 : 	0	0	0	0	0	0	0	21	
2542283244 : 	0	0	0	0	0	0	0	3	
2545883760 : 	0	0	0	0	0	0	0	3	
2547684060 : 	0	0	0	0	0	0	0	21	
2547883896 : 	0	0	0	0	0	0	0	3	
2549784412 : 	0	0	0	0	0	0	0	30	
2552484776 : 	0	0	0	0	0	0	0	21	
2553384924 : 	0	0	0	0	0	0	0	30	
2557385280 : 	0	0	0	0	0	0	0	30	
2561085924 : 	0	0	0	0	0	0	0	3	
2561986160 : 	0	0	0	0	0	0	0	12	
2563886420 : 	0	0	0	0	0	0	0	3	
2564086340 : 	0	0	0	0	0	0	0	21	
2564886536 : 	0	0	0	0	0	0	0	21	
2566086736 : 	0	0	0	0	0	0	0	21	
2567186884 : 	0	0	0	0	0	0	0	12	
2567587064 : 	0	0	0	0	0	0	0	12	
2567686940 : 	0	0	0	0	0	0	0	21	
2568887056 : 	0	0	0	0	0	0	0	21	
2569087152 : 	0	0	0	0	0	0	0	3	
2569787376 : 	0	0	0	0	0	0	0	30	
2571087536 : 	0	0	0	0	0	0	0	3	
2571687552 : 	0	0	0	0	0	0	0	21	
2574187996 : 	0	0	0	0	0	0	0	30	
2575487816 : 	0	0	0	0	0	0	0	3	
2577088280 : 	0	0	0	0	0	0	0	3	
2577888472 : 	0	0	0	0	0	0	0	3	
2578888580 : 	0	0	0	0	0	0	0	21	
2582589312 : 	0	0	0	0	0	0	0	30	
2582789236 : 	0	0	0	0	0	0	0	12	
2583589336 : 	0	0	0	0	0	0	0	12	
2584488720 : 	0	0	0	0	0	0	0	21	
2588690100 : 	0	0	0	0	0	0	0	3	
2590989860 : 	0	0	0	0	0	0	0	30	
2592290448 : 	0	0	0	0	0	0	0	3	
2592890548 : 	0	0	0	0	0	0	0	21	
2592990676 : 	0	0	0	0	0	0	0	30	
2593390776 : 	0	0	0	0	0	0	0	30	
2594891020 : 	0	0	0	0	0	0	0	21	
2595191156 : 	0	0	0	0	0	0	0	12	
2595290944 : 	0	0	0	0	0	0	0	21	
2596791536 : 	0	0	0	0	0	0	0	12	
2598791500 : 	0	0	0	0	0	0	0	12	
2599391684 : 	0	0	0	0	0	0	0	30	
2599791524 : 	0	0	0	0	0	0	0	30	
2602393204 : 	0	0	0	0	0	0	0	12	
2602793300 : 	0	0	0	0	0	0	0	12	
2604793520 : 	0	0	0	0	0	0	0	12	
2606093432 : 	0	0	0	0	0	0	0	21	
2606293432 : 	0	0	0	0	0	0	0	3	
2608193860 : 	0	0	0	0	0	0	0	30	
2608394036 : 	0	0	0	0	0	0	0	12	
2609693940 : 	0	0	0	0	0	0	0	21	
2610994276 : 	0	0	0	0	0	0	0	30	
2613594844 : 	0	0	0	0	0	0	0	12	
2615195056 : 	0	0	0	0	0	0	0	12	
2615894608 : 	0	0	0	0	0	0	0	3	
2616594836 : 	0	0	0	0	0	0	0	30	
2617395024 : 	0	0	0	0	0	0	0	30	
2621195036 : 	0	0	0	0	0	0	0	12	
2621595132 : 	0	0	0	0	0	0	0	12	
2622495196 : 	0	0	0	0	0	0	0	21	
2622795244 : 	0	0	0	0	0	0	0	12	
2623195680 : 	0	0	0	0	0	0	0	12	
2623896596 : 	0	0	0	0	0	0	0	3	
2625295692 : 	0	0	0	0	0	0	0	21	
2626095880 : 	0	0	0	0	0	0	0	21	
2626295892 : 	0	0	0	0	0	0	0	3	
2626395592 : 	0	0	0	0	0	0	0	12	
2626995860 : 	0	0	0	0	0	0	0	30	
2629396176 : 	0	0	0	0	0	0	0	30	
2629596188 : 	0	0	0	0	0	0	0	12	
2630996472 : 	0	0	0	0	0	0	0	30	
2631996664 : 	0	0	0	0	0	0	0	12	
2632096032 : 	0	0	0	0	0	0	0	21	
2633196780 : 	0	0	0	0	0	0	0	12	
2633696920 : 	0	0	0	0	0	0	0	21	
2635697232 : 	0	0	0	0	0	0	0	21	
2636597460 : 	0	0	0	0	0	0	0	30	
2637097600 : 	0	0	0	0	0	0	0	3	
2638797516 : 	0	0	0	0	0	0	0	12	
2641498816 : 	0	0	0	0	0	0	0	3	
2641798524 : 	0	0	0	0	0	0	0	30	
2643898456 : 	0	0	0	0	0	0	0	3	
2643998664 : 	0	0	0	0	0	0	0	12	
2646498600 : 	0	0	0	0	0	0	0	21	
2647599188 : 	0	0	0	0	0	0	0	12	
2649999836 : 	0	0	0	0	0	0	0	12	
2650599680 : 	0	0	0	0	0	0	0	30	
2652699608 : 	0	0	0	0	0	0	0	3	
2654699400 : 	0	0	0	0	0	0	0	3	
2655099324 : 	0	0	0	0	0	0	0	3	
2655800412 : 	0	0	0	0	0	0	0	30	
2660100136 : 	0	0	0	0	0	0	0	21	
2662401508 : 	0	0	0	0	0	0	0	12	
2666201684 : 	0	0	0	0	0	0	0	30	
2670101576 : 	0	0	0	0	0	0	0	21	
2671201724 : 	0	0	0	0	0	0	0	12	
2671602584 : 	0	0	0	0	0	0	0	12	
2674602156 : 	0	0	0	0	0	0	0	30	
2675302556 : 	0	0	0	0	0	0	0	21	
2675902572 : 	0	0	0	0	0	0	0	3	
2677402736 : 	0	0	0	0	0	0	0	30	
2678402840 : 	0	0	0	0	0	0	0	12	
2685704172 : 	0	0	0	0	0	0	0	21	
2687104972 : 	0	0	0	0	0	0	0	3	
2687804776 : 	0	0	0	0	0	0	0	30	
2690505740 : 	0	0	0	0	0	0	0	21	
2692004888 : 	0	0	0	0	0	0	0	12	
2692705196 : 	0	0	0	0	0	0	0	3	
2695305600 : 	0	0	0	0	0	0	0	21	
2695405476 : 	0	0	0	0	0	0	0	30	
2696206856 : 	0	0	0	0	0	0	0	30	
2696306644 : 	0	0	0	0	0	0	0	3	
2696506820 : 	0	0	0	0	0	0	0	21	
2696606788 : 	0	0	0	0	0	0	0	30	
2696705892 : 	0	0	0	0	0	0	0	3	
2697106836 : 	0	0	0	0	0	0	0	3	
2697306840 : 	0	0	0	0	0	0	0	21	
2697406888 : 	0	0	0	0	0	0	0	30	
2697906772 : 	0	0	0	0	0	0	0	3	
2698506192 : 	0	0	0	0	0	0	0	21	
2698806240 : 	0	0	0	0	0	0	0	12	
2699407192 : 	0	0	0	0	0	0	0	30	
2700106400 : 	0	0	0	0	0	0	0	21	
2700306584 : 	0	0	0	0	0	0	0	3	
2701107448 : 	0	0	0	0	0	0	0	3	
2701606564 : 	0	0	0	0	0	0	0	12	
2703906928 : 	0	0	0	0	0	0	0	3	
2707407308 : 	0	0	0	0	0	0	0	30	
2707808252 : 	0	0	0	0	0	0	0	30	
2708308392 : 	0	0	0	0	0	0	0	3	
2708507544 : 	0	0	0	0	0	0	0	21	
2708708824 : 	0	0	0	0	0	0	0	3	
2711108720 : 	0	0	0	0	0	0	0	3	
2711208004 : 	0	0	0	0	0	0	0	12	
2712608200 : 	0	0	0	0	0	0	0	30	
2713208216 : 	0	0	0	0	0	0	0	12	
2713508352 : 	0	0	0	0	0	0	0	3	
2717709988 : 	0	0	0	0	0	0	0	21	
2718410048 : 	0	0	0	0	0	0	0	12	
2718510004 : 	0	0	0	0	0	0	0	21	
2718910100 : 	0	0	0	0	0	0	0	21	
2721510676 : 	0	0	0	0	0	0	0	3	
2722310780 : 	0	0	0	0	0	0	0	3	
2722510876 : 	0	0	0	0	0	0	0	21	
2723610940 : 	0	0	0	0	0	0	0	12	
2723711076 : 	0	0	0	0	0	0	0	21	
2723811116 : 	0	0	0	0	0	0	0	30	
2724411216 : 	0	0	0	0	0	0	0	12	
2727511420 : 	0	0	0	0	0	0	0	3	
2729011840 : 	0	0	0	0	0	0	0	30	
2729211844 : 	0	0	0	0	0	0	0	12	
2732612524 : 	0	0	0	0	0	0	0	30	
2736313084 : 	0	0	0	0	0	0	0	3	
2736513096 : 	0	0	0	0	0	0	0	21	
2742313832 : 	0	0	0	0	0	0	0	3	
2743113936 : 	0	0	0	0	0	0	0	3	
2743513352 : 	0	0	0	0	0	0	0	3	
2750515232 : 	0	0	0	0	0	0	0	21	
2751615464 : 	0	0	0	0	0	0	0	12	
2754215960 : 	0	0	0	0	0	0	0	30	
2754315748 : 	0	0	0	0	0	0	0	3	
2755014708 : 	0	0	0	0	0	0	0	30	
2758216480 : 	0	0	0	0	0	0	0	30	
2758816668 : 	0	0	0	0	0	0	0	12	
2759815584 : 	0	0	0	0	0	0	0	30	
2760316072 : 	0	0	0	0	0	0	0	3	
2761316856 : 	0	0	0	0	0	0	0	21	
2762017000 : 	0	0	0	0	0	0	0	12	
2762317052 : 	0	0	0	0	0	0	0	3	
2763717256 : 	0	0	0	0	0	0	0	21	
2766317752 : 	0	0	0	0	0	0	0	3	
2767217980 : 	0	0	0	0	0	0	0	12	
2767317856 : 	0	0	0	0	0	0	0	21	
2767517868 : 	0	0	0	0	0	0	0	3	
2768018172 : 	0	0	0	0	0	0	0	12	
2769918344 : 	0	0	0	0	0	0	0	3	
2770918464 : 	0	0	0	0	0	0	0	21	
2772418628 : 	0	0	0	0	0	0	0	12	
2776219312 : 	0	0	0	0	0	0	0	30	
2776419316 : 	0	0	0	0	0	0	0	12	
2776918604 : 	0	0	0	0	0	0	0	21	
2777419512 : 	0	0	0	0	0	0	0	30	
2779519948 : 	0	0	0	0	0	0	0	3	
2782120180 : 	0	0	0	0	0	0	0	21	
2782520452 : 	0	0	0	0	0	0	0	21	
2783720644 : 	0	0	0	0	0	0	0	21	
2789496120 : 	0	0	0	0	0	0	0	30	
2790696236 : 	0	0	0	0	0	0	0	30	
