556790656 : 	46	46	0	14	0	0	0	24	
557490716 : 	46	46	0	19	0	0	0	10	
557990092 : 	46	46	0	1C	0	0	0	2C	
561190684 : 	46	46	0	33	0	0	0	23	
561590608 : 	46	46	0	36	0	0	0	20	
562190792 : 	46	46	0	3B	0	0	0	D	
563190732 : 	46	46	0	42	0	0	0	23	
563990676 : 	46	46	0	48	0	0	0	2D	
567191428 : 	47	46	0	5E	0	0	0	25	
567290876 : 	47	46	0	5F	0	0	0	33	
567491136 : 	47	46	0	60	0	0	0	13	
568790616 : 	48	46	0	69	0	0	0	28	
569390632 : 	48	46	0	6D	0	0	0	6	
570390828 : 	48	46	0	74	0	0	0	2C	
571890828 : 	49	46	0	7E	0	0	0	12	
573290772 : 	49	46	0	87	0	0	0	36	
574290880 : 	4A	46	0	8D	0	0	0	11	
577990768 : 	4B	46	0	A5	0	0	0	25	
578790780 : 	4B	46	0	AB	0	0	0	2F	
578990872 : 	4B	46	0	AC	0	0	0	0	
582290740 : 	4C	46	0	C1	0	0	0	17	
583290852 : 	4D	46	0	C7	0	0	0	3E	
583989976 : 	4D	46	0	CB	0	0	0	2B	
585490908 : 	4E	46	0	D5	0	0	0	10	
587390740 : 	4E	46	0	E1	0	0	0	4	
588591028 : 	4F	46	0	E9	0	0	0	B	
588691924 : 	4F	46	0	E9	0	0	0	1A	
590090852 : 	50	46	0	F3	0	0	0	3B	
590290940 : 	50	46	0	F4	0	0	0	1C	
590690868 : 	50	46	0	F6	0	0	0	1A	
591091048 : 	50	46	0	F8	0	0	0	18	
591390764 : 	50	46	0	FA	0	0	0	7	
594091044 : 	51	46	1	7	0	0	0	34	
594190996 : 	51	46	1	8	0	0	0	6	
594291040 : 	51	46	1	9	0	0	0	14	
594390916 : 	51	46	1	A	0	0	0	22	
595290984 : 	52	46	1	11	0	0	0	38	
596890088 : 	52	46	1	1D	0	0	0	3C	
598490892 : 	53	46	1	26	0	0	0	31	
598690904 : 	53	46	1	27	0	0	0	12	
601091132 : 	53	46	1	34	0	0	0	14	
604491212 : 	54	46	1	4B	0	0	80	31	
605091312 : 	55	46	1	4E	0	0	80	1F	
605291664 : 	55	46	1	4F	0	0	80	3C	
606790972 : 	55	46	1	56	0	0	0	2D	
608491056 : 	56	46	1	5D	0	0	0	34	
608590852 : 	56	46	1	5E	0	0	0	6	
610691280 : 	56	46	1	66	0	0	0	1C	
611791096 : 	57	46	1	6A	0	0	0	8	
612691332 : 	57	46	1	6E	0	0	0	13	
612791292 : 	57	46	1	6E	0	0	0	22	
613090328 : 	57	46	1	6F	0	0	0	12	
613490332 : 	57	46	1	71	0	0	0	1F	
614092132 : 	57	46	1	73	0	0	0	3B	
618991364 : 	59	46	1	86	0	0	0	8	
619191460 : 	59	46	1	87	0	0	0	25	
619391372 : 	59	46	1	87	0	0	0	7	
714289072 : 	53	48	0	B	0	0	0	2E	
720389188 : 	56	48	0	2A	0	0	0	39	
724090168 : 	57	48	0	3B	0	0	0	9	
724290088 : 	57	48	0	3C	0	0	0	26	
724690184 : 	58	48	0	3D	0	0	0	24	
729390264 : 	59	48	0	54	0	0	0	1B	
731690696 : 	5A	48	0	5D	0	0	0	2	
732090460 : 	5A	48	0	5E	0	0	0	1	
732290456 : 	5A	48	0	5F	0	0	0	2E	
735689784 : 	5B	48	0	6C	0	0	0	1	
737689664 : 	5B	48	0	79	0	0	0	3	
737890596 : 	5B	48	0	7B	0	0	0	2F	
738290524 : 	5B	48	0	7E	0	0	0	2C	
738489760 : 	5B	48	0	7F	0	0	0	D	
739289696 : 	5B	48	0	85	0	0	0	6	
739889796 : 	5C	48	0	8A	0	0	0	2E	
740490916 : 	5C	48	0	8E	0	0	0	C	
741190636 : 	5C	48	0	91	0	0	0	35	
742289772 : 	5C	48	0	99	0	0	0	2E	
742790420 : 	5C	48	0	9C	0	0	0	3A	
743389500 : 	5D	48	0	A0	0	0	80	1E	
743689976 : 	5D	48	0	A2	0	0	80	D	
744189608 : 	5D	48	0	A6	0	0	80	18	
744989716 : 	5D	48	0	AB	0	0	80	13	
745089756 : 	5D	48	0	AC	0	0	80	21	
745389552 : 	5D	48	0	AD	0	0	80	11	
745489768 : 	5D	48	0	AD	0	0	80	20	
745690204 : 	5D	48	0	AE	0	0	80	1	
745990252 : 	5D	48	0	B0	0	0	80	3B	
746590352 : 	5D	48	0	B3	0	0	80	1A	
746889632 : 	5D	48	0	B6	0	0	80	8	
746990272 : 	5D	48	0	B7	0	0	80	16	
747890424 : 	5E	48	0	BE	0	0	80	2D	
748389464 : 	5E	48	0	C1	0	0	80	38	
749191432 : 	5E	48	0	C5	0	0	80	34	
749790004 : 	5E	48	0	C8	0	0	80	13	
750290228 : 	5E	48	0	C8	0	0	80	22	
750390104 : 	5E	48	0	C9	0	0	80	30	
751190128 : 	5F	48	0	CB	0	0	80	3D	
751689412 : 	5F	48	0	CD	0	0	80	E	
751989208 : 	5F	48	0	CE	0	0	80	3A	
753891168 : 	5F	48	0	D4	0	0	80	24	
755590152 : 	5F	48	0	DA	0	0	80	3D	
758989636 : 	60	48	0	EA	0	0	0	14	
759189812 : 	60	48	0	EA	0	0	0	32	
759390752 : 	60	48	0	EB	0	0	0	13	
759990852 : 	61	48	0	EE	0	0	0	3D	
760889812 : 	61	48	0	F6	0	0	0	7	
761891536 : 	61	48	0	FD	0	0	0	2E	
763991292 : 	61	48	1	11	0	0	0	36	
764491092 : 	61	48	1	16	0	0	0	4	
766791448 : 	62	48	1	26	0	0	80	37	
768391400 : 	62	48	1	2B	0	0	80	32	
769490876 : 	62	48	1	34	0	0	80	29	
770090892 : 	62	48	1	38	0	0	80	7	
770292340 : 	63	48	1	3A	0	0	80	22	
770990616 : 	63	48	1	40	0	0	80	1C	
774291932 : 	63	48	1	54	0	0	80	26	
776990860 : 	65	48	1	5C	0	0	80	1D	
778792256 : 	65	48	1	62	0	0	80	34	
779792028 : 	65	48	1	68	0	0	80	10	
781392152 : 	65	48	1	72	0	0	80	15	
781991316 : 	66	48	1	76	0	0	80	3E	
782292216 : 	66	48	1	78	0	0	80	2D	
783892344 : 	66	48	1	83	0	0	80	21	
786792288 : 	66	48	1	94	0	0	80	3E	
788692716 : 	67	48	1	9C	0	0	80	26	
789792616 : 	67	48	1	9E	0	0	80	15	
791292356 : 	68	48	1	A2	0	0	80	0	
792692648 : 	68	48	1	A6	0	0	80	2A	
792892736 : 	68	48	1	A7	0	0	80	B	
793192788 : 	68	48	1	A7	0	0	80	38	
795392756 : 	68	48	1	AE	0	0	0	1B	
797992140 : 	69	48	1	BF	0	0	0	36	
798093036 : 	69	48	1	C0	0	0	0	7	
799492392 : 	69	48	1	CC	0	0	0	29	
799792104 : 	69	48	1	CE	0	0	80	10	
800593480 : 	69	48	1	D3	0	0	80	1A	
801393504 : 	69	48	1	D8	0	0	80	15	
801593512 : 	69	48	1	D9	0	0	80	32	
801992584 : 	6A	48	1	DB	0	0	80	3F	
802393612 : 	6A	48	1	DD	0	0	80	3D	
802992608 : 	6A	48	1	DD	0	0	80	1F	
803293676 : 	6A	48	1	DE	0	0	80	F	
808593768 : 	6A	48	1	F2	0	0	80	18	
810493772 : 	6B	48	1	F9	0	0	80	1	
812494160 : 	6B	48	1	FE	0	0	80	C	
812694508 : 	6B	48	1	FF	0	0	80	29	
814994180 : 	6C	48	2	6	0	0	0	18	
815993612 : 	6C	48	2	9	0	0	0	33	
816894356 : 	6C	48	2	C	0	0	0	3	
821394684 : 	6C	48	2	18	0	0	0	15	
822494668 : 	6C	48	2	1B	0	0	0	3	
822594796 : 	6C	48	2	1B	0	0	0	12	
823494784 : 	6C	48	2	1D	0	0	0	2F	
826994992 : 	6D	48	2	25	0	0	0	16	
828995296 : 	6D	48	2	2A	0	0	0	11	
829295348 : 	6D	48	2	2B	0	0	0	1	
829695528 : 	6D	48	2	2C	0	0	0	0	
830395424 : 	6D	48	2	2E	0	0	0	3B	
833295616 : 	6E	48	2	36	0	0	0	4	
833595416 : 	6E	48	2	37	0	0	0	30	
834395772 : 	6E	48	2	3B	0	0	0	3C	
836095940 : 	6E	48	2	43	0	0	0	6	
836295868 : 	6E	48	2	44	0	0	0	23	
839296276 : 	6E	48	2	52	0	0	0	6	
840896404 : 	6E	48	2	62	0	0	0	5	
841696252 : 	6F	48	2	65	0	0	0	1	
841996480 : 	6F	48	2	66	0	0	80	35	
842196392 : 	6F	48	2	66	0	0	80	17	
842296520 : 	6F	48	2	66	0	0	80	26	
843096712 : 	6F	48	2	68	0	0	80	24	
843496720 : 	6F	48	2	6A	0	0	80	22	
843896648 : 	6F	48	2	6C	0	0	80	20	
844596536 : 	6F	48	2	70	0	0	80	1C	
847897004 : 	6F	48	2	78	0	0	80	23	
848097008 : 	6F	48	2	79	0	0	80	4	
848697108 : 	6F	48	2	7B	0	0	80	20	
850697248 : 	6F	48	2	85	0	0	80	25	
851097336 : 	6F	48	2	86	0	0	80	24	
851397216 : 	6F	48	2	88	0	0	80	13	
851998080 : 	6F	48	2	8A	0	0	80	3F	
852397496 : 	6F	48	2	8B	0	0	80	3E	
855597324 : 	70	48	2	98	0	0	80	3E	
856297556 : 	70	48	2	9A	0	0	80	2D	
856696712 : 	70	48	2	9A	0	0	80	2D	
858197896 : 	70	48	2	9E	0	0	80	1A	
858296836 : 	70	48	2	9E	0	0	80	29	
858397900 : 	70	48	2	9F	0	0	80	37	
859496868 : 	70	48	2	A1	0	0	0	2D	
860097988 : 	71	48	2	A3	0	0	0	C	
860897072 : 	71	48	2	A5	0	0	0	A	
861297080 : 	71	48	2	A6	0	0	0	9	
861697100 : 	71	48	2	A7	0	0	0	8	
863798296 : 	71	48	2	AB	0	0	0	13	
863998380 : 	71	48	2	AC	0	0	0	30	
865398500 : 	71	48	2	B0	0	0	0	1D	
865897452 : 	71	48	2	B1	0	0	0	2B	
866198700 : 	71	48	2	B2	0	0	0	1B	
866297548 : 	71	48	2	B2	0	0	0	2A	
867398812 : 	72	48	2	B6	0	0	0	16	
867497576 : 	72	48	2	B6	0	0	0	25	
869497796 : 	72	48	2	C0	0	0	0	2A	
869698908 : 	72	48	2	C0	0	0	0	C	
870097896 : 	72	48	2	C1	0	0	0	B	
870898000 : 	72	48	2	C4	0	0	0	8	
872898220 : 	72	48	2	CA	0	0	0	2	
873099928 : 	72	48	2	CA	0	0	0	20	
874699456 : 	72	48	2	CF	0	0	0	2B	
877699704 : 	72	48	2	D8	0	0	0	3	
877999920 : 	72	48	2	D9	0	0	0	3F	
878099632 : 	72	48	2	D9	0	0	0	2	
878699812 : 	72	48	2	DB	0	0	0	2E	
882299136 : 	72	48	2	E5	0	0	0	23	
882699060 : 	72	48	2	E6	0	0	0	22	
885500576 : 	72	48	2	ED	0	0	0	2B	
885700412 : 	72	48	2	ED	0	0	0	D	
885899480 : 	72	48	2	ED	0	0	0	2B	
886000548 : 	73	48	2	EE	0	0	0	38	
886100508 : 	73	48	2	EE	0	0	0	B	
886400640 : 	73	48	2	EE	0	0	0	38	
886800820 : 	73	48	2	EF	0	0	0	37	
888099884 : 	73	48	2	F2	0	0	0	6	
888900068 : 	73	48	2	F4	0	0	0	4	
889900940 : 	73	48	2	F6	0	0	0	20	
890100868 : 	73	48	2	F6	0	0	0	2	
892900336 : 	73	48	2	FE	0	0	0	A	
897702928 : 	73	48	3	B	0	0	0	B	
899902040 : 	74	48	3	11	0	0	0	21	
900302052 : 	74	48	3	12	0	0	0	20	
900402096 : 	74	48	3	12	0	0	0	3F	
903002500 : 	74	48	3	18	0	0	0	1B	
905302516 : 	74	49	3	1D	0	0	0	6	
906703488 : 	74	49	3	20	0	0	0	20	
908603068 : 	74	49	3	24	0	0	0	1D	
910503244 : 	74	49	3	2A	0	0	0	8	
911004232 : 	75	49	3	2C	0	0	0	14	
914302740 : 	75	49	3	37	0	0	0	27	
916703992 : 	75	49	3	47	0	0	0	26	
918704040 : 	75	49	3	4C	0	0	0	21	
919904240 : 	75	49	3	4F	0	0	0	2E	
920104332 : 	75	49	3	4F	0	0	0	0	
922103448 : 	76	49	3	54	0	0	0	9	
922404516 : 	76	49	3	55	0	0	0	35	
925104884 : 	76	49	3	5B	0	0	0	20	
926305080 : 	76	49	3	5F	0	0	0	2C	
928305224 : 	76	49	3	65	0	0	0	25	
929705420 : 	76	49	3	68	0	0	0	4	
930205392 : 	76	49	3	6A	0	0	0	11	
931405852 : 	76	49	3	6D	0	0	0	1E	
934105956 : 	77	49	3	75	0	0	0	5	
934305968 : 	77	49	3	75	0	0	0	23	
939806480 : 	77	49	3	84	0	0	0	14	
940707652 : 	77	49	3	86	0	0	0	21	
942206880 : 	77	49	3	8A	0	0	0	1E	
943006908 : 	77	49	3	8B	0	0	0	1D	
947607620 : 	78	49	3	95	0	0	0	3F	
947807616 : 	78	49	3	96	0	0	0	10	
948407632 : 	78	49	3	9A	0	0	0	3A	
951207872 : 	78	49	3	A3	0	0	0	30	
951407876 : 	78	49	3	A4	0	0	0	11	
951507924 : 	78	49	3	A4	0	0	0	20	
957608796 : 	79	49	3	B7	0	0	0	3A	
959508888 : 	79	4A	3	BB	0	0	0	26	
960209116 : 	79	4A	3	BD	0	0	0	15	
961709204 : 	79	4A	3	C0	0	0	0	2	
964708760 : 	79	4A	3	C6	0	0	0	2A	
966909752 : 	79	4A	3	CC	0	0	0	6	
968310044 : 	79	4A	3	D0	0	0	0	2F	
970010212 : 	7A	4A	3	D5	0	0	0	38	
971610508 : 	7A	4A	3	DA	0	0	0	33	
975011780 : 	7A	4A	3	E3	0	0	0	1B	
977212092 : 	7A	4A	3	EA	0	0	0	32	
978511920 : 	7A	4A	3	ED	0	0	0	2	
979812584 : 	7A	4A	3	F0	0	0	0	1D	
981212616 : 	7A	4A	3	F3	0	0	0	38	
983712812 : 	7A	4A	3	F8	0	0	0	6	
984213288 : 	7A	4A	3	F9	0	0	0	14	
985812648 : 	7B	4A	4	4	0	0	0	16	
986113212 : 	7B	4A	4	6	0	0	0	5	
986513388 : 	7B	4A	4	8	0	0	0	3	
987813716 : 	7B	4A	4	10	0	0	0	19	
988613656 : 	7B	4A	4	15	0	0	0	14	
989613932 : 	7B	4A	4	1D	0	0	0	3A	
990414208 : 	7B	4A	4	27	0	0	0	3F	
990514592 : 	7B	4A	4	28	0	0	0	1	
994313924 : 	7B	4A	4	3E	0	0	80	20	
994914192 : 	7B	4A	4	45	0	0	80	A	
995814256 : 	7B	4A	4	4D	0	0	80	11	
996014268 : 	7B	4A	4	4F	0	0	80	3D	
996614200 : 	7B	4A	4	54	0	0	80	19	
997114076 : 	7B	4A	4	57	0	0	80	25	
999914232 : 	7B	4A	4	5E	0	0	80	2E	
1001914368 : 	7B	4A	4	62	0	0	80	29	
1002114456 : 	7B	4A	4	63	0	0	80	A	
1002514560 : 	7B	4A	4	64	0	0	80	9	
1003415128 : 	7B	4A	4	66	0	0	80	16	
1004016076 : 	7B	4A	4	67	0	0	0	3B	
1005414920 : 	7B	4A	4	6B	0	0	0	19	
1005614844 : 	7B	4A	4	6C	0	0	0	36	
1005814852 : 	7B	4A	4	6D	0	0	0	17	
1006415040 : 	7B	4A	4	6F	0	0	0	33	
1006814872 : 	7B	4A	4	70	0	0	0	31	
1006914408 : 	7B	4A	4	70	0	0	0	4	
1007314416 : 	7C	4A	4	71	0	0	0	2	
1007615400 : 	7C	4A	4	72	0	0	0	3E	
1007815152 : 	7C	4A	4	73	0	0	0	1F	
1009915416 : 	7C	4A	4	79	0	0	0	28	
1013815812 : 	7C	4A	4	83	0	0	0	1E	
1014015732 : 	7C	4A	4	84	0	0	0	3B	
1016416812 : 	7C	4A	4	89	0	0	0	36	
1017116108 : 	7C	4A	4	8A	0	0	0	26	
1021916820 : 	7C	4A	4	95	0	0	0	2A	
1022217212 : 	7C	4A	4	96	0	0	0	1A	
1029317856 : 	7C	4A	4	AA	0	0	0	6	
1031218032 : 	7C	4A	4	AF	0	0	0	3E	
1034018444 : 	7C	4A	4	B7	0	0	0	35	
1036218752 : 	7C	4A	4	BD	0	0	0	11	
1036418672 : 	7C	4A	4	BE	0	0	0	3E	
1036718892 : 	7C	4A	4	BE	0	0	0	2F	
1036919236 : 	7C	4A	4	BF	0	0	0	0	
1038818988 : 	7C	4A	4	C4	0	0	0	37	
1040019016 : 	7C	4A	4	C7	0	0	0	34	
1040619200 : 	7C	4A	4	C9	0	0	0	14	
1041419224 : 	7C	4B	4	CA	0	0	0	12	
1042120300 : 	7C	4B	4	CC	0	0	0	1	
1042219668 : 	7C	4B	4	CC	0	0	0	10	
1042319464 : 	7C	4B	4	CC	0	0	0	2F	
1043419528 : 	7C	4B	4	CF	0	0	0	1D	
1044519852 : 	7C	4B	4	D1	0	0	0	B	
1044919692 : 	7C	4B	4	D2	0	0	0	A	
1046920168 : 	7C	4B	4	D6	0	0	0	6	
1051220572 : 	7C	4B	4	E1	0	0	0	37	
1051620580 : 	7C	4B	4	E2	0	0	0	36	
1052220768 : 	7C	4B	4	E4	0	0	0	16	
1052420600 : 	7C	4B	4	E5	0	0	0	33	
1053121004 : 	7C	4B	4	E6	0	0	0	23	
1053320836 : 	7C	4B	4	E7	0	0	0	4	
1054521384 : 	7C	4B	4	EA	0	0	0	1	
1055221184 : 	7C	4B	4	EC	0	0	0	3C	
1056321336 : 	7C	4B	4	F0	0	0	0	28	
1057721464 : 	7C	4B	4	F3	0	0	0	7	
1058521732 : 	7C	4B	4	F5	0	0	0	5	
1060321860 : 	7C	4B	4	F9	0	0	0	2F	
1060521188 : 	7C	4B	4	F9	0	0	0	1	
1060821832 : 	7C	4B	4	FA	0	0	0	3D	
1060921876 : 	7C	4B	4	FA	0	0	0	0	
1061721980 : 	7C	4B	4	FC	0	0	0	E	
1062121396 : 	7C	4B	4	FD	0	0	0	D	
1062321324 : 	7C	4B	4	FD	0	0	0	2B	
1063521516 : 	7C	4B	5	0	0	0	0	26	
1064721716 : 	7C	4B	5	2	0	0	0	24	
1065521736 : 	7C	4B	5	4	0	0	0	22	
1066522016 : 	7C	4B	5	6	0	0	0	2	
1067423016 : 	7C	4B	5	8	0	0	0	1F	
1067623192 : 	7C	4B	5	9	0	0	0	3C	
1068422024 : 	7C	4B	5	B	0	0	0	3A	
1071423632 : 	7C	4B	5	14	0	0	0	12	
1071622528 : 	7C	4B	5	14	0	0	0	30	
1073622748 : 	7C	4B	5	1A	0	0	0	3A	
1074822948 : 	7C	4B	5	1D	0	0	0	37	
1075023208 : 	7C	4B	5	1E	0	0	0	18	
1075523348 : 	7C	4B	5	1F	0	0	0	26	
1075624412 : 	7C	4B	5	1F	0	0	0	35	
1076823172 : 	7C	4B	5	22	0	0	0	31	
1076923384 : 	7C	4B	5	23	0	0	0	3	
1077523488 : 	7C	4B	5	24	0	0	0	20	
1077723488 : 	7C	4B	5	24	0	0	0	2	
1078523592 : 	7C	4B	5	26	0	0	0	0	
1081823972 : 	7C	4C	5	2D	0	0	0	17	
1082624084 : 	7C	4C	5	2E	0	0	0	16	
1085324780 : 	7C	4C	5	35	0	0	0	F	
1085926504 : 	7C	4C	5	37	0	0	0	2B	
1088625076 : 	7C	4C	5	3E	0	0	0	15	
1091025392 : 	7C	4C	5	45	0	0	0	1D	
1091425324 : 	7C	4C	5	46	0	0	0	1C	
1091825496 : 	7C	4C	5	47	0	0	0	1B	
1092325472 : 	7C	4C	5	48	0	0	0	29	
1093125740 : 	7C	4C	5	4B	0	0	0	26	
1093326680 : 	7C	4C	5	4B	0	0	0	8	
1093725756 : 	7C	4C	5	4C	0	0	0	7	
1093926784 : 	7C	4C	5	4D	0	0	0	24	
1094625992 : 	7C	4C	5	4F	0	0	0	13	
1096726088 : 	7C	4C	5	55	0	0	0	2B	
1096826052 : 	7C	4C	5	55	0	0	0	3A	
1097627256 : 	7C	4C	5	57	0	0	0	38	
1097726368 : 	7C	4C	5	58	0	0	0	A	
1098926396 : 	7C	4C	5	5B	0	0	0	7	
1099327520 : 	7C	4C	5	5C	0	0	0	6	
1099927440 : 	7C	4C	5	5E	0	0	0	22	
1100227576 : 	7C	4C	5	5E	0	0	0	13	
1101027768 : 	7C	4C	5	60	0	0	0	10	
1103226980 : 	7C	4C	5	65	0	0	0	39	
1104028180 : 	7C	4C	5	66	0	0	0	38	
1106628588 : 	7C	4C	5	6C	0	0	0	14	
1106728548 : 	7C	4C	5	6C	0	0	0	23	
1107228516 : 	7C	4C	5	6D	0	0	0	31	
1107828616 : 	7C	4C	5	6E	0	0	0	12	
1112029400 : 	7C	4C	5	7A	0	0	0	33	
1115830688 : 	7C	4C	5	85	0	0	0	19	
1116029844 : 	7C	4C	5	85	0	0	0	37	
1116729988 : 	7C	4C	5	87	0	0	0	26	
1116829948 : 	7C	4C	5	88	0	0	0	34	
1118430248 : 	7C	4C	5	8B	0	0	0	31	
1119630696 : 	7C	4C	5	8E	0	0	0	3E	
1119731080 : 	7C	4C	5	8E	0	0	0	1	
1120130496 : 	7C	4C	5	8F	0	0	0	0	
1120330504 : 	7C	4C	5	90	0	0	0	2C	
1121630832 : 	7C	4C	5	92	0	0	0	39	
1122030928 : 	7C	4C	5	93	0	0	0	38	
1123931280 : 	7C	4C	5	97	0	0	0	25	
1124031912 : 	7C	4C	5	97	0	0	0	34	
1124431156 : 	7C	4C	5	98	0	0	0	33	
1124631164 : 	7C	4C	5	98	0	0	0	15	
1125131132 : 	7C	4C	5	99	0	0	0	23	
1127331440 : 	7C	4C	5	9F	0	0	0	F	
1127431740 : 	7C	4C	5	9F	0	0	0	1E	
1127730772 : 	7C	4C	5	A0	0	0	0	D	
1127831752 : 	7C	4C	5	A0	0	0	0	1C	
1128231676 : 	7C	4C	5	A1	0	0	0	1B	
1129031788 : 	7C	4C	5	A4	0	0	0	18	
1129232040 : 	7C	4C	5	A4	0	0	0	36	
1129531836 : 	7C	4C	5	A5	0	0	0	26	
1129831888 : 	7C	4C	5	A6	0	0	0	16	
1130832168 : 	7C	4D	5	A9	0	0	0	30	
1131032088 : 	7C	4D	5	A9	0	0	0	12	
1131432180 : 	7C	4D	5	AA	0	0	0	11	
1131632100 : 	7C	4D	5	AB	0	0	0	3E	
1132232204 : 	7C	4D	5	AC	0	0	0	1F	
1133432488 : 	7C	4D	5	B0	0	0	0	1A	
1134332384 : 	7C	4D	5	B2	0	0	0	27	
1134632772 : 	7C	4D	5	B3	0	0	0	17	
1134732400 : 	7C	4D	5	B3	0	0	0	26	
1134832700 : 	7C	4D	5	B4	0	0	0	34	
1135332576 : 	7C	4D	5	B5	0	0	0	6	
1136132596 : 	7C	4D	5	B7	0	0	0	4	
1136632996 : 	7C	4D	5	B9	0	0	0	11	
1137033088 : 	7C	4D	5	BA	0	0	0	10	
1137232156 : 	7C	4D	5	BA	0	0	0	3E	
1138332992 : 	7C	4D	5	BD	0	0	0	2C	
1140832424 : 	7C	4D	5	C3	0	0	0	34	
1141533584 : 	7C	4D	5	C4	0	0	0	24	
1143032556 : 	7C	4D	5	C7	0	0	0	12	
1148433548 : 	7C	4D	5	DB	0	0	0	3B	
1149334548 : 	7C	4D	5	E0	0	0	0	8	
1150134732 : 	7C	4D	5	E3	0	0	0	5	
1151035136 : 	7C	4D	5	E6	0	0	0	11	
1151433880 : 	7C	4D	5	E7	0	0	0	10	
1152834076 : 	7C	4D	5	F0	0	0	0	34	
1153535240 : 	7C	4D	5	F2	0	0	0	23	
1160736356 : 	7C	4E	6	16	0	0	0	2B	
1163236804 : 	7C	4E	6	23	0	0	80	34	
1163836816 : 	7C	4E	6	26	0	0	80	13	
1164536792 : 	7C	4E	6	2A	0	0	80	0	
1165437196 : 	7C	4E	6	2D	0	0	80	1C	
1166436116 : 	7C	4E	6	34	0	0	80	32	
1166636128 : 	7C	4E	6	35	0	0	80	13	
1167036300 : 	7C	4E	6	38	0	0	80	10	
1167537460 : 	7C	4E	6	3D	0	0	80	2A	
1168437528 : 	7C	4E	6	48	0	0	80	3D	
1168637532 : 	7C	4E	6	4B	0	0	80	1C	
1171238108 : 	7C	4E	6	62	0	0	80	31	
1174138308 : 	7D	4E	6	70	0	0	80	4	
1174338228 : 	7D	4E	6	71	0	0	80	21	
1175638304 : 	7D	4E	6	73	0	0	80	3E	
1178538928 : 	7D	4E	6	7A	0	0	80	A	
1180939332 : 	7D	4E	6	81	0	0	80	2	
1181639472 : 	7D	4E	6	83	0	0	80	3D	
1182139532 : 	7D	4E	6	85	0	0	80	E	
1182739632 : 	7D	4E	6	88	0	0	80	29	
1183339648 : 	7D	4E	6	89	0	0	80	A	
1186140052 : 	7D	4E	6	8F	0	0	80	4	
1186540148 : 	7D	4E	6	91	0	0	80	1	
1190840808 : 	7D	4E	6	AC	0	0	80	32	
1194941376 : 	7D	4E	6	B7	0	0	80	9	
1195041508 : 	7D	4E	6	B7	0	0	80	18	
1195441432 : 	7D	4E	6	B8	0	0	80	17	
1197141600 : 	7D	4E	6	BF	0	0	80	2F	
1198341972 : 	7D	4E	6	C5	0	0	80	28	
1198442016 : 	7D	4E	6	C5	0	0	80	37	
1199442128 : 	7D	4E	6	C9	0	0	80	15	
1199842312 : 	7D	4E	6	CB	0	0	80	13	
1200442320 : 	7D	4E	6	D0	0	0	80	3B	
1201242512 : 	7D	4E	6	D5	0	0	80	36	
1202442628 : 	7D	4E	6	DB	0	0	80	30	
1204742896 : 	7D	4E	6	E3	0	0	80	28	
1204942992 : 	7D	4E	6	E4	0	0	80	9	
1205243044 : 	7D	4E	6	E4	0	0	80	36	
1206743208 : 	7D	4E	6	EF	0	0	80	2C	
1207743396 : 	7D	4E	6	F2	0	0	80	A	
1208143320 : 	7D	4E	6	F3	0	0	80	9	
1210743988 : 	7D	4E	6	F8	0	0	80	22	
1212844084 : 	7D	4E	6	FF	0	0	0	32	
1214943664 : 	7D	4F	7	5	0	0	0	C	
1216644852 : 	7D	4F	7	A	0	0	0	16	
1216944816 : 	7D	4F	7	B	0	0	0	6	
1217044948 : 	7D	4F	7	B	0	0	0	15	
1218345028 : 	7D	4F	7	F	0	0	0	20	
1221345360 : 	7D	4F	7	16	0	0	0	A	
1222845772 : 	7D	4F	7	19	0	0	0	34	
1223045860 : 	7D	4F	7	1A	0	0	0	15	
1224246148 : 	7D	4F	7	1C	0	0	0	13	
1224545856 : 	7D	4F	7	1D	0	0	0	3	
1224745948 : 	7D	4F	7	1D	0	0	0	21	
1226747272 : 	7D	4F	7	21	0	0	0	2C	
1227346352 : 	7D	4F	7	22	0	0	0	D	
1229147500 : 	7D	4F	7	26	0	0	0	27	
1229447380 : 	7D	4F	7	27	0	0	0	17	
1233647912 : 	7E	4F	7	32	0	0	0	38	
1234048012 : 	7E	4F	7	33	0	0	0	37	
1237348812 : 	7E	4F	7	3D	0	0	0	0	
1238048792 : 	7E	4F	7	3F	0	0	0	3B	
1239149112 : 	7E	4F	7	41	0	0	0	29	
1241649308 : 	7E	4F	7	47	0	0	0	32	
1242749372 : 	7E	4F	7	49	0	0	0	21	
1244549840 : 	7E	4F	7	4C	0	0	0	0	
1247049608 : 	7E	50	7	51	0	0	0	17	
1247149992 : 	7E	50	7	51	0	0	0	26	
1247750184 : 	7E	50	7	53	0	0	0	6	
1247849880 : 	7E	50	7	53	0	0	0	15	
1248449980 : 	7E	50	7	54	0	0	0	32	
1248749612 : 	7E	50	7	55	0	0	0	22	
1249250088 : 	7E	50	7	57	0	0	0	3F	
1249350820 : 	7E	50	7	57	0	0	0	2	
1249549968 : 	7E	50	7	58	0	0	0	2F	
1250950180 : 	7E	50	7	5C	0	0	0	D	
1253450956 : 	7E	50	7	69	0	0	0	1E	
1255350792 : 	7E	50	7	73	0	0	0	4	
1259851200 : 	7D	50	7	93	0	0	0	12	
1259951252 : 	7D	50	7	93	0	0	0	21	
1260751268 : 	7D	50	7	99	0	0	0	2B	
1261852104 : 	7D	50	7	9D	0	0	80	10	
1264752556 : 	7D	50	7	AA	0	0	80	21	
1268052428 : 	7C	50	7	B2	0	0	0	30	
1269052964 : 	7C	50	7	B4	0	0	0	10	
1269853068 : 	7C	50	7	B6	0	0	0	1E	
1270052816 : 	7C	50	7	B7	0	0	0	3B	
1270153200 : 	7C	50	7	B7	0	0	0	E	
1271453020 : 	7C	50	7	BA	0	0	0	1A	
1273253068 : 	7C	50	7	C0	0	0	0	31	
1274953924 : 	7C	50	7	CC	0	0	0	8	
1276354036 : 	7C	50	7	D3	0	0	0	2E	
1276654340 : 	7C	50	7	D5	0	0	0	1D	
1277454368 : 	7C	51	7	D7	0	0	0	1A	
1278254552 : 	7C	51	7	DA	0	0	0	17	
1280354816 : 	7C	51	7	E1	0	0	0	2E	
1281654980 : 	7C	51	7	EB	0	0	0	33	
1282754196 : 	7C	51	7	F1	0	0	0	2D	
1283154548 : 	7C	51	7	F3	0	0	0	2B	
1283655800 : 	7C	51	7	F5	0	0	0	38	
1286854852 : 	7C	51	8	3	0	0	0	38	
1286955748 : 	7C	51	8	3	0	0	0	B	
1287756108 : 	7C	51	8	9	0	0	0	5	
1290356512 : 	7D	51	8	19	0	0	80	29	
1290556524 : 	7D	51	8	1B	0	0	80	9	
1297757716 : 	7C	51	8	57	0	36	80	1	
1298957916 : 	7C	51	8	59	0	36	80	F	
1301858464 : 	7C	51	8	66	0	36	80	10	
1302358428 : 	7C	51	8	67	0	36	80	2E	
1306758964 : 	7B	52	8	71	0	36	80	23	
1306959052 : 	7B	52	8	72	0	36	80	4	
1307059180 : 	7B	52	8	72	0	36	80	13	
1307359148 : 	7B	52	8	73	0	36	80	3	
1307759328 : 	7B	52	8	74	0	36	80	2	
1308959440 : 	7B	52	8	77	0	36	80	F	
1310160320 : 	7B	52	8	7A	0	36	80	C	
1310360588 : 	7B	52	8	7A	0	36	80	2A	
1314760436 : 	7B	52	8	88	0	36	80	2B	
1315560200 : 	7B	52	8	8A	0	36	80	29	
1315860336 : 	7B	52	8	8B	0	36	80	19	
1316660364 : 	7B	52	8	8D	0	36	0	1F	
1318560880 : 	7B	52	8	93	0	0	0	2	
1319660856 : 	7B	52	8	96	0	0	0	3C	
1320160996 : 	7B	52	8	98	0	0	0	D	
1320861056 : 	7B	52	8	9B	0	0	0	37	
1322161132 : 	7B	52	8	A0	0	0	0	4	
1322461356 : 	7B	52	8	A1	0	0	0	30	
1323261540 : 	7B	52	8	A2	0	0	0	3F	
1323361588 : 	7B	52	8	A3	0	0	0	1	
1325061672 : 	7C	52	8	A9	0	0	0	19	
1325161716 : 	7C	52	8	A9	0	0	0	28	
1327462156 : 	7C	52	8	AF	0	0	0	13	
1329961412 : 	7C	52	8	B9	0	0	0	27	
1331362636 : 	7C	52	8	C1	0	0	0	0	
1333862148 : 	7C	52	8	CC	0	0	0	14	
1335362572 : 	7C	52	8	D3	0	0	0	D	
1338062764 : 	7C	52	8	E0	0	0	0	3C	
1338262768 : 	7C	52	8	E1	0	0	0	1D	
1339263052 : 	7C	52	8	E7	0	0	0	35	
1339563948 : 	7C	52	8	E8	0	0	0	25	
1340363200 : 	7C	52	8	ED	0	0	0	20	
1340763304 : 	7C	52	8	EF	0	0	0	2E	
1341863368 : 	7C	52	8	F3	0	0	0	1A	
1342063200 : 	7C	52	8	F4	0	0	0	37	
1343263572 : 	7C	52	8	F8	0	0	0	33	
1343363448 : 	7C	52	8	F8	0	0	0	6	
1344063600 : 	7C	53	8	FA	0	0	0	30	
1345464052 : 	7C	53	8	FF	0	0	0	1D	
1347164052 : 	7C	53	9	4	0	0	0	25	
1347364140 : 	7C	53	9	5	0	0	0	6	
1349165212 : 	7D	53	9	9	0	0	0	2F	
1352164600 : 	7D	53	9	14	0	0	0	5	
1352264904 : 	7D	53	9	14	0	0	0	14	
1352564952 : 	7D	53	9	15	0	0	0	4	
1354466408 : 	7D	53	9	19	0	0	0	3D	
1355065312 : 	7D	53	9	1B	0	0	0	1D	
1358165944 : 	7D	53	9	23	0	0	0	5	
1359765896 : 	7C	53	9	27	0	0	0	2	
1360166000 : 	7C	53	9	28	0	0	0	1	
1369322060 : 	7C	54	0	0	0	0	E	BA	
1370523280 : 	7C	54	0	0	0	0	E	BA	
1371023424 : 	7C	54	0	0	0	0	E	8D	
1373023552 : 	7C	54	0	0	0	0	E	8D	
1374723976 : 	7C	54	0	0	0	0	E	9C	
1379324772 : 	7C	54	0	0	0	0	E	BA	
1379524700 : 	7C	54	0	0	0	0	E	9C	
1382024884 : 	7C	54	0	7	0	0	0	2A	
1385225472 : 	7C	54	0	F	0	0	0	22	
1388126692 : 	7C	54	0	1A	0	0	0	35	
1389025908 : 	7C	54	0	1D	0	0	0	5	
1390426204 : 	7D	54	0	21	0	0	0	2D	
1393826708 : 	7D	54	0	2B	0	0	0	5	
1395627100 : 	7D	54	0	31	0	0	0	2C	
1396427284 : 	7D	54	0	33	0	0	0	2A	
1396528268 : 	7D	54	0	33	0	0	0	39	
1396827124 : 	7D	54	0	34	0	0	0	29	
1397927532 : 	7D	54	0	37	0	0	0	17	
1399127564 : 	7D	54	0	3B	0	0	0	13	
1399827544 : 	7D	54	0	3D	0	0	0	2	
1400527944 : 	7D	54	0	3F	0	0	0	3D	
1400728112 : 	7D	54	0	3F	0	0	0	1F	
1401028928 : 	7D	54	0	40	0	0	0	E	
1401928144 : 	7D	54	0	43	0	0	0	1A	
1402128148 : 	7D	54	0	43	0	0	0	38	
1403928280 : 	7D	54	0	48	0	0	0	15	
1404128288 : 	7D	54	0	48	0	0	0	33	
1404828688 : 	7D	54	0	4A	0	0	0	22	
1406028888 : 	7C	54	0	50	0	0	0	2C	
1406728856 : 	7C	54	0	53	0	0	0	1A	
1407729052 : 	7C	54	0	55	0	0	0	36	
1409028448 : 	7C	54	0	58	0	0	0	6	
1410429588 : 	7C	54	0	5F	0	0	0	2D	
1411229436 : 	7C	54	0	62	0	0	0	29	
1411529572 : 	7C	54	0	63	0	0	0	19	
1411929836 : 	7C	54	0	64	0	0	0	18	
1412928928 : 	7C	54	0	68	0	0	0	32	
1413129016 : 	7C	54	0	69	0	0	0	13	
1415130344 : 	7C	54	0	72	0	0	0	19	
1415430136 : 	7C	54	0	73	0	0	0	9	
1415730280 : 	7C	54	0	74	0	0	0	35	
1416130368 : 	7C	54	0	76	0	0	0	33	
1417230528 : 	7C	54	0	79	0	0	0	21	
1418830820 : 	7B	55	0	7E	0	0	0	2C	
1420630012 : 	7B	55	0	86	0	0	0	5	
1421230204 : 	7B	55	0	88	0	0	0	21	
1423331992 : 	7C	55	0	8F	0	0	0	38	
1424630540 : 	7C	55	0	94	0	0	0	5	
1426031684 : 	7C	55	0	99	0	0	0	2E	
1427032384 : 	7C	55	0	9D	0	0	0	C	
1427631300 : 	7C	55	0	9F	0	0	0	28	
1428731192 : 	7C	55	0	A3	0	0	0	14	
1429631684 : 	7C	55	0	A7	0	0	0	2F	
1432032084 : 	7C	55	0	B1	0	0	0	24	
1433233048 : 	7C	55	0	B7	0	0	0	2E	
1434233244 : 	7C	55	0	BA	0	0	0	D	
1434432396 : 	7C	55	0	BA	0	0	0	2B	
1436234228 : 	7C	55	0	C1	0	0	0	5	
1439733852 : 	7C	55	0	CE	0	0	0	35	
1440432888 : 	7C	55	0	D0	0	0	0	23	
1441033412 : 	7C	56	0	D1	0	0	0	3	
1443233552 : 	7C	56	0	D7	0	0	0	2B	
1444134724 : 	7C	56	0	DA	0	0	0	37	
1445935024 : 	7C	56	0	E1	0	0	0	11	
1447634172 : 	7C	56	0	E9	0	0	0	28	
1448035032 : 	7C	56	0	EB	0	0	0	26	
1449835420 : 	7C	56	0	F3	0	0	0	F	
1452636260 : 	7C	56	0	FF	0	0	0	3	
1453835092 : 	7C	56	1	3	0	0	0	D	
1453935988 : 	7C	56	1	3	0	0	0	1C	
1460235932 : 	7C	56	1	1F	0	0	0	0	
1462436244 : 	7C	56	1	28	0	0	0	24	
1462637436 : 	7C	56	1	29	0	0	0	5	
1462737400 : 	7C	56	1	2A	0	0	0	13	
1463636700 : 	7C	56	1	2C	0	0	0	20	
1464636724 : 	7C	56	1	2F	0	0	0	F	
1465136948 : 	7C	56	1	30	0	0	0	1C	
1466437192 : 	7C	56	1	33	0	0	0	28	
1466837124 : 	7C	56	1	34	0	0	0	27	
1467238148 : 	7C	56	1	35	0	0	0	26	
1469238536 : 	7C	56	1	3B	0	0	0	20	
1469438288 : 	7C	56	1	3D	0	0	0	0	
1469738252 : 	7C	56	1	3E	0	0	0	3C	
1471438764 : 	7C	56	1	45	0	0	0	7	
1471738812 : 	7C	56	1	46	0	0	0	33	
1471838772 : 	7C	56	1	46	0	0	0	6	
1472438788 : 	7C	56	1	48	0	0	0	22	
1473639156 : 	7C	56	1	4D	0	0	0	2D	
1476839748 : 	7C	56	1	59	0	0	0	20	
1480540228 : 	7D	57	1	68	0	0	0	3D	
1480840280 : 	7D	57	1	69	0	0	0	2D	
1482440484 : 	7D	57	1	6D	0	0	0	29	
1483539704 : 	7D	57	1	6F	0	0	0	18	
1488315860 : 	7D	58	0	0	0	0	E	A6	
2259952008 : 	78	59	0	0	0	0	1C	9C	
2261251828 : 	78	59	0	0	0	0	E	AA	
2261751888 : 	78	59	0	3	0	0	C	B8	
2263352004 : 	78	59	0	8	0	0	0	37	
2264651996 : 	78	59	0	C	0	0	0	6	
2265652284 : 	78	59	0	E	0	0	0	22	
2268852440 : 	78	59	0	1B	0	0	0	24	
2269452376 : 	78	59	0	1D	0	0	0	4	
2269852380 : 	77	59	0	1F	0	0	0	3	
2271352976 : 	77	59	0	26	0	0	0	38	
2271852608 : 	77	59	0	2B	0	0	0	6	
2272452532 : 	77	59	0	2F	0	0	0	20	
2272652620 : 	77	59	0	30	0	0	0	0	
2272752672 : 	77	59	0	30	0	0	0	1F	
2274752120 : 	77	59	0	37	0	0	0	18	
2275653036 : 	77	59	0	3A	0	0	0	24	
2276252804 : 	77	59	0	3D	0	0	0	3	
2276753104 : 	77	59	0	3E	0	0	0	11	
2277252904 : 	77	59	0	41	0	0	0	2C	
2278353148 : 	78	59	0	45	0	0	0	18	
2280052296 : 	78	59	0	4B	0	0	0	21	
2282153412 : 	78	59	0	58	0	0	0	32	
2285553756 : 	79	59	0	69	0	0	0	11	
2289953868 : 	79	59	0	7A	0	0	0	1F	
2291054016 : 	7A	59	0	80	0	0	0	8	
2295454212 : 	7B	59	0	99	0	0	0	D	
2297053656 : 	7B	59	0	A1	0	0	0	4	
2298054792 : 	7B	59	0	A4	0	0	0	2F	
2299854744 : 	7B	59	0	AB	0	0	0	A	
2300054752 : 	7B	59	0	AD	0	0	0	26	
2304754996 : 	7C	5A	0	C7	0	0	0	19	
2305955196 : 	7C	5A	0	CC	0	0	0	14	
2306755216 : 	7C	5A	0	CF	0	0	0	11	
2306955312 : 	7C	5A	0	D0	0	0	0	3D	
2307355232 : 	7C	5A	0	D2	0	0	0	3B	
2307455444 : 	7C	5A	0	D2	0	0	0	E	
2309455412 : 	7C	5A	0	DD	0	0	0	3	
2310655528 : 	7C	5A	0	E4	0	0	0	B	
2312155604 : 	7C	5A	0	EA	0	0	80	3A	
2312455740 : 	7C	5A	0	EB	0	0	80	2A	
2313355720 : 	7C	5A	0	EF	0	0	80	35	
2315055720 : 	7C	5A	0	F4	0	0	80	2	
2316456104 : 	7C	5A	0	F9	0	0	80	2B	
2318756196 : 	7C	5A	1	1	0	0	0	1A	
2324556680 : 	7D	5A	1	17	0	0	0	30	
2328557204 : 	7D	5A	1	36	0	0	0	3F	
2329758084 : 	7D	5A	1	3A	0	0	0	3B	
2330257120 : 	7D	5A	1	3B	0	0	0	D	
2330457216 : 	7D	5A	1	3B	0	0	0	2B	
2331557452 : 	7D	5A	1	3E	0	0	0	19	
2332657436 : 	7D	5A	1	40	0	0	0	7	
2333056680 : 	7D	5A	1	41	0	0	0	6	
2336657792 : 	7D	5A	1	52	0	0	0	4	
2336758008 : 	7D	5A	1	53	0	0	0	12	
2336958012 : 	7D	5A	1	54	0	0	0	3F	
2337057892 : 	7D	5A	1	55	0	0	0	1	
2339658208 : 	7D	5A	1	69	0	0	0	2A	
2339958340 : 	7D	5A	1	6C	0	0	80	10	
2340958452 : 	7D	5A	1	75	0	0	80	34	
2342258440 : 	7D	5A	1	80	0	0	80	B	
2345958744 : 	7D	5A	1	9D	0	0	80	1C	
2346058708 : 	7D	5A	1	9E	0	0	80	2A	
2347358100 : 	7D	5A	1	A3	0	0	80	33	
2347758876 : 	7D	5A	1	A3	0	0	80	33	
2349159080 : 	7D	5A	1	A7	0	0	80	11	
2349459048 : 	7D	5A	1	A7	0	0	80	2	
2349559176 : 	7D	5A	1	A8	0	0	80	10	
2349759180 : 	7D	5A	1	A8	0	0	80	3E	
2350159192 : 	7D	5A	1	A9	0	0	80	3D	
2350459076 : 	7D	5A	1	AA	0	0	80	2D	
2350659160 : 	7D	5A	1	AB	0	0	80	E	
2351059092 : 	7D	5A	1	AC	0	0	0	5	
2352861172 : 	7D	5A	1	B4	0	0	0	2A	
2355060460 : 	7D	5A	1	BB	0	0	0	5	
2356761396 : 	7D	5A	1	CA	0	0	0	14	
2357460948 : 	7D	5A	1	CF	0	0	0	0	
2358560676 : 	7D	5A	1	D3	0	0	0	38	
2359461080 : 	7D	5A	1	D7	0	0	0	7	
2360261100 : 	7D	5A	1	DB	0	0	0	3	
2360861372 : 	7D	5A	1	E0	0	0	0	2B	
2361061884 : 	7D	5A	1	E2	0	0	0	B	
2362261580 : 	7D	5A	1	EC	0	0	0	1	
2362761208 : 	7D	5A	1	F1	0	0	0	1A	
2362961212 : 	7D	5A	1	F3	0	0	0	36	
2363461696 : 	7D	5A	1	F9	0	0	0	3	
2364461716 : 	7D	5A	2	6	0	0	80	2A	
2367961844 : 	7D	5A	2	2D	0	0	80	12	
2368062232 : 	7D	5A	2	2E	0	0	80	20	
2371361676 : 	7D	5A	2	49	0	0	80	32	
2372862268 : 	7D	5A	2	4C	0	0	80	20	
2375262496 : 	7D	5A	2	5C	0	0	80	2F	
2375361776 : 	7D	5A	2	5D	0	0	80	3D	
2375462332 : 	7D	5A	2	5E	0	0	80	F	
2380162244 : 	7D	5A	2	7D	0	0	80	3B	
2382762384 : 	7C	5A	2	84	0	0	80	16	
2383161632 : 	7C	5A	2	86	0	0	80	14	
2383964292 : 	7C	5A	2	88	0	0	80	12	
2384062884 : 	7C	5A	2	89	0	0	80	20	
2384164460 : 	7C	5A	2	89	0	0	80	3F	
2385262916 : 	7C	5A	2	8C	0	0	80	2D	
2385362876 : 	7C	5A	2	8D	0	0	80	3B	
2385762888 : 	7C	59	2	8E	0	0	80	3B	
2385862932 : 	7C	59	2	8E	0	0	80	E	
2389263272 : 	7C	59	2	99	0	0	80	20	
2389863372 : 	7C	59	2	9B	0	0	0	8	
2391463836 : 	7C	59	2	9F	0	0	0	4	
2393364528 : 	7C	59	2	A3	0	0	0	3C	
2397864676 : 	7C	59	2	AD	0	0	0	5	
2398265196 : 	7C	59	2	AE	0	0	0	4	
2399564336 : 	7C	59	2	B0	0	0	0	10	
2399764428 : 	7C	59	2	B1	0	0	0	3D	
2400864920 : 	7C	59	2	B3	0	0	0	2C	
2405464272 : 	7C	59	2	C1	0	0	0	F	
2406864648 : 	7C	59	2	C5	0	0	0	29	
2406965292 : 	7C	59	2	C6	0	0	0	37	
2408064504 : 	7C	59	2	C9	0	0	0	25	
2408565412 : 	7C	59	2	CA	0	0	0	33	
2409564756 : 	7C	59	2	CD	0	0	0	12	
2411066112 : 	7C	59	2	D1	0	0	0	E	
2412365936 : 	7D	59	2	D5	0	0	0	18	
2415565848 : 	7D	59	2	DE	0	0	0	1F	
2417366480 : 	7D	59	2	E2	0	0	0	38	
2419165932 : 	7D	59	2	E6	0	0	0	16	
2419566712 : 	7D	59	2	E7	0	0	0	15	
2419966040 : 	7D	59	2	E8	0	0	0	14	
2420366476 : 	7D	59	2	E9	0	0	0	13	
2421766256 : 	7D	59	2	EC	0	0	0	3E	
2422266392 : 	7D	59	2	ED	0	0	0	0	
2423266588 : 	7D	59	2	F1	0	0	0	29	
2424067372 : 	7D	59	2	F7	0	0	0	23	
2427466780 : 	7D	59	3	4	0	0	0	6	
2431267380 : 	7D	59	3	1F	0	0	0	28	
2431767520 : 	7D	59	3	21	0	0	0	34	
2433867964 : 	7D	59	3	27	0	0	80	9	
2435868176 : 	7C	59	3	2D	0	0	80	4	
2436468956 : 	7C	59	3	2E	0	0	80	21	
2436669300 : 	7C	59	3	2F	0	0	80	2	
2437669240 : 	7C	59	3	31	0	0	80	2D	
2437868480 : 	7C	59	3	31	0	0	80	F	
2438669604 : 	7C	59	3	33	0	0	0	5	
2439368900 : 	7C	59	3	35	0	0	0	30	
2441369204 : 	7C	59	3	39	0	0	0	3C	
2441670708 : 	7C	59	3	3A	0	0	0	2C	
2442469956 : 	7D	59	3	3C	0	0	0	29	
2443569184 : 	7D	59	3	3E	0	0	0	18	
2445169640 : 	7D	5A	3	42	0	0	0	12	
2445270280 : 	7D	5A	3	42	0	0	0	21	
2445470540 : 	7D	5A	3	42	0	0	0	3	
2445770420 : 	7D	5A	3	43	0	0	0	3F	
2445971360 : 	7D	5A	3	43	0	0	0	11	
2446069960 : 	7D	5A	3	44	0	0	0	2F	
2446269460 : 	7D	5A	3	44	0	0	0	1	
2446770532 : 	7D	5A	3	45	0	0	0	1F	
2447669832 : 	7D	5A	3	48	0	0	0	2B	
2448169884 : 	7D	5A	3	4A	0	0	0	38	
2448870032 : 	7D	5A	3	4C	0	0	0	27	
2450469908 : 	7D	5A	3	53	0	0	0	2F	
2450870168 : 	7D	5A	3	57	0	0	0	2B	
2452370416 : 	7D	5A	3	5F	0	0	0	14	
2453671092 : 	7D	5A	3	65	0	0	0	2C	
2454471104 : 	7D	5A	3	6A	0	0	0	27	
2454670524 : 	7D	5A	3	6C	0	0	0	7	
2457770808 : 	7D	5A	3	79	0	0	0	36	
2457871536 : 	7D	5A	3	79	0	0	0	9	
2458071620 : 	7D	5A	3	7A	0	0	0	26	
2458571592 : 	7D	5A	3	7C	0	0	0	33	
2459971796 : 	7D	5A	3	82	0	0	0	1E	
2460071924 : 	7D	5A	3	82	0	0	0	2D	
2460171884 : 	7D	5A	3	82	0	0	0	3C	
2462372112 : 	7D	5A	3	8C	0	0	0	14	
2463172216 : 	7D	5A	3	93	0	0	0	1C	
2464072364 : 	7D	5A	3	9D	0	0	0	21	
2471373272 : 	7D	5A	3	E8	0	0	80	38	
2472373804 : 	7D	5A	3	F3	0	0	80	1E	
2473273536 : 	7D	5A	3	FE	0	0	80	22	
2473773672 : 	7D	5A	4	3	0	0	80	3A	
2474273724 : 	7D	5A	4	A	0	0	80	6	
2480574096 : 	7C	5A	4	33	0	0	80	38	
2482475204 : 	7C	5A	4	44	0	0	80	27	
2484475256 : 	7C	5A	4	47	0	0	80	24	
2485676228 : 	7C	5A	4	4A	0	0	80	21	
2486775696 : 	7C	5A	4	4D	0	0	80	1F	
2487475584 : 	7C	5A	4	4F	0	0	80	E	
2489676236 : 	7C	5A	4	55	0	0	80	25	
2489976540 : 	7C	5A	4	56	0	0	80	15	
2490376128 : 	7C	5A	4	57	0	0	0	1C	
2490976224 : 	7C	5A	4	59	0	0	0	38	
2491376236 : 	7C	5A	4	5B	0	0	0	36	
2491676284 : 	7C	5A	4	5B	0	0	0	27	
2492276472 : 	7C	5A	4	5D	0	0	0	7	
2493176620 : 	7C	5A	4	60	0	0	0	12	
2494477632 : 	7C	5A	4	64	0	0	0	2D	
2496076828 : 	7C	5A	4	6A	0	0	0	27	
2496577132 : 	7C	5A	4	6B	0	0	0	35	
2497276940 : 	7C	5A	4	6D	0	0	0	24	
2499077404 : 	7C	5A	4	72	0	0	0	0	
2501677728 : 	7C	5A	4	77	0	0	0	29	
2504478052 : 	7D	5A	4	7D	0	0	0	22	
2506478440 : 	7D	5A	4	81	0	0	0	2D	
2507478464 : 	7D	5A	4	83	0	0	0	D	
2509478948 : 	7D	5A	4	88	0	0	0	8	
2509678860 : 	7D	5A	4	89	0	0	0	25	
2511578192 : 	7D	5A	4	95	0	0	0	19	
2512178208 : 	7D	5A	4	98	0	0	0	34	
2513679392 : 	7C	5A	4	A1	0	0	0	2C	
2514778692 : 	7C	5A	4	A4	0	0	0	1A	
2516079620 : 	7C	5A	4	B1	0	0	0	2B	
2517679912 : 	7C	5A	4	BC	0	0	0	20	
2517980132 : 	7C	5A	4	BF	0	0	0	1E	
2518378780 : 	7C	5A	4	C3	0	0	0	19	
2519580424 : 	7C	5A	4	CE	0	0	0	1E	
2522979576 : 	7D	5A	4	E0	0	0	80	3F	
2523480820 : 	7D	5A	4	E2	0	0	80	0	
2524880856 : 	7D	5A	4	E9	0	0	80	27	
2525681132 : 	7D	5A	4	EB	0	0	80	25	
2530081752 : 	7D	5A	4	F8	0	0	80	27	
2531081948 : 	7D	5A	4	FB	0	0	80	6	
2531380720 : 	7D	5A	4	FC	0	0	80	32	
2531780900 : 	7D	5A	4	FE	0	0	80	30	
2531981076 : 	7D	5A	4	FF	0	0	80	11	
2532582456 : 	7D	5A	5	2	0	0	80	3A	
2533082080 : 	7D	5A	5	4	0	0	80	B	
2534082104 : 	7D	5A	5	8	0	0	80	25	
2534882472 : 	7D	5A	5	C	0	0	80	21	
2535381500 : 	7D	5A	5	F	0	0	80	3D	
2535581420 : 	7D	5A	5	11	0	0	80	1C	
2535982452 : 	7D	5A	5	15	0	0	80	18	
2536082504 : 	7D	5A	5	15	0	0	80	27	
2539983060 : 	7E	5A	5	2C	0	0	80	1F	
2542783648 : 	7E	5A	5	39	0	0	80	11	
2548383440 : 	7E	5A	5	4E	0	0	80	1B	
2549585428 : 	7E	5A	5	51	0	0	80	17	
2550884820 : 	7E	5A	5	5B	0	0	80	2C	
2552385072 : 	7E	5A	5	62	0	0	80	15	
2553785104 : 	7E	5A	5	67	0	0	80	3E	
2553985204 : 	7E	5A	5	68	0	0	80	1F	
2556785520 : 	7E	5A	5	71	0	0	80	15	
2557285320 : 	7E	5A	5	73	0	0	80	22	
2557485580 : 	7E	5A	5	74	0	0	80	3	
2558885788 : 	7E	5A	5	7A	0	0	80	2B	
2559485888 : 	7E	5A	5	7C	0	0	80	B	
2563086492 : 	7F	5A	5	91	0	0	80	3	
2564686612 : 	7F	5A	5	98	0	0	80	C	
2566387036 : 	7F	5A	5	9F	0	0	80	14	
2567287100 : 	7F	5A	5	A6	0	0	80	2B	
2570187640 : 	7E	5A	5	C1	0	0	0	36	
2571287796 : 	7E	5A	5	CA	0	0	80	26	
2571787852 : 	7E	5A	5	CC	0	0	80	33	
2573788072 : 	7E	5A	5	D1	0	0	80	3D	
2575688332 : 	7E	5A	5	D5	0	0	80	2A	
2577388676 : 	7E	5A	5	D9	0	0	80	35	
2577788764 : 	7E	5A	5	DA	0	0	80	34	
2579889968 : 	7E	5A	5	DF	0	0	0	A	
2583489636 : 	7E	5A	5	ED	0	0	0	B	
2584289564 : 	7E	5A	5	F4	0	0	0	3	
2584789792 : 	7E	5A	5	F9	0	0	0	1D	
2584889664 : 	7E	5A	5	FB	0	0	0	2A	
2585089756 : 	7E	5A	5	FD	0	0	0	A	
2585389808 : 	7E	5A	6	1	0	0	0	31	
2586489968 : 	7E	5A	6	12	0	0	0	20	
2587090144 : 	7E	5A	6	1B	0	0	0	9	
2587190192 : 	7E	5A	6	1D	0	0	0	16	
2587289216 : 	7E	5A	6	1F	0	0	80	2B	
2588090516 : 	7E	5A	6	29	0	0	80	20	
2592491044 : 	7F	5A	6	3D	0	0	80	2A	
2595490780 : 	7F	5A	6	53	0	0	80	4	
2596291564 : 	7F	5A	6	59	0	0	80	E	
2602593472 : 	7E	5A	6	70	0	0	80	33	
2603693204 : 	7E	5A	6	75	0	0	80	2F	
2606193816 : 	7E	5A	6	88	0	0	80	3A	
2607093708 : 	7E	5A	6	8C	0	0	80	9	
2607794196 : 	7F	5A	6	8E	0	0	80	33	
2609193548 : 	7F	5A	6	94	0	0	80	1E	
2612594828 : 	7F	5A	6	A6	0	0	80	39	
2613294624 : 	7F	5A	6	A7	0	0	80	29	
2613795020 : 	7F	5A	6	A9	0	0	80	36	
2616995272 : 	7E	5A	6	B2	0	0	80	3D	
2617095144 : 	7E	5A	6	B3	0	0	80	F	
2620895332 : 	7E	5A	6	BF	0	0	80	21	
2622095532 : 	7E	5A	6	C2	0	0	0	25	
2622695288 : 	7E	5A	6	C3	0	0	0	6	
2623095124 : 	7E	5A	6	C4	0	0	0	5	
2625695876 : 	7E	5A	6	CC	0	0	0	2B	
2626496060 : 	7E	5A	6	CE	0	0	0	29	
2627296428 : 	7E	5A	6	D1	0	0	0	25	
2628996504 : 	7F	5A	6	D6	0	0	0	3E	
2630396540 : 	7F	5A	6	DE	0	0	0	18	
2631496696 : 	7F	5A	6	E1	0	0	0	5	
2631696276 : 	7F	5A	6	E1	0	0	0	23	
2632296292 : 	7F	5A	6	E3	0	0	0	3	
2633797136 : 	7F	5A	6	ED	0	0	0	36	
2634397152 : 	7F	5A	6	EE	0	0	0	17	
2635597776 : 	7F	5A	6	F2	0	0	0	12	
2636697592 : 	7F	5A	6	F5	0	0	0	0	
2636897596 : 	7F	5A	6	F6	0	0	0	2D	
2638397844 : 	7F	5A	6	FB	0	0	0	19	
2639297996 : 	7F	5A	6	FE	0	0	0	25	
2639598048 : 	7F	5A	6	FF	0	0	0	15	
2640898376 : 	7F	5A	7	2	0	0	0	2F	
2641198596 : 	7F	5A	7	3	0	0	0	1F	
2642598716 : 	7F	5A	7	6	0	0	0	3A	
2642898596 : 	7F	5A	7	7	0	0	0	2A	
2643698708 : 	7F	5A	7	8	0	0	0	29	
2645699260 : 	7F	5A	7	D	0	0	0	24	
2645999140 : 	7F	5A	7	E	0	0	0	14	
2646098504 : 	7F	5A	7	E	0	0	0	23	
2647799440 : 	7F	5A	7	12	0	0	0	3D	
2648999556 : 	7F	5A	7	14	0	0	0	3B	
2649498932 : 	7F	5A	7	16	0	0	0	C	
2650699556 : 	7F	5A	7	19	0	0	0	9	
2652899184 : 	7F	5A	7	1F	0	0	0	21	
2656099692 : 	7F	5B	7	2E	0	0	0	20	
2657000860 : 	7F	5B	7	31	0	0	0	3B	
2658501028 : 	7F	5B	7	36	0	0	0	27	
2659401344 : 	7F	5B	7	3D	0	0	0	3F	
2659700292 : 	7F	5B	7	3F	0	0	0	2E	
2660201280 : 	7F	5B	7	40	0	0	0	3B	
2662601596 : 	80	5B	7	4D	0	0	0	3C	
2663400852 : 	80	5B	7	50	0	0	0	38	
2668001560 : 	7F	5B	7	65	0	0	0	16	
2671002996 : 	7F	5B	7	6B	0	0	0	3E	
2671502464 : 	7F	5B	7	6D	0	0	0	F	
2672102132 : 	7F	5B	7	72	0	0	0	27	
2672302144 : 	7F	5B	7	73	0	0	0	8	
2674903732 : 	7F	5B	7	83	0	0	0	25	
2676102740 : 	7F	5C	7	8A	0	0	0	2D	
2677302940 : 	7F	5C	7	8E	0	0	80	21	
2678203004 : 	7F	5C	7	91	0	0	80	3C	
2679104260 : 	80	5C	7	98	0	0	80	6	
2679304356 : 	80	5C	7	99	0	0	80	23	
2680303524 : 	80	5C	7	9F	0	0	80	F	
2684104132 : 	80	5C	7	AD	0	0	80	2E	
2685004196 : 	80	5C	7	AE	0	0	80	3C	
2685204200 : 	80	5C	7	AF	0	0	80	1D	
2686604492 : 	7F	5C	7	B4	0	0	80	37	
2686904540 : 	7F	5C	7	B6	0	0	80	26	
2688704840 : 	7F	5C	7	C8	0	0	80	5	
2689104944 : 	7F	5C	7	CE	0	0	80	F	
2692105520 : 	7F	5C	7	EC	0	0	80	2D	
2693106224 : 	7F	5C	7	EF	0	0	80	C	
2693406444 : 	7F	5C	7	F0	0	0	80	37	
2693805436 : 	7F	5C	7	F1	0	0	80	36	
2694005696 : 	7F	5C	7	F1	0	0	80	18	
2694505752 : 	7F	5C	7	F3	0	0	80	25	
2694706692 : 	7F	5C	7	F4	0	0	80	6	
2695006824 : 	7F	5C	7	F4	0	0	80	33	
2695806004 : 	7F	5C	7	F7	0	0	80	30	
2697706340 : 	7F	5C	7	FD	0	0	80	2B	
2698107036 : 	7F	5C	7	FE	0	0	80	2A	
2698206140 : 	7F	5C	7	FE	0	0	80	39	
2698406400 : 	7F	5C	7	FE	0	0	80	1B	
2699107488 : 	7F	5C	8	0	0	0	80	8	
2700507516 : 	7F	5C	8	D	0	0	80	29	
2701307620 : 	7F	5C	8	11	0	0	80	24	
2701407920 : 	7F	5C	8	12	0	0	80	32	
2701707800 : 	7F	5C	8	15	0	0	80	20	
2701806748 : 	7F	5C	8	15	0	0	80	3F	
2702506884 : 	7F	5B	8	1A	0	0	80	2C	
2702908000 : 	7F	5B	8	1E	0	0	80	28	
2703007960 : 	7F	5B	8	1F	0	0	80	36	
2703108004 : 	7F	5B	8	1F	0	0	80	9	
2703508016 : 	7F	5B	8	23	0	0	80	4	
2703808152 : 	7F	5B	8	26	0	0	80	3E	
2704308120 : 	7F	5B	8	2A	0	0	80	D	
2704507276 : 	7F	5B	8	2B	0	0	80	2A	
2705607516 : 	7F	5B	8	30	0	0	80	15	
2705807352 : 	7F	5B	8	31	0	0	80	32	
2706307492 : 	7F	5B	8	31	0	0	80	5	
2706407544 : 	7F	5B	8	31	0	0	80	14	
2706607456 : 	7F	5B	8	32	0	0	80	31	
2706707592 : 	7F	5B	8	32	0	0	80	4	
2708008256 : 	7F	5B	8	35	0	0	80	10	
2714609864 : 	7F	5B	8	64	0	0	80	3C	
2716210076 : 	7F	5B	8	6A	0	0	80	36	
2716410168 : 	7F	5B	8	6B	0	0	80	17	
2717309296 : 	7F	5B	8	6C	0	0	80	25	
2720710832 : 	7F	5B	8	74	0	0	80	E	
2721910864 : 	7F	5B	8	79	0	0	80	9	
2723211184 : 	7F	5B	8	7E	0	0	80	13	
2723311060 : 	7F	5B	8	7F	0	0	80	21	
2723411360 : 	7E	5B	8	80	0	0	80	3F	
2725510692 : 	7E	5A	8	8D	0	0	80	6	
2726512584 : 	7E	5A	8	94	0	0	80	2C	
2728212076 : 	7E	5A	8	9A	0	0	80	35	
2731312288 : 	7E	5A	8	A2	0	0	80	2D	
2731512288 : 	7E	5A	8	A2	0	0	80	F	
2732712656 : 	7E	5A	8	A7	0	0	80	A	
2733512768 : 	7E	5A	8	A9	0	0	80	8	
2733712764 : 	7E	5A	8	AA	0	0	0	2D	
2734713044 : 	7F	5A	8	AD	0	0	0	B	
2740412720 : 	7F	5A	8	CD	0	0	0	18	
2741914248 : 	7F	5A	8	D6	0	0	0	F	
2743814420 : 	7E	5A	8	E0	0	0	0	32	
2743914556 : 	7E	5A	8	E1	0	0	0	4	
2746314952 : 	7E	5A	8	E7	0	0	80	6	
2746514956 : 	7E	5A	8	E8	0	0	80	23	
2746814920 : 	7E	5A	8	EA	0	0	80	12	
2748915272 : 	7E	5A	8	F2	0	0	80	28	
2749014132 : 	7E	5A	8	F2	0	0	80	37	
2749515200 : 	7E	5A	8	F3	0	0	80	9	
2751414448 : 	7E	5A	8	F9	0	0	80	30	
2752216084 : 	7E	5A	8	FD	0	0	80	3C	
2752416252 : 	7E	5A	8	FF	0	0	80	1C	
2752615744 : 	7E	5A	9	0	0	0	80	37	
2753616032 : 	7E	5A	9	6	0	0	80	13	
2756015408 : 	7F	5A	9	E	0	0	80	1A	
2756716664 : 	7F	5A	9	10	0	0	80	8	
2757316416 : 	7F	5A	9	12	0	0	80	24	
2757516592 : 	7F	5A	9	12	0	0	80	6	
2758016816 : 	7F	5A	9	14	0	0	80	13	
2758316612 : 	7F	5A	9	14	0	0	80	4	
2758716620 : 	7F	5A	9	16	0	0	80	2	
2758916712 : 	7F	5A	9	16	0	0	80	20	
2759416856 : 	7F	5A	9	18	0	0	80	3D	
2761217156 : 	7F	5A	9	1E	0	0	0	11	
2762417436 : 	7F	5A	9	21	0	0	0	1D	
2762817444 : 	7F	5A	9	23	0	0	0	1B	
2763217624 : 	7F	5A	9	24	0	0	0	1A	
2763517592 : 	7F	5A	9	25	0	0	0	A	
2764017644 : 	7F	5A	9	26	0	0	0	18	
2764216716 : 	7F	5A	9	27	0	0	0	35	
2768317632 : 	7F	5A	9	35	0	0	0	9	
2769818732 : 	7F	5A	9	38	0	0	0	33	
2771118800 : 	7F	5A	9	3C	0	0	0	2	
2771318812 : 	7E	5A	9	3C	0	0	0	21	
2771518812 : 	7E	5A	9	3D	0	0	0	2	
2772019036 : 	7E	5A	9	3E	0	0	0	10	
2772319000 : 	7E	5A	9	3F	0	0	0	0	
2774019340 : 	7E	5A	9	43	0	0	0	1A	
2774719400 : 	7E	5A	9	46	0	0	0	8	
2775119412 : 	7E	5A	9	49	0	0	0	5	
2778720012 : 	7E	5A	9	57	0	0	0	6	
2780520056 : 	7E	5A	9	5E	0	0	0	2D	
2783520724 : 	7F	5A	9	6A	0	0	0	1	
2783620940 : 	7F	5A	9	6A	0	0	0	10	
2788296940 : 	7F	5B	0	0	0	0	E	B0	
2788896276 : 	7F	5B	0	0	0	0	E	92	
2789096364 : 	7F	5B	0	0	0	0	E	B0	
2789996260 : 	7F	5B	0	0	0	0	E	83	
2790096560 : 	7F	5B	0	0	0	0	E	92	
