556942948 : 	2	19	
561163028 : 	2	37	
562771484 : 	2	37	
565482304 : 	2	28	
569601828 : 	2	37	
569900184 : 	2	28	
571710680 : 	2	A	
571911284 : 	2	28	
572816360 : 	2	37	
573317520 : 	2	A	
575226972 : 	2	37	
585676348 : 	2	37	
588287548 : 	2	19	
589192208 : 	2	28	
589392720 : 	2	A	
591904980 : 	2	19	
593411944 : 	2	A	
597732836 : 	22	35	
603161528 : 	22	17	
605068676 : 	22	8	
605772984 : 	22	35	
608284740 : 	22	8	
609389736 : 	22	35	
610193324 : 	22	35	
611498840 : 	22	8	
612302768 : 	22	8	
614312004 : 	22	8	
615316956 : 	22	26	
617125328 : 	22	8	
619134900 : 	22	8	
714125340 : 	2	28	
717342328 : 	2	28	
718353576 : 	2	A	
720759668 : 	2	A	
721061760 : 	2	37	
725482540 : 	2	37	
727693120 : 	22	17	
731310464 : 	22	17	
733819324 : 	22	26	
733920136 : 	22	35	
734522700 : 	22	17	
735023860 : 	22	26	
735224800 : 	22	8	
737233092 : 	22	8	
739546624 : 	22	35	
739847524 : 	22	26	
741757304 : 	22	17	
744272036 : 	22	26	
748286748 : 	22	26	
748991824 : 	22	17	
750195084 : 	22	17	
751400640 : 	22	17	
753811068 : 	22	17	
755723908 : 	22	8	
756222180 : 	22	17	
757430540 : 	22	17	
760744860 : 	22	26	
762553064 : 	22	8	
767679072 : 	22	35	
769386300 : 	22	8	
772199628 : 	22	8	
774612440 : 	22	8	
784456804 : 	22	26	
786668328 : 	22	8	
789316332 : 	22	26	
800131904 : 	22	26	
801335760 : 	22	26	
801638956 : 	22	17	
802845188 : 	22	17	
807366592 : 	22	26	
808169604 : 	22	26	
808571724 : 	22	26	
810683556 : 	22	35	
812794440 : 	22	8	
816007864 : 	22	8	
816810348 : 	22	8	
818316976 : 	22	35	
819629968 : 	22	8	
820126200 : 	22	17	
820729104 : 	22	35	
822034620 : 	22	8	
823742268 : 	22	17	
824058984 : 	22	8	
829168244 : 	22	35	
830170904 : 	22	17	
832490980 : 	22	8	
835599684 : 	22	35	
839016940 : 	22	17	
839317160 : 	22	8	
841428644 : 	22	17	
846954324 : 	22	8	
847155356 : 	22	26	
851677604 : 	22	35	
851777224 : 	22	8	
852980652 : 	22	8	
853584496 : 	22	26	
853992836 : 	22	26	
854690004 : 	22	17	
854789880 : 	22	26	
854991076 : 	22	8	
860619008 : 	22	8	
861825172 : 	22	8	
861926392 : 	22	17	
864036604 : 	22	26	
865845064 : 	22	8	
868457552 : 	22	26	
870570300 : 	22	35	
871972976 : 	22	17	
872877540 : 	22	26	
873079160 : 	22	8	
874485916 : 	22	26	
875189796 : 	22	17	
877500440 : 	22	8	
878909140 : 	22	26	
880415256 : 	22	17	
880817728 : 	22	17	
881123304 : 	22	8	
891069324 : 	22	35	
895792280 : 	22	26	
899810128 : 	22	26	
903526584 : 	22	35	
908552720 : 	22	17	
910058492 : 	22	8	
917093440 : 	22	26	
923538564 : 	22	26	
925332740 : 	22	8	
928852000 : 	22	35	
932367932 : 	22	26	
932669940 : 	22	17	
932769304 : 	22	26	
933675236 : 	22	35	
934779724 : 	22	26	
935180668 : 	22	26	
938096684 : 	22	35	
938395456 : 	22	26	
941511468 : 	22	17	
942817496 : 	22	26	
947138384 : 	22	17	
951861068 : 	22	8	
954270224 : 	22	8	
954773424 : 	22	17	
955475356 : 	22	8	
956078600 : 	22	26	
960602468 : 	22	35	
963619204 : 	22	17	
966031512 : 	22	17	
966834840 : 	22	17	
967236124 : 	22	17	
969951380 : 	22	8	
971155572 : 	22	8	
983216380 : 	22	8	
984221928 : 	22	26	
985126244 : 	22	35	
988040384 : 	22	8	
989345820 : 	22	17	
989747864 : 	22	17	
991757520 : 	22	17	
992563404 : 	22	17	
993465680 : 	22	26	
994873704 : 	22	8	
999595880 : 	22	35	
1000698328 : 	22	26	
1001201704 : 	22	35	
1001703964 : 	22	8	
1004216564 : 	22	17	
1007432368 : 	22	17	
1010848096 : 	22	35	
1011049120 : 	22	17	
1013259628 : 	22	35	
1015672268 : 	22	35	
1016677308 : 	22	17	
1018486880 : 	22	35	
1023712164 : 	22	35	
1024315416 : 	22	17	
1027430828 : 	22	8	
1029038008 : 	22	8	
1029540188 : 	22	17	
1034766668 : 	22	17	
1040490824 : 	22	26	
1044411788 : 	22	17	
1046020584 : 	22	17	
1047225380 : 	22	17	
1049635720 : 	22	17	
1051443500 : 	22	35	
1052347388 : 	22	8	
1056063844 : 	22	17	
1056968760 : 	22	26	
1057205564 : 	22	8	
1059881872 : 	22	35	
1063500156 : 	22	35	
1065408672 : 	22	26	
1065912708 : 	22	35	
1070536964 : 	22	17	
1072544924 : 	22	17	
1073867180 : 	22	26	
1076865384 : 	22	8	
1077367648 : 	22	17	
1077971404 : 	22	35	
1090227640 : 	22	17	
1096255072 : 	22	17	
1100476004 : 	22	35	
1104295904 : 	22	17	
1104395864 : 	22	26	
1108212704 : 	22	8	
1119467560 : 	22	8	
1119870708 : 	22	8	
1120372972 : 	22	17	
1124894124 : 	22	26	
1127406732 : 	22	35	
1129617232 : 	22	17	
1130019368 : 	22	17	
1134842440 : 	22	17	
1135644500 : 	22	17	
1136949760 : 	22	26	
1137552920 : 	22	8	
1138155316 : 	22	26	
1139062776 : 	22	35	
1140366588 : 	22	8	
1143482180 : 	22	35	
1145791036 : 	22	26	
1146695348 : 	22	35	
1146896120 : 	22	17	
1147196168 : 	22	8	
1147396940 : 	22	26	
1150010348 : 	22	8	
1150715592 : 	22	35	
1151016076 : 	22	26	
1152423244 : 	22	8	
1155436584 : 	22	26	
1156945668 : 	22	17	
1157949096 : 	22	35	
1162068532 : 	22	8	
1164580792 : 	22	17	
1165687152 : 	22	8	
1166591048 : 	22	17	
1167093224 : 	22	26	
1168603332 : 	22	17	
1173927732 : 	22	26	
1174028628 : 	22	35	
1174329868 : 	22	26	
1175534488 : 	22	26	
1176941408 : 	22	8	
1178146452 : 	22	8	
1178349092 : 	22	26	
1181766264 : 	22	8	
1181966360 : 	22	26	
1182168316 : 	22	8	
1186588228 : 	22	8	
1186889724 : 	22	35	
1187292300 : 	22	35	
1187593276 : 	22	26	
1191211380 : 	22	26	
1193422916 : 	22	8	
1195132344 : 	22	17	
1201335404 : 	22	26	
1201462384 : 	22	8	
1202868704 : 	22	26	
1206183448 : 	22	35	
1208392088 : 	22	17	
1209898132 : 	22	8	
1211204744 : 	22	17	
1211806892 : 	22	35	
1216728636 : 	22	8	
1217934700 : 	22	8	
1221149400 : 	22	8	
1224267452 : 	22	35	
1227683180 : 	22	17	
1228988356 : 	22	26	
1231199712 : 	22	8	
1233311708 : 	22	17	
1233812360 : 	22	26	
1234214492 : 	22	26	
1235822780 : 	22	26	
1236439120 : 	22	8	
1239140756 : 	22	35	
1241853444 : 	22	26	
1243159468 : 	22	35	
1245871904 : 	22	26	
1252606368 : 	22	17	
1255115832 : 	22	26	
1256223204 : 	22	17	
1256625340 : 	22	17	
1258633040 : 	22	17	
1260342308 : 	22	26	
1269388436 : 	22	8	
1272504448 : 	22	35	
1275818256 : 	22	8	
1276422432 : 	22	26	
1279736500 : 	22	35	
1280037060 : 	22	26	
1280639540 : 	22	8	
1281444744 : 	22	8	
1282952388 : 	22	35	
1287473028 : 	22	8	
1287776736 : 	22	35	
1288177252 : 	22	35	
1291794176 : 	22	35	
1296013332 : 	22	17	
1302643064 : 	22	35	
1303146092 : 	22	8	
1304854340 : 	22	17	
1305457412 : 	22	35	
1307564308 : 	22	8	
1309675792 : 	22	17	
1309976352 : 	22	8	
1317011804 : 	22	26	
1319923564 : 	22	35	
1322636084 : 	22	26	
1329973292 : 	22	35	
1331379016 : 	22	17	
1331580124 : 	22	35	
1332384052 : 	22	35	
1332484016 : 	22	8	
1333903852 : 	22	26	
1334104368 : 	22	8	
1338124612 : 	22	8	
1340522976 : 	22	8	
1341728444 : 	22	8	
1342231572 : 	22	17	
1342732888 : 	22	26	
1343134344 : 	22	26	
1344942296 : 	22	8	
1345544688 : 	22	26	
1346648584 : 	22	17	
1350367420 : 	22	26	
1350870620 : 	22	35	
1351272752 : 	22	35	
1352277880 : 	22	17	
1352979300 : 	22	8	
1353482412 : 	22	17	
1357700120 : 	22	35	
1358906264 : 	22	35	
1360914304 : 	22	35	
1361240364 : 	22	26	
1370565496 : 	20	19	
1371568836 : 	20	37	
1382019756 : 	0	39	
1382421124 : 	0	39	
1385032408 : 	0	1B	
1395684272 : 	20	37	
1397490520 : 	20	19	
1398997400 : 	20	A	
1402716328 : 	20	19	
1402851556 : 	20	28	
1406032172 : 	20	28	
1407438752 : 	20	A	
1411484324 : 	20	A	
1412764084 : 	20	19	
1413064820 : 	20	A	
1414773228 : 	20	19	
1416280024 : 	20	A	
1421102500 : 	20	A	
1421303524 : 	20	28	
1425120960 : 	20	A	
1426125920 : 	20	28	
1429643392 : 	20	19	
1429943860 : 	20	A	
1431048944 : 	20	37	
1433258776 : 	20	19	
1435470392 : 	20	37	
1436877736 : 	20	19	
1436976760 : 	20	28	
1437279784 : 	20	19	
1439390336 : 	20	28	
1440295416 : 	20	37	
1440395304 : 	20	A	
1442204776 : 	20	28	
1445721900 : 	20	19	
1454061680 : 	20	A	
1459888680 : 	20	28	
1461597944 : 	20	37	
1463808284 : 	20	19	
1466620008 : 	20	19	
1470136456 : 	20	A	
1472748840 : 	20	28	
1476263760 : 	20	19	
1477269580 : 	20	37	
1478975004 : 	20	A	
1479578248 : 	20	28	
1480683504 : 	20	19	
1486157596 : 	0	2A	
1487365616 : 	20	28	
1488672152 : 	20	37	
1489476592 : 	20	37	
2259896304 : 	2	28	
2260500228 : 	2	A	
2260603248 : 	2	19	
2260702528 : 	2	28	
2265722888 : 	2	A	
2269242400 : 	2	37	
2277881368 : 	2	19	
2282301196 : 	2	19	
2282400648 : 	2	28	
2283103684 : 	2	19	
2285915908 : 	2	19	
2286720688 : 	2	19	
2287423644 : 	2	A	
2287926160 : 	2	19	
2289246548 : 	2	28	
2291143840 : 	2	19	
2292346836 : 	2	19	
2293666208 : 	2	28	
2294255344 : 	2	A	
2295963420 : 	2	19	
2298087056 : 	2	28	
2301386672 : 	22	35	
2304197284 : 	22	35	
2304497764 : 	22	26	
2307528604 : 	22	8	
2310629572 : 	22	35	
2311548168 : 	22	8	
2312839660 : 	22	17	
2313742528 : 	22	26	
2314849320 : 	22	17	
2315753456 : 	22	26	
2315968336 : 	22	8	
2316057248 : 	22	17	
2317260940 : 	22	17	
2321980564 : 	22	8	
2324610208 : 	22	26	
2327507684 : 	22	35	
2329231404 : 	22	8	
2329717936 : 	22	17	
2330017916 : 	22	8	
2330419188 : 	22	8	
2333535712 : 	22	35	
2333649960 : 	22	8	
2337049444 : 	22	26	
2340163332 : 	22	17	
2340764196 : 	22	35	
2343074328 : 	22	26	
2343878940 : 	22	26	
2345989404 : 	22	35	
2347395644 : 	22	17	
2350710216 : 	22	26	
2351413424 : 	22	17	
2353221728 : 	22	35	
2354226924 : 	22	17	
2354527824 : 	22	8	
2356740544 : 	22	26	
2357341748 : 	22	8	
2357643924 : 	22	35	
2358344840 : 	22	26	
2360757308 : 	22	26	
2362766532 : 	22	26	
2363772508 : 	22	8	
2365282368 : 	22	35	
2366987888 : 	22	8	
2368192848 : 	22	8	
2368695384 : 	22	17	
2377132552 : 	22	17	
2378739052 : 	22	17	
2379543920 : 	22	17	
2383159476 : 	22	17	
2385772716 : 	22	35	
2387277728 : 	22	26	
2389890032 : 	22	8	
2390693368 : 	22	8	
2392200076 : 	22	35	
2392401444 : 	22	17	
2394006836 : 	22	17	
2397521504 : 	22	8	
2397823764 : 	22	35	
2398425988 : 	22	17	
2401239656 : 	22	17	
2402142444 : 	22	26	
2407968860 : 	22	8	
2408974232 : 	22	26	
2409477348 : 	22	35	
2411888116 : 	22	35	
2413797304 : 	22	26	
2415907596 : 	22	35	
2416208584 : 	22	26	
2417113916 : 	22	35	
2417430796 : 	22	26	
2419726732 : 	22	17	
2427564500 : 	22	35	
2428368684 : 	22	35	
2428769884 : 	22	35	
2428869680 : 	22	8	
2430980228 : 	22	17	
2432589188 : 	22	17	
2434111196 : 	22	8	
2435702828 : 	22	8	
2437912824 : 	22	26	
2438416616 : 	22	35	
2438730868 : 	22	26	
2443553000 : 	22	26	
2447591772 : 	22	26	
2447791864 : 	22	8	
2450672596 : 	22	17	
2452078760 : 	22	35	
2454890892 : 	22	35	
2455694056 : 	22	35	
2457102252 : 	22	17	
2457403916 : 	22	8	
2461018800 : 	22	8	
2462426400 : 	22	26	
2463631448 : 	22	26	
2464835892 : 	22	26	
2465640592 : 	22	26	
2465898052 : 	22	8	
2467147976 : 	22	17	
2474180964 : 	22	35	
2475488772 : 	22	8	
2478100400 : 	22	26	
2480410788 : 	22	17	
2482821044 : 	22	17	
2483122964 : 	22	8	
2488448296 : 	22	17	
2489250700 : 	22	17	
2494377304 : 	22	8	
2496688288 : 	22	35	
2497390644 : 	22	26	
2497491028 : 	22	35	
2499500932 : 	22	35	
2501110408 : 	22	35	
2503321004 : 	22	17	
2506034456 : 	22	8	
2506135624 : 	22	17	
2507741852 : 	22	17	
2508243104 : 	22	26	
2510152452 : 	22	17	
2510959104 : 	22	17	
2513771500 : 	22	17	
2514675472 : 	22	26	
2515881708 : 	22	26	
2516082904 : 	22	8	
2517087604 : 	22	26	
2518092304 : 	22	8	
2518694360 : 	22	26	
2520903932 : 	22	8	
2524120588 : 	22	8	
2527234392 : 	22	35	
2528238836 : 	22	17	
2528539668 : 	22	8	
2529042768 : 	22	17	
2531555284 : 	22	26	
2531857884 : 	22	17	
2532158356 : 	22	8	
2532359468 : 	22	26	
2541003120 : 	22	8	
2542409528 : 	22	26	
2543012432 : 	22	8	
2543615932 : 	22	26	
2546129296 : 	22	35	
2548238064 : 	22	8	
2548640028 : 	22	8	
2548942204 : 	22	35	
2553562380 : 	22	17	
2553763488 : 	22	35	
2556274216 : 	22	8	
2558084380 : 	22	26	
2559692324 : 	22	26	
2562003472 : 	22	17	
2562318060 : 	22	8	
2568933692 : 	22	26	
2569536428 : 	22	8	
2573457392 : 	22	35	
2574965292 : 	22	26	
2575568284 : 	22	8	
2576974100 : 	22	26	
2579586316 : 	22	8	
2579801368 : 	22	26	
2583910444 : 	22	35	
2588028264 : 	22	8	
2588732744 : 	22	35	
2590742992 : 	22	35	
2592275548 : 	22	26	
2593757176 : 	22	17	
2596671404 : 	22	26	
2597072688 : 	22	26	
2601394596 : 	22	17	
2607824084 : 	22	17	
2608727208 : 	22	26	
2611938932 : 	22	26	
2612139620 : 	22	8	
2615354828 : 	22	8	
2618871964 : 	22	35	
2621083064 : 	22	17	
2621785672 : 	22	8	
2622589856 : 	22	8	
2628616188 : 	22	8	
2629820640 : 	22	8	
2630123832 : 	22	35	
2633941692 : 	22	17	
2635348952 : 	22	35	
2638765020 : 	22	17	
2642281808 : 	22	8	
2645095224 : 	22	8	
2647005936 : 	22	35	
2648010816 : 	22	17	
2649014572 : 	22	35	
2656165540 : 	22	26	
2657154256 : 	22	8	
2658560668 : 	22	26	
2661475496 : 	22	35	
2662177164 : 	22	26	
2663181864 : 	22	8	
2665191944 : 	22	8	
2665593312 : 	22	8	
2668004848 : 	22	8	
2672829108 : 	22	8	
2677468068 : 	22	26	
2678559552 : 	22	17	
2678859432 : 	22	8	
2683784760 : 	22	17	
2683985104 : 	22	35	
2684386984 : 	22	35	
2685727264 : 	22	8	
2693229276 : 	22	35	
2696947944 : 	22	8	
2698758196 : 	22	26	
2699260968 : 	22	35	
2700064468 : 	22	35	
2700263964 : 	22	17	
2700667884 : 	22	17	
2701972292 : 	22	26	
2702676432 : 	22	17	
2706596292 : 	22	8	
2708505392 : 	22	35	
2710513348 : 	22	35	
2719254668 : 	22	26	
2719858588 : 	22	8	
2721868072 : 	22	8	
2723578700 : 	22	17	
2725285928 : 	22	26	
2729103020 : 	22	8	
2729504388 : 	22	8	
2732116692 : 	22	26	
2735534712 : 	22	8	
2739050572 : 	22	35	
2739149592 : 	22	8	
2739453892 : 	22	35	
2740455616 : 	22	17	
2742967536 : 	22	26	
2746887652 : 	22	17	
2749702264 : 	22	17	
2754827760 : 	22	8	
2755731820 : 	22	17	
2756233828 : 	22	26	
2757338828 : 	22	17	
2759148480 : 	22	35	
2759849988 : 	22	26	
2765880400 : 	22	26	
2767588808 : 	22	35	
2769094924 : 	22	26	
2769599228 : 	22	35	
2769900296 : 	22	26	
2770703468 : 	22	26	
2780652968 : 	22	17	
2788236220 : 	22	8	
2789543608 : 	22	17	
