554031220 : 	0	0	0	0	0	0	A	
556240704 : 	45	0	0	0	0	0	2F	
556342108 : 	45	0	0	0	0	0	3E	
556542540 : 	45	0	0	0	0	0	10	
557545964 : 	45	0	0	0	0	0	3E	
561565188 : 	45	0	0	0	0	0	3E	
561664384 : 	45	0	0	0	0	0	1	
568194176 : 	45	0	0	0	0	0	10	
570303104 : 	45	0	0	0	0	0	2F	
570504220 : 	45	0	0	0	0	0	1	
575428264 : 	46	0	0	0	0	0	1F	
576231604 : 	46	0	0	0	0	0	1F	
576833316 : 	46	0	0	0	0	0	3D	
577938488 : 	46	0	0	0	0	0	2E	
579647500 : 	46	0	0	0	0	0	3D	
580351548 : 	46	0	0	0	0	0	2E	
581858176 : 	46	0	0	0	0	0	1F	
584368056 : 	46	0	0	0	0	0	2E	
584872360 : 	46	0	0	0	0	0	3D	
585072960 : 	46	0	0	0	0	0	1F	
585373520 : 	46	0	0	0	0	0	0	
590498340 : 	46	0	0	0	0	0	3D	
594718248 : 	46	0	0	0	0	0	1F	
595121660 : 	46	0	0	0	0	0	1F	
595220684 : 	46	0	0	0	0	0	2E	
596325520 : 	46	0	0	0	0	0	1F	
596726804 : 	46	0	0	0	0	0	1F	
597231104 : 	46	0	0	0	0	0	2E	
603059556 : 	46	0	0	0	0	0	0	
604264684 : 	46	0	0	0	0	0	0	
606778816 : 	46	0	0	0	0	0	1F	
609892372 : 	46	0	0	0	0	0	0	
610092708 : 	46	0	0	0	0	0	2E	
611298264 : 	46	0	0	0	0	0	2E	
612906132 : 	46	0	0	0	0	0	2E	
614513304 : 	46	0	0	0	0	0	2E	
617630000 : 	46	0	0	0	0	0	1F	
712518520 : 	0	0	0	0	0	0	28	
712920060 : 	0	0	0	0	0	0	28	
713222240 : 	0	0	0	0	0	0	19	
714429496 : 	46	0	0	0	0	0	1F	
715130916 : 	46	0	0	0	0	0	0	
715634108 : 	47	0	0	0	0	0	1E	
716639408 : 	47	0	0	0	0	0	3C	
718046920 : 	47	0	0	0	0	0	1E	
720257428 : 	47	0	0	0	0	0	3C	
720458452 : 	47	0	0	0	0	0	1E	
720559008 : 	47	0	0	0	0	0	2D	
721966188 : 	47	0	0	0	0	0	F	
725683744 : 	47	0	0	0	0	0	1E	
726085964 : 	47	0	0	0	0	0	1E	
726386784 : 	47	0	0	0	0	0	F	
726891684 : 	47	0	0	0	0	0	1E	
727591740 : 	47	0	0	0	0	0	F	
728495124 : 	47	0	0	0	0	0	1E	
728896744 : 	47	0	0	0	0	0	1E	
728996788 : 	47	0	0	0	0	0	2D	
729299988 : 	47	0	0	0	0	0	1E	
731711264 : 	47	0	0	0	0	0	1E	
732714100 : 	47	0	0	0	0	0	3C	
734823368 : 	46	0	0	0	0	0	0	
736229864 : 	46	0	0	0	0	0	2E	
736331524 : 	46	0	0	0	0	0	3D	
736630216 : 	46	0	0	0	0	0	2E	
737032432 : 	46	0	0	0	0	0	2E	
737636272 : 	46	0	0	0	0	0	0	
737939128 : 	46	0	0	0	0	0	3D	
738943828 : 	46	0	0	0	0	0	1F	
740652164 : 	46	0	0	0	0	0	2E	
742962120 : 	46	0	0	0	0	0	1F	
743061992 : 	46	0	0	0	0	0	2E	
743263364 : 	46	0	0	0	0	0	0	
745472592 : 	46	0	0	0	0	0	2E	
746277460 : 	46	0	0	0	0	0	2E	
747382804 : 	46	0	0	0	0	0	1F	
748791848 : 	46	0	0	0	0	0	3D	
749994508 : 	46	0	0	0	0	0	3D	
750797504 : 	46	0	0	0	0	0	3D	
752905420 : 	46	0	0	0	0	0	0	
753106188 : 	46	0	0	0	0	0	2E	
753510108 : 	46	0	0	0	0	0	2E	
754311572 : 	46	0	0	0	0	0	2E	
761451320 : 	46	0	0	0	0	0	1F	
762352232 : 	46	0	0	0	0	0	2E	
764161288 : 	46	0	0	0	0	0	0	
766874148 : 	46	0	0	0	0	0	3D	
767276028 : 	46	0	0	0	0	0	3D	
768684060 : 	46	0	0	0	0	0	1F	
769085600 : 	46	0	0	0	0	0	1F	
770693880 : 	46	0	0	0	0	0	1F	
772703024 : 	46	0	0	0	0	0	1F	
773406060 : 	46	0	0	0	0	0	0	
774008884 : 	46	0	0	0	0	0	2E	
775315588 : 	46	0	0	0	0	0	3D	
775919424 : 	46	0	0	0	0	0	1F	
777625800 : 	46	0	0	0	0	0	2E	
778428792 : 	46	0	0	0	0	0	2E	
780640328 : 	46	0	0	0	0	0	0	
781142844 : 	46	0	0	0	0	0	1F	
782147036 : 	46	0	0	0	0	0	3D	
782549176 : 	46	0	0	0	0	0	3D	
782849728 : 	46	0	0	0	0	0	2E	
785463224 : 	46	0	0	0	0	0	0	
786266644 : 	46	0	0	0	0	0	0	
791088608 : 	46	0	0	0	0	0	0	
793701168 : 	46	0	0	0	0	0	2E	
795709720 : 	46	0	0	0	0	0	2E	
798523728 : 	46	0	0	0	0	0	2E	
799429064 : 	46	0	0	0	0	0	3D	
799628984 : 	46	0	0	0	0	0	1F	
800033328 : 	46	0	0	0	0	0	1F	
801536808 : 	46	0	0	0	0	0	0	
802644360 : 	46	0	0	0	0	0	3D	
802744236 : 	46	0	0	0	0	0	0	
803248368 : 	46	0	0	0	0	0	1F	
803950044 : 	46	0	0	0	0	0	0	
805256748 : 	46	0	0	0	0	0	1F	
806263064 : 	46	0	0	0	0	0	3D	
806664180 : 	46	0	0	0	0	0	3D	
810983708 : 	46	0	0	0	0	0	2E	
813195240 : 	46	0	0	0	0	0	0	
814702544 : 	46	0	0	0	0	0	3D	
815104680 : 	46	0	0	0	0	0	3D	
817211828 : 	46	0	0	0	0	0	0	
819121524 : 	47	0	0	0	0	0	3C	
819523912 : 	47	0	0	0	0	0	3C	
819824472 : 	47	0	0	0	0	0	2D	
820829428 : 	47	0	0	0	0	0	F	
821030368 : 	47	0	0	0	0	0	2D	
823138880 : 	47	0	0	0	0	0	3C	
823239864 : 	47	0	0	0	0	0	F	
823541696 : 	47	0	0	0	0	0	3C	
824345368 : 	47	0	0	0	0	0	3C	
824948272 : 	47	0	0	0	0	0	1E	
825650120 : 	47	0	0	0	0	0	F	
826253620 : 	47	0	0	0	0	0	2D	
826957420 : 	47	0	0	0	0	0	1E	
827157848 : 	47	0	0	0	0	0	3C	
829468404 : 	47	0	0	0	0	0	2D	
830776388 : 	47	0	0	0	0	0	3C	
831779468 : 	47	0	0	0	0	0	1E	
832182708 : 	47	0	0	0	0	0	1E	
833589712 : 	47	0	0	0	0	0	3C	
834090872 : 	47	0	0	0	0	0	F	
834193212 : 	47	0	0	0	0	0	1E	
836302148 : 	47	0	0	0	0	0	2D	
836604492 : 	47	0	0	0	0	0	1E	
838110692 : 	47	0	0	0	0	0	F	
838916664 : 	47	0	0	0	0	0	F	
840020052 : 	47	0	0	0	0	0	3C	
842633884 : 	47	0	0	0	0	0	1E	
843136828 : 	47	0	0	0	0	0	2D	
846050380 : 	47	0	0	0	0	0	3C	
847056860 : 	47	0	0	0	0	0	1E	
848561868 : 	47	0	0	0	0	0	F	
848662932 : 	47	0	0	0	0	0	1E	
848964004 : 	47	0	0	0	0	0	F	
849065076 : 	47	0	0	0	0	0	1E	
850470800 : 	47	0	0	0	0	0	3C	
851173416 : 	47	0	0	0	0	0	2D	
853081828 : 	47	0	0	0	0	0	1E	
854891732 : 	47	0	0	0	0	0	3C	
855594428 : 	47	0	0	0	0	0	2D	
856398876 : 	47	0	0	0	0	0	2D	
857201864 : 	47	0	0	0	0	0	2D	
857704808 : 	47	0	0	0	0	0	3C	
857804600 : 	47	0	0	0	0	0	F	
858608704 : 	47	0	0	0	0	0	F	
863131888 : 	47	0	0	0	0	0	1E	
864438764 : 	47	0	0	0	0	0	2D	
864539148 : 	47	0	0	0	0	0	3C	
869865248 : 	48	0	0	0	0	0	E	
870669440 : 	48	0	0	0	0	0	E	
871069876 : 	48	0	0	0	0	0	E	
872273468 : 	48	0	0	0	0	0	E	
872778028 : 	48	0	0	0	0	0	1D	
872978968 : 	48	0	0	0	0	0	3B	
873279700 : 	48	0	0	0	0	0	2C	
876295412 : 	48	0	0	0	0	0	E	
878204852 : 	48	0	0	0	0	0	3B	
885642524 : 	48	0	0	0	0	0	1D	
885942660 : 	48	0	0	0	0	0	E	
886144620 : 	48	0	0	0	0	0	2C	
888055248 : 	48	0	0	0	0	0	1D	
890869600 : 	48	0	0	0	0	0	1D	
891873284 : 	48	0	0	0	0	0	3B	
892275072 : 	48	0	0	0	0	0	3B	
893482244 : 	48	0	0	0	0	0	3B	
894384348 : 	48	0	0	0	0	0	E	
895691564 : 	48	0	0	0	0	0	1D	
896094804 : 	48	0	0	0	0	0	1D	
896997928 : 	48	0	0	0	0	0	2C	
898103268 : 	48	0	0	0	0	0	1D	
899207420 : 	48	0	0	0	0	0	E	
899309248 : 	48	0	0	0	0	0	1D	
900614596 : 	48	0	0	0	0	0	2C	
900815620 : 	48	0	0	0	0	0	E	
902623404 : 	48	0	0	0	0	0	2C	
903024344 : 	48	0	0	0	0	0	2C	
906743520 : 	48	0	0	0	0	0	3B	
906944120 : 	48	0	0	0	0	0	1D	
908954368 : 	48	0	0	0	0	0	1D	
911164964 : 	48	0	0	0	0	0	3B	
911265008 : 	48	0	0	0	0	0	E	
914581708 : 	48	0	0	0	0	0	1D	
916792480 : 	48	0	0	0	0	0	3B	
917596240 : 	48	0	0	0	0	0	3B	
918299608 : 	48	0	0	0	0	0	2C	
918601528 : 	48	0	0	0	0	0	1D	
918802476 : 	48	0	0	0	0	0	3B	
919105240 : 	48	0	0	0	0	0	2C	
919305336 : 	48	0	0	0	0	0	E	
919606652 : 	48	0	0	0	0	0	3B	
919807680 : 	48	0	0	0	0	0	1D	
920411348 : 	48	0	0	0	0	0	3B	
922519264 : 	48	0	0	0	0	0	E	
924930716 : 	48	0	0	0	0	0	E	
926037080 : 	48	0	0	0	0	0	3B	
927141224 : 	48	0	0	0	0	0	2C	
927946260 : 	48	0	0	0	0	0	2C	
928550184 : 	48	0	0	0	0	0	E	
928651080 : 	48	0	0	0	0	0	1D	
928951476 : 	48	0	0	0	0	0	E	
933373680 : 	49	0	0	0	0	0	D	
934278080 : 	49	0	0	0	0	0	1C	
934881068 : 	49	0	0	0	0	0	3A	
936187180 : 	49	0	0	0	0	0	D	
936388032 : 	49	0	0	0	0	0	2B	
936891064 : 	49	0	0	0	0	0	3A	
938295944 : 	49	0	0	0	0	0	1C	
939701844 : 	49	0	0	0	0	0	3A	
940204876 : 	49	0	0	0	0	0	D	
940908248 : 	49	0	0	0	0	0	3A	
941008208 : 	49	0	0	0	0	0	D	
942013164 : 	49	0	0	0	0	0	2B	
942315424 : 	49	0	0	0	0	0	1C	
943520900 : 	49	0	0	0	0	0	1C	
944223928 : 	49	0	0	0	0	0	D	
944728072 : 	49	0	0	0	0	0	1C	
944928240 : 	49	0	0	0	0	0	3A	
946737380 : 	49	0	0	0	0	0	1C	
947339520 : 	49	0	0	0	0	0	3A	
951058012 : 	49	0	0	0	0	0	D	
953268276 : 	48	0	0	0	0	0	2C	
956681784 : 	48	0	0	0	0	0	E	
959999672 : 	49	0	0	0	0	0	1C	
960702708 : 	49	0	0	0	0	0	D	
961304684 : 	49	0	0	0	0	0	2B	
962913900 : 	49	0	0	0	0	0	2B	
963215308 : 	49	0	0	0	0	0	1C	
963416504 : 	49	0	0	0	0	0	3A	
964422904 : 	49	0	0	0	0	0	1C	
964623588 : 	49	0	0	0	0	0	3A	
966332088 : 	49	0	0	0	0	0	D	
967537220 : 	49	0	0	0	0	0	D	
968242464 : 	49	0	0	0	0	0	3A	
968443488 : 	49	0	0	0	0	0	1C	
969046732 : 	49	0	0	0	0	0	3A	
969651932 : 	49	0	0	0	0	0	1C	
970052028 : 	49	0	0	0	0	0	1C	
973065532 : 	49	0	0	0	0	0	3A	
974172404 : 	49	0	0	0	0	0	2B	
974674924 : 	49	0	0	0	0	0	3A	
974974888 : 	49	0	0	0	0	0	2B	
975175912 : 	49	0	0	0	0	0	D	
975981120 : 	49	0	0	0	0	0	D	
978995472 : 	49	0	0	0	0	0	2B	
979396844 : 	49	0	0	0	0	0	2B	
979498336 : 	49	0	0	0	0	0	3A	
981713016 : 	49	0	0	0	0	0	1C	
981813564 : 	49	0	0	0	0	0	2B	
983016488 : 	49	0	0	0	0	0	2B	
983116612 : 	49	0	0	0	0	0	3A	
984122672 : 	49	0	0	0	0	0	1C	
985225208 : 	49	0	0	0	0	0	D	
988343092 : 	49	0	0	0	0	0	3A	
991355580 : 	4A	0	0	0	0	0	1B	
991857504 : 	4A	0	0	0	0	0	2A	
992863904 : 	4A	0	0	0	0	0	C	
994067928 : 	4A	0	0	0	0	0	C	
994170184 : 	4A	0	0	0	0	0	1B	
994471252 : 	4A	0	0	0	0	0	C	
994574364 : 	4A	0	0	0	0	0	1B	
996481504 : 	4A	0	0	0	0	0	C	
996682188 : 	4A	0	0	0	0	0	2A	
999494584 : 	49	0	0	0	0	0	2B	
1001804976 : 	49	0	0	0	0	0	1C	
1002306128 : 	49	0	0	0	0	0	2B	
1003211464 : 	49	0	0	0	0	0	3A	
1004116460 : 	49	0	0	0	0	0	D	
1006326120 : 	49	0	0	0	0	0	2B	
1008737656 : 	49	0	0	0	0	0	2B	
1009039828 : 	49	0	0	0	0	0	1C	
1010045980 : 	49	0	0	0	0	0	3A	
1013158760 : 	49	0	0	0	0	0	2B	
1013561744 : 	49	0	0	0	0	0	2B	
1014968500 : 	49	0	0	0	0	0	D	
1018586008 : 	49	0	0	0	0	0	D	
1019895092 : 	49	0	0	0	0	0	1C	
1020597108 : 	49	0	0	0	0	0	D	
1021501000 : 	49	0	0	0	0	0	1C	
1022204712 : 	49	0	0	0	0	0	D	
1022506464 : 	49	0	0	0	0	0	3A	
1023511844 : 	49	0	0	0	0	0	1C	
1023812064 : 	49	0	0	0	0	0	D	
1027129956 : 	49	0	0	0	0	0	1C	
1027331156 : 	49	0	0	0	0	0	3A	
1028034864 : 	49	0	0	0	0	0	2B	
1028939008 : 	49	0	0	0	0	0	3A	
1029840772 : 	49	0	0	0	0	0	D	
1031852048 : 	49	0	0	0	0	0	D	
1033359440 : 	49	0	0	0	0	0	3A	
1035068536 : 	4A	0	0	0	0	0	C	
1035771060 : 	4A	0	0	0	0	0	39	
1035871100 : 	4A	0	0	0	0	0	C	
1037179332 : 	4A	0	0	0	0	0	1B	
1038582860 : 	4A	0	0	0	0	0	39	
1039285888 : 	4A	0	0	0	0	0	2A	
1040190288 : 	4A	0	0	0	0	0	39	
1040793108 : 	4A	0	0	0	0	0	1B	
1041697084 : 	4A	0	0	0	0	0	2A	
1043607884 : 	4A	0	0	0	0	0	1B	
1043706568 : 	4A	0	0	0	0	0	2A	
1045920648 : 	4A	0	0	0	0	0	C	
1046923400 : 	4A	0	0	0	0	0	2A	
1048128780 : 	4A	0	0	0	0	0	2A	
1048530488 : 	4A	0	0	0	0	0	2A	
1049434632 : 	4A	0	0	0	0	0	39	
1050840872 : 	4A	0	0	0	0	0	1B	
1051141348 : 	4A	0	0	0	0	0	C	
1052248900 : 	4A	0	0	0	0	0	39	
1052951764 : 	4A	0	0	0	0	0	2A	
1053052488 : 	4A	0	0	0	0	0	39	
1053253260 : 	4A	0	0	0	0	0	1B	
1055963060 : 	4A	0	0	0	0	0	C	
1057371764 : 	4A	0	0	0	0	0	2A	
1057472232 : 	4A	0	0	0	0	0	39	
1057571944 : 	4A	0	0	0	0	0	C	
1059079336 : 	4A	0	0	0	0	0	39	
1059582024 : 	4A	0	0	0	0	0	C	
1060383740 : 	4A	0	0	0	0	0	C	
1060686764 : 	4A	0	0	0	0	0	39	
1063399112 : 	4A	0	0	0	0	0	2A	
1063599800 : 	4A	0	0	0	0	0	C	
1064704968 : 	4A	0	0	0	0	0	39	
1065207744 : 	4A	0	0	0	0	0	C	
1065609880 : 	4A	0	0	0	0	0	C	
1070234048 : 	4A	0	0	0	0	0	2A	
1071340584 : 	4A	0	0	0	0	0	1B	
1072745884 : 	4A	0	0	0	0	0	39	
1073650964 : 	4A	0	0	0	0	0	C	
1077467976 : 	4A	0	0	0	0	0	2A	
1080481224 : 	4A	0	0	0	0	0	C	
1081786060 : 	4A	0	0	0	0	0	1B	
1083092004 : 	4A	0	0	0	0	0	2A	
1084699180 : 	4A	0	0	0	0	0	2A	
1085101148 : 	4A	0	0	0	0	0	2A	
1087513020 : 	4A	0	0	0	0	0	2A	
1089021600 : 	4A	0	0	0	0	0	1B	
1089623568 : 	4A	0	0	0	0	0	39	
1090327116 : 	4A	0	0	0	0	0	2A	
1092136592 : 	4A	0	0	0	0	0	C	
1092238000 : 	4A	0	0	0	0	0	1B	
1093241340 : 	4A	0	0	0	0	0	39	
1093642880 : 	4A	0	0	0	0	0	39	
1095451168 : 	4A	0	0	0	0	0	1B	
1098163520 : 	4A	0	0	0	0	0	C	
1099872104 : 	4A	0	0	0	0	0	1B	
1099971896 : 	4A	0	0	0	0	0	2A	
1100678584 : 	4A	0	0	0	0	0	1B	
1104999220 : 	4A	0	0	0	0	0	C	
1105602040 : 	4A	0	0	0	0	0	2A	
1106104560 : 	4A	0	0	0	0	0	39	
1107711652 : 	4A	0	0	0	0	0	39	
1108313964 : 	4A	0	0	0	0	0	1B	
1109521388 : 	4A	0	0	0	0	0	1B	
1113541124 : 	4A	0	0	0	0	0	1B	
1117056136 : 	4A	0	0	0	0	0	C	
1118262456 : 	4A	0	0	0	0	0	C	
1120976412 : 	4A	0	0	0	0	0	39	
1125297472 : 	4A	0	0	0	0	0	2A	
1126805288 : 	4A	0	0	0	0	0	1B	
1126904916 : 	4A	0	0	0	0	0	2A	
1127205984 : 	4A	0	0	0	0	0	1B	
1127607860 : 	4A	0	0	0	0	0	1B	
1127909444 : 	4A	0	0	0	0	0	C	
1129214612 : 	4A	0	0	0	0	0	1B	
1129918328 : 	4A	0	0	0	0	0	C	
1130320464 : 	4A	0	0	0	0	0	C	
1131023668 : 	4A	0	0	0	0	0	39	
1132026928 : 	4A	0	0	0	0	0	1B	
1132429996 : 	4A	0	0	0	0	0	1B	
1133636228 : 	4A	0	0	0	0	0	1B	
1135744652 : 	4A	0	0	0	0	0	2A	
1137153276 : 	4A	0	0	0	0	0	C	
1138055632 : 	4A	0	0	0	0	0	1B	
1138558492 : 	4A	0	0	0	0	0	2A	
1142073504 : 	4A	0	0	0	0	0	1B	
1144686992 : 	4A	0	0	0	0	0	39	
1144888188 : 	4A	0	0	0	0	0	1B	
1146795504 : 	4A	0	0	0	0	0	C	
1149005760 : 	4A	0	0	0	0	0	2A	
1150413272 : 	4A	0	0	0	0	0	C	
1151116648 : 	4A	0	0	0	0	0	39	
1151518700 : 	4A	0	0	0	0	0	39	
1151819512 : 	4A	0	0	0	0	0	2A	
1152022920 : 	4A	0	0	0	0	0	C	
1152625312 : 	4A	0	0	0	0	0	2A	
1153025580 : 	4A	0	0	0	0	0	2A	
1155537500 : 	4A	0	0	0	0	0	39	
1156140744 : 	4A	0	0	0	0	0	1B	
1156642756 : 	4A	0	0	0	0	0	2A	
1156743648 : 	4A	0	0	0	0	0	39	
1157347408 : 	4A	0	0	0	0	0	1B	
1158552960 : 	4A	0	0	0	0	0	1B	
1158853348 : 	4A	0	0	0	0	0	C	
1158953480 : 	4A	0	0	0	0	0	1B	
1160458828 : 	4A	0	0	0	0	0	C	
1162169460 : 	4A	0	0	0	0	0	1B	
1162470356 : 	4A	0	0	0	0	0	C	
1164278728 : 	4A	0	0	0	0	0	2A	
1164983720 : 	4A	0	0	0	0	0	1B	
1167798748 : 	4A	0	0	0	0	0	1B	
1169205500 : 	4A	0	0	0	0	0	39	
1169406356 : 	4A	0	0	0	0	0	1B	
1169708196 : 	4A	0	0	0	0	0	C	
1170410372 : 	4A	0	0	0	0	0	39	
1170812424 : 	4A	0	0	0	0	0	39	
1172923488 : 	4A	0	0	0	0	0	C	
1173123828 : 	4A	0	0	0	0	0	2A	
1173425664 : 	4A	0	0	0	0	0	1B	
1173729116 : 	4A	0	0	0	0	0	C	
1173828904 : 	4A	0	0	0	0	0	1B	
1175133320 : 	4A	0	0	0	0	0	2A	
1177947160 : 	4A	0	0	0	0	0	2A	
1178750828 : 	4A	0	0	0	0	0	2A	
1180157492 : 	4A	0	0	0	0	0	C	
1180861468 : 	4A	0	0	0	0	0	39	
1185382020 : 	49	0	0	0	0	0	D	
1186790300 : 	49	0	0	0	0	0	2B	
1187090524 : 	49	0	0	0	0	0	1C	
1187994580 : 	49	0	0	0	0	0	2B	
1188195604 : 	49	0	0	0	0	0	D	
1189403200 : 	49	0	0	0	0	0	D	
1189704784 : 	49	0	0	0	0	0	3A	
1189905380 : 	49	0	0	0	0	0	1C	
1191010632 : 	49	0	0	0	0	0	D	
1192316660 : 	49	0	0	0	0	0	1C	
1195734848 : 	49	0	0	0	0	0	3A	
1197039940 : 	49	0	0	0	0	0	D	
1197642848 : 	49	0	0	0	0	0	2B	
1197842936 : 	49	0	0	0	0	0	D	
1198245068 : 	49	0	0	0	0	0	D	
1199351344 : 	49	0	0	0	0	0	3A	
1199451132 : 	49	0	0	0	0	0	D	
1199954844 : 	49	0	0	0	0	0	1C	
1200657792 : 	49	0	0	0	0	0	D	
1202165608 : 	49	0	0	0	0	0	3A	
1205781252 : 	49	0	0	0	0	0	3A	
1206283520 : 	49	0	0	0	0	0	D	
1206684124 : 	49	0	0	0	0	0	D	
1206784932 : 	49	0	0	0	0	0	1C	
1206884808 : 	49	0	0	0	0	0	2B	
1207689256 : 	49	0	0	0	0	0	2B	
1207890360 : 	49	0	0	0	0	0	D	
1211304808 : 	49	0	0	0	0	0	2B	
1211906864 : 	49	0	0	0	0	0	D	
1212108484 : 	49	0	0	0	0	0	2B	
1213515320 : 	49	0	0	0	0	0	D	
1215925068 : 	49	0	0	0	0	0	D	
1216026900 : 	49	0	0	0	0	0	1C	
1216829640 : 	49	0	0	0	0	0	1C	
1217030328 : 	49	0	0	0	0	0	3A	
1217130284 : 	49	0	0	0	0	0	D	
1217532164 : 	49	0	0	0	0	0	D	
1217632384 : 	49	0	0	0	0	0	1C	
1218939848 : 	49	0	0	0	0	0	2B	
1219341812 : 	49	0	0	0	0	0	2B	
1219442880 : 	49	0	0	0	0	0	3A	
1224367012 : 	49	0	0	0	0	0	D	
1225572312 : 	49	0	0	0	0	0	D	
1225772660 : 	49	0	0	0	0	0	2B	
1226076448 : 	49	0	0	0	0	0	1C	
1227884228 : 	49	0	0	0	0	0	3A	
1229592900 : 	49	0	0	0	0	0	D	
1229993844 : 	49	0	0	0	0	0	D	
1231302164 : 	4A	0	0	0	0	0	1B	
1232509000 : 	4A	0	0	0	0	0	1B	
1233410588 : 	4A	0	0	0	0	0	2A	
1235924208 : 	4A	0	0	0	0	0	39	
1236929760 : 	4A	0	0	0	0	0	1B	
1237532324 : 	4A	0	0	0	0	0	39	
1237933692 : 	4A	0	0	0	0	0	39	
1238435532 : 	4A	0	0	0	0	0	C	
1238838860 : 	4A	0	0	0	0	0	C	
1239440744 : 	4A	0	0	0	0	0	2A	
1239945132 : 	4A	0	0	0	0	0	39	
1240550928 : 	4A	0	0	0	0	0	1B	
1241652612 : 	4A	0	0	0	0	0	C	
1242555824 : 	4A	0	0	0	0	0	1B	
1243762144 : 	4A	0	0	0	0	0	1B	
1248184184 : 	4A	0	0	0	0	0	1B	
1250194348 : 	4A	0	0	0	0	0	1B	
1250395120 : 	4A	0	0	0	0	0	39	
1250494060 : 	4A	0	0	0	0	0	C	
1251096964 : 	4B	0	0	0	0	0	29	
1253811184 : 	4B	0	0	0	0	0	1A	
1254815120 : 	4B	0	0	0	0	0	38	
1254915168 : 	4B	0	0	0	0	0	B	
1255318148 : 	4B	0	0	0	0	0	B	
1256122248 : 	4B	0	0	0	0	0	B	
1257332052 : 	4B	0	0	0	0	0	B	
1259537296 : 	4B	0	0	0	0	0	29	
1261652100 : 	4B	0	0	0	0	0	38	
1262253724 : 	4B	0	0	0	0	0	1A	
1264161208 : 	4B	0	0	0	0	0	B	
1264564448 : 	4B	0	0	0	0	0	B	
1265167608 : 	4B	0	0	0	0	0	29	
1265268848 : 	4B	0	0	0	0	0	38	
1266674236 : 	4B	0	0	0	0	0	1A	
1267881152 : 	4B	0	0	0	0	0	1A	
1268383416 : 	4B	0	0	0	0	0	29	
1269087724 : 	4B	0	0	0	0	0	1A	
1270092940 : 	4B	0	0	0	0	0	38	
1270493880 : 	4B	0	0	0	0	0	38	
1274613920 : 	4B	0	0	0	0	0	B	
1275919684 : 	4B	0	0	0	0	0	1A	
1276321480 : 	4B	0	0	0	0	0	1A	
1276624080 : 	4B	0	0	0	0	0	B	
1277729080 : 	4B	0	0	0	0	0	38	
1277828868 : 	4B	0	0	0	0	0	B	
1280840848 : 	4B	0	0	0	0	0	29	
1283556764 : 	4B	0	0	0	0	0	1A	
1287976168 : 	4B	0	0	0	0	0	1A	
1288076212 : 	4B	0	0	0	0	0	29	
1288678692 : 	4B	0	0	0	0	0	B	
1288979424 : 	4B	0	0	0	0	0	38	
1289784204 : 	4B	0	0	0	0	0	38	
1290085952 : 	4B	0	0	0	0	0	29	
1290588476 : 	4B	0	0	0	0	0	38	
1291393176 : 	4B	0	0	0	0	0	38	
1292197692 : 	4B	0	0	0	0	0	38	
1294607276 : 	4B	0	0	0	0	0	38	
1295108008 : 	4B	0	0	0	0	0	B	
1295812404 : 	4B	0	0	0	0	0	38	
1296614720 : 	4B	0	0	0	0	0	38	
1296714680 : 	4B	0	0	0	0	0	B	
1298722124 : 	4B	0	0	0	0	0	B	
1299929804 : 	4B	0	0	0	0	0	B	
1300533136 : 	4B	0	0	0	0	0	29	
1301036504 : 	4B	0	0	0	0	0	38	
1301840180 : 	4A	0	0	0	0	0	39	
1302844284 : 	4A	0	0	0	0	0	1B	
1304954324 : 	4A	0	0	0	0	0	2A	
1306360224 : 	4A	0	0	0	0	0	C	
1307163388 : 	4A	0	0	0	0	0	C	
1308368948 : 	4A	0	0	0	0	0	C	
1310280252 : 	4A	0	0	0	0	0	39	
1310981504 : 	4A	0	0	0	0	0	2A	
1314701020 : 	49	0	0	0	0	0	3A	
1317916228 : 	49	0	0	0	0	0	3A	
1318418324 : 	49	0	0	0	0	0	D	
1318618840 : 	49	0	0	0	0	0	2B	
1320224236 : 	49	0	0	0	0	0	2B	
1326654908 : 	49	0	0	0	0	0	2B	
1327360076 : 	49	0	0	0	0	0	1C	
1328163920 : 	49	0	0	0	0	0	1C	
1328264044 : 	49	0	0	0	0	0	2B	
1329269256 : 	49	0	0	0	0	0	D	
1329470540 : 	49	0	0	0	0	0	2B	
1330375528 : 	49	0	0	0	0	0	3A	
1333689516 : 	49	0	0	0	0	0	D	
1334493192 : 	49	0	0	0	0	0	D	
1334594080 : 	49	0	0	0	0	0	1C	
1337910524 : 	4A	0	0	0	0	0	2A	
1338614840 : 	4A	0	0	0	0	0	1B	
1338816456 : 	4A	0	0	0	0	0	39	
1339016712 : 	4A	0	0	0	0	0	1B	
1339217824 : 	4A	0	0	0	0	0	39	
1339620212 : 	4A	0	0	0	0	0	39	
1344440400 : 	4A	0	0	0	0	0	39	
1344741632 : 	4A	0	0	0	0	0	2A	
1346146088 : 	4A	0	0	0	0	0	C	
1349562748 : 	4A	0	0	0	0	0	2A	
1352377268 : 	4A	0	0	0	0	0	2A	
1353883468 : 	4A	0	0	0	0	0	1B	
1355490140 : 	4A	0	0	0	0	0	1B	
1355993000 : 	4A	0	0	0	0	0	2A	
1359107908 : 	4A	0	0	0	0	0	1B	
1359808052 : 	4A	0	0	0	0	0	C	
1360310408 : 	4A	0	0	0	0	0	1B	
1361014372 : 	4A	0	0	0	0	0	C	
1370765948 : 	4A	0	0	0	0	0	39	
1370965784 : 	4A	0	0	0	0	0	1B	
1372270960 : 	4A	0	0	0	0	0	2A	
1374280700 : 	4A	0	0	0	0	0	2A	
1376089756 : 	4A	0	0	0	0	0	C	
1377697360 : 	4A	0	0	0	0	0	C	
1382825580 : 	4A	0	0	0	0	0	39	
1383627216 : 	4A	0	0	0	0	0	39	
1383727264 : 	4A	0	0	0	0	0	C	
1384128716 : 	4A	0	0	0	0	0	C	
1386740596 : 	4A	0	0	0	0	0	2A	
1387946156 : 	4A	0	0	0	0	0	2A	
1389856100 : 	4A	0	0	0	0	0	1B	
1395282584 : 	4A	0	0	0	0	0	39	
1397691316 : 	4A	0	0	0	0	0	39	
1400002640 : 	4A	0	0	0	0	0	2A	
1400103960 : 	4A	0	0	0	0	0	39	
1400304648 : 	4A	0	0	0	0	0	1B	
1401309168 : 	4A	0	0	0	0	0	39	
1401610248 : 	4A	0	0	0	0	0	2A	
1402011268 : 	4A	0	0	0	0	0	2A	
1402212296 : 	4A	0	0	0	0	0	C	
1404930000 : 	4A	0	0	0	0	0	39	
1406534884 : 	4A	0	0	0	0	0	39	
1408142496 : 	4A	0	0	0	0	0	39	
1410051172 : 	4A	0	0	0	0	0	2A	
1410151208 : 	4A	0	0	0	0	0	39	
1410653476 : 	4A	0	0	0	0	0	C	
1412261676 : 	4A	0	0	0	0	0	C	
1412562828 : 	4A	0	0	0	0	0	39	
1416381632 : 	4A	0	0	0	0	0	1B	
1417283736 : 	4A	0	0	0	0	0	2A	
1417787016 : 	4A	0	0	0	0	0	39	
1418791800 : 	4A	0	0	0	0	0	1B	
1420400424 : 	4A	0	0	0	0	0	1B	
1422508596 : 	4A	0	0	0	0	0	2A	
1425522872 : 	4A	0	0	0	0	0	C	
1426629224 : 	4A	0	0	0	0	0	39	
1427233152 : 	4A	0	0	0	0	0	1B	
1432955860 : 	4A	0	0	0	0	0	2A	
1436374732 : 	4A	0	0	0	0	0	C	
1437682800 : 	4A	0	0	0	0	0	1B	
1440094840 : 	4A	0	0	0	0	0	1B	
1441400956 : 	4A	0	0	0	0	0	2A	
1442004116 : 	4A	0	0	0	0	0	C	
1443511756 : 	4A	0	0	0	0	0	39	
1444515692 : 	4A	0	0	0	0	0	1B	
1446224872 : 	4A	0	0	0	0	0	2A	
1449739792 : 	49	0	0	0	0	0	1C	
1450445800 : 	49	0	0	0	0	0	D	
1452856316 : 	49	0	0	0	0	0	D	
1453658972 : 	49	0	0	0	0	0	D	
1455870416 : 	49	0	0	0	0	0	2B	
1456573704 : 	4A	0	0	0	0	0	1B	
1459186780 : 	4A	0	0	0	0	0	39	
1460592680 : 	4A	0	0	0	0	0	1B	
1461497500 : 	4A	0	0	0	0	0	2A	
1463407536 : 	4A	0	0	0	0	0	1B	
1465917076 : 	4A	0	0	0	0	0	2A	
1468931432 : 	4A	0	0	0	0	0	C	
1470840104 : 	4A	0	0	0	0	0	39	
1472145960 : 	4A	0	0	0	0	0	C	
1472246344 : 	4A	0	0	0	0	0	1B	
1472448220 : 	4A	0	0	0	0	0	39	
1475862592 : 	4B	0	0	0	0	0	1A	
1476063184 : 	4B	0	0	0	0	0	38	
1478474208 : 	4B	0	0	0	0	0	38	
1478875160 : 	4B	0	0	0	0	0	38	
1480382552 : 	4B	0	0	0	0	0	29	
1480886344 : 	4B	0	0	0	0	0	38	
1486962912 : 	0	0	0	0	0	0	28	
1487766844 : 	4B	0	0	0	0	0	29	
1488771372 : 	4B	0	0	0	0	0	B	
1489073888 : 	4B	0	0	0	0	0	38	
1489576408 : 	4B	0	0	0	0	0	B	
1489677132 : 	4B	0	0	0	0	0	1A	
2261605764 : 	49	0	0	0	0	0	3A	
2264316840 : 	4A	0	0	0	0	0	2A	
2266728548 : 	4A	0	0	0	0	0	2A	
2266829692 : 	4A	0	0	0	0	0	39	
2267030720 : 	4A	0	0	0	0	0	1B	
2268436872 : 	4A	0	0	0	0	0	39	
2271654208 : 	49	0	0	0	0	0	3A	
2273160408 : 	49	0	0	0	0	0	2B	
2273262576 : 	49	0	0	0	0	0	3A	
2273863872 : 	49	0	0	0	0	0	1C	
2280591956 : 	49	0	0	0	0	0	D	
2281194948 : 	49	0	0	0	0	0	2B	
2281596232 : 	49	0	0	0	0	0	2B	
2282100800 : 	49	0	0	0	0	0	3A	
2284609736 : 	49	0	0	0	0	0	D	
2284911912 : 	49	0	0	0	0	0	3A	
2285815804 : 	49	0	0	0	0	0	D	
2286520624 : 	49	0	0	0	0	0	3A	
2287223832 : 	49	0	0	0	0	0	2B	
2289031524 : 	49	0	0	0	0	0	D	
2290639984 : 	49	0	0	0	0	0	D	
2290840584 : 	49	0	0	0	0	0	2B	
2290941812 : 	49	0	0	0	0	0	3A	
2291544128 : 	49	0	0	0	0	0	1C	
2293755652 : 	49	0	0	0	0	0	3A	
2294356432 : 	49	0	0	0	0	0	1C	
2294456564 : 	49	0	0	0	0	0	2B	
2295460584 : 	49	0	0	0	0	0	D	
2296665968 : 	49	0	0	0	0	0	D	
2297170108 : 	49	0	0	0	0	0	1C	
2298475108 : 	49	0	0	0	0	0	2B	
2299177888 : 	49	0	0	0	0	0	1C	
2302993544 : 	49	0	0	0	0	0	3A	
2303093156 : 	49	0	0	0	0	0	D	
2303596016 : 	49	0	0	0	0	0	1C	
2303996536 : 	49	0	0	0	0	0	1C	
2304400204 : 	49	0	0	0	0	0	1C	
2304599612 : 	49	0	0	0	0	0	3A	
2304699580 : 	49	0	0	0	0	0	D	
2304900428 : 	49	0	0	0	0	0	2B	
2306811064 : 	49	0	0	0	0	0	1C	
2307313068 : 	49	0	0	0	0	0	2B	
2312036944 : 	49	0	0	0	0	0	1C	
2314045152 : 	49	0	0	0	0	0	1C	
2315351604 : 	49	0	0	0	0	0	2B	
2315854804 : 	49	0	0	0	0	0	3A	
2316357068 : 	49	0	0	0	0	0	D	
2316859248 : 	49	0	0	0	0	0	1C	
2318465748 : 	49	0	0	0	0	0	1C	
2319168952 : 	49	0	0	0	0	0	D	
2324997320 : 	49	0	0	0	0	0	2B	
2325398264 : 	49	0	0	0	0	0	2B	
2328611864 : 	49	0	0	0	0	0	2B	
2334038180 : 	49	0	0	0	0	0	D	
2334940704 : 	49	0	0	0	0	0	1C	
2336748660 : 	49	0	0	0	0	0	3A	
2339360704 : 	49	0	0	0	0	0	1C	
2341167972 : 	49	0	0	0	0	0	3A	
2342372084 : 	49	0	0	0	0	0	3A	
2342974484 : 	4A	0	0	0	0	0	1B	
2345186176 : 	4A	0	0	0	0	0	39	
2346491096 : 	4A	0	0	0	0	0	C	
2347495116 : 	4A	0	0	0	0	0	2A	
2349203788 : 	4A	0	0	0	0	0	39	
2349706224 : 	4A	0	0	0	0	0	C	
2350509472 : 	4A	0	0	0	0	0	C	
2350610624 : 	4A	0	0	0	0	0	1B	
2352216784 : 	4A	0	0	0	0	0	1B	
2353321868 : 	4A	0	0	0	0	0	C	
2354327164 : 	4A	0	0	0	0	0	2A	
2356036688 : 	4A	0	0	0	0	0	39	
2356237708 : 	4A	0	0	0	0	0	1B	
2358044384 : 	4A	0	0	0	0	0	39	
2359551348 : 	4A	0	0	0	0	0	2A	
2359752372 : 	4A	0	0	0	0	0	C	
2361762884 : 	4A	0	0	0	0	0	C	
2365482564 : 	4A	0	0	0	0	0	1B	
2366384584 : 	4A	0	0	0	0	0	2A	
2367691804 : 	4A	0	0	0	0	0	39	
2370503512 : 	4A	0	0	0	0	0	39	
2371507448 : 	4A	0	0	0	0	0	1B	
2372712068 : 	4A	0	0	0	0	0	1B	
2376932408 : 	49	0	0	0	0	0	3A	
2378942488 : 	49	0	0	0	0	0	3A	
2379043292 : 	49	0	0	0	0	0	D	
2381954796 : 	49	0	0	0	0	0	1C	
2382455880 : 	49	0	0	0	0	0	2B	
2385368824 : 	49	0	0	0	0	0	3A	
2389286304 : 	48	0	0	0	0	0	2C	
2391295616 : 	48	0	0	0	0	0	2C	
2391396768 : 	48	0	0	0	0	0	3B	
2392603936 : 	48	0	0	0	0	0	3B	
2394911264 : 	48	0	0	0	0	0	2C	
2395414376 : 	48	0	0	0	0	0	3B	
2395614724 : 	48	0	0	0	0	0	1D	
2395714512 : 	48	0	0	0	0	0	2C	
2397120156 : 	48	0	0	0	0	0	E	
2397421660 : 	48	0	0	0	0	0	3B	
2398626188 : 	48	0	0	0	0	0	3B	
2399027392 : 	48	0	0	0	0	0	3B	
2401440708 : 	48	0	0	0	0	0	3B	
2402845420 : 	48	0	0	0	0	0	1D	
2403950416 : 	48	0	0	0	0	0	E	
2404051568 : 	49	0	0	0	0	0	1C	
2404453540 : 	49	0	0	0	0	0	1C	
2406462764 : 	49	0	0	0	0	0	1C	
2409276524 : 	49	0	0	0	0	0	1C	
2409678568 : 	49	0	0	0	0	0	1C	
2410782892 : 	49	0	0	0	0	0	D	
2411185364 : 	49	0	0	0	0	0	D	
2411285832 : 	49	0	0	0	0	0	1C	
2411687800 : 	49	0	0	0	0	0	1C	
2413596820 : 	49	0	0	0	0	0	D	
2414300784 : 	49	0	0	0	0	0	3A	
2416811004 : 	49	0	0	0	0	0	D	
2417717364 : 	49	0	0	0	0	0	1C	
2418018088 : 	49	0	0	0	0	0	D	
2419526844 : 	49	0	0	0	0	0	3A	
2420530944 : 	4A	0	0	0	0	0	1B	
2420934012 : 	4A	0	0	0	0	0	1B	
2422841072 : 	4A	0	0	0	0	0	C	
2425152816 : 	4A	0	0	0	0	0	39	
2425855008 : 	4A	0	0	0	0	0	2A	
2430879096 : 	4A	0	0	0	0	0	C	
2434196904 : 	4A	0	0	0	0	0	1B	
2437511648 : 	4B	0	0	0	0	0	29	
2439721820 : 	4B	0	0	0	0	0	B	
2441328748 : 	4B	0	0	0	0	0	B	
2445447164 : 	4B	0	0	0	0	0	1A	
2445747552 : 	4B	0	0	0	0	0	B	
2446551824 : 	4B	0	0	0	0	0	B	
2447257152 : 	4B	0	0	0	0	0	38	
2447356856 : 	4B	0	0	0	0	0	B	
2449767712 : 	4B	0	0	0	0	0	B	
2450272020 : 	4B	0	0	0	0	0	1A	
2450973096 : 	4B	0	0	0	0	0	B	
2452177464 : 	4B	0	0	0	0	0	B	
2452780028 : 	4B	0	0	0	0	0	29	
2453784984 : 	4C	0	0	0	0	0	A	
2457202492 : 	4C	0	0	0	0	0	28	
2459210960 : 	4C	0	0	0	0	0	28	
2459312788 : 	4C	0	0	0	0	0	37	
2459713308 : 	4C	0	0	0	0	0	37	
2460214304 : 	4C	0	0	0	0	0	A	
2460718348 : 	4C	0	0	0	0	0	19	
2461925348 : 	4C	0	0	0	0	0	19	
2462125780 : 	4C	0	0	0	0	0	37	
2462527996 : 	4C	0	0	0	0	0	37	
2470060108 : 	4C	0	0	0	0	0	28	
2472170824 : 	4B	0	0	0	0	0	38	
2472775512 : 	4B	0	0	0	0	0	1A	
2473779024 : 	4B	0	0	0	0	0	38	
2474081196 : 	4B	0	0	0	0	0	29	
2474986788 : 	4B	0	0	0	0	0	38	
2475789528 : 	4B	0	0	0	0	0	38	
2475889572 : 	4B	0	0	0	0	0	B	
2476291792 : 	4B	0	0	0	0	0	B	
2477498284 : 	4B	0	0	0	0	0	B	
2477801224 : 	4B	0	0	0	0	0	38	
2481115208 : 	4B	0	0	0	0	0	B	
2483023368 : 	4A	0	0	0	0	0	39	
2485432864 : 	4A	0	0	0	0	0	39	
2486940252 : 	4A	0	0	0	0	0	2A	
2487243192 : 	4A	0	0	0	0	0	1B	
2487343324 : 	4A	0	0	0	0	0	2A	
2491361528 : 	49	0	0	0	0	0	2B	
2492267372 : 	49	0	0	0	0	0	3A	
2493672680 : 	49	0	0	0	0	0	1C	
2493772552 : 	49	0	0	0	0	0	2B	
2498094888 : 	49	0	0	0	0	0	1C	
2498899244 : 	49	0	0	0	0	0	1C	
2500004328 : 	49	0	0	0	0	0	D	
2500407488 : 	49	0	0	0	0	0	D	
2501914956 : 	49	0	0	0	0	0	3A	
2504628584 : 	49	0	0	0	0	0	2B	
2505030548 : 	49	0	0	0	0	0	2B	
2505631760 : 	49	0	0	0	0	0	D	
2506235676 : 	49	0	0	0	0	0	2B	
2507541192 : 	49	0	0	0	0	0	3A	
2507641152 : 	49	0	0	0	0	0	D	
2510454568 : 	4A	0	0	0	0	0	C	
2511259604 : 	4A	0	0	0	0	0	C	
2511660044 : 	4A	0	0	0	0	0	C	
2512363244 : 	4A	0	0	0	0	0	39	
2513370408 : 	4A	0	0	0	0	0	1B	
2514172808 : 	4A	0	0	0	0	0	1B	
2514272512 : 	4A	0	0	0	0	0	2A	
2515581008 : 	4A	0	0	0	0	0	39	
2515681048 : 	4A	0	0	0	0	0	C	
2516484892 : 	4A	0	0	0	0	0	C	
2519297544 : 	4A	0	0	0	0	0	C	
2520101644 : 	4A	0	0	0	0	0	C	
2521408092 : 	4A	0	0	0	0	0	1B	
2521810568 : 	4A	0	0	0	0	0	1B	
2522712588 : 	4A	0	0	0	0	0	2A	
2525828860 : 	4A	0	0	0	0	0	1B	
2526331720 : 	4A	0	0	0	0	0	2A	
2529847232 : 	4A	0	0	0	0	0	1B	
2530952488 : 	4A	0	0	0	0	0	C	
2532057572 : 	4A	0	0	0	0	0	39	
2532258596 : 	4A	0	0	0	0	0	1B	
2536378384 : 	4A	0	0	0	0	0	2A	
2537183924 : 	4A	0	0	0	0	0	2A	
2537384184 : 	4A	0	0	0	0	0	C	
2538088584 : 	4A	0	0	0	0	0	39	
2540399648 : 	4A	0	0	0	0	0	2A	
2541104376 : 	4A	0	0	0	0	0	1B	
2542109928 : 	4A	0	0	0	0	0	39	
2543414252 : 	4A	0	0	0	0	0	C	
2544822452 : 	4A	0	0	0	0	0	2A	
2546731464 : 	4A	0	0	0	0	0	1B	
2547835024 : 	4A	0	0	0	0	0	C	
2548439284 : 	4A	0	0	0	0	0	2A	
2548539156 : 	4A	0	0	0	0	0	39	
2550447324 : 	4A	0	0	0	0	0	2A	
2550549324 : 	4A	0	0	0	0	0	39	
2553160436 : 	4A	0	0	0	0	0	1B	
2554970264 : 	4A	0	0	0	0	0	39	
2560596072 : 	4A	0	0	0	0	0	39	
2562406824 : 	4A	0	0	0	0	0	1B	
2563811024 : 	4A	0	0	0	0	0	39	
2564414012 : 	4A	0	0	0	0	0	1B	
2565018024 : 	4A	0	0	0	0	0	39	
2565419224 : 	4A	0	0	0	0	0	39	
2565820512 : 	4A	0	0	0	0	0	39	
2566022552 : 	4A	0	0	0	0	0	1B	
2566524648 : 	4A	0	0	0	0	0	2A	
2570442468 : 	4A	0	0	0	0	0	1B	
2576370800 : 	4B	0	0	0	0	0	B	
2576773436 : 	4B	0	0	0	0	0	B	
2578280404 : 	4B	0	0	0	0	0	38	
2578983524 : 	4B	0	0	0	0	0	29	
2579689448 : 	4B	0	0	0	0	0	1A	
2585718072 : 	4B	0	0	0	0	0	1A	
2586419328 : 	4B	0	0	0	0	0	B	
2586521236 : 	4B	0	0	0	0	0	1A	
2586621284 : 	4B	0	0	0	0	0	29	
2587827352 : 	4B	0	0	0	0	0	29	
2588932856 : 	4B	0	0	0	0	0	1A	
2589135244 : 	4B	0	0	0	0	0	38	
2589336268 : 	4B	0	0	0	0	0	1A	
2590440928 : 	4B	0	0	0	0	0	B	
2591145072 : 	4B	0	0	0	0	0	38	
2594561896 : 	4B	0	0	0	0	0	1A	
2595967884 : 	4B	0	0	0	0	0	38	
2596773172 : 	4B	0	0	0	0	0	38	
2597374720 : 	4B	0	0	0	0	0	1A	
2597474764 : 	4B	0	0	0	0	0	29	
2598782320 : 	4B	0	0	0	0	0	38	
2599082032 : 	4A	0	0	0	0	0	2A	
2599585228 : 	4A	0	0	0	0	0	39	
2599785664 : 	4A	0	0	0	0	0	1B	
2601194624 : 	4A	0	0	0	0	0	39	
2601594628 : 	4A	0	0	0	0	0	39	
2603099976 : 	4A	0	0	0	0	0	2A	
2605514232 : 	4A	0	0	0	0	0	2A	
2605914924 : 	4A	0	0	0	0	0	2A	
2607321076 : 	4A	0	0	0	0	0	C	
2607522960 : 	4A	0	0	0	0	0	2A	
2608225904 : 	4A	0	0	0	0	0	1B	
2609128772 : 	4A	0	0	0	0	0	2A	
2610134576 : 	4A	0	0	0	0	0	C	
2613144936 : 	49	0	0	0	0	0	2B	
2613647712 : 	49	0	0	0	0	0	3A	
2613848484 : 	49	0	0	0	0	0	1C	
2618067976 : 	49	0	0	0	0	0	3A	
2619075304 : 	49	0	0	0	0	0	1C	
2620278564 : 	49	0	0	0	0	0	1C	
2621182964 : 	49	0	0	0	0	0	2B	
2622388856 : 	49	0	0	0	0	0	2B	
2624498304 : 	49	0	0	0	0	0	3A	
2624598100 : 	49	0	0	0	0	0	D	
2627209720 : 	49	0	0	0	0	0	2B	
2629017412 : 	49	0	0	0	0	0	D	
2630424928 : 	49	0	0	0	0	0	2B	
2631631248 : 	4A	0	0	0	0	0	2A	
2633238768 : 	4A	0	0	0	0	0	2A	
2636355640 : 	4A	0	0	0	0	0	1B	
2636757512 : 	4A	0	0	0	0	0	1B	
2638462188 : 	4A	0	0	0	0	0	2A	
2639368712 : 	4A	0	0	0	0	0	39	
2642785884 : 	4B	0	0	0	0	0	1A	
2644594596 : 	4B	0	0	0	0	0	38	
2645600828 : 	4B	0	0	0	0	0	1A	
2646602900 : 	4B	0	0	0	0	0	38	
2647508740 : 	4B	0	0	0	0	0	B	
2649617332 : 	4B	0	0	0	0	0	1A	
2650020404 : 	4B	0	0	0	0	0	1A	
2651124976 : 	4B	0	0	0	0	0	B	
2652431432 : 	4B	0	0	0	0	0	1A	
2652632624 : 	4B	0	0	0	0	0	38	
2654139588 : 	4C	0	0	0	0	0	28	
2654440912 : 	4C	0	0	0	0	0	19	
2655546084 : 	4C	0	0	0	0	0	A	
2655948388 : 	4C	0	0	0	0	0	A	
2659163600 : 	4C	0	0	0	0	0	A	
2659967272 : 	4C	0	0	0	0	0	A	
2660068676 : 	4C	0	0	0	0	0	19	
2660269112 : 	4C	0	0	0	0	0	37	
2660368984 : 	4C	0	0	0	0	0	A	
2660672092 : 	4C	0	0	0	0	0	37	
2661073632 : 	4C	0	0	0	0	0	37	
2661575644 : 	4C	0	0	0	0	0	A	
2664588472 : 	4C	0	0	0	0	0	28	
2666297140 : 	4C	0	0	0	0	0	37	
2666598124 : 	4C	0	0	0	0	0	28	
2667802748 : 	4C	0	0	0	0	0	28	
2668709352 : 	4C	0	0	0	0	0	37	
2669313200 : 	4C	0	0	0	0	0	19	
2670817864 : 	4C	0	0	0	0	0	A	
2671422128 : 	4C	0	0	0	0	0	28	
2673030332 : 	4C	0	0	0	0	0	28	
2673834596 : 	4C	0	0	0	0	0	28	
2676648352 : 	4B	0	0	0	0	0	29	
2677050408 : 	4B	0	0	0	0	0	29	
2677151640 : 	4B	0	0	0	0	0	38	
2677251428 : 	4B	0	0	0	0	0	B	
2677754796 : 	4B	0	0	0	0	0	1A	
2679564192 : 	4B	0	0	0	0	0	38	
2680870052 : 	4B	0	0	0	0	0	B	
2680971372 : 	4B	0	0	0	0	0	1A	
2683584864 : 	4B	0	0	0	0	0	38	
2684085004 : 	4B	0	0	0	0	0	B	
2684888336 : 	4B	0	0	0	0	0	B	
2687702944 : 	4A	0	0	0	0	0	C	
2688708152 : 	4A	0	0	0	0	0	2A	
2688909440 : 	4A	0	0	0	0	0	C	
2689914556 : 	4A	0	0	0	0	0	2A	
2690920024 : 	4A	0	0	0	0	0	C	
2691623312 : 	4A	0	0	0	0	0	39	
2692627164 : 	4A	0	0	0	0	0	1B	
2693632628 : 	4A	0	0	0	0	0	39	
2696347272 : 	49	0	0	0	0	0	2B	
2697149332 : 	49	0	0	0	0	0	2B	
2698457824 : 	49	0	0	0	0	0	3A	
2702574632 : 	49	0	0	0	0	0	D	
2705390000 : 	49	0	0	0	0	0	D	
2706395376 : 	48	0	0	0	0	0	2C	
2706899092 : 	48	0	0	0	0	0	3B	
2707701832 : 	48	0	0	0	0	0	3B	
2710211452 : 	48	0	0	0	0	0	E	
2710613672 : 	48	0	0	0	0	0	E	
2711116964 : 	48	0	0	0	0	0	1D	
2711318068 : 	48	0	0	0	0	0	3B	
2711619392 : 	48	0	0	0	0	0	2C	
2713629984 : 	48	0	0	0	0	0	2C	
2715236992 : 	48	0	0	0	0	0	2C	
2715839984 : 	48	0	0	0	0	0	E	
2716442036 : 	48	0	0	0	0	0	2C	
2717145328 : 	48	0	0	0	0	0	1D	
2717648360 : 	48	0	0	0	0	0	2C	
2717750528 : 	48	0	0	0	0	0	3B	
2718352504 : 	48	0	0	0	0	0	1D	
2718753360 : 	48	0	0	0	0	0	1D	
2719155748 : 	48	0	0	0	0	0	1D	
2719356948 : 	48	0	0	0	0	0	3B	
2720663740 : 	48	0	0	0	0	0	E	
2723175572 : 	48	0	0	0	0	0	1D	
2723276720 : 	48	0	0	0	0	0	2C	
2723678936 : 	48	0	0	0	0	0	2C	
2723982304 : 	48	0	0	0	0	0	1D	
2724082348 : 	48	0	0	0	0	0	2C	
2724282692 : 	48	0	0	0	0	0	E	
2728602904 : 	47	0	0	0	0	0	3C	
2728803588 : 	47	0	0	0	0	0	1E	
2730609412 : 	47	0	0	0	0	0	3C	
2730813668 : 	47	0	0	0	0	0	1E	
2732721160 : 	47	0	0	0	0	0	F	
2733123632 : 	47	0	0	0	0	0	F	
2734832980 : 	47	0	0	0	0	0	1E	
2735233924 : 	47	0	0	0	0	0	1E	
2735434868 : 	47	0	0	0	0	0	3C	
2735836064 : 	47	0	0	0	0	0	3C	
2736338244 : 	47	0	0	0	0	0	F	
2736540120 : 	47	0	0	0	0	0	2D	
2736641104 : 	47	0	0	0	0	0	3C	
2737444948 : 	47	0	0	0	0	0	3C	
2740756288 : 	47	0	0	0	0	0	F	
2740857436 : 	47	0	0	0	0	0	1E	
2742265124 : 	47	0	0	0	0	0	3C	
2742465384 : 	47	0	0	0	0	0	1E	
2743771920 : 	47	0	0	0	0	0	2D	
2744575252 : 	47	0	0	0	0	0	2D	
2744876236 : 	47	0	0	0	0	0	1E	
2744976284 : 	47	0	0	0	0	0	2D	
2746085280 : 	47	0	0	0	0	0	1E	
2748195148 : 	47	0	0	0	0	0	2D	
2748997292 : 	48	0	0	0	0	0	2C	
2749098356 : 	48	0	0	0	0	0	3B	
2750205144 : 	48	0	0	0	0	0	2C	
2751811812 : 	48	0	0	0	0	0	2C	
2752517400 : 	48	0	0	0	0	0	1D	
2752818384 : 	48	0	0	0	0	0	E	
2753321328 : 	48	0	0	0	0	0	1D	
2753420268 : 	48	0	0	0	0	0	2C	
2754228448 : 	48	0	0	0	0	0	2C	
2755228472 : 	48	0	0	0	0	0	E	
2756333984 : 	47	0	0	0	0	0	3C	
2756636760 : 	47	0	0	0	0	0	2D	
2757037192 : 	47	0	0	0	0	0	2D	
2757438304 : 	47	0	0	0	0	0	2D	
2757539368 : 	47	0	0	0	0	0	3C	
2763067936 : 	47	0	0	0	0	0	2D	
2763369008 : 	47	0	0	0	0	0	1E	
2763771064 : 	47	0	0	0	0	0	1E	
2763870932 : 	47	0	0	0	0	0	2D	
2765278284 : 	47	0	0	0	0	0	F	
2766685624 : 	47	0	0	0	0	0	2D	
2768894180 : 	47	0	0	0	0	0	F	
2769198228 : 	47	0	0	0	0	0	3C	
2771910064 : 	47	0	0	0	0	0	2D	
2775830008 : 	47	0	0	0	0	0	1E	
2779548076 : 	48	0	0	0	0	0	2C	
2782664432 : 	48	0	0	0	0	0	1D	
2788137056 : 	0	0	0	0	0	0	37	
2788939620 : 	0	0	0	0	0	0	37	
