553830616 : 	0	0	C0	28	0	0	0	2B	
555939808 : 	60	0	0	28	0	0	0	30	
557345196 : 	60	0	0	28	0	0	0	12	
558551600 : 	60	0	0	28	0	0	0	12	
559453620 : 	60	0	0	28	0	0	0	21	
559856696 : 	60	0	0	28	0	0	0	21	
559957756 : 	60	0	0	28	0	0	0	30	
560962796 : 	60	0	0	28	0	0	0	12	
562367848 : 	60	0	0	28	0	0	0	30	
563373148 : 	60	0	0	28	0	0	0	12	
563673956 : 	60	0	0	28	0	0	0	3	
564277968 : 	60	0	0	28	0	0	0	21	
566085236 : 	60	0	0	28	0	0	0	3	
570002292 : 	60	0	0	28	0	0	0	30	
571207768 : 	60	0	0	28	0	0	0	30	
571308744 : 	60	0	0	28	0	0	0	3	
571510704 : 	60	0	0	28	0	0	0	21	
572215776 : 	60	0	0	28	0	0	0	12	
573721892 : 	60	0	0	28	0	0	0	3	
578644920 : 	60	0	0	28	0	0	0	12	
578743524 : 	60	0	0	28	0	0	0	21	
581056032 : 	60	0	0	28	0	0	0	12	
581154892 : 	60	0	0	28	0	0	0	21	
583265012 : 	60	0	0	28	0	0	0	30	
583365056 : 	60	0	0	28	0	0	0	3	
583665616 : 	60	0	0	28	0	0	0	30	
586279032 : 	60	0	0	28	0	0	0	12	
586682012 : 	60	0	0	28	0	0	0	12	
589795308 : 	60	0	0	28	0	0	0	3	
590597288 : 	60	0	0	28	0	0	0	3	
591402152 : 	60	0	0	28	0	0	0	3	
593713128 : 	60	0	0	28	0	0	0	30	
594316464 : 	60	0	0	28	0	0	0	12	
596225896 : 	60	0	0	28	0	0	0	3	
596828212 : 	60	0	0	28	0	0	0	21	
597431536 : 	60	0	0	28	0	0	0	3	
598033336 : 	60	0	0	28	0	0	0	21	
598336448 : 	60	0	0	28	0	0	0	12	
599241440 : 	60	0	0	28	0	0	0	21	
600445468 : 	60	0	0	28	0	0	0	21	
600646408 : 	60	0	0	28	0	0	0	3	
600848792 : 	60	0	0	28	0	0	0	21	
601853492 : 	60	0	0	28	0	0	0	3	
602762484 : 	60	0	0	28	0	0	0	12	
603562672 : 	60	0	0	28	0	0	0	12	
604165156 : 	60	0	0	28	0	0	0	30	
604466052 : 	60	0	0	28	0	0	0	21	
606375576 : 	60	0	0	28	0	0	0	12	
606577620 : 	60	0	0	28	0	0	0	30	
607181376 : 	60	0	0	28	0	0	0	12	
607481596 : 	60	0	0	28	0	0	0	3	
607682712 : 	60	0	0	28	0	0	0	21	
608385996 : 	60	0	0	28	0	0	0	12	
609189588 : 	60	0	0	28	0	0	0	12	
609692532 : 	60	0	0	28	0	0	0	21	
610897152 : 	60	0	0	28	0	0	0	21	
611200348 : 	60	0	0	28	0	0	0	12	
612404456 : 	60	0	0	28	0	0	0	12	
612504248 : 	60	0	0	28	0	0	0	21	
613709376 : 	60	0	0	28	0	0	0	21	
614413772 : 	60	0	0	28	0	0	0	12	
614713652 : 	60	0	0	28	0	0	0	3	
616022228 : 	60	0	0	28	0	0	0	12	
616724920 : 	60	0	0	28	0	0	0	3	
617326976 : 	60	0	0	28	0	0	0	21	
617529020 : 	60	0	0	28	0	0	0	3	
618032392 : 	60	0	0	28	0	0	0	12	
618533128 : 	60	0	0	28	0	0	0	21	
713322284 : 	0	0	C0	28	0	0	0	2B	
715030780 : 	60	0	0	28	0	0	0	30	
716240000 : 	60	0	0	28	0	0	0	30	
718950812 : 	60	0	0	28	0	0	0	21	
719151164 : 	60	0	0	28	0	0	0	3	
719352608 : 	60	0	0	28	0	0	0	21	
724277760 : 	70	0	0	28	0	0	0	3F	
724979868 : 	70	0	0	28	0	0	0	20	
725582768 : 	70	0	0	28	0	0	0	2	
726991388 : 	70	0	0	28	0	0	0	20	
727993372 : 	70	0	0	28	0	0	0	2	
729199092 : 	70	0	0	28	0	0	0	2	
729399692 : 	70	0	0	28	0	0	0	20	
729500588 : 	70	0	0	28	0	0	0	3F	
730604312 : 	70	0	0	28	0	0	0	20	
730805428 : 	70	0	0	28	0	0	0	2	
732312984 : 	70	0	0	28	0	0	0	3F	
732916140 : 	70	0	0	28	0	0	0	11	
733117080 : 	70	0	0	28	0	0	0	3F	
733215940 : 	70	0	0	28	0	0	0	2	
735426532 : 	60	0	0	28	0	0	0	21	
735733212 : 	60	0	0	28	0	0	0	12	
736732556 : 	60	0	0	28	0	0	0	30	
736934176 : 	60	0	0	28	0	0	0	12	
737334448 : 	60	0	0	28	0	0	0	12	
738842936 : 	60	0	0	28	0	0	0	3	
740352032 : 	60	0	0	28	0	0	0	30	
741356216 : 	60	0	0	28	0	0	0	12	
741958440 : 	60	0	0	28	0	0	0	30	
742560844 : 	60	0	0	28	0	0	0	12	
743966744 : 	60	0	0	28	0	0	0	30	
747281908 : 	60	0	0	28	0	0	0	3	
747683964 : 	60	0	0	28	0	0	0	3	
747986300 : 	60	0	0	28	0	0	0	30	
748591928 : 	60	0	0	28	0	0	0	12	
750396484 : 	60	0	0	28	0	0	0	30	
751097644 : 	60	0	0	28	0	0	0	21	
751700888 : 	60	0	0	28	0	0	0	3	
753911140 : 	60	0	0	28	0	0	0	21	
754111232 : 	60	0	0	28	0	0	0	3	
754614516 : 	60	0	0	28	0	0	0	12	
755016480 : 	60	0	0	28	0	0	0	12	
755418616 : 	60	0	0	28	0	0	0	12	
757228948 : 	60	0	0	28	0	0	0	30	
757631088 : 	60	0	0	28	0	0	0	30	
758232124 : 	60	0	0	28	0	0	0	12	
758533016 : 	60	0	0	28	0	0	0	3	
759337968 : 	60	0	0	28	0	0	0	3	
761651752 : 	60	0	0	28	0	0	0	30	
762453728 : 	60	0	0	28	0	0	0	30	
763357448 : 	60	0	0	28	0	0	0	3	
764563852 : 	60	0	0	28	0	0	0	3	
764764960 : 	60	0	0	28	0	0	0	21	
766371892 : 	60	0	0	28	0	0	0	21	
766773432 : 	60	0	0	28	0	0	0	21	
767577108 : 	60	0	0	28	0	0	0	21	
768181452 : 	60	0	0	28	0	0	0	3	
771697052 : 	60	0	0	28	0	0	0	30	
776121728 : 	60	0	0	28	0	0	0	30	
777826996 : 	60	0	0	28	0	0	0	3	
779735672 : 	60	0	0	28	0	0	0	30	
780036656 : 	60	0	0	28	0	0	0	21	
780439648 : 	60	0	0	28	0	0	0	21	
781443916 : 	60	0	0	28	0	0	0	3	
783153272 : 	60	0	0	28	0	0	0	12	
784157544 : 	60	0	0	28	0	0	0	30	
785764892 : 	60	0	0	28	0	0	0	30	
785864772 : 	60	0	0	28	0	0	0	3	
786972656 : 	60	0	0	28	0	0	0	30	
787473220 : 	60	0	0	28	0	0	0	3	
788478012 : 	60	0	0	28	0	0	0	21	
788780268 : 	60	0	0	28	0	0	0	12	
790686736 : 	60	0	0	28	0	0	0	3	
791490320 : 	60	0	0	28	0	0	0	3	
795107836 : 	60	0	0	28	0	0	0	3	
796313652 : 	60	0	0	28	0	0	0	3	
796415060 : 	60	0	0	28	0	0	0	12	
798323216 : 	60	0	0	28	0	0	0	3	
799027016 : 	60	0	0	28	0	0	0	30	
799126724 : 	60	0	0	28	0	0	0	3	
799729720 : 	60	0	0	28	0	0	0	21	
799931508 : 	60	0	0	28	0	0	0	3	
801840348 : 	60	0	0	28	0	0	0	30	
803649400 : 	60	0	0	28	0	0	0	12	
807269636 : 	60	0	0	28	0	0	0	12	
809576368 : 	60	0	0	28	0	0	0	3	
809676752 : 	60	0	0	28	0	0	0	12	
810581832 : 	60	0	0	28	0	0	0	21	
812190032 : 	60	0	0	28	0	0	0	21	
812591400 : 	60	0	0	28	0	0	0	21	
812995492 : 	60	0	0	28	0	0	0	21	
813998492 : 	60	0	0	28	0	0	0	3	
814501860 : 	60	0	0	28	0	0	0	12	
814601652 : 	60	0	0	28	0	0	0	21	
816510156 : 	60	0	0	28	0	0	0	12	
816610032 : 	60	0	0	28	0	0	0	21	
817116804 : 	60	0	0	28	0	0	0	30	
818618244 : 	60	0	0	28	0	0	0	21	
819221316 : 	60	0	0	28	0	0	0	3	
820930836 : 	60	0	0	28	0	0	0	12	
823341352 : 	60	0	0	28	0	0	0	12	
823943408 : 	60	0	0	28	0	0	0	30	
825349560 : 	60	0	0	28	0	0	0	12	
826155360 : 	60	0	0	28	0	0	0	12	
826556136 : 	60	0	0	28	0	0	0	12	
833790232 : 	60	0	0	28	0	0	0	12	
834292328 : 	60	0	0	28	0	0	0	21	
835198428 : 	60	0	0	28	0	0	0	30	
836202700 : 	60	0	0	28	0	0	0	12	
838615596 : 	60	0	0	28	0	0	0	12	
839116756 : 	60	0	0	28	0	0	0	21	
839418252 : 	60	0	0	28	0	0	0	12	
839518304 : 	60	0	0	28	0	0	0	21	
842732996 : 	60	0	0	28	0	0	0	21	
843939148 : 	60	0	0	28	0	0	0	21	
844342216 : 	60	0	0	28	0	0	0	21	
846753752 : 	60	0	0	28	0	0	0	21	
847958968 : 	60	0	0	28	0	0	0	21	
848059180 : 	60	0	0	28	0	0	0	30	
848159228 : 	60	0	0	28	0	0	0	3	
849267116 : 	60	0	0	28	0	0	0	30	
849769128 : 	60	0	0	28	0	0	0	3	
849969308 : 	60	0	0	28	0	0	0	21	
850270456 : 	60	0	0	28	0	0	0	12	
850371436 : 	60	0	0	28	0	0	0	21	
850973576 : 	60	0	0	28	0	0	0	3	
851479672 : 	60	0	0	28	0	0	0	12	
852882424 : 	60	0	0	28	0	0	0	30	
853284300 : 	60	0	0	28	0	0	0	30	
853485244 : 	60	0	0	28	0	0	0	12	
854289432 : 	60	0	0	28	0	0	0	12	
857302932 : 	60	0	0	28	0	0	0	30	
859011184 : 	60	0	0	28	0	0	0	3	
860417500 : 	60	0	0	28	0	0	0	21	
860819472 : 	60	0	0	28	0	0	0	21	
864139056 : 	60	0	0	28	0	0	0	30	
865141632 : 	60	0	0	28	0	0	0	12	
865343600 : 	60	0	0	28	0	0	0	30	
865442532 : 	60	0	0	28	0	0	0	3	
865644668 : 	60	0	0	28	0	0	0	21	
866149308 : 	60	0	0	28	0	0	0	30	
867453976 : 	60	0	0	28	0	0	0	3	
868056876 : 	60	0	0	28	0	0	0	21	
868761100 : 	60	0	0	28	0	0	0	12	
869262176 : 	60	0	0	28	0	0	0	21	
869565116 : 	60	0	0	28	0	0	0	12	
869664912 : 	60	0	0	28	0	0	0	21	
874889856 : 	60	0	0	28	0	0	0	21	
874990328 : 	60	0	0	28	0	0	0	30	
876396824 : 	60	0	0	28	0	0	0	12	
880012388 : 	60	0	0	28	0	0	0	12	
881020228 : 	60	0	0	28	0	0	0	30	
882024160 : 	60	0	0	28	0	0	0	12	
882426128 : 	60	0	0	28	0	0	0	12	
883431168 : 	60	0	0	28	0	0	0	30	
884937368 : 	60	0	0	28	0	0	0	21	
885843048 : 	60	0	0	28	0	0	0	30	
886044068 : 	60	0	0	28	0	0	0	12	
886649020 : 	60	0	0	28	0	0	0	30	
887050892 : 	60	0	0	28	0	0	0	30	
887953336 : 	60	0	0	28	0	0	0	3	
890970836 : 	60	0	0	28	0	0	0	21	
891772728 : 	60	0	0	28	0	0	0	21	
892476104 : 	60	0	0	28	0	0	0	12	
893381436 : 	60	0	0	28	0	0	0	21	
893983492 : 	60	0	0	28	0	0	0	3	
894486700 : 	60	0	0	28	0	0	0	12	
894889848 : 	60	0	0	28	0	0	0	12	
895893868 : 	60	0	0	28	0	0	0	30	
896797504 : 	60	0	0	28	0	0	0	3	
899007076 : 	60	0	0	28	0	0	0	21	
899714700 : 	60	0	0	28	0	0	0	12	
901720276 : 	50	0	0	28	0	0	0	13	
901924788 : 	50	0	0	28	0	0	0	31	
903225380 : 	50	0	0	28	0	0	0	4	
903326352 : 	50	0	0	28	0	0	0	13	
903627592 : 	50	0	0	28	0	0	0	4	
905838016 : 	50	0	0	28	0	0	0	22	
907546348 : 	50	0	0	28	0	0	0	31	
908049804 : 	50	0	0	28	0	0	0	4	
910564448 : 	50	0	0	28	0	0	0	13	
910663296 : 	50	0	0	28	0	0	0	22	
910863728 : 	50	0	0	28	0	0	0	4	
910964536 : 	50	0	0	28	0	0	0	13	
911769748 : 	50	0	0	28	0	0	0	13	
912671592 : 	50	0	0	28	0	0	0	22	
913273732 : 	50	0	0	28	0	0	0	4	
914681932 : 	50	0	0	28	0	0	0	22	
915386068 : 	50	0	0	28	0	0	0	13	
915485780 : 	50	0	0	28	0	0	0	22	
915786332 : 	50	0	0	28	0	0	0	13	
916892352 : 	50	0	0	28	0	0	0	4	
918199568 : 	50	0	0	28	0	0	0	13	
919206308 : 	50	0	0	28	0	0	0	31	
919505848 : 	50	0	0	28	0	0	0	22	
920816460 : 	50	0	0	28	0	0	0	31	
921414436 : 	50	0	0	28	0	0	0	13	
921716272 : 	50	0	0	28	0	0	0	4	
921917380 : 	50	0	0	28	0	0	0	22	
922117896 : 	50	0	0	28	0	0	0	4	
922419904 : 	50	0	0	28	0	0	0	31	
922920984 : 	50	0	0	28	0	0	0	4	
923424864 : 	50	0	0	28	0	0	0	13	
924630668 : 	50	0	0	28	0	0	0	13	
925131400 : 	50	0	0	28	0	0	0	22	
926137292 : 	50	0	0	28	0	0	0	4	
926739348 : 	50	0	0	28	0	0	0	22	
927042544 : 	50	0	0	28	0	0	0	13	
929254244 : 	50	0	0	28	0	0	0	31	
929957028 : 	50	0	0	28	0	0	0	22	
931766160 : 	50	0	0	28	0	0	0	4	
932569412 : 	50	0	0	28	0	0	0	4	
933072696 : 	50	0	0	28	0	0	0	13	
934176252 : 	50	0	0	28	0	0	0	4	
936690728 : 	50	0	0	28	0	0	0	13	
938195564 : 	50	0	0	28	0	0	0	4	
938699104 : 	50	0	0	28	0	0	0	13	
939100980 : 	50	0	0	28	0	0	0	13	
939904400 : 	50	0	0	28	0	0	0	13	
941411536 : 	50	0	0	28	0	0	0	4	
941611628 : 	50	0	0	28	0	0	0	22	
942114488 : 	50	0	0	28	0	0	0	31	
943722176 : 	50	0	0	28	0	0	0	31	
946334568 : 	50	0	0	28	0	0	0	13	
947640932 : 	50	0	0	28	0	0	0	22	
948345328 : 	50	0	0	28	0	0	0	13	
949752672 : 	50	0	0	28	0	0	0	31	
950758220 : 	50	0	0	28	0	0	0	13	
951258788 : 	50	0	0	28	0	0	0	22	
953168568 : 	50	0	0	28	0	0	0	13	
954873412 : 	50	0	0	28	0	0	0	22	
955779264 : 	50	0	0	28	0	0	0	31	
959395668 : 	50	0	0	28	0	0	0	31	
960501948 : 	50	0	0	28	0	0	0	22	
961005140 : 	50	0	0	28	0	0	0	31	
962011540 : 	50	0	0	28	0	0	0	13	
962111164 : 	50	0	0	28	0	0	0	22	
964924832 : 	50	0	0	28	0	0	0	22	
966132004 : 	50	0	0	28	0	0	0	22	
966433668 : 	50	0	0	28	0	0	0	13	
969752236 : 	50	0	0	28	0	0	0	22	
971256912 : 	50	0	0	28	0	0	0	13	
978896196 : 	50	0	0	28	0	0	0	13	
979096204 : 	50	0	0	28	0	0	0	31	
980704408 : 	50	0	0	28	0	0	0	31	
981106452 : 	50	0	0	28	0	0	0	31	
981307484 : 	50	0	0	28	0	0	0	13	
982016716 : 	50	0	0	28	0	0	0	4	
982916780 : 	50	0	0	28	0	0	0	13	
985829484 : 	50	0	0	28	0	0	0	22	
986534380 : 	50	0	0	28	0	0	0	13	
986633664 : 	50	0	0	28	0	0	0	22	
987939772 : 	50	0	0	28	0	0	0	31	
990253556 : 	50	0	0	28	0	0	0	22	
992663392 : 	50	0	0	28	0	0	0	22	
994371644 : 	50	0	0	28	0	0	0	31	
996381892 : 	50	0	0	28	0	0	0	31	
996883812 : 	50	0	0	28	0	0	0	4	
997386160 : 	50	0	0	28	0	0	0	13	
998490312 : 	50	0	0	28	0	0	0	4	
999294668 : 	50	0	0	28	0	0	0	4	
1002005488 : 	50	0	0	28	0	0	0	31	
1002105364 : 	50	0	0	28	0	0	0	4	
1002608564 : 	50	0	0	28	0	0	0	13	
1003418528 : 	50	0	0	28	0	0	0	13	
1005119036 : 	50	0	0	28	0	0	0	22	
1006125268 : 	50	0	0	28	0	0	0	4	
1006226416 : 	50	0	0	28	0	0	0	13	
1006929452 : 	50	0	0	28	0	0	0	4	
1007836064 : 	50	0	0	28	0	0	0	13	
1009542524 : 	50	0	0	28	0	0	0	22	
1009643248 : 	50	0	0	28	0	0	0	31	
1009743208 : 	50	0	0	28	0	0	0	4	
1010948420 : 	50	0	0	28	0	0	0	4	
1011451620 : 	50	0	0	28	0	0	0	13	
1013663152 : 	50	0	0	28	0	0	0	31	
1015974728 : 	50	0	0	28	0	0	0	22	
1016276816 : 	50	0	0	28	0	0	0	13	
1017280156 : 	50	0	0	28	0	0	0	31	
1018989252 : 	50	0	0	28	0	0	0	4	
1019291512 : 	50	0	0	28	0	0	0	31	
1020098504 : 	50	0	0	28	0	0	0	31	
1020195148 : 	50	0	0	28	0	0	0	4	
1021198828 : 	50	0	0	28	0	0	0	22	
1023311332 : 	50	0	0	28	0	0	0	31	
1024518756 : 	50	0	0	28	0	0	0	31	
1025320732 : 	50	0	0	28	0	0	0	31	
1025621632 : 	50	0	0	28	0	0	0	22	
1026225048 : 	50	0	0	28	0	0	0	4	
1026826932 : 	50	0	0	28	0	0	0	22	
1028336276 : 	50	0	0	28	0	0	0	13	
1030143888 : 	50	0	0	28	0	0	0	31	
1030747896 : 	50	0	0	28	0	0	0	13	
1032053496 : 	50	0	0	28	0	0	0	22	
1032555932 : 	50	0	0	28	0	0	0	31	
1032958072 : 	50	0	0	28	0	0	0	31	
1033259220 : 	50	0	0	28	0	0	0	22	
1034061884 : 	50	0	0	28	0	0	0	22	
1035268960 : 	50	0	0	28	0	0	0	22	
1035670248 : 	50	0	0	28	0	0	0	22	
1035972420 : 	50	0	0	28	0	0	0	13	
1036072212 : 	50	0	0	28	0	0	0	22	
1036475196 : 	50	0	0	28	0	0	0	22	
1036776268 : 	50	0	0	28	0	0	0	13	
1038682816 : 	50	0	0	28	0	0	0	4	
1039590360 : 	50	0	0	28	0	0	0	13	
1040893240 : 	50	0	0	28	0	0	0	22	
1043305884 : 	50	0	0	28	0	0	0	22	
1045417452 : 	50	0	0	28	0	0	0	31	
1045621800 : 	50	0	0	28	0	0	0	13	
1049333920 : 	50	0	0	28	0	0	0	22	
1051242928 : 	50	0	0	28	0	0	0	13	
1051543828 : 	50	0	0	28	0	0	0	4	
1051946728 : 	50	0	0	28	0	0	0	4	
1052651800 : 	50	0	0	28	0	0	0	31	
1052751252 : 	50	0	0	28	0	0	0	4	
1054659764 : 	50	0	0	28	0	0	0	31	
1055261644 : 	50	0	0	28	0	0	0	13	
1056467708 : 	50	0	0	28	0	0	0	13	
1057069088 : 	50	0	0	28	0	0	0	31	
1058176208 : 	50	0	0	28	0	0	0	22	
1059282312 : 	50	0	0	28	0	0	0	13	
1061089156 : 	50	0	0	28	0	0	0	31	
1061389120 : 	50	0	0	28	0	0	0	22	
1061591592 : 	50	0	0	28	0	0	0	4	
1062497184 : 	50	0	0	28	0	0	0	13	
1063701208 : 	50	0	0	28	0	0	0	13	
1063901892 : 	50	0	0	28	0	0	0	31	
1064603828 : 	50	0	0	28	0	0	0	22	
1065510092 : 	50	0	0	28	0	0	0	31	
1067319572 : 	50	0	0	28	0	0	0	13	
1067419792 : 	50	0	0	28	0	0	0	22	
1068324960 : 	50	0	0	28	0	0	0	31	
1068625852 : 	50	0	0	28	0	0	0	22	
1069128968 : 	50	0	0	28	0	0	0	31	
1072645168 : 	50	0	0	28	0	0	0	22	
1073752288 : 	50	0	0	28	0	0	0	13	
1074958528 : 	50	0	0	28	0	0	0	13	
1075460700 : 	50	0	0	28	0	0	0	22	
1075762204 : 	50	0	0	28	0	0	0	13	
1076165184 : 	50	0	0	28	0	0	0	13	
1078374164 : 	50	0	0	28	0	0	0	31	
1080582460 : 	50	0	0	28	0	0	0	13	
1081185028 : 	50	0	0	28	0	0	0	31	
1081686024 : 	50	0	0	28	0	0	0	4	
1082188368 : 	50	0	0	28	0	0	0	13	
1082992468 : 	50	0	0	28	0	0	0	13	
1085402728 : 	50	0	0	28	0	0	0	13	
1085503028 : 	50	0	0	28	0	0	0	22	
1085805116 : 	50	0	0	28	0	0	0	13	
1086006736 : 	50	0	0	28	0	0	0	31	
1086608028 : 	50	0	0	28	0	0	0	13	
1086909096 : 	50	0	0	28	0	0	0	4	
1087311232 : 	50	0	0	28	0	0	0	4	
1088318056 : 	50	0	0	28	0	0	0	22	
1089626548 : 	50	0	0	28	0	0	0	31	
1090027236 : 	50	0	0	28	0	0	0	31	
1090830232 : 	50	0	0	28	0	0	0	31	
1090930108 : 	50	0	0	28	0	0	0	4	
1093442712 : 	50	0	0	28	0	0	0	13	
1094345924 : 	50	0	0	28	0	0	0	22	
1094546348 : 	50	0	0	28	0	0	0	4	
1095550120 : 	50	0	0	28	0	0	0	22	
1095652460 : 	50	0	0	28	0	0	0	31	
1095853476 : 	50	0	0	28	0	0	0	13	
1096658768 : 	50	0	0	28	0	0	0	13	
1097159672 : 	50	0	0	28	0	0	0	22	
1097963092 : 	50	0	0	28	0	0	0	22	
1099370268 : 	50	0	0	28	0	0	0	4	
1099471076 : 	50	0	0	28	0	0	0	13	
1101983768 : 	50	0	0	28	0	0	0	22	
1102083892 : 	50	0	0	28	0	0	0	31	
1102689008 : 	50	0	0	28	0	0	0	13	
1104498232 : 	50	0	0	28	0	0	0	31	
1104699852 : 	50	0	0	28	0	0	0	13	
1105904732 : 	50	0	0	28	0	0	0	13	
1106003668 : 	50	0	0	28	0	0	0	22	
1108921468 : 	50	0	0	28	0	0	0	31	
1109021168 : 	50	0	0	28	0	0	0	4	
1109221256 : 	50	0	0	28	0	0	0	22	
1110224428 : 	50	0	0	28	0	0	0	4	
1110324896 : 	50	0	0	28	0	0	0	13	
1110425280 : 	50	0	0	28	0	0	0	22	
1112132424 : 	50	0	0	28	0	0	0	31	
1112834436 : 	50	0	0	28	0	0	0	22	
1114041948 : 	50	0	0	28	0	0	0	22	
1115046060 : 	50	0	0	28	0	0	0	4	
1115148136 : 	50	0	0	28	0	0	0	13	
1116152156 : 	50	0	0	28	0	0	0	31	
1116854432 : 	50	0	0	28	0	0	0	22	
1122081164 : 	50	0	0	28	0	0	0	22	
1122281600 : 	50	0	0	28	0	0	0	4	
1122586316 : 	50	0	0	28	0	0	0	31	
1124493384 : 	50	0	0	28	0	0	0	22	
1125197600 : 	50	0	0	28	0	0	0	13	
1128312512 : 	50	0	0	28	0	0	0	4	
1128613244 : 	50	0	0	28	0	0	0	31	
1128813500 : 	50	0	0	28	0	0	0	13	
1129014016 : 	50	0	0	28	0	0	0	31	
1129314660 : 	50	0	0	28	0	0	0	22	
1130021524 : 	50	0	0	28	0	0	0	13	
1131625812 : 	50	0	0	28	0	0	0	13	
1131926884 : 	50	0	0	28	0	0	0	4	
1134137732 : 	50	0	0	28	0	0	0	22	
1134439736 : 	50	0	0	28	0	0	0	13	
1135243156 : 	50	0	0	28	0	0	0	13	
1137052636 : 	50	0	0	28	0	0	0	31	
1142375336 : 	50	0	0	28	0	0	0	4	
1143079732 : 	50	0	0	28	0	0	0	31	
1143582080 : 	50	0	0	28	0	0	0	4	
1143884344 : 	50	0	0	28	0	0	0	31	
1145389352 : 	50	0	0	28	0	0	0	22	
1148804820 : 	50	0	0	28	0	0	0	4	
1150212420 : 	50	0	0	28	0	0	0	22	
1150915880 : 	50	0	0	28	0	0	0	13	
1153428144 : 	50	0	0	28	0	0	0	22	
1153528960 : 	50	0	0	28	0	0	0	31	
1153628828 : 	50	0	0	28	0	0	0	4	
1154733740 : 	50	0	0	28	0	0	0	31	
1156442752 : 	50	0	0	28	0	0	0	4	
1157148420 : 	50	0	0	28	0	0	0	31	
1158351596 : 	50	0	0	28	0	0	0	31	
1158956456 : 	50	0	0	28	0	0	0	13	
1159557408 : 	50	0	0	28	0	0	0	31	
1160863008 : 	50	0	0	28	0	0	0	4	
1160963816 : 	50	0	0	28	0	0	0	13	
1163677356 : 	50	0	0	28	0	0	0	4	
1167698032 : 	50	0	0	28	0	0	0	4	
1168000040 : 	50	0	0	28	0	0	0	31	
1168703916 : 	50	0	0	28	0	0	0	22	
1169305548 : 	50	0	0	28	0	0	0	4	
1171618140 : 	50	0	0	28	0	0	0	31	
1172118876 : 	50	0	0	28	0	0	0	4	
1174129040 : 	50	0	0	28	0	0	0	4	
1174530076 : 	50	0	0	28	0	0	0	4	
1175234644 : 	50	0	0	28	0	0	0	31	
1176240528 : 	50	0	0	28	0	0	0	13	
1176740928 : 	50	0	0	28	0	0	0	22	
1177044712 : 	50	0	0	28	0	0	0	13	
1178249588 : 	50	0	0	28	0	0	0	13	
1180061616 : 	50	0	0	28	0	0	0	31	
1181064872 : 	50	0	0	28	0	0	0	13	
1184681032 : 	50	0	0	28	0	0	0	13	
1185784240 : 	50	0	0	28	0	0	0	4	
1188097100 : 	50	0	0	28	0	0	0	31	
1190710424 : 	50	0	0	28	0	0	0	13	
1190810036 : 	50	0	0	28	0	0	0	22	
1191516388 : 	50	0	0	28	0	0	0	13	
1192821224 : 	50	0	0	28	0	0	0	22	
1195936048 : 	50	0	0	28	0	0	0	13	
1196539124 : 	50	0	0	28	0	0	0	31	
1198146304 : 	50	0	0	28	0	0	0	31	
1200758096 : 	50	0	0	28	0	0	0	13	
1200859168 : 	50	0	0	28	0	0	0	22	
1200960396 : 	50	0	0	28	0	0	0	31	
1201162364 : 	50	0	0	28	0	0	0	13	
1203973732 : 	50	0	0	28	0	0	0	13	
1206384416 : 	50	0	0	28	0	0	0	13	
1207085668 : 	50	0	0	28	0	0	0	4	
1207186308 : 	50	0	0	28	0	0	0	13	
1207387844 : 	50	0	0	28	0	0	0	31	
1208192280 : 	50	0	0	28	0	0	0	31	
1209797508 : 	50	0	0	28	0	0	0	31	
1210500884 : 	50	0	0	28	0	0	0	22	
1211506008 : 	50	0	0	28	0	0	0	4	
1213014084 : 	50	0	0	28	0	0	0	31	
1213215016 : 	50	0	0	28	0	0	0	13	
1213314636 : 	50	0	0	28	0	0	0	22	
1214218696 : 	50	0	0	28	0	0	0	31	
1214920032 : 	50	0	0	28	0	0	0	22	
1215626808 : 	50	0	0	28	0	0	0	13	
1216327036 : 	50	0	0	28	0	0	0	4	
1217432800 : 	50	0	0	28	0	0	0	31	
1218135752 : 	50	0	0	28	0	0	0	22	
1220347452 : 	50	0	0	28	0	0	0	4	
1220547456 : 	50	0	0	28	0	0	0	22	
1220949172 : 	50	0	0	28	0	0	0	22	
1221653136 : 	50	0	0	28	0	0	0	13	
1222256728 : 	50	0	0	28	0	0	0	31	
1223562068 : 	50	0	0	28	0	0	0	4	
1224768388 : 	50	0	0	28	0	0	0	4	
1226277136 : 	50	0	0	28	0	0	0	31	
1226377096 : 	50	0	0	28	0	0	0	4	
1227282348 : 	50	0	0	28	0	0	0	13	
1229391792 : 	50	0	0	28	0	0	0	22	
1229692860 : 	50	0	0	28	0	0	0	13	
1229792908 : 	50	0	0	28	0	0	0	22	
1229893972 : 	50	0	0	28	0	0	0	31	
1230196920 : 	50	0	0	28	0	0	0	22	
1230297552 : 	50	0	0	28	0	0	0	31	
1230498068 : 	50	0	0	28	0	0	0	13	
1232005456 : 	50	0	0	28	0	0	0	4	
1233111560 : 	50	0	0	28	0	0	0	31	
1238234768 : 	50	0	0	28	0	0	0	22	
1238337532 : 	50	0	0	28	0	0	0	31	
1238940184 : 	50	0	0	28	0	0	0	13	
1239342240 : 	50	0	0	28	0	0	0	13	
1241050560 : 	50	0	0	28	0	0	0	22	
1241451168 : 	50	0	0	28	0	0	0	22	
1242758044 : 	50	0	0	28	0	0	0	31	
1242959660 : 	50	0	0	28	0	0	0	13	
1246173348 : 	50	0	0	28	0	0	0	13	
1246575136 : 	50	0	0	28	0	0	0	13	
1246776248 : 	50	0	0	28	0	0	0	31	
1248485596 : 	50	0	0	28	0	0	0	4	
1249191180 : 	50	0	0	28	0	0	0	31	
1250695348 : 	50	0	0	28	0	0	0	22	
1250796492 : 	50	0	0	28	0	0	0	31	
1252204608 : 	50	0	0	28	0	0	0	13	
1254312772 : 	50	0	0	28	0	0	0	22	
1254413240 : 	50	0	0	28	0	0	0	31	
1255920292 : 	50	0	0	28	0	0	0	22	
1257027840 : 	50	0	0	28	0	0	0	13	
1257231076 : 	50	0	0	28	0	0	0	31	
1259739512 : 	50	0	0	28	0	0	0	4	
1262553948 : 	50	0	0	28	0	0	0	4	
1263257492 : 	50	0	0	28	0	0	0	31	
1263759588 : 	50	0	0	28	0	0	0	4	
1265472420 : 	50	0	0	28	0	0	0	13	
1267176508 : 	50	0	0	28	0	0	0	22	
1267478764 : 	50	0	0	28	0	0	0	13	
1268083536 : 	50	0	0	28	0	0	0	31	
1268182904 : 	50	0	0	28	0	0	0	4	
1268584696 : 	50	0	0	28	0	0	0	4	
1268987008 : 	50	0	0	28	0	0	0	4	
1269893016 : 	50	0	0	28	0	0	0	13	
1270795208 : 	50	0	0	28	0	0	0	22	
1270895684 : 	50	0	0	28	0	0	0	31	
1271096704 : 	50	0	0	28	0	0	0	13	
1271297644 : 	50	0	0	28	0	0	0	31	
1271799480 : 	50	0	0	28	0	0	0	4	
1273911648 : 	50	0	0	28	0	0	0	13	
1275719004 : 	50	0	0	28	0	0	0	31	
1276324456 : 	50	0	0	28	0	0	0	13	
1278431608 : 	50	0	0	28	0	0	0	22	
1279034936 : 	50	0	0	28	0	0	0	4	
1279235284 : 	50	0	0	28	0	0	0	22	
1279536096 : 	50	0	0	28	0	0	0	13	
1280339100 : 	50	0	0	28	0	0	0	13	
1280438968 : 	50	0	0	28	0	0	0	22	
1281244852 : 	50	0	0	28	0	0	0	22	
1281345668 : 	50	0	0	28	0	0	0	31	
1281546352 : 	50	0	0	28	0	0	0	13	
1286067496 : 	50	0	0	28	0	0	0	22	
1288478184 : 	50	0	0	28	0	0	0	22	
1289381308 : 	50	0	0	28	0	0	0	31	
1293802412 : 	50	0	0	28	0	0	0	31	
1294304508 : 	50	0	0	28	0	0	0	4	
1294409144 : 	50	0	0	28	0	0	0	13	
1295308696 : 	50	0	0	28	0	0	0	22	
1296213608 : 	50	0	0	28	0	0	0	31	
1297318184 : 	50	0	0	28	0	0	0	22	
1298421912 : 	50	0	0	28	0	0	0	13	
1299025664 : 	50	0	0	28	0	0	0	31	
1299327580 : 	50	0	0	28	0	0	0	22	
1300332112 : 	50	0	0	28	0	0	0	4	
1301540048 : 	50	0	0	28	0	0	0	4	
1301639580 : 	50	0	0	28	0	0	0	13	
1302040784 : 	50	0	0	28	0	0	0	13	
1305459568 : 	50	0	0	28	0	0	0	31	
1306060772 : 	50	0	0	28	0	0	0	13	
1306762448 : 	50	0	0	28	0	0	0	4	
1308169028 : 	50	0	0	28	0	0	0	22	
1308269672 : 	50	0	0	28	0	0	0	31	
1308470012 : 	50	0	0	28	0	0	0	13	
1313795944 : 	50	0	0	28	0	0	0	22	
1315001920 : 	50	0	0	28	0	0	0	22	
1315804916 : 	50	0	0	28	0	0	0	22	
1316811148 : 	50	0	0	28	0	0	0	4	
1317414904 : 	50	0	0	28	0	0	0	22	
1323643192 : 	50	0	0	28	0	0	0	4	
1324847388 : 	50	0	0	28	0	0	0	4	
1325149476 : 	50	0	0	28	0	0	0	31	
1327862508 : 	50	0	0	28	0	0	0	22	
1328465836 : 	50	0	0	28	0	0	0	4	
1329169808 : 	50	0	0	28	0	0	0	31	
1330073444 : 	50	0	0	28	0	0	0	4	
1330176800 : 	50	0	0	28	0	0	0	13	
1331783300 : 	50	0	0	28	0	0	0	13	
1332082500 : 	50	0	0	28	0	0	0	4	
1332182888 : 	50	0	0	28	0	0	0	13	
1333589976 : 	50	0	0	28	0	0	0	31	
1333992876 : 	50	0	0	28	0	0	0	31	
1335398528 : 	50	0	0	28	0	0	0	13	
1336404752 : 	50	0	0	28	0	0	0	31	
1336704548 : 	50	0	0	28	0	0	0	22	
1337105748 : 	50	0	0	28	0	0	0	22	
1337508816 : 	50	0	0	28	0	0	0	22	
1338617812 : 	50	0	0	28	0	0	0	13	
1340122484 : 	50	0	0	28	0	0	0	4	
1340324612 : 	50	0	0	28	0	0	0	22	
1340424064 : 	50	0	0	28	0	0	0	31	
1342030992 : 	50	0	0	28	0	0	0	31	
1342331888 : 	50	0	0	28	0	0	0	22	
1342634572 : 	50	0	0	28	0	0	0	13	
1347152068 : 	50	0	0	28	0	0	0	22	
1348559668 : 	50	0	0	28	0	0	0	4	
1350166932 : 	50	0	0	28	0	0	0	4	
1353180948 : 	50	0	0	28	0	0	0	22	
1355188564 : 	50	0	0	28	0	0	0	22	
1355590272 : 	50	0	0	28	0	0	0	22	
1358304492 : 	50	0	0	28	0	0	0	13	
1369057460 : 	0	0	C0	28	0	0	0	2B	
1369359800 : 	50	0	0	28	0	0	0	13	
1369861808 : 	50	0	0	28	0	0	0	22	
1370364160 : 	50	0	0	28	0	0	0	31	
1371266184 : 	50	0	0	28	0	0	0	4	
1371667972 : 	50	0	0	28	0	0	0	4	
1373677636 : 	50	0	0	28	0	0	0	4	
1377396632 : 	50	0	0	28	0	0	0	13	
1377597828 : 	50	0	0	28	0	0	0	31	
1377898728 : 	50	0	0	28	0	0	0	22	
1379807324 : 	50	0	0	28	0	0	0	13	
1380209368 : 	50	0	0	28	0	0	0	13	
1380711376 : 	50	0	0	28	0	0	0	22	
1380814736 : 	50	0	0	28	0	0	0	31	
1381215596 : 	50	0	0	28	0	0	0	31	
1384028416 : 	50	0	0	28	0	0	0	31	
1385736492 : 	50	0	0	28	0	0	0	4	
1386239780 : 	50	0	0	28	0	0	0	13	
1386941284 : 	50	0	0	28	0	0	0	4	
1387443716 : 	50	0	0	28	0	0	0	13	
1387543764 : 	50	0	0	28	0	0	0	22	
1387646108 : 	50	0	0	28	0	0	0	31	
1388247648 : 	50	0	0	28	0	0	0	13	
1388447484 : 	50	0	0	28	0	0	0	31	
1390460284 : 	50	0	0	28	0	0	0	31	
1391161540 : 	50	0	0	28	0	0	0	22	
1391969116 : 	50	0	0	28	0	0	0	22	
1392672408 : 	50	0	0	28	0	0	0	13	
1392870464 : 	50	0	0	28	0	0	0	31	
1394482484 : 	50	0	0	28	0	0	0	31	
1396689088 : 	50	0	0	28	0	0	0	13	
1397290288 : 	50	0	0	28	0	0	0	31	
1398194772 : 	50	0	0	28	0	0	0	4	
1401810588 : 	50	0	0	28	0	0	0	4	
1402918564 : 	50	0	0	28	0	0	0	31	
1404022712 : 	50	0	0	28	0	0	0	22	
1406133604 : 	50	0	0	28	0	0	0	31	
1406232460 : 	50	0	0	28	0	0	0	4	
1407239028 : 	50	0	0	28	0	0	0	22	
1407639888 : 	50	0	0	28	0	0	0	22	
1408643824 : 	50	0	0	28	0	0	0	4	
1409550356 : 	50	0	0	28	0	0	0	13	
1410452544 : 	50	0	0	28	0	0	0	22	
1410553604 : 	50	0	0	28	0	0	0	31	
1410754544 : 	50	0	0	28	0	0	0	13	
1412061504 : 	50	0	0	28	0	0	0	22	
1412362324 : 	50	0	0	28	0	0	0	13	
1412864328 : 	50	0	0	28	0	0	0	22	
1413568468 : 	50	0	0	28	0	0	0	13	
1418088256 : 	50	0	0	28	0	0	0	22	
1418491156 : 	50	0	0	28	0	0	0	22	
1418690484 : 	50	0	0	28	0	0	0	4	
1420500472 : 	50	0	0	28	0	0	0	22	
1420902352 : 	50	0	0	28	0	0	0	22	
1421504832 : 	50	0	0	28	0	0	0	4	
1422408900 : 	50	0	0	28	0	0	0	13	
1423111080 : 	50	0	0	28	0	0	0	4	
1424216928 : 	50	0	0	28	0	0	0	31	
1425423332 : 	50	0	0	28	0	0	0	31	
1425624108 : 	50	0	0	28	0	0	0	13	
1427132852 : 	50	0	0	28	0	0	0	4	
1427333288 : 	50	0	0	28	0	0	0	22	
1428135096 : 	50	0	0	28	0	0	0	22	
1429043484 : 	50	0	0	28	0	0	0	31	
1429243920 : 	50	0	0	28	0	0	0	13	
1430246064 : 	50	0	0	28	0	0	0	31	
1431952444 : 	50	0	0	28	0	0	0	4	
1432254104 : 	50	0	0	28	0	0	0	31	
1433359016 : 	50	0	0	28	0	0	0	22	
1433864172 : 	50	0	0	28	0	0	0	31	
1439290828 : 	50	0	0	28	0	0	0	13	
1440194972 : 	50	0	0	28	0	0	0	22	
1441200276 : 	50	0	0	28	0	0	0	4	
1443210176 : 	50	0	0	28	0	0	0	4	
1444415308 : 	50	0	0	28	0	0	0	4	
1446927568 : 	50	0	0	28	0	0	0	13	
1447731248 : 	50	0	0	28	0	0	0	13	
1448432836 : 	50	0	0	28	0	0	0	4	
1449036672 : 	50	0	0	28	0	0	0	22	
1450040100 : 	50	0	0	28	0	0	0	4	
1450142352 : 	50	0	0	28	0	0	0	13	
1451850684 : 	50	0	0	28	0	0	0	22	
1452353116 : 	50	0	0	28	0	0	0	31	
1452756784 : 	50	0	0	28	0	0	0	31	
1453458032 : 	50	0	0	28	0	0	0	22	
1454468600 : 	50	0	0	28	0	0	0	4	
1457277424 : 	50	0	0	28	0	0	0	4	
1457579096 : 	50	0	0	28	0	0	0	31	
1458383356 : 	50	0	0	28	0	0	0	31	
1458482808 : 	50	0	0	28	0	0	0	4	
1458885112 : 	50	0	0	28	0	0	0	4	
1458986688 : 	50	0	0	28	0	0	0	13	
1460089732 : 	50	0	0	28	0	0	0	4	
1461698016 : 	50	0	0	28	0	0	0	4	
1462200376 : 	50	0	0	28	0	0	0	13	
1462402244 : 	50	0	0	28	0	0	0	31	
1462501352 : 	50	0	0	28	0	0	0	4	
1463005996 : 	50	0	0	28	0	0	0	13	
1465113404 : 	50	0	0	28	0	0	0	22	
1465214384 : 	50	0	0	28	0	0	0	31	
1465414048 : 	50	0	0	28	0	0	0	13	
1466118444 : 	50	0	0	28	0	0	0	4	
1466420192 : 	50	0	0	28	0	0	0	31	
1467023528 : 	50	0	0	28	0	0	0	13	
1468529552 : 	50	0	0	28	0	0	0	4	
1468831820 : 	50	0	0	28	0	0	0	31	
1469235312 : 	50	0	0	28	0	0	0	31	
1469534344 : 	50	0	0	28	0	0	0	22	
1470239584 : 	50	0	0	28	0	0	0	13	
1473553224 : 	50	0	0	28	0	0	0	22	
1474255664 : 	50	0	0	28	0	0	0	13	
1475962632 : 	50	0	0	28	0	0	0	22	
1476466172 : 	50	0	0	28	0	0	0	31	
1477069756 : 	50	0	0	28	0	0	0	13	
1477470532 : 	50	0	0	28	0	0	0	13	
1482895572 : 	50	0	0	28	0	0	0	31	
1489277296 : 	50	0	0	28	0	0	0	13	
2259998076 : 	0	0	C0	28	0	0	0	3A	
2261906504 : 	0	0	C0	28	0	0	0	2B	
2262308036 : 	60	0	0	28	0	0	0	21	
2262612336 : 	60	0	0	28	0	0	0	12	
2263112648 : 	60	0	0	28	0	0	0	21	
2265222940 : 	60	0	0	28	0	0	0	30	
2267834652 : 	60	0	0	28	0	0	0	12	
2269044372 : 	60	0	0	28	0	0	0	12	
2269443112 : 	60	0	0	28	0	0	0	12	
2269543320 : 	60	0	0	28	0	0	0	21	
2273763232 : 	60	0	0	28	0	0	0	3	
2274768024 : 	60	0	0	28	0	0	0	21	
2274868148 : 	60	0	0	28	0	0	0	30	
2275170236 : 	60	0	0	28	0	0	0	21	
2278483704 : 	60	0	0	28	0	0	0	30	
2278583836 : 	60	0	0	28	0	0	0	3	
2278684900 : 	60	0	0	28	0	0	0	12	
2280291408 : 	60	0	0	28	0	0	0	12	
2280493444 : 	60	0	0	28	0	0	0	30	
2282703700 : 	60	0	0	28	0	0	0	12	
2285012136 : 	60	0	0	28	0	0	0	3	
2286620416 : 	60	0	0	28	0	0	0	3	
2288529772 : 	60	0	0	28	0	0	0	30	
2291243568 : 	60	0	0	28	0	0	0	21	
2291443316 : 	60	0	0	28	0	0	0	3	
2292146272 : 	60	0	0	28	0	0	0	30	
2292247332 : 	60	0	0	28	0	0	0	3	
2292549592 : 	60	0	0	28	0	0	0	30	
2293555140 : 	60	0	0	28	0	0	0	12	
2295058628 : 	60	0	0	28	0	0	0	3	
2299077336 : 	60	0	0	28	0	0	0	3	
2299680072 : 	60	0	0	28	0	0	0	21	
2299782664 : 	60	0	0	28	0	0	0	30	
2303295716 : 	60	0	0	28	0	0	0	21	
2304096672 : 	60	0	0	28	0	0	0	21	
2305002176 : 	60	0	0	28	0	0	0	30	
2305404568 : 	60	0	0	28	0	0	0	30	
2308420452 : 	60	0	0	28	0	0	0	12	
2310327936 : 	60	0	0	28	0	0	0	3	
2311032076 : 	60	0	0	28	0	0	0	30	
2311434212 : 	60	0	0	28	0	0	0	30	
2311836864 : 	60	0	0	28	0	0	0	30	
2312739300 : 	60	0	0	28	0	0	0	3	
2313542128 : 	60	0	0	28	0	0	0	3	
2316758272 : 	60	0	0	28	0	0	0	3	
2317361008 : 	60	0	0	28	0	0	0	21	
2317561868 : 	60	0	0	28	0	0	0	3	
2317762292 : 	60	0	0	28	0	0	0	21	
2318667456 : 	60	0	0	28	0	0	0	30	
2319771604 : 	60	0	0	28	0	0	0	21	
2320274296 : 	60	0	0	28	0	0	0	30	
2320374172 : 	60	0	0	28	0	0	0	3	
2320477616 : 	60	0	0	28	0	0	0	12	
2321779908 : 	60	0	0	28	0	0	0	21	
2322484128 : 	60	0	0	28	0	0	0	12	
2323289252 : 	60	0	0	28	0	0	0	12	
2324294624 : 	60	0	0	28	0	0	0	30	
2324497180 : 	60	0	0	28	0	0	0	12	
2325900956 : 	60	0	0	28	0	0	0	30	
2326907956 : 	60	0	0	28	0	0	0	12	
2327005532 : 	60	0	0	28	0	0	0	21	
2327307708 : 	60	0	0	28	0	0	0	12	
2327608012 : 	60	0	0	28	0	0	0	3	
2328914376 : 	60	0	0	28	0	0	0	12	
2329317452 : 	60	0	0	28	0	0	0	12	
2330219212 : 	60	0	0	28	0	0	0	21	
2331525748 : 	60	0	0	28	0	0	0	30	
2332128992 : 	60	0	0	28	0	0	0	12	
2332831776 : 	60	0	0	28	0	0	0	3	
2334238352 : 	60	0	0	28	0	0	0	21	
2334839904 : 	60	0	0	28	0	0	0	3	
2336848784 : 	60	0	0	28	0	0	0	3	
2337853232 : 	60	0	0	28	0	0	0	21	
2338558900 : 	60	0	0	28	0	0	0	12	
2339561052 : 	60	0	0	28	0	0	0	30	
2340062304 : 	60	0	0	28	0	0	0	3	
2342774052 : 	60	0	0	28	0	0	0	30	
2343378068 : 	60	0	0	28	0	0	0	12	
2344280420 : 	60	0	0	28	0	0	0	21	
2346892640 : 	60	0	0	28	0	0	0	3	
2347195072 : 	60	0	0	28	0	0	0	30	
2349102896 : 	60	0	0	28	0	0	0	21	
2350106752 : 	60	0	0	28	0	0	0	3	
2354025508 : 	60	0	0	28	0	0	0	30	
2354630276 : 	60	0	0	28	0	0	0	12	
2356941428 : 	60	0	0	28	0	0	0	3	
2358850440 : 	60	0	0	28	0	0	0	30	
2359451560 : 	60	0	0	28	0	0	0	12	
2360054812 : 	60	0	0	28	0	0	0	30	
2362064976 : 	60	0	0	28	0	0	0	30	
2362668052 : 	50	0	0	28	0	0	0	13	
2362969964 : 	50	0	0	28	0	0	0	4	
2363271888 : 	50	0	0	28	0	0	0	31	
2364375108 : 	50	0	0	28	0	0	0	22	
2366084288 : 	50	0	0	28	0	0	0	31	
2366284972 : 	50	0	0	28	0	0	0	13	
2368093348 : 	50	0	0	28	0	0	0	31	
2370002524 : 	50	0	0	28	0	0	0	22	
2371405792 : 	50	0	0	28	0	0	0	4	
2372008952 : 	50	0	0	28	0	0	0	22	
2372210060 : 	50	0	0	28	0	0	0	4	
2373114204 : 	50	0	0	28	0	0	0	13	
2373516348 : 	50	0	0	28	0	0	0	13	
2374622368 : 	50	0	0	28	0	0	0	4	
2375323952 : 	50	0	0	28	0	0	0	31	
2375824772 : 	50	0	0	28	0	0	0	4	
2378236992 : 	50	0	0	28	0	0	0	4	
2378945460 : 	50	0	0	28	0	0	0	31	
2379143512 : 	50	0	0	28	0	0	0	13	
2382054932 : 	50	0	0	28	0	0	0	22	
2384866312 : 	50	0	0	28	0	0	0	22	
2386273820 : 	50	0	0	28	0	0	0	4	
2389186692 : 	50	0	0	28	0	0	0	13	
2389388484 : 	50	0	0	28	0	0	0	31	
2389790612 : 	50	0	0	28	0	0	0	31	
2389991720 : 	50	0	0	28	0	0	0	13	
2390193936 : 	50	0	0	28	0	0	0	31	
2391698012 : 	50	0	0	28	0	0	0	22	
2391898780 : 	50	0	0	28	0	0	0	4	
2394408576 : 	50	0	0	28	0	0	0	13	
2395213872 : 	50	0	0	28	0	0	0	13	
2396517852 : 	50	0	0	28	0	0	0	22	
2397321780 : 	50	0	0	28	0	0	0	22	
2397626080 : 	50	0	0	28	0	0	0	13	
2399530592 : 	50	0	0	28	0	0	0	4	
2399932564 : 	50	0	0	28	0	0	0	4	
2400034472 : 	50	0	0	28	0	0	0	13	
2401842676 : 	50	0	0	28	0	0	0	31	
2402545456 : 	50	0	0	28	0	0	0	22	
2403347524 : 	50	0	0	28	0	0	0	22	
2403648924 : 	50	0	0	28	0	0	0	13	
2406562384 : 	50	0	0	28	0	0	0	22	
2406663024 : 	50	0	0	28	0	0	0	31	
2407567256 : 	50	0	0	28	0	0	0	4	
2408773320 : 	50	0	0	28	0	0	0	4	
2409879764 : 	50	0	0	28	0	0	0	31	
2411086008 : 	50	0	0	28	0	0	0	31	
2411587160 : 	50	0	0	28	0	0	0	4	
2411788364 : 	50	0	0	28	0	0	0	22	
2412290364 : 	50	0	0	28	0	0	0	31	
2412994504 : 	50	0	0	28	0	0	0	22	
2413898568 : 	50	0	0	28	0	0	0	31	
2417316500 : 	50	0	0	28	0	0	0	13	
2419826812 : 	50	0	0	28	0	0	0	22	
2420129068 : 	50	0	0	28	0	0	0	13	
2420631244 : 	50	0	0	28	0	0	0	22	
2422339320 : 	50	0	0	28	0	0	0	31	
2422640476 : 	50	0	0	28	0	0	0	22	
2423545044 : 	50	0	0	28	0	0	0	31	
2424147868 : 	50	0	0	28	0	0	0	13	
2424348040 : 	50	0	0	28	0	0	0	31	
2424750004 : 	50	0	0	28	0	0	0	31	
2425654328 : 	50	0	0	28	0	0	0	4	
2428468336 : 	50	0	0	28	0	0	0	4	
2428569140 : 	50	0	0	28	0	0	0	13	
2429171536 : 	50	0	0	28	0	0	0	31	
2430074832 : 	50	0	0	28	0	0	0	4	
2431181532 : 	50	0	0	28	0	0	0	31	
2431785036 : 	50	0	0	28	0	0	0	13	
2433089780 : 	50	0	0	28	0	0	0	22	
2434498748 : 	50	0	0	28	0	0	0	4	
2436609212 : 	50	0	0	28	0	0	0	13	
2436709592 : 	50	0	0	28	0	0	0	22	
2437211184 : 	50	0	0	28	0	0	0	31	
2437814504 : 	50	0	0	28	0	0	0	13	
2440926612 : 	50	0	0	28	0	0	0	4	
2441530364 : 	50	0	0	28	0	0	0	22	
2442331916 : 	50	0	0	28	0	0	0	22	
2449065616 : 	50	0	0	28	0	0	0	13	
2450172316 : 	50	0	0	28	0	0	0	4	
2453584904 : 	50	0	0	28	0	0	0	22	
2456398480 : 	50	0	0	28	0	0	0	22	
2456599420 : 	50	0	0	28	0	0	0	4	
2456701420 : 	50	0	0	28	0	0	0	13	
2458006340 : 	50	0	0	28	0	0	0	22	
2458608140 : 	50	0	0	28	0	0	0	4	
2458914312 : 	50	0	0	28	0	0	0	31	
2460416432 : 	50	0	0	28	0	0	0	22	
2460818572 : 	50	0	0	28	0	0	0	22	
2465239500 : 	50	0	0	28	0	0	0	22	
2465339468 : 	50	0	0	28	0	0	0	31	
2465540152 : 	50	0	0	28	0	0	0	13	
2465742700 : 	50	0	0	28	0	0	0	31	
2466546208 : 	50	0	0	28	0	0	0	31	
2466845836 : 	50	0	0	28	0	0	0	22	
2467849088 : 	50	0	0	28	0	0	0	4	
2469257536 : 	50	0	0	28	0	0	0	22	
2472575764 : 	50	0	0	28	0	0	0	31	
2475287436 : 	50	0	0	28	0	0	0	22	
2475590204 : 	50	0	0	28	0	0	0	13	
2476595672 : 	50	0	0	28	0	0	0	31	
2476695036 : 	50	0	0	28	0	0	0	4	
2477398412 : 	50	0	0	28	0	0	0	31	
2480009952 : 	50	0	0	28	0	0	0	13	
2482318808 : 	50	0	0	28	0	0	0	4	
2482519492 : 	50	0	0	28	0	0	0	22	
2483526232 : 	50	0	0	28	0	0	0	4	
2485435840 : 	50	0	0	28	0	0	0	31	
2486438416 : 	50	0	0	28	0	0	0	13	
2487141364 : 	50	0	0	28	0	0	0	4	
2488950164 : 	50	0	0	28	0	0	0	22	
2490357088 : 	50	0	0	28	0	0	0	4	
2490458916 : 	50	0	0	28	0	0	0	13	
2491260804 : 	50	0	0	28	0	0	0	13	
2491663620 : 	50	0	0	28	0	0	0	13	
2493874384 : 	50	0	0	28	0	0	0	31	
2494578184 : 	50	0	0	28	0	0	0	22	
2495281560 : 	50	0	0	28	0	0	0	13	
2495682504 : 	50	0	0	28	0	0	0	13	
2498698732 : 	50	0	0	28	0	0	0	31	
2499803560 : 	50	0	0	28	0	0	0	22	
2502015012 : 	50	0	0	28	0	0	0	4	
2504128192 : 	50	0	0	28	0	0	0	13	
2505130852 : 	50	0	0	28	0	0	0	31	
2507240212 : 	50	0	0	28	0	0	0	4	
2507341020 : 	50	0	0	28	0	0	0	13	
2509149908 : 	50	0	0	28	0	0	0	31	
2509650724 : 	50	0	0	28	0	0	0	4	
2509750856 : 	50	0	0	28	0	0	0	13	
2513071300 : 	50	0	0	28	0	0	0	22	
2513269864 : 	50	0	0	28	0	0	0	4	
2513971872 : 	50	0	0	28	0	0	0	31	
2514374856 : 	50	0	0	28	0	0	0	31	
2514576052 : 	50	0	0	28	0	0	0	13	
2515180912 : 	50	0	0	28	0	0	0	31	
2516384084 : 	50	0	0	28	0	0	0	31	
2516988604 : 	50	0	0	28	0	0	0	13	
2517991776 : 	50	0	0	28	0	0	0	31	
2518393740 : 	50	0	0	28	0	0	0	31	
2519202260 : 	50	0	0	28	0	0	0	31	
2520704380 : 	50	0	0	28	0	0	0	22	
2522111388 : 	50	0	0	28	0	0	0	4	
2522612892 : 	50	0	0	28	0	0	0	13	
2523717972 : 	50	0	0	28	0	0	0	4	
2523818188 : 	50	0	0	28	0	0	0	13	
2523919168 : 	50	0	0	28	0	0	0	22	
2524623304 : 	50	0	0	28	0	0	0	13	
2524823480 : 	50	0	0	28	0	0	0	31	
2525324728 : 	50	0	0	28	0	0	0	4	
2525425712 : 	50	0	0	28	0	0	0	13	
2525526432 : 	50	0	0	28	0	0	0	22	
2526029204 : 	50	0	0	28	0	0	0	31	
2528137384 : 	50	0	0	28	0	0	0	4	
2529343440 : 	50	0	0	28	0	0	0	4	
2530853048 : 	50	0	0	28	0	0	0	31	
2533064060 : 	50	0	0	28	0	0	0	13	
2533667392 : 	50	0	0	28	0	0	0	31	
2537284656 : 	50	0	0	28	0	0	0	31	
2537485080 : 	50	0	0	28	0	0	0	13	
2537986076 : 	50	0	0	28	0	0	0	22	
2538589912 : 	50	0	0	28	0	0	0	4	
2538790940 : 	50	0	0	28	0	0	0	22	
2539796576 : 	50	0	0	28	0	0	0	4	
2540701908 : 	50	0	0	28	0	0	0	13	
2542007760 : 	50	0	0	28	0	0	0	22	
2542716404 : 	50	0	0	28	0	0	0	13	
2544419464 : 	50	0	0	28	0	0	0	22	
2545526080 : 	50	0	0	28	0	0	0	13	
2549545816 : 	50	0	0	28	0	0	0	13	
2550849036 : 	50	0	0	28	0	0	0	22	
2551553600 : 	50	0	0	28	0	0	0	13	
2553461772 : 	50	0	0	28	0	0	0	4	
2553765640 : 	50	0	0	28	0	0	0	31	
2554367356 : 	50	0	0	28	0	0	0	13	
2554770000 : 	50	0	0	28	0	0	0	13	
2554868940 : 	50	0	0	28	0	0	0	22	
2555270820 : 	50	0	0	28	0	0	0	22	
2559794356 : 	50	0	0	28	0	0	0	31	
2562807772 : 	50	0	0	28	0	0	0	13	
2563510040 : 	50	0	0	28	0	0	0	4	
2563814000 : 	50	0	0	28	0	0	0	31	
2564113288 : 	50	0	0	28	0	0	0	22	
2565118328 : 	50	0	0	28	0	0	0	4	
2566323712 : 	50	0	0	28	0	0	0	4	
2568130812 : 	50	0	0	28	0	0	0	22	
2569336196 : 	50	0	0	28	0	0	0	22	
2570743624 : 	50	0	0	28	0	0	0	4	
2571852452 : 	50	0	0	28	0	0	0	31	
2573055288 : 	50	0	0	28	0	0	0	31	
2573960452 : 	50	0	0	28	0	0	0	4	
2574463736 : 	50	0	0	28	0	0	0	13	
2575268948 : 	50	0	0	28	0	0	0	13	
2577375752 : 	50	0	0	28	0	0	0	22	
2579789580 : 	50	0	0	28	0	0	0	22	
2580492532 : 	50	0	0	28	0	0	0	13	
2580694072 : 	50	0	0	28	0	0	0	31	
2582100392 : 	50	0	0	28	0	0	0	13	
2582703720 : 	50	0	0	28	0	0	0	31	
2585415136 : 	50	0	0	28	0	0	0	22	
2588131056 : 	50	0	0	28	0	0	0	13	
2588532512 : 	50	0	0	28	0	0	0	13	
2589235296 : 	50	0	0	28	0	0	0	4	
2592452804 : 	50	0	0	28	0	0	0	4	
2595063400 : 	50	0	0	28	0	0	0	22	
2595164380 : 	50	0	0	28	0	0	0	31	
2597577104 : 	50	0	0	28	0	0	0	31	
2598178056 : 	50	0	0	28	0	0	0	13	
2600889896 : 	50	0	0	28	0	0	0	4	
2601494332 : 	50	0	0	28	0	0	0	22	
2602497168 : 	50	0	0	28	0	0	0	4	
2602899296 : 	50	0	0	28	0	0	0	4	
2606618044 : 	50	0	0	28	0	0	0	13	
2614855140 : 	50	0	0	28	0	0	0	31	
2616864888 : 	50	0	0	28	0	0	0	31	
2617265484 : 	50	0	0	28	0	0	0	31	
2618268912 : 	50	0	0	28	0	0	0	13	
2618368956 : 	50	0	0	28	0	0	0	22	
2618569816 : 	50	0	0	28	0	0	0	4	
2618671048 : 	50	0	0	28	0	0	0	13	
2619577232 : 	50	0	0	28	0	0	0	22	
2619777156 : 	50	0	0	28	0	0	0	4	
2620681804 : 	50	0	0	28	0	0	0	13	
2623597392 : 	50	0	0	28	0	0	0	22	
2625905992 : 	50	0	0	28	0	0	0	13	
2626206212 : 	50	0	0	28	0	0	0	4	
2626507536 : 	50	0	0	28	0	0	0	31	
2629923176 : 	50	0	0	28	0	0	0	13	
2630928564 : 	50	0	0	28	0	0	0	31	
2632133940 : 	50	0	0	28	0	0	0	31	
2636253552 : 	50	0	0	28	0	0	0	4	
2636557680 : 	50	0	0	28	0	0	0	31	
2637961292 : 	50	0	0	28	0	0	0	13	
2639870640 : 	50	0	0	28	0	0	0	4	
2640272604 : 	50	0	0	28	0	0	0	4	
2640979296 : 	50	0	0	28	0	0	0	31	
2642484220 : 	50	0	0	28	0	0	0	22	
2643689436 : 	50	0	0	28	0	0	0	22	
2644796732 : 	50	0	0	28	0	0	0	13	
2645298656 : 	50	0	0	28	0	0	0	22	
2646101736 : 	50	0	0	28	0	0	0	22	
2647106180 : 	50	0	0	28	0	0	0	4	
2647409120 : 	50	0	0	28	0	0	0	31	
2647709596 : 	50	0	0	28	0	0	0	22	
2648512420 : 	50	0	0	28	0	0	0	22	
2649316860 : 	50	0	0	28	0	0	0	22	
2649620312 : 	50	0	0	28	0	0	0	13	
2651427412 : 	50	0	0	28	0	0	0	31	
2653536940 : 	50	0	0	28	0	0	0	4	
2653940692 : 	50	0	0	28	0	0	0	4	
2654041252 : 	50	0	0	28	0	0	0	13	
2654341216 : 	50	0	0	28	0	0	0	4	
2655244428 : 	50	0	0	28	0	0	0	13	
2657657060 : 	50	0	0	28	0	0	0	13	
2659465356 : 	50	0	0	28	0	0	0	31	
2662080208 : 	50	0	0	28	0	0	0	13	
2662481404 : 	50	0	0	28	0	0	0	13	
2662882096 : 	50	0	0	28	0	0	0	13	
2663382916 : 	50	0	0	28	0	0	0	22	
2663483724 : 	50	0	0	28	0	0	0	31	
2667703472 : 	50	0	0	28	0	0	0	13	
2668608292 : 	50	0	0	28	0	0	0	22	
2670318236 : 	50	0	0	28	0	0	0	31	
2671523364 : 	50	0	0	28	0	0	0	31	
2671925336 : 	50	0	0	28	0	0	0	31	
2672225388 : 	50	0	0	28	0	0	0	22	
2673231528 : 	50	0	0	28	0	0	0	4	
2674035888 : 	50	0	0	28	0	0	0	4	
2674740444 : 	50	0	0	28	0	0	0	31	
2675543952 : 	50	0	0	28	0	0	0	31	
2675844340 : 	50	0	0	28	0	0	0	22	
2676145920 : 	50	0	0	28	0	0	0	13	
2676346608 : 	50	0	0	28	0	0	0	31	
2676749848 : 	50	0	0	28	0	0	0	31	
2676849552 : 	50	0	0	28	0	0	0	4	
2677356320 : 	50	0	0	28	0	0	0	13	
2678055700 : 	50	0	0	28	0	0	0	4	
2678256980 : 	50	0	0	28	0	0	0	22	
2679363772 : 	50	0	0	28	0	0	0	13	
2679765560 : 	50	0	0	28	0	0	0	13	
2680065272 : 	50	0	0	28	0	0	0	4	
2680368128 : 	50	0	0	28	0	0	0	31	
2684588292 : 	50	0	0	28	0	0	0	13	
2684788720 : 	50	0	0	28	0	0	0	31	
2685895676 : 	50	0	0	28	0	0	0	22	
2689010332 : 	50	0	0	28	0	0	0	13	
2690015456 : 	50	0	0	28	0	0	0	31	
2690418016 : 	50	0	0	28	0	0	0	31	
2690820576 : 	50	0	0	28	0	0	0	31	
2691120116 : 	50	0	0	28	0	0	0	22	
2692525848 : 	50	0	0	28	0	0	0	4	
2693028536 : 	50	0	0	28	0	0	0	13	
2695340960 : 	50	0	0	28	0	0	0	4	
2695743528 : 	50	0	0	28	0	0	0	4	
2696044164 : 	50	0	0	28	0	0	0	31	
2696246720 : 	50	0	0	28	0	0	0	13	
2696547536 : 	50	0	0	28	0	0	0	4	
2697049716 : 	50	0	0	28	0	0	0	13	
2699060816 : 	50	0	0	28	0	0	0	13	
2699361296 : 	50	0	0	28	0	0	0	4	
2700364292 : 	50	0	0	28	0	0	0	22	
2701269540 : 	50	0	0	28	0	0	0	31	
2702275432 : 	50	0	0	28	0	0	0	13	
2703581208 : 	50	0	0	28	0	0	0	22	
2705893712 : 	50	0	0	28	0	0	0	13	
2706698492 : 	50	0	0	28	0	0	0	13	
2707100880 : 	50	0	0	28	0	0	0	13	
2707301400 : 	50	0	0	28	0	0	0	31	
2707802136 : 	50	0	0	28	0	0	0	4	
2709510888 : 	50	0	0	28	0	0	0	13	
2709911320 : 	50	0	0	28	0	0	0	13	
2710110900 : 	50	0	0	28	0	0	0	31	
2712323204 : 	50	0	0	28	0	0	0	13	
2712925420 : 	50	0	0	28	0	0	0	31	
2713730880 : 	50	0	0	28	0	0	0	31	
2716342428 : 	50	0	0	28	0	0	0	13	
2717245468 : 	50	0	0	28	0	0	0	22	
2718151736 : 	50	0	0	28	0	0	0	31	
2718552760 : 	50	0	0	28	0	0	0	31	
2719455972 : 	50	0	0	28	0	0	0	4	
2721568644 : 	50	0	0	28	0	0	0	13	
2723075016 : 	50	0	0	28	0	0	0	4	
2723880732 : 	50	0	0	28	0	0	0	4	
2725487316 : 	50	0	0	28	0	0	0	4	
2726793852 : 	50	0	0	28	0	0	0	13	
2728402732 : 	50	0	0	28	0	0	0	13	
2729906892 : 	50	0	0	28	0	0	0	4	
2731113720 : 	50	0	0	28	0	0	0	4	
2733224780 : 	50	0	0	28	0	0	0	13	
2733525256 : 	50	0	0	28	0	0	0	4	
2734428976 : 	50	0	0	28	0	0	0	13	
2734730896 : 	50	0	0	28	0	0	0	4	
2735334140 : 	50	0	0	28	0	0	0	22	
2737343968 : 	50	0	0	28	0	0	0	22	
2737544056 : 	50	0	0	28	0	0	0	4	
2738046832 : 	50	0	0	28	0	0	0	13	
2738747996 : 	50	0	0	28	0	0	0	4	
2738850080 : 	50	0	0	28	0	0	0	13	
2740155256 : 	50	0	0	28	0	0	0	22	
2741158596 : 	50	0	0	28	0	0	0	4	
2741560560 : 	50	0	0	28	0	0	0	4	
2742667092 : 	50	0	0	28	0	0	0	31	
2742766880 : 	50	0	0	28	0	0	0	4	
2745781660 : 	50	0	0	28	0	0	0	22	
2746585676 : 	50	0	0	28	0	0	0	22	
2747490160 : 	50	0	0	28	0	0	0	31	
2747590888 : 	50	0	0	28	0	0	0	4	
2747693564 : 	50	0	0	28	0	0	0	13	
2748395588 : 	50	0	0	28	0	0	0	4	
2748596436 : 	50	0	0	28	0	0	0	22	
2749300660 : 	50	0	0	28	0	0	0	13	
2750005480 : 	50	0	0	28	0	0	0	4	
2750708004 : 	50	0	0	28	0	0	0	31	
2750808052 : 	50	0	0	28	0	0	0	4	
2751311252 : 	50	0	0	28	0	0	0	13	
2751612320 : 	50	0	0	28	0	0	0	4	
2751713308 : 	50	0	0	28	0	0	0	13	
2752919364 : 	50	0	0	28	0	0	0	13	
2753622484 : 	50	0	0	28	0	0	0	4	
2753724824 : 	50	0	0	28	0	0	0	13	
2753926444 : 	50	0	0	28	0	0	0	31	
2754026748 : 	50	0	0	28	0	0	0	4	
2754225228 : 	50	0	0	28	0	0	0	22	
2754327220 : 	50	0	0	28	0	0	0	31	
2754626420 : 	50	0	0	28	0	0	0	22	
2755832144 : 	50	0	0	28	0	0	0	22	
2756336960 : 	50	0	0	28	0	0	0	31	
2756837100 : 	50	0	0	28	0	0	0	4	
2758144656 : 	50	0	0	28	0	0	0	13	
2759248720 : 	50	0	0	28	0	0	0	4	
2760251976 : 	50	0	0	28	0	0	0	22	
2760757392 : 	50	0	0	28	0	0	0	31	
2761760816 : 	50	0	0	28	0	0	0	13	
2762968408 : 	50	0	0	28	0	0	0	13	
2765078276 : 	50	0	0	28	0	0	0	22	
2765479392 : 	50	0	0	28	0	0	0	22	
2766183700 : 	50	0	0	28	0	0	0	13	
2766485024 : 	50	0	0	28	0	0	0	4	
2766786520 : 	50	0	0	28	0	0	0	31	
2766886060 : 	50	0	0	28	0	0	0	4	
2768393284 : 	50	0	0	28	0	0	0	31	
2768996528 : 	50	0	0	28	0	0	0	13	
2771106476 : 	50	0	0	28	0	0	0	22	
2772915368 : 	50	0	0	28	0	0	0	4	
2774121000 : 	50	0	0	28	0	0	0	4	
2775228976 : 	50	0	0	28	0	0	0	31	
2775329104 : 	50	0	0	28	0	0	0	4	
2776233164 : 	50	0	0	28	0	0	0	13	
2776836580 : 	50	0	0	28	0	0	0	31	
2777941664 : 	50	0	0	28	0	0	0	22	
2778042136 : 	50	0	0	28	0	0	0	31	
2778743816 : 	50	0	0	28	0	0	0	22	
2779046580 : 	50	0	0	28	0	0	0	13	
2779448036 : 	50	0	0	28	0	0	0	13	
2780050684 : 	50	0	0	28	0	0	0	31	
2780855636 : 	50	0	0	28	0	0	0	31	
2781055472 : 	50	0	0	28	0	0	0	13	
2781558756 : 	50	0	0	28	0	0	0	22	
2781962760 : 	50	0	0	28	0	0	0	22	
2783367896 : 	50	0	0	28	0	0	0	4	
2788738768 : 	50	0	0	28	0	0	0	13	
2790951148 : 	50	0	0	28	0	0	0	31	
