558891424 : 	0	0	0	0	13	
560691304 : 	0	0	0	0	31	
563092036 : 	0	0	0	0	31	
563691288 : 	0	0	0	0	13	
577791512 : 	0	0	0	0	4	
582891256 : 	0	0	0	0	13	
605692336 : 	0	0	0	0	13	
611091708 : 	0	0	0	0	31	
615592036 : 	0	0	0	0	22	
723590440 : 	0	0	0	0	13	
729590764 : 	0	0	0	0	13	
734091172 : 	0	0	0	0	4	
737990972 : 	0	0	0	0	13	
742491384 : 	0	0	0	0	4	
752091028 : 	0	0	0	0	4	
759591340 : 	0	0	0	0	13	
761391224 : 	0	0	0	0	31	
767692096 : 	0	0	0	0	4	
768591912 : 	0	0	0	0	31	
773392196 : 	0	0	0	0	31	
775792256 : 	0	0	0	0	31	
780592632 : 	0	0	0	0	31	
781192560 : 	0	0	0	0	13	
782391572 : 	0	0	0	0	13	
782692728 : 	0	0	0	0	22	
789893416 : 	0	0	0	0	22	
794992480 : 	0	0	0	0	31	
805493976 : 	0	0	0	0	22	
807294700 : 	0	0	0	0	4	
808794440 : 	0	0	0	0	13	
809394208 : 	0	0	0	0	31	
812394192 : 	0	0	0	0	13	
817495380 : 	0	0	0	0	22	
819595052 : 	0	0	0	0	13	
821094708 : 	0	0	0	0	22	
825295832 : 	0	0	0	0	4	
828295992 : 	0	0	0	0	22	
828896092 : 	0	0	0	0	4	
840596604 : 	0	0	0	0	31	
841497000 : 	0	0	0	0	22	
842097188 : 	0	0	0	0	4	
844197112 : 	0	0	0	0	31	
846896880 : 	0	0	0	0	4	
853498152 : 	0	0	0	0	22	
857697412 : 	0	0	0	0	4	
858898464 : 	0	0	0	0	4	
866098216 : 	0	0	0	0	4	
868199504 : 	0	0	0	0	31	
869098372 : 	0	0	0	0	22	
872999788 : 	0	0	0	0	31	
874800004 : 	0	0	0	0	13	
880200560 : 	0	0	0	0	31	
880499592 : 	0	0	0	0	4	
881400852 : 	0	0	0	0	31	
883500944 : 	0	0	0	0	22	
884401008 : 	0	0	0	0	13	
909303796 : 	0	0	0	0	4	
911704116 : 	0	0	0	0	4	
918604412 : 	0	0	0	0	31	
920705016 : 	0	0	0	0	22	
926405456 : 	0	0	0	0	13	
932107172 : 	0	0	0	0	4	
932406200 : 	0	0	0	0	13	
932706344 : 	0	0	0	0	22	
933606316 : 	0	0	0	0	13	
935405768 : 	0	0	0	0	31	
937806852 : 	0	0	0	0	31	
943806656 : 	0	0	0	0	31	
945008388 : 	0	0	0	0	31	
947708328 : 	0	0	0	0	4	
952807732 : 	0	0	0	0	13	
965711752 : 	0	0	0	0	4	
968711488 : 	0	0	0	0	22	
975612552 : 	0	0	0	0	13	
976212736 : 	0	0	0	0	31	
996314896 : 	0	0	0	0	22	
998115028 : 	0	0	0	0	4	
1001715204 : 	0	0	0	0	4	
1002315216 : 	0	0	0	0	22	
1022717684 : 	0	0	0	0	22	
1025118080 : 	0	0	0	0	22	
1025417876 : 	0	0	0	0	31	
1029019156 : 	0	0	0	0	31	
1031718932 : 	0	0	0	0	4	
1032918532 : 	0	0	0	0	4	
1034719264 : 	0	0	0	0	22	
1037420132 : 	0	0	0	0	31	
1037719840 : 	0	0	0	0	4	
1038319692 : 	0	0	0	0	22	
1039219584 : 	0	0	0	0	13	
1043120236 : 	0	0	0	0	22	
1044020044 : 	0	0	0	0	13	
1045520552 : 	0	0	0	0	22	
1046122176 : 	0	0	0	0	4	
1047320848 : 	0	0	0	0	4	
1049721076 : 	0	0	0	0	4	
1050620980 : 	0	0	0	0	31	
1051821256 : 	0	0	0	0	31	
1055121384 : 	0	0	0	0	22	
1061421668 : 	0	0	0	0	31	
1063821980 : 	0	0	0	0	31	
1073123532 : 	0	0	0	0	22	
1082424572 : 	0	0	0	0	13	
1082724964 : 	0	0	0	0	22	
1083024672 : 	0	0	0	0	31	
1084824804 : 	0	0	0	0	13	
1096227552 : 	0	0	0	0	31	
1098026916 : 	0	0	0	0	13	
1098328076 : 	0	0	0	0	22	
1099828068 : 	0	0	0	0	31	
1101328316 : 	0	0	0	0	4	
1101628196 : 	0	0	0	0	13	
1104628696 : 	0	0	0	0	31	
1105228796 : 	0	0	0	0	13	
1105529020 : 	0	0	0	0	22	
1108229220 : 	0	0	0	0	31	
1109129532 : 	0	0	0	0	22	
1112129948 : 	0	0	0	0	4	
1113330148 : 	0	0	0	0	4	
1118730876 : 	0	0	0	0	22	
1120531176 : 	0	0	0	0	4	
1122631356 : 	0	0	0	0	31	
1128333156 : 	0	0	0	0	22	
1130432488 : 	0	0	0	0	13	
1136433400 : 	0	0	0	0	13	
1136732688 : 	0	0	0	0	22	
1140032728 : 	0	0	0	0	13	
1147234864 : 	0	0	0	0	13	
1147535080 : 	0	0	0	0	22	
1148135184 : 	0	0	0	0	4	
1161637012 : 	0	0	0	0	13	
1168237936 : 	0	0	0	0	31	
1169138256 : 	0	0	0	0	22	
1170338372 : 	0	0	0	0	22	
1171538656 : 	0	0	0	0	22	
1178139500 : 	0	0	0	0	4	
1181140092 : 	0	0	0	0	22	
1182640080 : 	0	0	0	0	31	
1183839352 : 	0	0	0	0	31	
1186840704 : 	0	0	0	0	13	
1187741016 : 	0	0	0	0	4	
1191041396 : 	0	0	0	0	31	
1192240660 : 	0	0	0	0	31	
1193441628 : 	0	0	0	0	31	
1194641828 : 	0	0	0	0	31	
1196142248 : 	0	0	0	0	4	
1198242512 : 	0	0	0	0	31	
1201843112 : 	0	0	0	0	31	
1203643240 : 	0	0	0	0	13	
1203943376 : 	0	0	0	0	22	
1205742912 : 	0	0	0	0	4	
1207843864 : 	0	0	0	0	31	
1211144748 : 	0	0	0	0	22	
1212044472 : 	0	0	0	0	13	
1231248268 : 	0	0	0	0	13	
1233348792 : 	0	0	0	0	4	
1234848788 : 	0	0	0	0	13	
1245050824 : 	0	0	0	0	31	
1246550392 : 	0	0	0	0	4	
1263352256 : 	0	0	0	0	4	
1268453452 : 	0	0	0	0	13	
1279854756 : 	0	0	0	0	31	
1284356104 : 	0	0	0	0	22	
1287356344 : 	0	0	0	0	4	
1292757668 : 	0	0	0	0	22	
1295758168 : 	0	0	0	0	4	
1298458364 : 	0	0	0	0	13	
1300858336 : 	0	0	0	0	13	
1312860344 : 	0	0	0	0	13	
1314961028 : 	0	0	0	0	4	
1317061036 : 	0	0	0	0	31	
1317660968 : 	0	0	0	0	13	
1323962612 : 	0	0	0	0	22	
1327262228 : 	0	0	0	0	13	
1335963424 : 	0	0	0	0	22	
1340465360 : 	0	0	0	0	13	
1343463992 : 	0	0	0	0	31	
1348565016 : 	0	0	0	0	4	
1349466096 : 	0	0	0	0	31	
1350966352 : 	0	0	0	0	4	
1356666964 : 	0	0	0	0	31	
1369923932 : 	0	0	2	0	3F	
1371424012 : 	0	0	2	0	2	
1379826008 : 	0	0	2	0	2	
1380425428 : 	0	0	2	0	20	
1384025856 : 	0	0	0	0	22	
1386126036 : 	0	0	0	0	13	
1392427428 : 	0	0	0	0	22	
1393027356 : 	0	0	0	0	4	
1398128124 : 	0	0	0	0	13	
1411030272 : 	0	0	0	0	4	
1412530276 : 	0	0	0	0	13	
1417330984 : 	0	0	0	0	13	
1417931084 : 	0	0	0	0	31	
1426932584 : 	0	0	0	0	13	
1427832732 : 	0	0	0	0	4	
1428132528 : 	0	0	0	0	13	
1429932828 : 	0	0	0	0	31	
1430232204 : 	0	0	0	0	4	
1437134028 : 	0	0	0	0	31	
1440734544 : 	0	0	0	0	31	
1441933724 : 	0	0	0	0	31	
1445234444 : 	0	0	0	0	22	
1447034660 : 	0	0	0	0	4	
1454236624 : 	0	0	0	0	4	
1454836816 : 	0	0	0	0	22	
1457237464 : 	0	0	0	0	22	
1459037592 : 	0	0	0	0	4	
1462038008 : 	0	0	0	0	22	
1462937988 : 	0	0	0	0	13	
1470740568 : 	0	0	0	0	31	
1474639944 : 	0	0	0	0	4	
1475840060 : 	0	0	0	0	4	
1476740208 : 	0	0	0	0	31	
1478840636 : 	0	0	0	0	22	
1487016284 : 	0	0	2	0	3F	
2265852956 : 	0	0	0	0	4	
2266152660 : 	0	0	0	0	13	
2268552892 : 	0	0	0	0	13	
2270952780 : 	0	0	0	0	13	
2276653560 : 	0	0	0	0	4	
2278153556 : 	0	0	0	0	13	
2279053792 : 	0	0	0	0	4	
2288954336 : 	0	0	0	0	13	
2309056156 : 	0	0	0	0	4	
2310856200 : 	0	0	0	0	22	
2311155316 : 	0	0	0	0	31	
2315956964 : 	0	0	0	0	31	
2316856692 : 	0	0	0	0	22	
2324957616 : 	0	0	0	0	13	
2325557384 : 	0	0	0	0	31	
2328257740 : 	0	0	0	0	4	
2328857676 : 	0	0	0	0	22	
2330957768 : 	0	0	0	0	13	
2332157972 : 	0	0	0	0	13	
2334858424 : 	0	0	0	0	22	
2341758972 : 	0	0	0	0	13	
2342659212 : 	0	0	0	0	4	
2359161276 : 	0	0	0	0	31	
2361562952 : 	0	0	0	0	31	
2363662456 : 	0	0	0	0	22	
2368762452 : 	0	0	0	0	31	
2373262948 : 	0	0	0	0	22	
2373863132 : 	0	0	0	0	4	
2384963196 : 	0	0	0	0	13	
2386763496 : 	0	0	0	0	31	
2401165048 : 	0	0	0	0	31	
2406265812 : 	0	0	0	0	4	
2407167072 : 	0	0	0	0	31	
2410165276 : 	0	0	0	0	13	
2411966168 : 	0	0	0	0	31	
2424567076 : 	0	0	0	0	13	
2425167176 : 	0	0	0	0	31	
2433269292 : 	0	0	0	0	22	
2433568236 : 	0	0	0	0	31	
2442270704 : 	0	0	0	0	4	
2442870128 : 	0	0	0	0	22	
2443770616 : 	0	0	0	0	13	
2444670092 : 	0	0	0	0	4	
2447970976 : 	0	0	0	0	31	
2449471228 : 	0	0	0	0	4	
2450072516 : 	0	0	0	0	22	
2450970540 : 	0	0	0	0	13	
2453971552 : 	0	0	0	0	31	
2454571480 : 	0	0	0	0	13	
2455771680 : 	0	0	0	0	13	
2472875892 : 	0	0	0	0	22	
2477075060 : 	0	0	0	0	4	
2479175240 : 	0	0	0	0	31	
2480976136 : 	0	0	0	0	13	
2481875692 : 	0	0	0	0	4	
2484875256 : 	0	0	0	0	22	
2486676320 : 	0	0	0	0	4	
2498377932 : 	0	0	0	0	31	
2499577880 : 	0	0	0	0	31	
2502878428 : 	0	0	0	0	22	
2508279156 : 	0	0	0	0	4	
2508879424 : 	0	0	0	0	22	
2509179392 : 	0	0	0	0	31	
2523281492 : 	0	0	0	0	22	
2525381672 : 	0	0	0	0	13	
2565287464 : 	0	0	0	0	22	
2573088596 : 	0	0	0	0	4	
2576988396 : 	0	0	0	0	13	
2580589596 : 	0	0	0	0	13	
2582090096 : 	0	0	0	0	22	
2582690196 : 	0	0	0	0	4	
2583290212 : 	0	0	0	0	22	
2585990328 : 	0	0	0	0	31	
2588990992 : 	0	0	0	0	13	
2593492508 : 	0	0	0	0	4	
2598893064 : 	0	0	0	0	22	
2601893652 : 	0	0	0	0	4	
2603994176 : 	0	0	0	0	31	
2607894480 : 	0	0	0	0	4	
2629196932 : 	0	0	0	0	31	
2642999224 : 	0	0	0	0	13	
2646299784 : 	0	0	0	0	4	
2649299512 : 	0	0	0	0	22	
2652000556 : 	0	0	0	0	31	
2655001056 : 	0	0	0	0	13	
2660400764 : 	0	0	0	0	31	
2664301756 : 	0	0	0	0	4	
2669702400 : 	0	0	0	0	22	
2673304104 : 	0	0	0	0	22	
2676904452 : 	0	0	0	0	22	
2683506060 : 	0	0	0	0	4	
2684404596 : 	0	0	0	0	31	
2691305832 : 	0	0	0	0	22	
2691606652 : 	0	0	0	0	31	
2695506616 : 	0	0	0	0	4	
2702407428 : 	0	0	0	0	31	
2709610504 : 	0	0	0	0	31	
2718610808 : 	0	0	0	0	13	
2719811092 : 	0	0	0	0	13	
2725812092 : 	0	0	0	0	13	
2734213576 : 	0	0	0	0	13	
2737814008 : 	0	0	0	0	13	
2738414276 : 	0	0	0	0	31	
2741714824 : 	0	0	0	0	22	
2742914940 : 	0	0	0	0	22	
2744415284 : 	0	0	0	0	31	
2745315348 : 	0	0	0	0	22	
2745915532 : 	0	0	0	0	4	
2748014692 : 	0	0	0	0	31	
2750116056 : 	0	0	0	0	22	
2751916780 : 	0	0	0	0	4	
2755215716 : 	0	0	0	0	31	
2759117472 : 	0	0	0	0	4	
2760918536 : 	0	0	0	0	22	
2763318084 : 	0	0	0	0	22	
2777721252 : 	0	0	0	0	22	
2790997296 : 	0	0	2	0	20	
2791297004 : 	0	0	2	0	3F	
