555891612 : 	16	0	0	0	0	0	0	3E	
566091100 : 	38	0	0	0	0	0	0	1C	
566391408 : 	39	0	0	0	0	0	0	2A	
574191604 : 	13	30	32	36	35	38	0	0	
575091584 : 	16	0	0	0	0	0	0	3E	
576891540 : 	1C	0	0	0	0	0	0	1A	
578091572 : 	20	0	0	0	10	0	0	14	
580791680 : 	29	0	0	0	0	0	0	2B	
581991628 : 	2D	0	0	0	0	0	0	27	
582591648 : 	2F	0	0	0	0	0	0	7	
583491628 : 	32	35	33	44	45	4E	30	3C	
584391780 : 	35	0	0	0	0	0	0	2E	
584992636 : 	37	0	0	0	0	0	0	E	
591891660 : 	E	0	0	0	0	0	0	37	
593392592 : 	13	30	32	36	35	38	0	0	
596690848 : 	1E	0	0	0	0	0	0	36	
608992048 : 	7	0	0	0	0	0	0	1	
719990616 : 	28	0	0	0	0	0	0	1D	
720290928 : 	29	0	0	0	0	0	0	2B	
726591208 : 	3E	0	0	0	0	0	0	34	
727492972 : 	1	4D	41	4B	47	4D	36	2B	
728091288 : 	3	30	32	36	35	38	0	1	
733191032 : 	14	22	14	40	0	2	0	13	
733491420 : 	15	0	0	0	0	0	0	20	
736791124 : 	20	0	0	0	10	0	0	14	
738590148 : 	26	0	0	0	0	0	0	3D	
739491656 : 	29	0	0	0	0	0	0	2B	
746390172 : 	0	0	0	0	10	0	0	16	
748190216 : 	6	0	0	0	0	0	0	3F	
752691312 : 	15	0	0	0	0	0	0	20	
752991016 : 	16	0	0	0	0	0	0	3E	
753290980 : 	17	0	0	0	0	0	0	0	
754491268 : 	1B	0	0	0	0	0	0	C	
762291716 : 	35	0	0	0	0	0	0	2E	
774892880 : 	1F	0	0	0	0	0	0	8	
777592568 : 	28	0	0	0	0	0	0	1D	
779392696 : 	2E	0	0	0	0	0	0	35	
782992108 : 	3A	0	0	0	0	80	80	38	
787493708 : 	9	0	0	0	0	0	0	2D	
790492592 : 	13	30	32	36	35	38	0	0	
791694412 : 	17	0	0	0	0	0	0	0	
791994968 : 	18	0	0	0	0	0	0	1E	
794093532 : 	1F	0	0	0	0	0	0	8	
795292884 : 	23	30	32	36	35	38	0	F	
806393116 : 	8	0	0	0	0	0	0	1F	
808494572 : 	F	0	0	0	0	0	0	9	
825595808 : 	8	0	0	0	0	0	0	1F	
826194716 : 	A	0	0	0	0	80	80	3B	
829196068 : 	14	22	14	40	0	2	0	13	
830096392 : 	17	0	0	0	0	0	0	0	
833696824 : 	23	30	32	36	35	38	0	F	
839697136 : 	37	0	0	0	0	0	0	E	
847197372 : 	10	0	0	0	10	0	0	15	
848997752 : 	16	0	0	0	0	0	0	3E	
849298228 : 	17	0	0	0	0	0	0	0	
850498004 : 	1B	0	0	0	0	0	0	C	
853798048 : 	26	0	0	0	0	0	0	3D	
854098348 : 	27	0	0	0	0	0	0	F	
857098676 : 	31	4D	41	4B	47	4D	36	28	
867898528 : 	15	0	0	0	0	0	0	20	
869399536 : 	1A	0	0	0	0	80	80	3A	
870299856 : 	1D	0	0	0	0	0	0	28	
870599652 : 	1E	0	0	0	0	0	0	36	
876600140 : 	32	35	33	44	45	4E	30	3C	
879000540 : 	3A	0	0	0	0	80	80	38	
881701756 : 	3	30	32	36	35	38	0	1	
888601548 : 	1A	0	0	0	0	80	80	3A	
889502632 : 	1D	0	0	0	0	0	0	28	
891001868 : 	22	35	33	44	45	4E	30	3D	
904203388 : 	E	0	0	0	0	0	0	37	
905703468 : 	13	30	32	36	35	38	0	0	
912604104 : 	2A	0	0	0	0	80	80	39	
915305664 : 	33	30	32	36	35	38	0	E	
916504836 : 	37	0	0	0	0	0	0	E	
916804548 : 	38	0	0	0	0	0	0	1C	
924605420 : 	12	35	33	44	45	4E	30	3E	
927004888 : 	1A	0	0	0	0	80	80	3A	
927305956 : 	1B	0	0	0	0	0	0	C	
929406144 : 	22	35	33	44	45	4E	30	3D	
930306372 : 	25	0	0	0	0	0	0	2F	
934806780 : 	34	22	14	40	0	2	0	11	
936007660 : 	38	0	0	0	0	0	0	1C	
938707176 : 	1	4D	41	4B	47	4D	36	2B	
939606988 : 	4	22	14	40	0	2	0	14	
939907548 : 	5	0	0	0	0	0	0	21	
940508412 : 	7	0	0	0	0	0	0	1	
942007392 : 	C	0	0	0	0	0	0	1B	
947108324 : 	1D	0	0	0	0	0	0	28	
948308352 : 	21	4D	41	4B	47	4D	36	29	
948608316 : 	22	35	33	44	45	4E	30	3D	
963009952 : 	12	35	33	44	45	4E	30	3E	
967811516 : 	22	35	33	44	45	4E	30	3D	
970512136 : 	2B	0	0	0	0	0	0	B	
972012388 : 	30	0	0	0	10	0	0	13	
976812088 : 	0	0	0	0	10	0	0	16	
984013884 : 	18	0	0	0	0	0	0	1E	
992714908 : 	35	0	0	0	0	0	0	2E	
993315088 : 	37	0	0	0	0	0	0	E	
994816356 : 	3C	0	0	0	0	0	0	18	
997515452 : 	5	0	0	0	0	0	0	21	
1007716720 : 	27	0	0	0	0	0	0	F	
1014316804 : 	3D	0	0	0	0	0	0	26	
1014916988 : 	3F	0	0	0	0	0	0	6	
1017017336 : 	6	0	0	0	0	0	0	3F	
1021217444 : 	14	22	14	40	0	2	0	13	
1027518500 : 	29	0	0	0	0	0	0	2B	
1029618588 : 	30	0	0	0	10	0	0	13	
1042520312 : 	1B	0	0	0	0	0	0	C	
1045822220 : 	26	0	0	0	0	0	0	3D	
1049120476 : 	31	4D	41	4B	47	4D	36	28	
1053620804 : 	0	0	0	0	10	0	0	16	
1055423056 : 	6	0	0	0	0	0	0	3F	
1065922936 : 	29	0	0	0	0	0	0	2B	
1077624036 : 	10	0	0	0	10	0	0	15	
1081226428 : 	1C	0	0	0	0	0	0	1A	
1088126808 : 	33	30	32	36	35	38	0	E	
1088725888 : 	35	0	0	0	0	0	0	2E	
1090827088 : 	3C	0	0	0	0	0	0	18	
1091127220 : 	3D	0	0	0	0	0	0	26	
1091727320 : 	3F	0	0	0	0	0	0	6	
1092026184 : 	0	0	0	0	10	0	0	16	
1098628984 : 	16	0	0	0	0	0	0	3E	
1100128388 : 	1B	0	0	0	0	0	0	C	
1100728568 : 	1D	0	0	0	0	0	0	28	
1107329412 : 	33	30	32	36	35	38	0	E	
1107629464 : 	34	22	14	40	0	2	0	11	
1119932108 : 	1D	0	0	0	0	0	0	28	
1121431420 : 	22	35	33	44	45	4E	30	3D	
1122331748 : 	25	0	0	0	0	0	0	2F	
1123531772 : 	29	0	0	0	0	0	0	2B	
1124731888 : 	2D	0	0	0	0	0	0	27	
1131332816 : 	3	30	32	36	35	38	0	1	
1133134560 : 	9	0	0	0	0	0	0	2D	
1142734548 : 	29	0	0	0	0	0	0	2B	
1144234544 : 	2E	0	0	0	0	0	0	35	
1152635772 : 	A	0	0	0	0	80	80	3B	
1155036852 : 	12	35	33	44	45	4E	30	3E	
1156536592 : 	17	0	0	0	0	0	0	0	
1163437656 : 	2E	0	0	0	0	0	0	35	
1163738556 : 	2F	0	0	0	0	0	0	7	
1164037588 : 	30	0	0	0	10	0	0	13	
1165237788 : 	34	22	14	40	0	2	0	11	
1165537920 : 	35	0	0	0	0	0	0	2E	
1172139872 : 	B	0	0	0	0	0	0	D	
1172738952 : 	D	0	0	0	0	0	0	29	
1173939068 : 	11	4D	41	4B	47	4D	36	2A	
1174539252 : 	13	30	32	36	35	38	0	0	
1175139356 : 	15	0	0	0	0	0	0	20	
1179039840 : 	22	35	33	44	45	4E	30	3D	
1179639760 : 	24	22	14	40	0	2	0	12	
1185640764 : 	38	0	0	0	0	0	0	1C	
1188942332 : 	3	30	32	36	35	38	0	1	
1193142360 : 	11	4D	41	4B	47	4D	36	2A	
1196442220 : 	1C	0	0	0	0	0	0	1A	
1202743612 : 	31	4D	41	4B	47	4D	36	28	
1205142992 : 	39	0	0	0	0	0	0	2A	
1225247360 : 	3C	0	0	0	0	0	0	18	
1227047832 : 	2	35	33	44	45	4E	30	3F	
1234248868 : 	1A	0	0	0	0	80	80	3A	
1235449064 : 	1E	0	0	0	0	0	0	36	
1239049576 : 	2A	0	0	0	0	80	80	39	
1240249692 : 	2E	0	0	0	0	0	0	35	
1243550760 : 	39	0	0	0	0	0	0	2A	
1247450384 : 	6	0	0	0	0	0	0	3F	
1254052248 : 	1C	0	0	0	0	0	0	1A	
1259751920 : 	2F	0	0	0	0	0	0	7	
1267853528 : 	A	0	0	0	0	80	80	3B	
1269353864 : 	F	0	0	0	0	0	0	9	
1269953792 : 	11	4D	41	4B	47	4D	36	2A	
1273854108 : 	1E	0	0	0	0	0	0	36	
1281955968 : 	39	0	0	0	0	0	0	2A	
1284056232 : 	0	0	0	0	10	0	0	16	
1288556892 : 	F	0	0	0	0	0	0	9	
1288856856 : 	10	0	0	0	10	0	0	15	
1293057640 : 	1E	0	0	0	0	0	0	36	
1295158160 : 	25	0	0	0	0	0	0	2F	
1297858272 : 	2E	0	0	0	0	0	0	35	
1305660848 : 	8	0	0	0	0	0	0	1F	
1306559808 : 	B	0	0	0	0	0	0	D	
1309559544 : 	15	0	0	0	0	0	0	20	
1311360352 : 	1B	0	0	0	0	0	0	C	
1311960452 : 	1D	0	0	0	0	0	0	28	
1317961536 : 	31	4D	41	4B	47	4D	36	28	
1318261332 : 	32	35	33	44	45	4E	30	3C	
1320962212 : 	3B	0	0	0	0	0	0	A	
1332363000 : 	21	4D	41	4B	47	4D	36	29	
1332963952 : 	23	30	32	36	35	38	0	F	
1336863328 : 	30	0	0	0	10	0	0	13	
1337464276 : 	32	35	33	44	45	4E	30	3C	
1341064792 : 	3E	0	0	0	0	0	0	34	
1341664976 : 	0	0	0	0	10	0	0	16	
1344365512 : 	9	0	0	0	0	0	0	2D	
1346765920 : 	11	4D	41	4B	47	4D	36	2A	
1349767432 : 	1B	0	0	0	0	0	0	C	
1352766740 : 	25	0	0	0	0	0	0	2F	
1354867092 : 	2C	0	0	0	0	0	0	19	
1355467024 : 	2E	0	0	0	0	0	0	35	
1359668236 : 	3C	0	0	0	0	0	0	18	
1377425192 : 	2B	0	0	0	0	0	0	B	
1385526116 : 	6	0	0	0	0	0	0	3F	
1398728316 : 	32	35	33	44	45	4E	30	3C	
1403529032 : 	2	35	33	44	45	4E	30	3F	
1418231828 : 	33	30	32	36	35	38	0	E	
1425431832 : 	B	0	0	0	0	0	0	D	
1430532596 : 	1C	0	0	0	0	0	0	1A	
1431132360 : 	1E	0	0	0	0	0	0	36	
1432633712 : 	23	30	32	36	35	38	0	F	
1433832976 : 	27	0	0	0	0	0	0	F	
1434732708 : 	2A	0	0	0	0	80	80	39	
1435034112 : 	2B	0	0	0	0	0	0	B	
1442235060 : 	3	30	32	36	35	38	0	1	
1442534256 : 	4	22	14	40	0	2	0	14	
1444036036 : 	9	0	0	0	0	0	0	2D	
1456937932 : 	34	22	14	40	0	2	0	11	
1461738224 : 	4	22	14	40	0	2	0	14	
1465638620 : 	11	4D	41	4B	47	4D	36	2A	
1467138700 : 	16	0	0	0	0	0	0	3E	
1471939676 : 	26	0	0	0	0	0	0	3D	
1473139700 : 	2A	0	0	0	0	80	80	39	
1474940764 : 	30	0	0	0	10	0	0	13	
1475540184 : 	32	35	33	44	45	4E	30	3C	
1477340396 : 	38	0	0	0	0	0	0	1C	
1479740884 : 	0	0	0	0	10	0	0	16	
1481241132 : 	5	0	0	0	0	0	0	21	
1481541012 : 	6	0	0	0	0	0	0	3F	
1481841148 : 	7	0	0	0	0	0	0	1	
1483340380 : 	C	0	0	0	0	0	0	1B	
1486416364 : 	10	0	0	0	10	0	0	15	
1488516884 : 	17	0	0	0	0	0	0	0	
2263452900 : 	1B	0	0	0	0	0	0	C	
2273053480 : 	3B	0	0	0	0	0	0	A	
2274253680 : 	3F	0	0	0	0	0	0	6	
2282654232 : 	1B	0	0	0	0	0	0	C	
2283554380 : 	1E	0	0	0	0	0	0	36	
2284154228 : 	20	0	0	0	10	0	0	14	
2285355196 : 	24	22	14	40	0	2	0	12	
2289254396 : 	31	4D	41	4B	47	4D	36	28	
2292854832 : 	3D	0	0	0	0	0	0	26	
2294655132 : 	3	30	32	36	35	38	0	1	
2295554764 : 	6	0	0	0	0	0	0	3F	
2297355236 : 	C	0	0	0	0	0	0	1B	
2298256064 : 	F	0	0	0	0	0	0	9	
2305455904 : 	27	0	0	0	0	0	0	F	
2309656436 : 	35	0	0	0	0	0	0	2E	
2318956964 : 	14	22	14	40	0	2	0	13	
2320156316 : 	18	0	0	0	0	0	0	1E	
2321657332 : 	1D	0	0	0	0	0	0	28	
2326157656 : 	2C	0	0	0	0	0	0	19	
2327357608 : 	30	0	0	0	10	0	0	13	
2327657820 : 	31	4D	41	4B	47	4D	36	28	
2329157136 : 	36	0	0	0	0	0	0	3C	
2330658068 : 	3B	0	0	0	0	0	0	A	
2333358268 : 	4	22	14	40	0	2	0	14	
2333657716 : 	5	0	0	0	0	0	0	21	
2336058880 : 	D	0	0	0	0	0	0	29	
2342359252 : 	22	35	33	44	45	4E	30	3D	
2342959352 : 	24	22	14	40	0	2	0	12	
2354661476 : 	B	0	0	0	0	0	0	D	
2354961096 : 	C	0	0	0	0	0	0	1B	
2355261576 : 	D	0	0	0	0	0	0	29	
2357662056 : 	15	0	0	0	0	0	0	20	
2359761556 : 	1C	0	0	0	0	0	0	1A	
2362462600 : 	25	0	0	0	0	0	0	2F	
2366063032 : 	31	4D	41	4B	47	4D	36	28	
2367263060 : 	35	0	0	0	0	0	0	2E	
2371162520 : 	2	35	33	44	45	4E	30	3F	
2374463588 : 	D	0	0	0	0	0	0	29	
2376864068 : 	15	0	0	0	0	0	0	20	
2377762772 : 	18	0	0	0	0	0	0	1E	
2381663344 : 	25	0	0	0	0	0	0	2F	
2382863372 : 	29	0	0	0	0	0	0	2B	
2397264660 : 	19	0	0	0	0	0	0	2C	
2399965024 : 	22	35	33	44	45	4E	30	3D	
2403265916 : 	2D	0	0	0	0	0	0	27	
2403866016 : 	2F	0	0	0	0	0	0	7	
2412565688 : 	C	0	0	0	0	0	0	1B	
2418266632 : 	1F	0	0	0	0	0	0	8	
2422767212 : 	2E	0	0	0	0	0	0	35	
2426068528 : 	39	0	0	0	0	0	0	2A	
2426967488 : 	3C	0	0	0	0	0	0	18	
2435969920 : 	1A	0	0	0	0	80	80	3A	
2439570440 : 	26	0	0	0	0	0	0	3D	
2440770552 : 	2A	0	0	0	0	80	80	39	
2449171100 : 	6	0	0	0	0	0	0	3F	
2450371980 : 	A	0	0	0	0	80	80	3B	
2451270940 : 	D	0	0	0	0	0	0	29	
2451570568 : 	E	0	0	0	0	0	0	37	
2455173036 : 	1A	0	0	0	0	80	80	3A	
2460572492 : 	2C	0	0	0	0	0	0	19	
2465973312 : 	3E	0	0	0	0	0	0	34	
2466573412 : 	0	0	0	0	10	0	0	16	
2468373960 : 	6	0	0	0	0	0	0	3F	
2468973552 : 	8	0	0	0	0	0	0	1F	
2481276112 : 	31	4D	41	4B	47	4D	36	28	
2482776020 : 	36	0	0	0	0	0	0	3C	
2493877616 : 	1B	0	0	0	0	0	0	C	
2504979040 : 	0	0	0	0	10	0	0	16	
2507379356 : 	8	0	0	0	0	0	0	1F	
2519080372 : 	2F	0	0	0	0	0	0	7	
2519381020 : 	30	0	0	0	10	0	0	13	
2519981208 : 	32	35	33	44	45	4E	30	3C	
2521481372 : 	37	0	0	0	0	0	0	E	
2524781752 : 	2	35	33	44	45	4E	30	3F	
2526581880 : 	8	0	0	0	0	0	0	1F	
2549386100 : 	14	22	14	40	0	2	0	13	
2554486956 : 	25	0	0	0	0	0	0	2F	
2555086284 : 	27	0	0	0	0	0	0	F	
2558388196 : 	32	35	33	44	45	4E	30	3C	
2563187212 : 	2	35	33	44	45	4E	30	3F	
2566487844 : 	D	0	0	0	0	0	0	29	
2568288144 : 	13	30	32	36	35	38	0	0	
2570988340 : 	1C	0	0	0	0	0	0	1A	
2575189048 : 	2A	0	0	0	0	80	80	39	
2579089608 : 	37	0	0	0	0	0	0	E	
2579991796 : 	3A	0	0	0	0	80	80	38	
2580889992 : 	3D	0	0	0	0	0	0	26	
2582390156 : 	2	35	33	44	45	4E	30	3F	
2587790888 : 	14	22	14	40	0	2	0	13	
2590792320 : 	1E	0	0	0	0	0	0	36	
2592593132 : 	24	22	14	40	0	2	0	12	
2595892832 : 	2F	0	0	0	0	0	0	7	
2596193136 : 	30	0	0	0	10	0	0	13	
2597393336 : 	34	22	14	40	0	2	0	11	
2605194464 : 	E	0	0	0	0	0	0	37	
2615696132 : 	31	4D	41	4B	47	4D	36	28	
2617496260 : 	37	0	0	0	0	0	0	E	
2624996320 : 	10	0	0	0	10	0	0	15	
2627096840 : 	17	0	0	0	0	0	0	0	
2639398984 : 	0	0	0	0	10	0	0	16	
2648400136 : 	1E	0	0	0	0	0	0	36	
2649900384 : 	23	30	32	36	35	38	0	F	
2650200604 : 	24	22	14	40	0	2	0	12	
2653200768 : 	2E	0	0	0	0	0	0	35	
2653801036 : 	30	0	0	0	10	0	0	13	
2654401816 : 	32	35	33	44	45	4E	30	3C	
2656800432 : 	3A	0	0	0	0	80	80	38	
2657700928 : 	3D	0	0	0	0	0	0	26	
2663101904 : 	F	0	0	0	0	0	0	9	
2666102068 : 	19	0	0	0	0	0	0	2C	
2667604356 : 	1E	0	0	0	0	0	0	36	
2670902952 : 	29	0	0	0	0	0	0	2B	
2676303596 : 	3B	0	0	0	0	0	0	A	
2676603648 : 	3C	0	0	0	0	0	0	18	
2688007160 : 	22	35	33	44	45	4E	30	3D	
2690106832 : 	29	0	0	0	0	0	0	2B	
2692206924 : 	30	0	0	0	10	0	0	13	
2692507832 : 	31	4D	41	4B	47	4D	36	28	
2696408476 : 	3E	0	0	0	0	0	0	34	
2705109332 : 	1B	0	0	0	0	0	0	C	
2721011556 : 	10	0	0	0	10	0	0	15	
2727912708 : 	27	0	0	0	0	0	0	F	
2730312856 : 	2F	0	0	0	0	0	0	7	
2735714004 : 	1	4D	41	4B	47	4D	36	2B	
2736914376 : 	5	0	0	0	0	0	0	21	
2739013796 : 	C	0	0	0	0	0	0	1B	
2740514720 : 	11	4D	41	4B	47	4D	36	2A	
2754917120 : 	1	4D	41	4B	47	4D	36	2B	
2759717752 : 	11	4D	41	4B	47	4D	36	2A	
2770219244 : 	34	22	14	40	0	2	0	11	
2771419444 : 	38	0	0	0	0	0	0	1C	
2774420116 : 	2	35	33	44	45	4E	30	3F	
