554033936 : 	0	0	0	0	0	0	28	
554333560 : 	0	0	0	0	0	0	37	
554636076 : 	0	0	0	0	0	0	A	
554938080 : 	0	0	0	0	0	0	19	
555236344 : 	0	0	0	0	0	0	28	
556142704 : 	0	0	0	0	0	0	19	
557348340 : 	0	0	0	0	0	0	19	
557646016 : 	0	0	0	0	0	0	28	
558554744 : 	0	0	0	0	0	0	19	
558852500 : 	0	0	0	0	0	0	28	
559153236 : 	0	0	0	0	0	0	37	
559456764 : 	0	0	0	0	0	0	A	
560662148 : 	0	0	0	0	0	0	A	
561568080 : 	0	0	0	0	0	0	37	
561866776 : 	0	0	0	0	0	0	A	
562168180 : 	0	0	0	0	0	0	19	
563072836 : 	0	0	0	0	0	0	A	
563376288 : 	0	0	0	0	0	0	19	
563677016 : 	0	0	0	0	0	0	28	
564584644 : 	0	0	0	0	0	0	19	
564882996 : 	0	0	0	0	0	0	28	
565183808 : 	0	0	0	0	0	0	37	
565784336 : 	0	0	0	0	0	0	19	
566088296 : 	0	0	0	0	0	0	28	
566388600 : 	0	0	0	0	0	0	37	
566688564 : 	0	0	0	0	0	0	A	
567593220 : 	0	0	0	0	0	0	37	
568197060 : 	0	0	0	0	0	0	19	
568494644 : 	0	0	0	0	0	0	28	
568795800 : 	0	0	0	0	0	0	37	
569096784 : 	0	0	0	0	0	0	A	
569401256 : 	0	0	0	0	0	0	19	
569703260 : 	0	0	0	0	0	0	28	
570608256 : 	0	0	0	0	0	0	19	
570908048 : 	0	0	0	0	0	0	28	
572415608 : 	0	0	0	0	0	0	37	
572716176 : 	0	0	0	0	0	0	A	
573018684 : 	0	0	0	0	0	0	19	
573623716 : 	0	0	0	0	0	0	37	
574223644 : 	0	0	0	0	0	0	19	
574825784 : 	0	0	0	0	0	0	37	
575128300 : 	0	0	0	0	0	0	A	
576033812 : 	0	0	0	0	0	0	37	
576635520 : 	0	0	0	0	0	0	19	
578142320 : 	0	0	0	0	0	0	28	
578746664 : 	0	0	0	0	0	0	A	
579048160 : 	0	0	0	0	0	0	19	
579952736 : 	0	0	0	0	0	0	A	
580253204 : 	0	0	0	0	0	0	19	
580552752 : 	0	0	0	0	0	0	28	
582062096 : 	0	0	0	0	0	0	37	
582663380 : 	0	0	0	0	0	0	19	
583268156 : 	0	0	0	0	0	0	37	
583566424 : 	0	0	0	0	0	0	A	
583867916 : 	0	0	0	0	0	0	19	
584168984 : 	0	0	0	0	0	0	28	
584473456 : 	0	0	0	0	0	0	37	
584772568 : 	0	0	0	0	0	0	A	
585075856 : 	0	0	0	0	0	0	19	
586282176 : 	0	0	0	0	0	0	19	
586581456 : 	0	0	0	0	0	0	28	
586882440 : 	0	0	0	0	0	0	37	
587184020 : 	0	0	0	0	0	0	A	
587486788 : 	0	0	0	0	0	0	19	
587788028 : 	0	0	0	0	0	0	28	
588088844 : 	0	0	0	0	0	0	37	
588695148 : 	0	0	0	0	0	0	19	
588995716 : 	0	0	0	0	0	0	28	
589295420 : 	0	0	0	0	0	0	37	
589594708 : 	0	0	0	0	0	0	A	
590802384 : 	0	0	0	0	0	0	A	
591102776 : 	0	0	0	0	0	0	19	
591706280 : 	0	0	0	0	0	0	37	
592007940 : 	0	0	0	0	0	0	A	
592309272 : 	0	0	0	0	0	0	19	
592609144 : 	0	0	0	0	0	0	28	
593211964 : 	0	0	0	0	0	0	A	
593514480 : 	0	0	0	0	0	0	19	
593813424 : 	0	0	0	0	0	0	28	
594721140 : 	0	0	0	0	0	0	19	
595023228 : 	0	0	0	0	0	0	28	
595322428 : 	0	0	0	0	0	0	37	
595623584 : 	0	0	0	0	0	0	A	
596228956 : 	0	0	0	0	0	0	28	
596527560 : 	0	0	0	0	0	0	37	
597133016 : 	0	0	0	0	0	0	19	
597734900 : 	0	0	0	0	0	0	37	
598036484 : 	0	0	0	0	0	0	A	
599543104 : 	0	0	0	0	0	0	19	
600146860 : 	0	0	0	0	0	0	37	
600749508 : 	0	0	0	0	0	0	19	
601352500 : 	0	0	0	0	0	0	37	
601653908 : 	0	0	0	0	0	0	A	
602861248 : 	0	0	0	0	0	0	A	
604066380 : 	0	0	0	0	0	0	A	
604368468 : 	0	0	0	0	0	0	19	
604668952 : 	0	0	0	0	0	0	28	
605272528 : 	0	0	0	0	0	0	A	
605574284 : 	0	0	0	0	0	0	19	
605875436 : 	0	0	0	0	0	0	28	
607081328 : 	0	0	0	0	0	0	28	
607383420 : 	0	0	0	0	0	0	37	
608286716 : 	0	0	0	0	0	0	28	
608588040 : 	0	0	0	0	0	0	37	
608887156 : 	0	0	0	0	0	0	A	
609192728 : 	0	0	0	0	0	0	19	
609795464 : 	0	0	0	0	0	0	37	
610095600 : 	0	0	0	0	0	0	A	
610395564 : 	0	0	0	0	0	0	19	
610697568 : 	0	0	0	0	0	0	28	
610998556 : 	0	0	0	0	0	0	37	
611602820 : 	0	0	0	0	0	0	19	
611902868 : 	0	0	0	0	0	0	28	
612204448 : 	0	0	0	0	0	0	37	
612805660 : 	0	0	0	0	0	0	19	
613107836 : 	0	0	0	0	0	0	28	
613712520 : 	0	0	0	0	0	0	A	
614915104 : 	0	0	0	0	0	0	A	
615218720 : 	0	0	0	0	0	0	19	
615823156 : 	0	0	0	0	0	0	37	
616425296 : 	0	0	0	0	0	0	19	
616727980 : 	0	0	0	0	0	0	28	
617632896 : 	0	0	0	0	0	0	19	
618234180 : 	0	0	0	0	0	0	37	
712720484 : 	0	0	0	0	0	0	28	
713022488 : 	0	0	0	0	0	0	37	
713325424 : 	0	0	0	0	0	0	A	
714532940 : 	0	0	0	0	0	0	A	
714831036 : 	0	0	0	0	0	0	19	
715737044 : 	0	0	0	0	0	0	A	
716037348 : 	0	0	0	0	0	0	19	
716339780 : 	0	0	0	0	0	0	28	
716642292 : 	0	0	0	0	0	0	37	
717245284 : 	0	0	0	0	0	0	19	
717546100 : 	0	0	0	0	0	0	28	
717847084 : 	0	0	0	0	0	0	37	
718750972 : 	0	0	0	0	0	0	28	
719052384 : 	0	0	0	0	0	0	37	
719355748 : 	0	0	0	0	0	0	A	
719956528 : 	0	0	0	0	0	0	28	
720260320 : 	0	0	0	0	0	0	37	
720561900 : 	0	0	0	0	0	0	A	
720861696 : 	0	0	0	0	0	0	19	
721163700 : 	0	0	0	0	0	0	28	
721766008 : 	0	0	0	0	0	0	A	
722372400 : 	0	0	0	0	0	0	28	
722672364 : 	0	0	0	0	0	0	37	
723274420 : 	0	0	0	0	0	0	19	
723575232 : 	0	0	0	0	0	0	28	
724780364 : 	0	0	0	0	0	0	28	
725082796 : 	0	0	0	0	0	0	37	
725382336 : 	0	0	0	0	0	0	A	
725686632 : 	0	0	0	0	0	0	19	
727792848 : 	0	0	0	0	0	0	A	
728097572 : 	0	0	0	0	0	0	19	
728396604 : 	0	0	0	0	0	0	28	
729302872 : 	0	0	0	0	0	0	19	
729601480 : 	0	0	0	0	0	0	28	
729903232 : 	0	0	0	0	0	0	37	
731111760 : 	0	0	0	0	0	0	37	
731411128 : 	0	0	0	0	0	0	A	
731714152 : 	0	0	0	0	0	0	19	
732011824 : 	0	0	0	0	0	0	28	
732316124 : 	0	0	0	0	0	0	37	
732614820 : 	0	0	0	0	0	0	A	
733520320 : 	0	0	0	0	0	0	37	
733821388 : 	0	0	0	0	0	0	A	
734122460 : 	0	0	0	0	0	0	19	
734423444 : 	0	0	0	0	0	0	28	
734726304 : 	0	0	0	0	0	0	37	
735627212 : 	0	0	0	0	0	0	28	
735932192 : 	0	0	0	0	0	0	37	
736232756 : 	0	0	0	0	0	0	A	
736833108 : 	0	0	0	0	0	0	28	
737135716 : 	0	0	0	0	0	0	37	
738341436 : 	0	0	0	0	0	0	37	
738642844 : 	0	0	0	0	0	0	A	
738946720 : 	0	0	0	0	0	0	19	
739247364 : 	0	0	0	0	0	0	28	
740153720 : 	0	0	0	0	0	0	19	
740452152 : 	0	0	0	0	0	0	28	
740755264 : 	0	0	0	0	0	0	37	
741656432 : 	0	0	0	0	0	0	28	
741961584 : 	0	0	0	0	0	0	37	
742262652 : 	0	0	0	0	0	0	A	
742863016 : 	0	0	0	0	0	0	28	
743164000 : 	0	0	0	0	0	0	37	
743466340 : 	0	0	0	0	0	0	A	
743767748 : 	0	0	0	0	0	0	19	
744674364 : 	0	0	0	0	0	0	A	
745272676 : 	0	0	0	0	0	0	28	
745877448 : 	0	0	0	0	0	0	A	
746782528 : 	0	0	0	0	0	0	37	
747385688 : 	0	0	0	0	0	0	19	
747687020 : 	0	0	0	0	0	0	28	
749194744 : 	0	0	0	0	0	0	37	
749796380 : 	0	0	0	0	0	0	19	
750999976 : 	0	0	0	0	0	0	19	
751300960 : 	0	0	0	0	0	0	28	
751902588 : 	0	0	0	0	0	0	A	
752206040 : 	0	0	0	0	0	0	19	
752505748 : 	0	0	0	0	0	0	28	
752806480 : 	0	0	0	0	0	0	37	
753411260 : 	0	0	0	0	0	0	19	
753712836 : 	0	0	0	0	0	0	28	
754012968 : 	0	0	0	0	0	0	37	
754314464 : 	0	0	0	0	0	0	A	
754917792 : 	0	0	0	0	0	0	28	
755218864 : 	0	0	0	0	0	0	37	
755822708 : 	0	0	0	0	0	0	19	
756425184 : 	0	0	0	0	0	0	37	
756727104 : 	0	0	0	0	0	0	A	
757027152 : 	0	0	0	0	0	0	19	
758235264 : 	0	0	0	0	0	0	19	
758536076 : 	0	0	0	0	0	0	28	
758836720 : 	0	0	0	0	0	0	37	
759440728 : 	0	0	0	0	0	0	19	
759741800 : 	0	0	0	0	0	0	28	
760042620 : 	0	0	0	0	0	0	37	
760345728 : 	0	0	0	0	0	0	A	
761253184 : 	0	0	0	0	0	0	37	
762456868 : 	0	0	0	0	0	0	37	
762756580 : 	0	0	0	0	0	0	A	
763056120 : 	0	0	0	0	0	0	19	
763961708 : 	0	0	0	0	0	0	A	
764265244 : 	0	0	0	0	0	0	19	
764566908 : 	0	0	0	0	0	0	28	
764866624 : 	0	0	0	0	0	0	37	
765471988 : 	0	0	0	0	0	0	19	
766074468 : 	0	0	0	0	0	0	37	
766974788 : 	0	0	0	0	0	0	28	
767278920 : 	0	0	0	0	0	0	37	
767884464 : 	0	0	0	0	0	0	19	
768486004 : 	0	0	0	0	0	0	37	
768786140 : 	0	0	0	0	0	0	A	
770295652 : 	0	0	0	0	0	0	19	
770594860 : 	0	0	0	0	0	0	28	
770895500 : 	0	0	0	0	0	0	37	
771499592 : 	0	0	0	0	0	0	19	
771799728 : 	0	0	0	0	0	0	28	
772103604 : 	0	0	0	0	0	0	37	
773005964 : 	0	0	0	0	0	0	28	
773306528 : 	0	0	0	0	0	0	37	
773910960 : 	0	0	0	0	0	0	19	
774514720 : 	0	0	0	0	0	0	37	
774814084 : 	0	0	0	0	0	0	A	
775115492 : 	0	0	0	0	0	0	19	
775416564 : 	0	0	0	0	0	0	28	
776019984 : 	0	0	0	0	0	0	A	
776324024 : 	0	0	0	0	0	0	19	
776622544 : 	0	0	0	0	0	0	28	
776924632 : 	0	0	0	0	0	0	37	
777830056 : 	0	0	0	0	0	0	28	
779035184 : 	0	0	0	0	0	0	28	
779335064 : 	0	0	0	0	0	0	37	
779635028 : 	0	0	0	0	0	0	A	
779939756 : 	0	0	0	0	0	0	19	
780238876 : 	0	0	0	0	0	0	28	
780542148 : 	0	0	0	0	0	0	37	
780843560 : 	0	0	0	0	0	0	A	
781145732 : 	0	0	0	0	0	0	19	
781446972 : 	0	0	0	0	0	0	28	
782954872 : 	0	0	0	0	0	0	37	
783555060 : 	0	0	0	0	0	0	19	
783855364 : 	0	0	0	0	0	0	28	
784458868 : 	0	0	0	0	0	0	A	
785065340 : 	0	0	0	0	0	0	28	
785365388 : 	0	0	0	0	0	0	37	
785666376 : 	0	0	0	0	0	0	A	
785966592 : 	0	0	0	0	0	0	19	
787476280 : 	0	0	0	0	0	0	28	
788076804 : 	0	0	0	0	0	0	A	
788380084 : 	0	0	0	0	0	0	19	
788680304 : 	0	0	0	0	0	0	28	
788983244 : 	0	0	0	0	0	0	37	
789584448 : 	0	0	0	0	0	0	19	
789884080 : 	0	0	0	0	0	0	28	
790186168 : 	0	0	0	0	0	0	37	
792598292 : 	0	0	0	0	0	0	37	
792897836 : 	0	0	0	0	0	0	A	
793502440 : 	0	0	0	0	0	0	28	
794406840 : 	0	0	0	0	0	0	19	
794706044 : 	0	0	0	0	0	0	28	
795008640 : 	0	0	0	0	0	0	37	
795912784 : 	0	0	0	0	0	0	28	
796216064 : 	0	0	0	0	0	0	37	
796515520 : 	0	0	0	0	0	0	A	
797117320 : 	0	0	0	0	0	0	28	
797419832 : 	0	0	0	0	0	0	37	
798023764 : 	0	0	0	0	0	0	19	
799229144 : 	0	0	0	0	0	0	19	
799529448 : 	0	0	0	0	0	0	28	
800435632 : 	0	0	0	0	0	0	19	
800735768 : 	0	0	0	0	0	0	28	
801038880 : 	0	0	0	0	0	0	37	
801941068 : 	0	0	0	0	0	0	28	
802243676 : 	0	0	0	0	0	0	37	
802545928 : 	0	0	0	0	0	0	A	
803449648 : 	0	0	0	0	0	0	37	
803749960 : 	0	0	0	0	0	0	A	
804052468 : 	0	0	0	0	0	0	19	
804655544 : 	0	0	0	0	0	0	37	
804956528 : 	0	0	0	0	0	0	A	
805259640 : 	0	0	0	0	0	0	19	
805560540 : 	0	0	0	0	0	0	28	
806464428 : 	0	0	0	0	0	0	19	
806766612 : 	0	0	0	0	0	0	28	
807669560 : 	0	0	0	0	0	0	19	
807970800 : 	0	0	0	0	0	0	28	
809476404 : 	0	0	0	0	0	0	37	
809777644 : 	0	0	0	0	0	0	A	
810080420 : 	0	0	0	0	0	0	19	
810685620 : 	0	0	0	0	0	0	37	
810986604 : 	0	0	0	0	0	0	A	
811889816 : 	0	0	0	0	0	0	37	
812497388 : 	0	0	0	0	0	0	19	
812796420 : 	0	0	0	0	0	0	28	
813096640 : 	0	0	0	0	0	0	37	
813697420 : 	0	0	0	0	0	0	19	
814001548 : 	0	0	0	0	0	0	28	
815507664 : 	0	0	0	0	0	0	37	
815808820 : 	0	0	0	0	0	0	A	
816111080 : 	0	0	0	0	0	0	19	
817316896 : 	0	0	0	0	0	0	19	
817616172 : 	0	0	0	0	0	0	28	
818216784 : 	0	0	0	0	0	0	A	
818520828 : 	0	0	0	0	0	0	19	
818821048 : 	0	0	0	0	0	0	28	
819726724 : 	0	0	0	0	0	0	19	
820026180 : 	0	0	0	0	0	0	28	
820331072 : 	0	0	0	0	0	0	37	
820628744 : 	0	0	0	0	0	0	A	
821231988 : 	0	0	0	0	0	0	28	
821536204 : 	0	0	0	0	0	0	37	
821836940 : 	0	0	0	0	0	0	A	
822136904 : 	0	0	0	0	0	0	19	
822738188 : 	0	0	0	0	0	0	37	
823040280 : 	0	0	0	0	0	0	A	
824849596 : 	0	0	0	0	0	0	28	
825150580 : 	0	0	0	0	0	0	37	
825752636 : 	0	0	0	0	0	0	19	
826357064 : 	0	0	0	0	0	0	37	
826656432 : 	0	0	0	0	0	0	A	
827260188 : 	0	0	0	0	0	0	28	
827562280 : 	0	0	0	0	0	0	37	
827863348 : 	0	0	0	0	0	0	A	
828163740 : 	0	0	0	0	0	0	19	
829066524 : 	0	0	0	0	0	0	A	
829372444 : 	0	0	0	0	0	0	19	
829669768 : 	0	0	0	0	0	0	28	
830273352 : 	0	0	0	0	0	0	A	
830579100 : 	0	0	0	0	0	0	19	
830876512 : 	0	0	0	0	0	0	28	
831180644 : 	0	0	0	0	0	0	37	
831782360 : 	0	0	0	0	0	0	19	
832083428 : 	0	0	0	0	0	0	28	
832385944 : 	0	0	0	0	0	0	37	
832988176 : 	0	0	0	0	0	0	19	
833289748 : 	0	0	0	0	0	0	28	
833592604 : 	0	0	0	0	0	0	37	
833893164 : 	0	0	0	0	0	0	A	
834798244 : 	0	0	0	0	0	0	37	
835099992 : 	0	0	0	0	0	0	A	
835400728 : 	0	0	0	0	0	0	19	
835702984 : 	0	0	0	0	0	0	28	
837211052 : 	0	0	0	0	0	0	37	
837509240 : 	0	0	0	0	0	0	A	
837813024 : 	0	0	0	0	0	0	19	
838113500 : 	0	0	0	0	0	0	28	
838717168 : 	0	0	0	0	0	0	A	
839319140 : 	0	0	0	0	0	0	28	
839619272 : 	0	0	0	0	0	0	37	
839922556 : 	0	0	0	0	0	0	A	
841129980 : 	0	0	0	0	0	0	A	
841430708 : 	0	0	0	0	0	0	19	
841730504 : 	0	0	0	0	0	0	28	
842333328 : 	0	0	0	0	0	0	A	
843238744 : 	0	0	0	0	0	0	37	
843842588 : 	0	0	0	0	0	0	19	
844142640 : 	0	0	0	0	0	0	28	
844745112 : 	0	0	0	0	0	0	A	
845349296 : 	0	0	0	0	0	0	28	
845651808 : 	0	0	0	0	0	0	37	
845950160 : 	0	0	0	0	0	0	A	
846253948 : 	0	0	0	0	0	0	19	
846855328 : 	0	0	0	0	0	0	37	
847157420 : 	0	0	0	0	0	0	A	
847461288 : 	0	0	0	0	0	0	19	
847761600 : 	0	0	0	0	0	0	28	
848362372 : 	0	0	0	0	0	0	A	
849871292 : 	0	0	0	0	0	0	19	
850171344 : 	0	0	0	0	0	0	28	
850473688 : 	0	0	0	0	0	0	37	
850773908 : 	0	0	0	0	0	0	A	
851679668 : 	0	0	0	0	0	0	37	
851980144 : 	0	0	0	0	0	0	A	
852282320 : 	0	0	0	0	0	0	19	
852885568 : 	0	0	0	0	0	0	37	
853184084 : 	0	0	0	0	0	0	A	
854389816 : 	0	0	0	0	0	0	A	
854692068 : 	0	0	0	0	0	0	19	
854993060 : 	0	0	0	0	0	0	28	
855293868 : 	0	0	0	0	0	0	37	
856803128 : 	0	0	0	0	0	0	A	
857404760 : 	0	0	0	0	0	0	28	
858311284 : 	0	0	0	0	0	0	19	
858911044 : 	0	0	0	0	0	0	37	
859212028 : 	0	0	0	0	0	0	A	
860420644 : 	0	0	0	0	0	0	A	
860721716 : 	0	0	0	0	0	0	19	
861021084 : 	0	0	0	0	0	0	28	
861325128 : 	0	0	0	0	0	0	37	
861928464 : 	0	0	0	0	0	0	19	
862230040 : 	0	0	0	0	0	0	28	
862531708 : 	0	0	0	0	0	0	37	
862830820 : 	0	0	0	0	0	0	A	
863434920 : 	0	0	0	0	0	0	28	
864038668 : 	0	0	0	0	0	0	A	
864340844 : 	0	0	0	0	0	0	19	
864942560 : 	0	0	0	0	0	0	37	
865242948 : 	0	0	0	0	0	0	A	
865545384 : 	0	0	0	0	0	0	19	
866450800 : 	0	0	0	0	0	0	A	
866752556 : 	0	0	0	0	0	0	19	
867053532 : 	0	0	0	0	0	0	28	
867355112 : 	0	0	0	0	0	0	37	
867959292 : 	0	0	0	0	0	0	19	
868259944 : 	0	0	0	0	0	0	28	
868560752 : 	0	0	0	0	0	0	37	
868862000 : 	0	0	0	0	0	0	A	
869465324 : 	0	0	0	0	0	0	28	
870370408 : 	0	0	0	0	0	0	19	
870972628 : 	0	0	0	0	0	0	37	
871271148 : 	0	0	0	0	0	0	A	
871574940 : 	0	0	0	0	0	0	19	
871874056 : 	0	0	0	0	0	0	28	
872780924 : 	0	0	0	0	0	0	19	
873081140 : 	0	0	0	0	0	0	28	
873380940 : 	0	0	0	0	0	0	37	
873985708 : 	0	0	0	0	0	0	19	
874592100 : 	0	0	0	0	0	0	37	
874893000 : 	0	0	0	0	0	0	A	
875491824 : 	0	0	0	0	0	0	28	
875793404 : 	0	0	0	0	0	0	37	
877001932 : 	0	0	0	0	0	0	37	
877303428 : 	0	0	0	0	0	0	A	
877604160 : 	0	0	0	0	0	0	19	
877905144 : 	0	0	0	0	0	0	28	
878810564 : 	0	0	0	0	0	0	19	
879113080 : 	0	0	0	0	0	0	28	
879414236 : 	0	0	0	0	0	0	37	
880015528 : 	0	0	0	0	0	0	19	
880315744 : 	0	0	0	0	0	0	28	
881521552 : 	0	0	0	0	0	0	28	
881822964 : 	0	0	0	0	0	0	37	
882125308 : 	0	0	0	0	0	0	A	
883033116 : 	0	0	0	0	0	0	37	
883332480 : 	0	0	0	0	0	0	A	
883632020 : 	0	0	0	0	0	0	19	
883935304 : 	0	0	0	0	0	0	28	
885142468 : 	0	0	0	0	0	0	28	
885442608 : 	0	0	0	0	0	0	37	
886047208 : 	0	0	0	0	0	0	19	
886652152 : 	0	0	0	0	0	0	37	
887552140 : 	0	0	0	0	0	0	28	
887855668 : 	0	0	0	0	0	0	37	
888156568 : 	0	0	0	0	0	0	A	
888458488 : 	0	0	0	0	0	0	19	
889061648 : 	0	0	0	0	0	0	37	
889363576 : 	0	0	0	0	0	0	A	
889663108 : 	0	0	0	0	0	0	19	
889966048 : 	0	0	0	0	0	0	28	
890872488 : 	0	0	0	0	0	0	19	
891171864 : 	0	0	0	0	0	0	28	
891473696 : 	0	0	0	0	0	0	37	
892075748 : 	0	0	0	0	0	0	19	
892376648 : 	0	0	0	0	0	0	28	
892678400 : 	0	0	0	0	0	0	37	
893582544 : 	0	0	0	0	0	0	28	
893884632 : 	0	0	0	0	0	0	37	
894184172 : 	0	0	0	0	0	0	A	
894788864 : 	0	0	0	0	0	0	28	
895091972 : 	0	0	0	0	0	0	37	
895393724 : 	0	0	0	0	0	0	A	
895694456 : 	0	0	0	0	0	0	19	
895995184 : 	0	0	0	0	0	0	28	
896597492 : 	0	0	0	0	0	0	A	
897200060 : 	0	0	0	0	0	0	28	
897503848 : 	0	0	0	0	0	0	37	
898106160 : 	0	0	0	0	0	0	19	
898406720 : 	0	0	0	0	0	0	28	
898707108 : 	0	0	0	0	0	0	37	
899612104 : 	0	0	0	0	0	0	28	
899914448 : 	0	0	0	0	0	0	37	
900214500 : 	0	0	0	0	0	0	A	
900517356 : 	0	0	0	0	0	0	19	
901118388 : 	0	0	0	0	0	0	37	
901419800 : 	0	0	0	0	0	0	A	
902022788 : 	0	0	0	0	0	0	28	
902626288 : 	0	0	0	0	0	0	A	
902927020 : 	0	0	0	0	0	0	19	
903528648 : 	0	0	0	0	0	0	37	
904133000 : 	0	0	0	0	0	0	19	
904433388 : 	0	0	0	0	0	0	28	
904735988 : 	0	0	0	0	0	0	37	
905035792 : 	0	0	0	0	0	0	A	
905637840 : 	0	0	0	0	0	0	28	
906240660 : 	0	0	0	0	0	0	A	
906544532 : 	0	0	0	0	0	0	19	
907147608 : 	0	0	0	0	0	0	37	
907446044 : 	0	0	0	0	0	0	A	
908653300 : 	0	0	0	0	0	0	A	
908957260 : 	0	0	0	0	0	0	19	
909256288 : 	0	0	0	0	0	0	28	
909557876 : 	0	0	0	0	0	0	37	
910160688 : 	0	0	0	0	0	0	19	
910461332 : 	0	0	0	0	0	0	28	
910765216 : 	0	0	0	0	0	0	37	
911066364 : 	0	0	0	0	0	0	A	
912575708 : 	0	0	0	0	0	0	19	
913175892 : 	0	0	0	0	0	0	37	
913478152 : 	0	0	0	0	0	0	A	
914081228 : 	0	0	0	0	0	0	28	
914987328 : 	0	0	0	0	0	0	19	
915285848 : 	0	0	0	0	0	0	28	
916190420 : 	0	0	0	0	0	0	19	
916795364 : 	0	0	0	0	0	0	37	
917095504 : 	0	0	0	0	0	0	A	
917698748 : 	0	0	0	0	0	0	28	
917999984 : 	0	0	0	0	0	0	37	
920109344 : 	0	0	0	0	0	0	28	
920712340 : 	0	0	0	0	0	0	A	
921015952 : 	0	0	0	0	0	0	19	
921317872 : 	0	0	0	0	0	0	28	
921616732 : 	0	0	0	0	0	0	37	
922522068 : 	0	0	0	0	0	0	28	
922821524 : 	0	0	0	0	0	0	37	
923726604 : 	0	0	0	0	0	0	28	
924026740 : 	0	0	0	0	0	0	37	
925234928 : 	0	0	0	0	0	0	37	
925536344 : 	0	0	0	0	0	0	A	
925839620 : 	0	0	0	0	0	0	19	
926742488 : 	0	0	0	0	0	0	A	
927347348 : 	0	0	0	0	0	0	28	
927647400 : 	0	0	0	0	0	0	37	
929757100 : 	0	0	0	0	0	0	28	
930360088 : 	0	0	0	0	0	0	A	
930663624 : 	0	0	0	0	0	0	19	
931266360 : 	0	0	0	0	0	0	37	
931567600 : 	0	0	0	0	0	0	A	
931868328 : 	0	0	0	0	0	0	19	
932167872 : 	0	0	0	0	0	0	28	
933677300 : 	0	0	0	0	0	0	37	
934280968 : 	0	0	0	0	0	0	19	
934883960 : 	0	0	0	0	0	0	37	
935182732 : 	0	0	0	0	0	0	A	
935486780 : 	0	0	0	0	0	0	19	
936991532 : 	0	0	0	0	0	0	28	
937293624 : 	0	0	0	0	0	0	37	
937896868 : 	0	0	0	0	0	0	19	
938198620 : 	0	0	0	0	0	0	28	
938800256 : 	0	0	0	0	0	0	A	
939104124 : 	0	0	0	0	0	0	19	
939401452 : 	0	0	0	0	0	0	28	
939704732 : 	0	0	0	0	0	0	37	
940608880 : 	0	0	0	0	0	0	28	
941210932 : 	0	0	0	0	0	0	A	
941813844 : 	0	0	0	0	0	0	28	
942417764 : 	0	0	0	0	0	0	A	
942719096 : 	0	0	0	0	0	0	19	
943322080 : 	0	0	0	0	0	0	37	
943621788 : 	0	0	0	0	0	0	A	
943924560 : 	0	0	0	0	0	0	19	
944829044 : 	0	0	0	0	0	0	A	
945733188 : 	0	0	0	0	0	0	37	
946939084 : 	0	0	0	0	0	0	37	
947240492 : 	0	0	0	0	0	0	A	
947541648 : 	0	0	0	0	0	0	19	
947843400 : 	0	0	0	0	0	0	28	
948749584 : 	0	0	0	0	0	0	19	
949954460 : 	0	0	0	0	0	0	19	
950254768 : 	0	0	0	0	0	0	28	
950858520 : 	0	0	0	0	0	0	A	
951160268 : 	0	0	0	0	0	0	19	
951762408 : 	0	0	0	0	0	0	37	
952364972 : 	0	0	0	0	0	0	19	
952665704 : 	0	0	0	0	0	0	28	
954775488 : 	0	0	0	0	0	0	19	
955378824 : 	0	0	0	0	0	0	37	
955679720 : 	0	0	0	0	0	0	A	
955979428 : 	0	0	0	0	0	0	19	
956281772 : 	0	0	0	0	0	0	28	
956885276 : 	0	0	0	0	0	0	A	
958694160 : 	0	0	0	0	0	0	28	
958995740 : 	0	0	0	0	0	0	37	
959296044 : 	0	0	0	0	0	0	A	
960203164 : 	0	0	0	0	0	0	37	
960505084 : 	0	0	0	0	0	0	A	
960805388 : 	0	0	0	0	0	0	19	
961712340 : 	0	0	0	0	0	0	A	
962916788 : 	0	0	0	0	0	0	A	
964425800 : 	0	0	0	0	0	0	19	
964726268 : 	0	0	0	0	0	0	28	
965027168 : 	0	0	0	0	0	0	37	
965931740 : 	0	0	0	0	0	0	28	
966836904 : 	0	0	0	0	0	0	19	
967442452 : 	0	0	0	0	0	0	37	
968042032 : 	0	0	0	0	0	0	19	
968343784 : 	0	0	0	0	0	0	28	
968946180 : 	0	0	0	0	0	0	A	
969248692 : 	0	0	0	0	0	0	19	
969550528 : 	0	0	0	0	0	0	28	
969852448 : 	0	0	0	0	0	0	37	
970455780 : 	0	0	0	0	0	0	19	
970755744 : 	0	0	0	0	0	0	28	
971057408 : 	0	0	0	0	0	0	37	
971963848 : 	0	0	0	0	0	0	28	
972263728 : 	0	0	0	0	0	0	37	
972564120 : 	0	0	0	0	0	0	A	
972865188 : 	0	0	0	0	0	0	19	
974977780 : 	0	0	0	0	0	0	A	
975279196 : 	0	0	0	0	0	0	19	
975883708 : 	0	0	0	0	0	0	37	
976486952 : 	0	0	0	0	0	0	19	
976787344 : 	0	0	0	0	0	0	28	
977088752 : 	0	0	0	0	0	0	37	
977388380 : 	0	0	0	0	0	0	A	
978899340 : 	0	0	0	0	0	0	19	
979803740 : 	0	0	0	0	0	0	A	
980105744 : 	0	0	0	0	0	0	19	
980404772 : 	0	0	0	0	0	0	28	
981008868 : 	0	0	0	0	0	0	A	
982816480 : 	0	0	0	0	0	0	28	
983119504 : 	0	0	0	0	0	0	37	
983419640 : 	0	0	0	0	0	0	A	
984324804 : 	0	0	0	0	0	0	37	
984624684 : 	0	0	0	0	0	0	A	
984927376 : 	0	0	0	0	0	0	19	
985530360 : 	0	0	0	0	0	0	37	
986134200 : 	0	0	0	0	0	0	19	
987035624 : 	0	0	0	0	0	0	A	
987338224 : 	0	0	0	0	0	0	19	
987640228 : 	0	0	0	0	0	0	28	
988545480 : 	0	0	0	0	0	0	19	
988844932 : 	0	0	0	0	0	0	28	
989148128 : 	0	0	0	0	0	0	37	
989449792 : 	0	0	0	0	0	0	A	
990355300 : 	0	0	0	0	0	0	37	
990655180 : 	0	0	0	0	0	0	A	
990957012 : 	0	0	0	0	0	0	19	
991557452 : 	0	0	0	0	0	0	37	
991860396 : 	0	0	0	0	0	0	A	
992161464 : 	0	0	0	0	0	0	19	
992464064 : 	0	0	0	0	0	0	28	
993065692 : 	0	0	0	0	0	0	A	
993368292 : 	0	0	0	0	0	0	19	
993670128 : 	0	0	0	0	0	0	28	
993971376 : 	0	0	0	0	0	0	37	
994577248 : 	0	0	0	0	0	0	19	
995177264 : 	0	0	0	0	0	0	37	
995477740 : 	0	0	0	0	0	0	A	
996081240 : 	0	0	0	0	0	0	28	
996685080 : 	0	0	0	0	0	0	A	
996985044 : 	0	0	0	0	0	0	19	
997589144 : 	0	0	0	0	0	0	37	
997890720 : 	0	0	0	0	0	0	A	
998190856 : 	0	0	0	0	0	0	19	
999396500 : 	0	0	0	0	0	0	19	
999696288 : 	0	0	0	0	0	0	28	
999999400 : 	0	0	0	0	0	0	37	
1000600608 : 	0	0	0	0	0	0	19	
1000901248 : 	0	0	0	0	0	0	28	
1002108504 : 	0	0	0	0	0	0	28	
1002408128 : 	0	0	0	0	0	0	37	
1002707840 : 	0	0	0	0	0	0	A	
1003011968 : 	0	0	0	0	0	0	19	
1003618448 : 	0	0	0	0	0	0	37	
1003919768 : 	0	0	0	0	0	0	A	
1004218712 : 	0	0	0	0	0	0	19	
1004519448 : 	0	0	0	0	0	0	28	
1005122264 : 	0	0	0	0	0	0	A	
1005727124 : 	0	0	0	0	0	0	28	
1006026068 : 	0	0	0	0	0	0	37	
1006629740 : 	0	0	0	0	0	0	19	
1008139344 : 	0	0	0	0	0	0	28	
1008439312 : 	0	0	0	0	0	0	37	
1008740628 : 	0	0	0	0	0	0	A	
1009042804 : 	0	0	0	0	0	0	19	
1009945764 : 	0	0	0	0	0	0	A	
1010247856 : 	0	0	0	0	0	0	19	
1010548924 : 	0	0	0	0	0	0	28	
1011151916 : 	0	0	0	0	0	0	A	
1012057500 : 	0	0	0	0	0	0	37	
1012356700 : 	0	0	0	0	0	0	A	
1012657768 : 	0	0	0	0	0	0	19	
1012958412 : 	0	0	0	0	0	0	28	
1013261780 : 	0	0	0	0	0	0	37	
1014168220 : 	0	0	0	0	0	0	28	
1014468784 : 	0	0	0	0	0	0	37	
1014769340 : 	0	0	0	0	0	0	A	
1015071428 : 	0	0	0	0	0	0	19	
1016280044 : 	0	0	0	0	0	0	19	
1016578308 : 	0	0	0	0	0	0	28	
1017179516 : 	0	0	0	0	0	0	A	
1017482624 : 	0	0	0	0	0	0	19	
1017783864 : 	0	0	0	0	0	0	28	
1018088928 : 	0	0	0	0	0	0	37	
1018690132 : 	0	0	0	0	0	0	19	
1018992396 : 	0	0	0	0	0	0	28	
1020798900 : 	0	0	0	0	0	0	A	
1021100648 : 	0	0	0	0	0	0	19	
1021703128 : 	0	0	0	0	0	0	37	
1022004708 : 	0	0	0	0	0	0	A	
1022310368 : 	0	0	0	0	0	0	19	
1022609060 : 	0	0	0	0	0	0	28	
1023212388 : 	0	0	0	0	0	0	A	
1024119084 : 	0	0	0	0	0	0	37	
1024720040 : 	0	0	0	0	0	0	19	
1025022128 : 	0	0	0	0	0	0	28	
1025323960 : 	0	0	0	0	0	0	37	
1025624860 : 	0	0	0	0	0	0	A	
1026528580 : 	0	0	0	0	0	0	37	
1026830160 : 	0	0	0	0	0	0	A	
1027132928 : 	0	0	0	0	0	0	19	
1027735408 : 	0	0	0	0	0	0	37	
1028339504 : 	0	0	0	0	0	0	19	
1028639724 : 	0	0	0	0	0	0	28	
1029241956 : 	0	0	0	0	0	0	A	
1029542340 : 	0	0	0	0	0	0	19	
1029843664 : 	0	0	0	0	0	0	28	
1030751124 : 	0	0	0	0	0	0	19	
1031048880 : 	0	0	0	0	0	0	28	
1031352336 : 	0	0	0	0	0	0	37	
1031653488 : 	0	0	0	0	0	0	A	
1031954044 : 	0	0	0	0	0	0	19	
1032255708 : 	0	0	0	0	0	0	28	
1033160960 : 	0	0	0	0	0	0	19	
1033762420 : 	0	0	0	0	0	0	37	
1034065104 : 	0	0	0	0	0	0	A	
1034666564 : 	0	0	0	0	0	0	28	
1034969332 : 	0	0	0	0	0	0	37	
1035272188 : 	0	0	0	0	0	0	A	
1035573004 : 	0	0	0	0	0	0	19	
1037381972 : 	0	0	0	0	0	0	37	
1037681004 : 	0	0	0	0	0	0	A	
1038282124 : 	0	0	0	0	0	0	28	
1038885708 : 	0	0	0	0	0	0	A	
1039187124 : 	0	0	0	0	0	0	19	
1039790448 : 	0	0	0	0	0	0	37	
1040090752 : 	0	0	0	0	0	0	A	
1040392588 : 	0	0	0	0	0	0	19	
1041297244 : 	0	0	0	0	0	0	A	
1041599680 : 	0	0	0	0	0	0	19	
1041901684 : 	0	0	0	0	0	0	28	
1042201132 : 	0	0	0	0	0	0	37	
1042805400 : 	0	0	0	0	0	0	19	
1043407368 : 	0	0	0	0	0	0	37	
1044313640 : 	0	0	0	0	0	0	28	
1045517664 : 	0	0	0	0	0	0	28	
1047325276 : 	0	0	0	0	0	0	A	
1047628552 : 	0	0	0	0	0	0	19	
1047928772 : 	0	0	0	0	0	0	28	
1048231372 : 	0	0	0	0	0	0	37	
1048833516 : 	0	0	0	0	0	0	19	
1049437608 : 	0	0	0	0	0	0	37	
1049737912 : 	0	0	0	0	0	0	A	
1050339032 : 	0	0	0	0	0	0	28	
1050641972 : 	0	0	0	0	0	0	37	
1050941260 : 	0	0	0	0	0	0	A	
1051246152 : 	0	0	0	0	0	0	19	
1051849316 : 	0	0	0	0	0	0	37	
1052147492 : 	0	0	0	0	0	0	A	
1052451796 : 	0	0	0	0	0	0	19	
1052754392 : 	0	0	0	0	0	0	28	
1053658452 : 	0	0	0	0	0	0	19	
1054864008 : 	0	0	0	0	0	0	19	
1055163720 : 	0	0	0	0	0	0	28	
1055463940 : 	0	0	0	0	0	0	37	
1055763396 : 	0	0	0	0	0	0	A	
1056366556 : 	0	0	0	0	0	0	28	
1057274440 : 	0	0	0	0	0	0	19	
1058477868 : 	0	0	0	0	0	0	19	
1058778344 : 	0	0	0	0	0	0	28	
1059683596 : 	0	0	0	0	0	0	19	
1059983984 : 	0	0	0	0	0	0	28	
1060286328 : 	0	0	0	0	0	0	37	
1060890340 : 	0	0	0	0	0	0	19	
1061188604 : 	0	0	0	0	0	0	28	
1061794916 : 	0	0	0	0	0	0	A	
1062398832 : 	0	0	0	0	0	0	28	
1062998932 : 	0	0	0	0	0	0	A	
1063300344 : 	0	0	0	0	0	0	19	
1063905120 : 	0	0	0	0	0	0	37	
1064204912 : 	0	0	0	0	0	0	A	
1064505984 : 	0	0	0	0	0	0	19	
1064806800 : 	0	0	0	0	0	0	28	
1065712820 : 	0	0	0	0	0	0	19	
1066014392 : 	0	0	0	0	0	0	28	
1066616788 : 	0	0	0	0	0	0	A	
1066918968 : 	0	0	0	0	0	0	19	
1068727344 : 	0	0	0	0	0	0	37	
1069031384 : 	0	0	0	0	0	0	A	
1071140320 : 	0	0	0	0	0	0	37	
1071441472 : 	0	0	0	0	0	0	A	
1071744080 : 	0	0	0	0	0	0	19	
1072045316 : 	0	0	0	0	0	0	28	
1072346044 : 	0	0	0	0	0	0	37	
1072949544 : 	0	0	0	0	0	0	19	
1073251384 : 	0	0	0	0	0	0	28	
1073551768 : 	0	0	0	0	0	0	37	
1073854544 : 	0	0	0	0	0	0	A	
1075361760 : 	0	0	0	0	0	0	19	
1075964076 : 	0	0	0	0	0	0	37	
1076266924 : 	0	0	0	0	0	0	A	
1076567232 : 	0	0	0	0	0	0	19	
1077470948 : 	0	0	0	0	0	0	A	
1077771932 : 	0	0	0	0	0	0	19	
1078980548 : 	0	0	0	0	0	0	19	
1080786288 : 	0	0	0	0	0	0	37	
1081085912 : 	0	0	0	0	0	0	A	
1081386056 : 	0	0	0	0	0	0	19	
1081988444 : 	0	0	0	0	0	0	37	
1082289180 : 	0	0	0	0	0	0	A	
1082592540 : 	0	0	0	0	0	0	19	
1082892340 : 	0	0	0	0	0	0	28	
1083799880 : 	0	0	0	0	0	0	19	
1084098660 : 	0	0	0	0	0	0	28	
1084400664 : 	0	0	0	0	0	0	37	
1085605448 : 	0	0	0	0	0	0	37	
1085906772 : 	0	0	0	0	0	0	A	
1086811428 : 	0	0	0	0	0	0	37	
1087112668 : 	0	0	0	0	0	0	A	
1088619972 : 	0	0	0	0	0	0	19	
1089523352 : 	0	0	0	0	0	0	A	
1090130168 : 	0	0	0	0	0	0	28	
1090729336 : 	0	0	0	0	0	0	A	
1091031848 : 	0	0	0	0	0	0	19	
1091332920 : 	0	0	0	0	0	0	28	
1092540684 : 	0	0	0	0	0	0	28	
1094047564 : 	0	0	0	0	0	0	37	
1094648768 : 	0	0	0	0	0	0	19	
1095553340 : 	0	0	0	0	0	0	A	
1096155480 : 	0	0	0	0	0	0	28	
1096459100 : 	0	0	0	0	0	0	37	
1097060304 : 	0	0	0	0	0	0	19	
1097664312 : 	0	0	0	0	0	0	37	
1098568804 : 	0	0	0	0	0	0	28	
1098869360 : 	0	0	0	0	0	0	37	
1099170004 : 	0	0	0	0	0	0	A	
1099474304 : 	0	0	0	0	0	0	19	
1100075508 : 	0	0	0	0	0	0	37	
1100681560 : 	0	0	0	0	0	0	19	
1100980164 : 	0	0	0	0	0	0	28	
1101280808 : 	0	0	0	0	0	0	37	
1101883884 : 	0	0	0	0	0	0	19	
1102489000 : 	0	0	0	0	0	0	37	
1103091564 : 	0	0	0	0	0	0	19	
1103391272 : 	0	0	0	0	0	0	28	
1103694468 : 	0	0	0	0	0	0	37	
1103993328 : 	0	0	0	0	0	0	A	
1104601168 : 	0	0	0	0	0	0	28	
1104902404 : 	0	0	0	0	0	0	37	
1105503440 : 	0	0	0	0	0	0	19	
1106410476 : 	0	0	0	0	0	0	A	
1107011340 : 	0	0	0	0	0	0	28	
1107612372 : 	0	0	0	0	0	0	A	
1107914896 : 	0	0	0	0	0	0	19	
1108214768 : 	0	0	0	0	0	0	28	
1109121292 : 	0	0	0	0	0	0	19	
1109422620 : 	0	0	0	0	0	0	28	
1109724112 : 	0	0	0	0	0	0	37	
1110024672 : 	0	0	0	0	0	0	A	
1111831520 : 	0	0	0	0	0	0	28	
1112135648 : 	0	0	0	0	0	0	37	
1112435700 : 	0	0	0	0	0	0	A	
1112736088 : 	0	0	0	0	0	0	19	
1113035888 : 	0	0	0	0	0	0	28	
1114545484 : 	0	0	0	0	0	0	37	
1115450564 : 	0	0	0	0	0	0	28	
1115752400 : 	0	0	0	0	0	0	37	
1116052108 : 	0	0	0	0	0	0	A	
1116656720 : 	0	0	0	0	0	0	28	
1116956684 : 	0	0	0	0	0	0	37	
1117561452 : 	0	0	0	0	0	0	19	
1118163004 : 	0	0	0	0	0	0	37	
1118465428 : 	0	0	0	0	0	0	A	
1118768204 : 	0	0	0	0	0	0	19	
1119674044 : 	0	0	0	0	0	0	A	
1119975368 : 	0	0	0	0	0	0	19	
1120275508 : 	0	0	0	0	0	0	28	
1120576320 : 	0	0	0	0	0	0	37	
1120875008 : 	0	0	0	0	0	0	A	
1121482504 : 	0	0	0	0	0	0	28	
1121782980 : 	0	0	0	0	0	0	37	
1122685848 : 	0	0	0	0	0	0	28	
1123286544 : 	0	0	0	0	0	0	A	
1123591440 : 	0	0	0	0	0	0	19	
1124195620 : 	0	0	0	0	0	0	37	
1124496604 : 	0	0	0	0	0	0	A	
1124797596 : 	0	0	0	0	0	0	19	
1125097128 : 	0	0	0	0	0	0	28	
1125702500 : 	0	0	0	0	0	0	A	
1126003744 : 	0	0	0	0	0	0	19	
1126607068 : 	0	0	0	0	0	0	37	
1127208952 : 	0	0	0	0	0	0	19	
1127814068 : 	0	0	0	0	0	0	37	
1128113780 : 	0	0	0	0	0	0	A	
1128713112 : 	0	0	0	0	0	0	28	
1129017244 : 	0	0	0	0	0	0	37	
1129317888 : 	0	0	0	0	0	0	A	
1130523104 : 	0	0	0	0	0	0	A	
1131729088 : 	0	0	0	0	0	0	A	
1132029900 : 	0	0	0	0	0	0	19	
1132330460 : 	0	0	0	0	0	0	28	
1132633908 : 	0	0	0	0	0	0	37	
1132934640 : 	0	0	0	0	0	0	A	
1133235288 : 	0	0	0	0	0	0	19	
1133536184 : 	0	0	0	0	0	0	28	
1133838700 : 	0	0	0	0	0	0	37	
1135044508 : 	0	0	0	0	0	0	37	
1135646648 : 	0	0	0	0	0	0	19	
1136248704 : 	0	0	0	0	0	0	37	
1136853564 : 	0	0	0	0	0	0	19	
1137156168 : 	0	0	0	0	0	0	28	
1137756860 : 	0	0	0	0	0	0	A	
1138058608 : 	0	0	0	0	0	0	19	
1138357980 : 	0	0	0	0	0	0	28	
1139866304 : 	0	0	0	0	0	0	37	
1140167460 : 	0	0	0	0	0	0	A	
1140467340 : 	0	0	0	0	0	0	19	
1140769172 : 	0	0	0	0	0	0	28	
1141070500 : 	0	0	0	0	0	0	37	
1141674932 : 	0	0	0	0	0	0	19	
1142277924 : 	0	0	0	0	0	0	37	
1142576196 : 	0	0	0	0	0	0	A	
1142879212 : 	0	0	0	0	0	0	19	
1144088168 : 	0	0	0	0	0	0	19	
1144386860 : 	0	0	0	0	0	0	28	
1144689968 : 	0	0	0	0	0	0	37	
1145290152 : 	0	0	0	0	0	0	19	
1145896124 : 	0	0	0	0	0	0	37	
1146197784 : 	0	0	0	0	0	0	A	
1146798396 : 	0	0	0	0	0	0	28	
1147099548 : 	0	0	0	0	0	0	37	
1147399088 : 	0	0	0	0	0	0	A	
1148304516 : 	0	0	0	0	0	0	37	
1148906988 : 	0	0	0	0	0	0	19	
1149207888 : 	0	0	0	0	0	0	28	
1149809944 : 	0	0	0	0	0	0	A	
1150717744 : 	0	0	0	0	0	0	37	
1151319124 : 	0	0	0	0	0	0	19	
1151620444 : 	0	0	0	0	0	0	28	
1153128604 : 	0	0	0	0	0	0	37	
1153431368 : 	0	0	0	0	0	0	A	
1153731928 : 	0	0	0	0	0	0	19	
1154937740 : 	0	0	0	0	0	0	19	
1155237028 : 	0	0	0	0	0	0	28	
1155840524 : 	0	0	0	0	0	0	A	
1157350380 : 	0	0	0	0	0	0	19	
1157648900 : 	0	0	0	0	0	0	28	
1157951244 : 	0	0	0	0	0	0	37	
1158252660 : 	0	0	0	0	0	0	A	
1159158412 : 	0	0	0	0	0	0	37	
1159458380 : 	0	0	0	0	0	0	A	
1159760468 : 	0	0	0	0	0	0	19	
1161870680 : 	0	0	0	0	0	0	A	
1162172436 : 	0	0	0	0	0	0	19	
1162772536 : 	0	0	0	0	0	0	37	
1163379176 : 	0	0	0	0	0	0	19	
1163680500 : 	0	0	0	0	0	0	28	
1163981144 : 	0	0	0	0	0	0	37	
1165186952 : 	0	0	0	0	0	0	37	
1165789604 : 	0	0	0	0	0	0	19	
1166391912 : 	0	0	0	0	0	0	37	
1166692396 : 	0	0	0	0	0	0	A	
1167297248 : 	0	0	0	0	0	0	28	
1167901088 : 	0	0	0	0	0	0	A	
1168503400 : 	0	0	0	0	0	0	28	
1168804900 : 	0	0	0	0	0	0	37	
1169711080 : 	0	0	0	0	0	0	28	
1170010448 : 	0	0	0	0	0	0	37	
1170311008 : 	0	0	0	0	0	0	A	
1173929884 : 	0	0	0	0	0	0	A	
1174231972 : 	0	0	0	0	0	0	19	
1174533220 : 	0	0	0	0	0	0	28	
1175736480 : 	0	0	0	0	0	0	28	
1176340824 : 	0	0	0	0	0	0	A	
1177246244 : 	0	0	0	0	0	0	37	
1177546380 : 	0	0	0	0	0	0	A	
1177849064 : 	0	0	0	0	0	0	19	
1178451460 : 	0	0	0	0	0	0	37	
1179052324 : 	0	0	0	0	0	0	19	
1179355184 : 	0	0	0	0	0	0	28	
1179956212 : 	0	0	0	0	0	0	A	
1180260856 : 	0	0	0	0	0	0	19	
1180562180 : 	0	0	0	0	0	0	28	
1181466580 : 	0	0	0	0	0	0	19	
1182070504 : 	0	0	0	0	0	0	37	
1182370724 : 	0	0	0	0	0	0	A	
1182971760 : 	0	0	0	0	0	0	28	
1183575428 : 	0	0	0	0	0	0	A	
1183875480 : 	0	0	0	0	0	0	19	
1184482384 : 	0	0	0	0	0	0	37	
1184781832 : 	0	0	0	0	0	0	A	
1185083072 : 	0	0	0	0	0	0	19	
1185684624 : 	0	0	0	0	0	0	37	
1185986540 : 	0	0	0	0	0	0	A	
1186590292 : 	0	0	0	0	0	0	28	
1186891880 : 	0	0	0	0	0	0	37	
1187192180 : 	0	0	0	0	0	0	A	
1187496392 : 	0	0	0	0	0	0	19	
1187796444 : 	0	0	0	0	0	0	28	
1188399092 : 	0	0	0	0	0	0	A	
1189003528 : 	0	0	0	0	0	0	28	
1189305788 : 	0	0	0	0	0	0	37	
1189606772 : 	0	0	0	0	0	0	A	
1189908352 : 	0	0	0	0	0	0	19	
1190511088 : 	0	0	0	0	0	0	37	
1190813264 : 	0	0	0	0	0	0	A	
1191113144 : 	0	0	0	0	0	0	19	
1191416084 : 	0	0	0	0	0	0	28	
1192018732 : 	0	0	0	0	0	0	A	
1193526208 : 	0	0	0	0	0	0	19	
1193827280 : 	0	0	0	0	0	0	28	
1194127840 : 	0	0	0	0	0	0	37	
1195033344 : 	0	0	0	0	0	0	28	
1195335944 : 	0	0	0	0	0	0	37	
1195939272 : 	0	0	0	0	0	0	19	
1196839932 : 	0	0	0	0	0	0	A	
1198046848 : 	0	0	0	0	0	0	A	
1198348684 : 	0	0	0	0	0	0	19	
1198648140 : 	0	0	0	0	0	0	28	
1198950576 : 	0	0	0	0	0	0	37	
1199554492 : 	0	0	0	0	0	0	19	
1199854800 : 	0	0	0	0	0	0	28	
1200157744 : 	0	0	0	0	0	0	37	
1200458044 : 	0	0	0	0	0	0	A	
1202569280 : 	0	0	0	0	0	0	37	
1203472488 : 	0	0	0	0	0	0	28	
1204074200 : 	0	0	0	0	0	0	A	
1204376884 : 	0	0	0	0	0	0	19	
1204679568 : 	0	0	0	0	0	0	28	
1204980468 : 	0	0	0	0	0	0	37	
1207088808 : 	0	0	0	0	0	0	28	
1208894040 : 	0	0	0	0	0	0	A	
1209197748 : 	0	0	0	0	0	0	19	
1209497628 : 	0	0	0	0	0	0	28	
1210100700 : 	0	0	0	0	0	0	A	
1210400068 : 	0	0	0	0	0	0	19	
1211609536 : 	0	0	0	0	0	0	19	
1211909752 : 	0	0	0	0	0	0	28	
1213115140 : 	0	0	0	0	0	0	28	
1213418248 : 	0	0	0	0	0	0	37	
1213718044 : 	0	0	0	0	0	0	A	
1214018520 : 	0	0	0	0	0	0	19	
1214621592 : 	0	0	0	0	0	0	37	
1215525400 : 	0	0	0	0	0	0	28	
1216129160 : 	0	0	0	0	0	0	A	
1216429124 : 	0	0	0	0	0	0	19	
1217635360 : 	0	0	0	0	0	0	19	
1217936764 : 	0	0	0	0	0	0	28	
1218238004 : 	0	0	0	0	0	0	37	
1218539160 : 	0	0	0	0	0	0	A	
1219141468 : 	0	0	0	0	0	0	28	
1219747864 : 	0	0	0	0	0	0	A	
1220049956 : 	0	0	0	0	0	0	19	
1220350592 : 	0	0	0	0	0	0	28	
1220650644 : 	0	0	0	0	0	0	37	
1221253720 : 	0	0	0	0	0	0	19	
1222459104 : 	0	0	0	0	0	0	19	
1222759240 : 	0	0	0	0	0	0	28	
1223060904 : 	0	0	0	0	0	0	37	
1224269604 : 	0	0	0	0	0	0	37	
1224569228 : 	0	0	0	0	0	0	A	
1225474392 : 	0	0	0	0	0	0	37	
1226079424 : 	0	0	0	0	0	0	19	
1226679268 : 	0	0	0	0	0	0	37	
1226982124 : 	0	0	0	0	0	0	A	
1227584092 : 	0	0	0	0	0	0	28	
1228188360 : 	0	0	0	0	0	0	A	
1228490880 : 	0	0	0	0	0	0	19	
1228789392 : 	0	0	0	0	0	0	28	
1229091652 : 	0	0	0	0	0	0	37	
1230300780 : 	0	0	0	0	0	0	37	
1230599128 : 	0	0	0	0	0	0	A	
1231201780 : 	0	0	0	0	0	0	28	
1231504124 : 	0	0	0	0	0	0	37	
1232110260 : 	0	0	0	0	0	0	19	
1232711124 : 	0	0	0	0	0	0	37	
1233612380 : 	0	0	0	0	0	0	28	
1234216644 : 	0	0	0	0	0	0	A	
1234519328 : 	0	0	0	0	0	0	19	
1234819464 : 	0	0	0	0	0	0	28	
1235120024 : 	0	0	0	0	0	0	37	
1235723780 : 	0	0	0	0	0	0	19	
1236330340 : 	0	0	0	0	0	0	37	
1236631832 : 	0	0	0	0	0	0	A	
1237230404 : 	0	0	0	0	0	0	28	
1237535300 : 	0	0	0	0	0	0	37	
1237835864 : 	0	0	0	0	0	0	A	
1238135228 : 	0	0	0	0	0	0	19	
1238739492 : 	0	0	0	0	0	0	37	
1239040480 : 	0	0	0	0	0	0	A	
1239345460 : 	0	0	0	0	0	0	19	
1239643808 : 	0	0	0	0	0	0	28	
1241755636 : 	0	0	0	0	0	0	19	
1242055860 : 	0	0	0	0	0	0	28	
1243261664 : 	0	0	0	0	0	0	28	
1243562480 : 	0	0	0	0	0	0	37	
1243862784 : 	0	0	0	0	0	0	A	
1244165808 : 	0	0	0	0	0	0	19	
1244769988 : 	0	0	0	0	0	0	37	
1245071488 : 	0	0	0	0	0	0	A	
1245371364 : 	0	0	0	0	0	0	19	
1246274828 : 	0	0	0	0	0	0	A	
1247181268 : 	0	0	0	0	0	0	37	
1247480808 : 	0	0	0	0	0	0	A	
1247784428 : 	0	0	0	0	0	0	19	
1248084480 : 	0	0	0	0	0	0	28	
1248386316 : 	0	0	0	0	0	0	37	
1248687044 : 	0	0	0	0	0	0	A	
1249293096 : 	0	0	0	0	0	0	28	
1249593312 : 	0	0	0	0	0	0	37	
1249892768 : 	0	0	0	0	0	0	A	
1250197324 : 	0	0	0	0	0	0	19	
1251099940 : 	0	0	0	0	0	0	A	
1251404152 : 	0	0	0	0	0	0	19	
1251701916 : 	0	0	0	0	0	0	28	
1252307116 : 	0	0	0	0	0	0	A	
1253210488 : 	0	0	0	0	0	0	37	
1254113952 : 	0	0	0	0	0	0	28	
1254416476 : 	0	0	0	0	0	0	37	
1254717112 : 	0	0	0	0	0	0	A	
1255622532 : 	0	0	0	0	0	0	37	
1255923520 : 	0	0	0	0	0	0	A	
1256225356 : 	0	0	0	0	0	0	19	
1257731640 : 	0	0	0	0	0	0	28	
1258032880 : 	0	0	0	0	0	0	37	
1258635188 : 	0	0	0	0	0	0	19	
1258936172 : 	0	0	0	0	0	0	28	
1259842360 : 	0	0	0	0	0	0	19	
1260143004 : 	0	0	0	0	0	0	28	
1260447132 : 	0	0	0	0	0	0	37	
1260745484 : 	0	0	0	0	0	0	A	
1262859180 : 	0	0	0	0	0	0	37	
1263458940 : 	0	0	0	0	0	0	19	
1264366144 : 	0	0	0	0	0	0	A	
1264667468 : 	0	0	0	0	0	0	19	
1265874640 : 	0	0	0	0	0	0	19	
1266173924 : 	0	0	0	0	0	0	28	
1266474652 : 	0	0	0	0	0	0	37	
1267378800 : 	0	0	0	0	0	0	28	
1267983572 : 	0	0	0	0	0	0	A	
1268284388 : 	0	0	0	0	0	0	19	
1268887464 : 	0	0	0	0	0	0	37	
1269793308 : 	0	0	0	0	0	0	28	
1270394600 : 	0	0	0	0	0	0	A	
1270697624 : 	0	0	0	0	0	0	19	
1270996064 : 	0	0	0	0	0	0	28	
1271300868 : 	0	0	0	0	0	0	37	
1271903520 : 	0	0	0	0	0	0	19	
1272204844 : 	0	0	0	0	0	0	28	
1272506592 : 	0	0	0	0	0	0	37	
1272807920 : 	0	0	0	0	0	0	A	
1273711552 : 	0	0	0	0	0	0	37	
1274315564 : 	0	0	0	0	0	0	19	
1275216308 : 	0	0	0	0	0	0	A	
1275820320 : 	0	0	0	0	0	0	28	
1276424584 : 	0	0	0	0	0	0	A	
1276727444 : 	0	0	0	0	0	0	19	
1277027408 : 	0	0	0	0	0	0	28	
1277328564 : 	0	0	0	0	0	0	37	
1277932484 : 	0	0	0	0	0	0	19	
1278534284 : 	0	0	0	0	0	0	37	
1279738648 : 	0	0	0	0	0	0	37	
1280342320 : 	0	0	0	0	0	0	19	
1280944544 : 	0	0	0	0	0	0	37	
1281248080 : 	0	0	0	0	0	0	A	
1281549576 : 	0	0	0	0	0	0	19	
1281849376 : 	0	0	0	0	0	0	28	
1282452868 : 	0	0	0	0	0	0	A	
1283359308 : 	0	0	0	0	0	0	37	
1283959324 : 	0	0	0	0	0	0	19	
1284261328 : 	0	0	0	0	0	0	28	
1284561208 : 	0	0	0	0	0	0	37	
1284861940 : 	0	0	0	0	0	0	A	
1285466208 : 	0	0	0	0	0	0	28	
1285770256 : 	0	0	0	0	0	0	37	
1286070724 : 	0	0	0	0	0	0	A	
1287575904 : 	0	0	0	0	0	0	19	
1287877228 : 	0	0	0	0	0	0	28	
1288780692 : 	0	0	0	0	0	0	19	
1289080572 : 	0	0	0	0	0	0	28	
1289384536 : 	0	0	0	0	0	0	37	
1289988544 : 	0	0	0	0	0	0	19	
1290288176 : 	0	0	0	0	0	0	28	
1291494064 : 	0	0	0	0	0	0	28	
1291796324 : 	0	0	0	0	0	0	37	
1293000180 : 	0	0	0	0	0	0	37	
1293300228 : 	0	0	0	0	0	0	A	
1293603764 : 	0	0	0	0	0	0	19	
1293904832 : 	0	0	0	0	0	0	28	
1294507824 : 	0	0	0	0	0	0	A	
1294810084 : 	0	0	0	0	0	0	19	
1295110900 : 	0	0	0	0	0	0	28	
1296314244 : 	0	0	0	0	0	0	28	
1297821724 : 	0	0	0	0	0	0	37	
1298121428 : 	0	0	0	0	0	0	A	
1298425132 : 	0	0	0	0	0	0	19	
1299028888 : 	0	0	0	0	0	0	37	
1299629328 : 	0	0	0	0	0	0	19	
1301739792 : 	0	0	0	0	0	0	A	
1302044008 : 	0	0	0	0	0	0	19	
1302342528 : 	0	0	0	0	0	0	28	
1302645212 : 	0	0	0	0	0	0	37	
1303549868 : 	0	0	0	0	0	0	28	
1304456316 : 	0	0	0	0	0	0	19	
1306264004 : 	0	0	0	0	0	0	37	
1306562780 : 	0	0	0	0	0	0	A	
1306863508 : 	0	0	0	0	0	0	19	
1307166280 : 	0	0	0	0	0	0	28	
1307466928 : 	0	0	0	0	0	0	37	
1308070764 : 	0	0	0	0	0	0	19	
1308371836 : 	0	0	0	0	0	0	28	
1308671628 : 	0	0	0	0	0	0	37	
1310182080 : 	0	0	0	0	0	0	A	
1311084100 : 	0	0	0	0	0	0	37	
1311386188 : 	0	0	0	0	0	0	A	
1312894344 : 	0	0	0	0	0	0	19	
1313195584 : 	0	0	0	0	0	0	28	
1313497256 : 	0	0	0	0	0	0	37	
1314100748 : 	0	0	0	0	0	0	19	
1314400968 : 	0	0	0	0	0	0	28	
1314703992 : 	0	0	0	0	0	0	37	
1315005148 : 	0	0	0	0	0	0	A	
1315604400 : 	0	0	0	0	0	0	28	
1315907768 : 	0	0	0	0	0	0	37	
1316511864 : 	0	0	0	0	0	0	19	
1317115024 : 	0	0	0	0	0	0	37	
1317418136 : 	0	0	0	0	0	0	A	
1317716224 : 	0	0	0	0	0	0	19	
1318017292 : 	0	0	0	0	0	0	28	
1318621812 : 	0	0	0	0	0	0	A	
1318922628 : 	0	0	0	0	0	0	19	
1319222000 : 	0	0	0	0	0	0	28	
1319525704 : 	0	0	0	0	0	0	37	
1320127164 : 	0	0	0	0	0	0	19	
1320428488 : 	0	0	0	0	0	0	28	
1321632344 : 	0	0	0	0	0	0	28	
1321934864 : 	0	0	0	0	0	0	37	
1322236020 : 	0	0	0	0	0	0	A	
1322537848 : 	0	0	0	0	0	0	19	
1323141092 : 	0	0	0	0	0	0	37	
1323743240 : 	0	0	0	0	0	0	19	
1324043792 : 	0	0	0	0	0	0	28	
1324647556 : 	0	0	0	0	0	0	A	
1325553480 : 	0	0	0	0	0	0	37	
1326155108 : 	0	0	0	0	0	0	19	
1326457116 : 	0	0	0	0	0	0	28	
1326759372 : 	0	0	0	0	0	0	37	
1327059168 : 	0	0	0	0	0	0	A	
1327363044 : 	0	0	0	0	0	0	19	
1327664708 : 	0	0	0	0	0	0	28	
1327965780 : 	0	0	0	0	0	0	37	
1328267020 : 	0	0	0	0	0	0	A	
1328569788 : 	0	0	0	0	0	0	19	
1329473508 : 	0	0	0	0	0	0	A	
1330676776 : 	0	0	0	0	0	0	A	
1330978348 : 	0	0	0	0	0	0	19	
1331280440 : 	0	0	0	0	0	0	28	
1332186120 : 	0	0	0	0	0	0	19	
1332486080 : 	0	0	0	0	0	0	28	
1332787828 : 	0	0	0	0	0	0	37	
1333088984 : 	0	0	0	0	0	0	A	
1334597052 : 	0	0	0	0	0	0	19	
1335197324 : 	0	0	0	0	0	0	37	
1335499928 : 	0	0	0	0	0	0	A	
1336707772 : 	0	0	0	0	0	0	A	
1337006548 : 	0	0	0	0	0	0	19	
1337308304 : 	0	0	0	0	0	0	28	
1338819428 : 	0	0	0	0	0	0	37	
1339118968 : 	0	0	0	0	0	0	A	
1339419868 : 	0	0	0	0	0	0	19	
1339720776 : 	0	0	0	0	0	0	28	
1340327840 : 	0	0	0	0	0	0	A	
1340625340 : 	0	0	0	0	0	0	19	
1341227392 : 	0	0	0	0	0	0	37	
1341531608 : 	0	0	0	0	0	0	A	
1341831240 : 	0	0	0	0	0	0	19	
1343039424 : 	0	0	0	0	0	0	19	
1343339476 : 	0	0	0	0	0	0	28	
1343639948 : 	0	0	0	0	0	0	37	
1344541372 : 	0	0	0	0	0	0	28	
1344846696 : 	0	0	0	0	0	0	37	
1345146148 : 	0	0	0	0	0	0	A	
1345746000 : 	0	0	0	0	0	0	28	
1346049952 : 	0	0	0	0	0	0	37	
1346348560 : 	0	0	0	0	0	0	A	
1346650732 : 	0	0	0	0	0	0	19	
1347858924 : 	0	0	0	0	0	0	19	
1348158556 : 	0	0	0	0	0	0	28	
1349363168 : 	0	0	0	0	0	0	28	
1349667724 : 	0	0	0	0	0	0	37	
1349969728 : 	0	0	0	0	0	0	A	
1350268504 : 	0	0	0	0	0	0	19	
1350570680 : 	0	0	0	0	0	0	28	
1350872768 : 	0	0	0	0	0	0	37	
1351777000 : 	0	0	0	0	0	0	28	
1352080960 : 	0	0	0	0	0	0	37	
1352380244 : 	0	0	0	0	0	0	A	
1352680296 : 	0	0	0	0	0	0	19	
1354187516 : 	0	0	0	0	0	0	28	
1354787784 : 	0	0	0	0	0	0	A	
1355091232 : 	0	0	0	0	0	0	19	
1355389924 : 	0	0	0	0	0	0	28	
1355693628 : 	0	0	0	0	0	0	37	
1356899524 : 	0	0	0	0	0	0	37	
1357201360 : 	0	0	0	0	0	0	A	
1357802732 : 	0	0	0	0	0	0	28	
1359309104 : 	0	0	0	0	0	0	37	
1359608220 : 	0	0	0	0	0	0	A	
1359910392 : 	0	0	0	0	0	0	19	
1360211548 : 	0	0	0	0	0	0	28	
1360815224 : 	0	0	0	0	0	0	A	
1361120376 : 	0	0	0	0	0	0	19	
1368955952 : 	0	0	0	0	0	0	19	
1369259240 : 	0	0	0	0	0	0	28	
1370167636 : 	0	0	0	0	0	0	19	
1370768924 : 	0	0	0	0	0	0	37	
1371067700 : 	0	0	0	0	0	0	A	
1371370384 : 	0	0	0	0	0	0	19	
1372575428 : 	0	0	0	0	0	0	19	
1372877096 : 	0	0	0	0	0	0	28	
1373177824 : 	0	0	0	0	0	0	37	
1373477196 : 	0	0	0	0	0	0	A	
1373779540 : 	0	0	0	0	0	0	19	
1374081288 : 	0	0	0	0	0	0	28	
1375287608 : 	0	0	0	0	0	0	28	
1375587916 : 	0	0	0	0	0	0	37	
1376191328 : 	0	0	0	0	0	0	19	
1376796792 : 	0	0	0	0	0	0	37	
1377096072 : 	0	0	0	0	0	0	A	
1377399864 : 	0	0	0	0	0	0	19	
1377700252 : 	0	0	0	0	0	0	28	
1378906572 : 	0	0	0	0	0	0	28	
1379207896 : 	0	0	0	0	0	0	37	
1379810544 : 	0	0	0	0	0	0	19	
1380110680 : 	0	0	0	0	0	0	28	
1380412856 : 	0	0	0	0	0	0	37	
1381621900 : 	0	0	0	0	0	0	37	
1381920584 : 	0	0	0	0	0	0	A	
1382220980 : 	0	0	0	0	0	0	19	
1384329824 : 	0	0	0	0	0	0	A	
1384632084 : 	0	0	0	0	0	0	19	
1385235244 : 	0	0	0	0	0	0	37	
1386441140 : 	0	0	0	0	0	0	37	
1386743568 : 	0	0	0	0	0	0	A	
1387949132 : 	0	0	0	0	0	0	A	
1388250876 : 	0	0	0	0	0	0	19	
1388852588 : 	0	0	0	0	0	0	37	
1389153744 : 	0	0	0	0	0	0	A	
1389454304 : 	0	0	0	0	0	0	19	
1390961864 : 	0	0	0	0	0	0	28	
1391869496 : 	0	0	0	0	0	0	19	
1392167844 : 	0	0	0	0	0	0	28	
1392770160 : 	0	0	0	0	0	0	A	
1393071736 : 	0	0	0	0	0	0	19	
1393373996 : 	0	0	0	0	0	0	28	
1393977580 : 	0	0	0	0	0	0	A	
1394279592 : 	0	0	0	0	0	0	19	
1394882064 : 	0	0	0	0	0	0	37	
1395183220 : 	0	0	0	0	0	0	A	
1396087788 : 	0	0	0	0	0	0	37	
1396388520 : 	0	0	0	0	0	0	A	
1396692312 : 	0	0	0	0	0	0	19	
1397293516 : 	0	0	0	0	0	0	37	
1397894216 : 	0	0	0	0	0	0	19	
1399101380 : 	0	0	0	0	0	0	19	
1399403300 : 	0	0	0	0	0	0	28	
1399702328 : 	0	0	0	0	0	0	37	
1400005612 : 	0	0	0	0	0	0	A	
1401209636 : 	0	0	0	0	0	0	A	
1401510876 : 	0	0	0	0	0	0	19	
1401813732 : 	0	0	0	0	0	0	28	
1402415528 : 	0	0	0	0	0	0	A	
1403925384 : 	0	0	0	0	0	0	19	
1404225696 : 	0	0	0	0	0	0	28	
1405433200 : 	0	0	0	0	0	0	28	
1405732484 : 	0	0	0	0	0	0	37	
1406034320 : 	0	0	0	0	0	0	A	
1406634928 : 	0	0	0	0	0	0	28	
1407542732 : 	0	0	0	0	0	0	19	
1407842864 : 	0	0	0	0	0	0	28	
1408444748 : 	0	0	0	0	0	0	A	
1408745988 : 	0	0	0	0	0	0	19	
1409952056 : 	0	0	0	0	0	0	19	
1410253636 : 	0	0	0	0	0	0	28	
1410556828 : 	0	0	0	0	0	0	37	
1411762724 : 	0	0	0	0	0	0	37	
1412064732 : 	0	0	0	0	0	0	A	
1412365544 : 	0	0	0	0	0	0	19	
1412966156 : 	0	0	0	0	0	0	37	
1413267484 : 	0	0	0	0	0	0	A	
1413571700 : 	0	0	0	0	0	0	19	
1414472100 : 	0	0	0	0	0	0	A	
1414775380 : 	0	0	0	0	0	0	19	
1415075008 : 	0	0	0	0	0	0	28	
1415982380 : 	0	0	0	0	0	0	19	
1416586136 : 	0	0	0	0	0	0	37	
1416884484 : 	0	0	0	0	0	0	A	
1417486712 : 	0	0	0	0	0	0	28	
1418391960 : 	0	0	0	0	0	0	19	
1418993504 : 	0	0	0	0	0	0	37	
1419295168 : 	0	0	0	0	0	0	A	
1419597092 : 	0	0	0	0	0	0	19	
1419897912 : 	0	0	0	0	0	0	28	
1420503700 : 	0	0	0	0	0	0	A	
1420803244 : 	0	0	0	0	0	0	19	
1421104564 : 	0	0	0	0	0	0	28	
1421408524 : 	0	0	0	0	0	0	37	
1422008624 : 	0	0	0	0	0	0	19	
1422309272 : 	0	0	0	0	0	0	28	
1422611360 : 	0	0	0	0	0	0	37	
1422911748 : 	0	0	0	0	0	0	A	
1423514824 : 	0	0	0	0	0	0	28	
1423814620 : 	0	0	0	0	0	0	37	
1424116284 : 	0	0	0	0	0	0	A	
1425025956 : 	0	0	0	0	0	0	37	
1425627328 : 	0	0	0	0	0	0	19	
1425926616 : 	0	0	0	0	0	0	28	
1426529356 : 	0	0	0	0	0	0	A	
1427135996 : 	0	0	0	0	0	0	28	
1427437580 : 	0	0	0	0	0	0	37	
1428037336 : 	0	0	0	0	0	0	19	
1428337732 : 	0	0	0	0	0	0	28	
1428640496 : 	0	0	0	0	0	0	37	
1429545744 : 	0	0	0	0	0	0	28	
1429847580 : 	0	0	0	0	0	0	37	
1430148904 : 	0	0	0	0	0	0	A	
1431656296 : 	0	0	0	0	0	0	19	
1431955584 : 	0	0	0	0	0	0	28	
1432555084 : 	0	0	0	0	0	0	A	
1432858796 : 	0	0	0	0	0	0	19	
1433159352 : 	0	0	0	0	0	0	28	
1434065704 : 	0	0	0	0	0	0	19	
1434367120 : 	0	0	0	0	0	0	28	
1434666316 : 	0	0	0	0	0	0	37	
1435875864 : 	0	0	0	0	0	0	37	
1436174808 : 	0	0	0	0	0	0	A	
1436478260 : 	0	0	0	0	0	0	19	
1437079888 : 	0	0	0	0	0	0	37	
1437685776 : 	0	0	0	0	0	0	19	
1437985396 : 	0	0	0	0	0	0	28	
1438587620 : 	0	0	0	0	0	0	A	
1440097816 : 	0	0	0	0	0	0	19	
1440397360 : 	0	0	0	0	0	0	28	
1440700636 : 	0	0	0	0	0	0	37	
1441000520 : 	0	0	0	0	0	0	A	
1441906616 : 	0	0	0	0	0	0	37	
1442206920 : 	0	0	0	0	0	0	A	
1442509264 : 	0	0	0	0	0	0	19	
1443412140 : 	0	0	0	0	0	0	A	
1443716012 : 	0	0	0	0	0	0	19	
1444015380 : 	0	0	0	0	0	0	28	
1444617272 : 	0	0	0	0	0	0	A	
1444919100 : 	0	0	0	0	0	0	19	
1445220680 : 	0	0	0	0	0	0	28	
1445522260 : 	0	0	0	0	0	0	37	
1446127636 : 	0	0	0	0	0	0	19	
1446427084 : 	0	0	0	0	0	0	28	
1446730024 : 	0	0	0	0	0	0	37	
1447029736 : 	0	0	0	0	0	0	A	
1448838960 : 	0	0	0	0	0	0	28	
1449438040 : 	0	0	0	0	0	0	A	
1450648184 : 	0	0	0	0	0	0	A	
1450947468 : 	0	0	0	0	0	0	19	
1451249136 : 	0	0	0	0	0	0	28	
1451551396 : 	0	0	0	0	0	0	37	
1452154384 : 	0	0	0	0	0	0	19	
1452760008 : 	0	0	0	0	0	0	37	
1453057596 : 	0	0	0	0	0	0	A	
1453661860 : 	0	0	0	0	0	0	28	
1454567456 : 	0	0	0	0	0	0	19	
1455168484 : 	0	0	0	0	0	0	37	
1455469128 : 	0	0	0	0	0	0	A	
1456677828 : 	0	0	0	0	0	0	A	
1456980096 : 	0	0	0	0	0	0	19	
1457280564 : 	0	0	0	0	0	0	28	
1457582316 : 	0	0	0	0	0	0	37	
1459689380 : 	0	0	0	0	0	0	28	
1459990960 : 	0	0	0	0	0	0	37	
1461198384 : 	0	0	0	0	0	0	37	
1461500476 : 	0	0	0	0	0	0	A	
1461800356 : 	0	0	0	0	0	0	19	
1462102444 : 	0	0	0	0	0	0	28	
1463308256 : 	0	0	0	0	0	0	28	
1463609240 : 	0	0	0	0	0	0	37	
1464814632 : 	0	0	0	0	0	0	37	
1466020180 : 	0	0	0	0	0	0	37	
1466319380 : 	0	0	0	0	0	0	A	
1466622152 : 	0	0	0	0	0	0	19	
1467828640 : 	0	0	0	0	0	0	19	
1468128860 : 	0	0	0	0	0	0	28	
1469336368 : 	0	0	0	0	0	0	28	
1469636504 : 	0	0	0	0	0	0	37	
1470242812 : 	0	0	0	0	0	0	19	
1470542348 : 	0	0	0	0	0	0	28	
1471140580 : 	0	0	0	0	0	0	A	
1472651964 : 	0	0	0	0	0	0	19	
1473252744 : 	0	0	0	0	0	0	37	
1473855656 : 	0	0	0	0	0	0	19	
1474155020 : 	0	0	0	0	0	0	28	
1474760736 : 	0	0	0	0	0	0	A	
1475061632 : 	0	0	0	0	0	0	19	
1475363124 : 	0	0	0	0	0	0	28	
1476265908 : 	0	0	0	0	0	0	19	
1477773392 : 	0	0	0	0	0	0	28	
1478675236 : 	0	0	0	0	0	0	19	
1479281716 : 	0	0	0	0	0	0	37	
1479580400 : 	0	0	0	0	0	0	A	
1479882660 : 	0	0	0	0	0	0	19	
1480182624 : 	0	0	0	0	0	0	28	
1481691884 : 	0	0	0	0	0	0	37	
1482293004 : 	0	0	0	0	0	0	19	
1482898800 : 	0	0	0	0	0	0	37	
1483196216 : 	0	0	0	0	0	0	A	
1486057504 : 	0	0	0	0	0	0	19	
1486361368 : 	0	0	0	0	0	0	28	
1487269848 : 	0	0	0	0	0	0	19	
1487870796 : 	0	0	0	0	0	0	37	
1488170172 : 	0	0	0	0	0	0	A	
1488473532 : 	0	0	0	0	0	0	19	
1489378272 : 	0	0	0	0	0	0	A	
1489680108 : 	0	0	0	0	0	0	19	
2259796140 : 	0	0	0	0	0	0	19	
2260403780 : 	0	0	0	0	0	0	37	
2261006172 : 	0	0	0	0	0	0	19	
2261608736 : 	0	0	0	0	0	0	37	
2261909724 : 	0	0	0	0	0	0	A	
2262209860 : 	0	0	0	0	0	0	19	
2263115880 : 	0	0	0	0	0	0	A	
2263416092 : 	0	0	0	0	0	0	19	
2263715632 : 	0	0	0	0	0	0	28	
2264017640 : 	0	0	0	0	0	0	37	
2264624288 : 	0	0	0	0	0	0	19	
2264923400 : 	0	0	0	0	0	0	28	
2265522988 : 	0	0	0	0	0	0	A	
2265827120 : 	0	0	0	0	0	0	19	
2266127252 : 	0	0	0	0	0	0	28	
2266429172 : 	0	0	0	0	0	0	37	
2267033700 : 	0	0	0	0	0	0	19	
2267634388 : 	0	0	0	0	0	0	37	
2267937328 : 	0	0	0	0	0	0	A	
2268237464 : 	0	0	0	0	0	0	19	
2269446336 : 	0	0	0	0	0	0	19	
2270048132 : 	0	0	0	0	0	0	37	
2270949896 : 	0	0	0	0	0	0	28	
2272156048 : 	0	0	0	0	0	0	28	
2273965696 : 	0	0	0	0	0	0	A	
2274267704 : 	0	0	0	0	0	0	19	
2274569112 : 	0	0	0	0	0	0	28	
2276074716 : 	0	0	0	0	0	0	37	
2276375108 : 	0	0	0	0	0	0	A	
2276676176 : 	0	0	0	0	0	0	19	
2276978012 : 	0	0	0	0	0	0	28	
2278184000 : 	0	0	0	0	0	0	28	
2278486932 : 	0	0	0	0	0	0	37	
2278786984 : 	0	0	0	0	0	0	A	
2279089332 : 	0	0	0	0	0	0	19	
2279691552 : 	0	0	0	0	0	0	37	
2279989052 : 	0	0	0	0	0	0	A	
2280594848 : 	0	0	0	0	0	0	28	
2281197924 : 	0	0	0	0	0	0	A	
2281497804 : 	0	0	0	0	0	0	19	
2283003152 : 	0	0	0	0	0	0	28	
2283306520 : 	0	0	0	0	0	0	37	
2283609372 : 	0	0	0	0	0	0	A	
2283907220 : 	0	0	0	0	0	0	19	
2284209812 : 	0	0	0	0	0	0	28	
2284511480 : 	0	0	0	0	0	0	37	
2285115064 : 	0	0	0	0	0	0	19	
2285718732 : 	0	0	0	0	0	0	37	
2286017508 : 	0	0	0	0	0	0	A	
2286320620 : 	0	0	0	0	0	0	19	
2287526596 : 	0	0	0	0	0	0	19	
2287825288 : 	0	0	0	0	0	0	28	
2288129416 : 	0	0	0	0	0	0	37	
2289335404 : 	0	0	0	0	0	0	37	
2289638168 : 	0	0	0	0	0	0	A	
2290542056 : 	0	0	0	0	0	0	37	
2291746592 : 	0	0	0	0	0	0	37	
2292047068 : 	0	0	0	0	0	0	A	
2292348904 : 	0	0	0	0	0	0	19	
2292650064 : 	0	0	0	0	0	0	28	
2293252792 : 	0	0	0	0	0	0	A	
2293558372 : 	0	0	0	0	0	0	19	
2293857056 : 	0	0	0	0	0	0	28	
2294157108 : 	0	0	0	0	0	0	37	
2295662968 : 	0	0	0	0	0	0	A	
2296265108 : 	0	0	0	0	0	0	28	
2296567624 : 	0	0	0	0	0	0	37	
2296869456 : 	0	0	0	0	0	0	A	
2298075692 : 	0	0	0	0	0	0	A	
2298377104 : 	0	0	0	0	0	0	19	
2298676728 : 	0	0	0	0	0	0	28	
2299581472 : 	0	0	0	0	0	0	19	
2299882876 : 	0	0	0	0	0	0	28	
2300183184 : 	0	0	0	0	0	0	37	
2300786684 : 	0	0	0	0	0	0	19	
2301085888 : 	0	0	0	0	0	0	28	
2301388828 : 	0	0	0	0	0	0	37	
2301691336 : 	0	0	0	0	0	0	A	
2302292288 : 	0	0	0	0	0	0	28	
2303198132 : 	0	0	0	0	0	0	19	
2303797388 : 	0	0	0	0	0	0	37	
2304702468 : 	0	0	0	0	0	0	28	
2305605588 : 	0	0	0	0	0	0	19	
2305905552 : 	0	0	0	0	0	0	28	
2306209344 : 	0	0	0	0	0	0	37	
2307113152 : 	0	0	0	0	0	0	28	
2307417364 : 	0	0	0	0	0	0	37	
2308622236 : 	0	0	0	0	0	0	37	
2309225740 : 	0	0	0	0	0	0	19	
2309826692 : 	0	0	0	0	0	0	37	
2310126312 : 	0	0	0	0	0	0	A	
2310429852 : 	0	0	0	0	0	0	19	
2310731172 : 	0	0	0	0	0	0	28	
2311637444 : 	0	0	0	0	0	0	19	
2311938512 : 	0	0	0	0	0	0	28	
2313142460 : 	0	0	0	0	0	0	28	
2314347840 : 	0	0	0	0	0	0	28	
2314649248 : 	0	0	0	0	0	0	37	
2314951252 : 	0	0	0	0	0	0	A	
2315252492 : 	0	0	0	0	0	0	19	
2315857780 : 	0	0	0	0	0	0	37	
2316158004 : 	0	0	0	0	0	0	A	
2317663352 : 	0	0	0	0	0	0	19	
2318267020 : 	0	0	0	0	0	0	37	
2318869072 : 	0	0	0	0	0	0	19	
2319171844 : 	0	0	0	0	0	0	28	
2320678552 : 	0	0	0	0	0	0	37	
2321279168 : 	0	0	0	0	0	0	19	
2321882748 : 	0	0	0	0	0	0	37	
2322182968 : 	0	0	0	0	0	0	A	
2322487360 : 	0	0	0	0	0	0	19	
2322788084 : 	0	0	0	0	0	0	28	
2323391244 : 	0	0	0	0	0	0	A	
2323693164 : 	0	0	0	0	0	0	19	
2325198512 : 	0	0	0	0	0	0	28	
2327008756 : 	0	0	0	0	0	0	A	
2327310932 : 	0	0	0	0	0	0	19	
2327911288 : 	0	0	0	0	0	0	37	
2328212616 : 	0	0	0	0	0	0	A	
2328514788 : 	0	0	0	0	0	0	19	
2328814072 : 	0	0	0	0	0	0	28	
2330922752 : 	0	0	0	0	0	0	19	
2331528972 : 	0	0	0	0	0	0	37	
2331828512 : 	0	0	0	0	0	0	A	
2332430992 : 	0	0	0	0	0	0	28	
2332735208 : 	0	0	0	0	0	0	37	
2333034068 : 	0	0	0	0	0	0	A	
2335443308 : 	0	0	0	0	0	0	A	
2335744208 : 	0	0	0	0	0	0	19	
2336046220 : 	0	0	0	0	0	0	28	
2336349920 : 	0	0	0	0	0	0	37	
2336648692 : 	0	0	0	0	0	0	A	
2336951804 : 	0	0	0	0	0	0	19	
2337253128 : 	0	0	0	0	0	0	28	
2337554964 : 	0	0	0	0	0	0	37	
2337856456 : 	0	0	0	0	0	0	A	
2339664492 : 	0	0	0	0	0	0	28	
2339963952 : 	0	0	0	0	0	0	37	
2340263744 : 	0	0	0	0	0	0	A	
2340564896 : 	0	0	0	0	0	0	19	
2340865628 : 	0	0	0	0	0	0	28	
2341470324 : 	0	0	0	0	0	0	A	
2342375060 : 	0	0	0	0	0	0	37	
2344484248 : 	0	0	0	0	0	0	28	
2344785912 : 	0	0	0	0	0	0	37	
2345086644 : 	0	0	0	0	0	0	A	
2345389584 : 	0	0	0	0	0	0	19	
2346292624 : 	0	0	0	0	0	0	A	
2346593096 : 	0	0	0	0	0	0	19	
2346895784 : 	0	0	0	0	0	0	28	
2348703308 : 	0	0	0	0	0	0	A	
2349005828 : 	0	0	0	0	0	0	19	
2349306048 : 	0	0	0	0	0	0	28	
2349607032 : 	0	0	0	0	0	0	37	
2350512364 : 	0	0	0	0	0	0	28	
2350813604 : 	0	0	0	0	0	0	37	
2351112632 : 	0	0	0	0	0	0	A	
2351415572 : 	0	0	0	0	0	0	19	
2352622572 : 	0	0	0	0	0	0	19	
2353524168 : 	0	0	0	0	0	0	A	
2353825492 : 	0	0	0	0	0	0	19	
2354126564 : 	0	0	0	0	0	0	28	
2354432224 : 	0	0	0	0	0	0	37	
2355032576 : 	0	0	0	0	0	0	19	
2355335772 : 	0	0	0	0	0	0	28	
2355637096 : 	0	0	0	0	0	0	37	
2357142192 : 	0	0	0	0	0	0	A	
2357444880 : 	0	0	0	0	0	0	19	
2358047356 : 	0	0	0	0	0	0	37	
2358346984 : 	0	0	0	0	0	0	A	
2359251468 : 	0	0	0	0	0	0	37	
2359554324 : 	0	0	0	0	0	0	A	
2359854800 : 	0	0	0	0	0	0	19	
2360155192 : 	0	0	0	0	0	0	28	
2360457620 : 	0	0	0	0	0	0	37	
2361065112 : 	0	0	0	0	0	0	19	
2361665044 : 	0	0	0	0	0	0	37	
2361966284 : 	0	0	0	0	0	0	A	
2362567488 : 	0	0	0	0	0	0	28	
2362871024 : 	0	0	0	0	0	0	37	
2363474692 : 	0	0	0	0	0	0	19	
2364075052 : 	0	0	0	0	0	0	37	
2364378328 : 	0	0	0	0	0	0	A	
2364678888 : 	0	0	0	0	0	0	19	
2365584224 : 	0	0	0	0	0	0	A	
2365884020 : 	0	0	0	0	0	0	19	
2366187560 : 	0	0	0	0	0	0	28	
2366488112 : 	0	0	0	0	0	0	37	
2367391664 : 	0	0	0	0	0	0	28	
2367694772 : 	0	0	0	0	0	0	37	
2367994824 : 	0	0	0	0	0	0	A	
2368595264 : 	0	0	0	0	0	0	28	
2368898208 : 	0	0	0	0	0	0	37	
2370103756 : 	0	0	0	0	0	0	37	
2370403552 : 	0	0	0	0	0	0	A	
2370705048 : 	0	0	0	0	0	0	19	
2371007136 : 	0	0	0	0	0	0	28	
2371608172 : 	0	0	0	0	0	0	A	
2372514784 : 	0	0	0	0	0	0	37	
2373117432 : 	0	0	0	0	0	0	19	
2373418504 : 	0	0	0	0	0	0	28	
2373719572 : 	0	0	0	0	0	0	37	
2374018944 : 	0	0	0	0	0	0	A	
2374625504 : 	0	0	0	0	0	0	28	
2374924368 : 	0	0	0	0	0	0	37	
2375225772 : 	0	0	0	0	0	0	A	
2375527776 : 	0	0	0	0	0	0	19	
2376128304 : 	0	0	0	0	0	0	37	
2376429632 : 	0	0	0	0	0	0	A	
2376732744 : 	0	0	0	0	0	0	19	
2377035340 : 	0	0	0	0	0	0	28	
2377636460 : 	0	0	0	0	0	0	A	
2377937528 : 	0	0	0	0	0	0	19	
2379146736 : 	0	0	0	0	0	0	19	
2379444068 : 	0	0	0	0	0	0	28	
2379746584 : 	0	0	0	0	0	0	37	
2380045448 : 	0	0	0	0	0	0	A	
2380649708 : 	0	0	0	0	0	0	28	
2380952308 : 	0	0	0	0	0	0	37	
2381253124 : 	0	0	0	0	0	0	A	
2381554364 : 	0	0	0	0	0	0	19	
2381854244 : 	0	0	0	0	0	0	28	
2382158204 : 	0	0	0	0	0	0	37	
2382458848 : 	0	0	0	0	0	0	A	
2382759492 : 	0	0	0	0	0	0	19	
2383666104 : 	0	0	0	0	0	0	A	
2383967684 : 	0	0	0	0	0	0	19	
2384265272 : 	0	0	0	0	0	0	28	
2384567448 : 	0	0	0	0	0	0	37	
2385774868 : 	0	0	0	0	0	0	37	
2386075428 : 	0	0	0	0	0	0	A	
2386677228 : 	0	0	0	0	0	0	28	
2386979404 : 	0	0	0	0	0	0	37	
2388185044 : 	0	0	0	0	0	0	37	
2388485432 : 	0	0	0	0	0	0	A	
2388786760 : 	0	0	0	0	0	0	19	
2389087408 : 	0	0	0	0	0	0	28	
2389690140 : 	0	0	0	0	0	0	A	
2390292788 : 	0	0	0	0	0	0	28	
2390595388 : 	0	0	0	0	0	0	37	
2391198808 : 	0	0	0	0	0	0	19	
2391498776 : 	0	0	0	0	0	0	28	
2391800008 : 	0	0	0	0	0	0	37	
2392705684 : 	0	0	0	0	0	0	28	
2393006072 : 	0	0	0	0	0	0	37	
2393304256 : 	0	0	0	0	0	0	A	
2393607364 : 	0	0	0	0	0	0	19	
2394212052 : 	0	0	0	0	0	0	37	
2394509976 : 	0	0	0	0	0	0	A	
2395113904 : 	0	0	0	0	0	0	28	
2395717488 : 	0	0	0	0	0	0	A	
2396017452 : 	0	0	0	0	0	0	19	
2396318524 : 	0	0	0	0	0	0	28	
2396620104 : 	0	0	0	0	0	0	37	
2396920324 : 	0	0	0	0	0	0	A	
2397226072 : 	0	0	0	0	0	0	19	
2397825912 : 	0	0	0	0	0	0	37	
2398126728 : 	0	0	0	0	0	0	A	
2398727764 : 	0	0	0	0	0	0	28	
2399030368 : 	0	0	0	0	0	0	37	
2399330752 : 	0	0	0	0	0	0	A	
2400237708 : 	0	0	0	0	0	0	37	
2400536740 : 	0	0	0	0	0	0	A	
2400838484 : 	0	0	0	0	0	0	19	
2402046672 : 	0	0	0	0	0	0	19	
2402346384 : 	0	0	0	0	0	0	28	
2402646604 : 	0	0	0	0	0	0	37	
2403248152 : 	0	0	0	0	0	0	19	
2403549728 : 	0	0	0	0	0	0	28	
2403851480 : 	0	0	0	0	0	0	37	
2404152548 : 	0	0	0	0	0	0	A	
2404756812 : 	0	0	0	0	0	0	28	
2405057548 : 	0	0	0	0	0	0	37	
2405360228 : 	0	0	0	0	0	0	A	
2406262932 : 	0	0	0	0	0	0	37	
2407768788 : 	0	0	0	0	0	0	A	
2408072916 : 	0	0	0	0	0	0	19	
2408372796 : 	0	0	0	0	0	0	28	
2409279500 : 	0	0	0	0	0	0	19	
2409579548 : 	0	0	0	0	0	0	28	
2411089228 : 	0	0	0	0	0	0	37	
2411388428 : 	0	0	0	0	0	0	A	
2411690772 : 	0	0	0	0	0	0	19	
2412293592 : 	0	0	0	0	0	0	37	
2412593644 : 	0	0	0	0	0	0	A	
2412896836 : 	0	0	0	0	0	0	19	
2413198508 : 	0	0	0	0	0	0	28	
2413799460 : 	0	0	0	0	0	0	A	
2414401168 : 	0	0	0	0	0	0	28	
2415309308 : 	0	0	0	0	0	0	19	
2415608252 : 	0	0	0	0	0	0	28	
2415909748 : 	0	0	0	0	0	0	37	
2416210732 : 	0	0	0	0	0	0	A	
2416813892 : 	0	0	0	0	0	0	28	
2417417312 : 	0	0	0	0	0	0	A	
2417720340 : 	0	0	0	0	0	0	19	
2418622528 : 	0	0	0	0	0	0	A	
2419830032 : 	0	0	0	0	0	0	A	
2420132292 : 	0	0	0	0	0	0	19	
2420433280 : 	0	0	0	0	0	0	28	
2420734688 : 	0	0	0	0	0	0	37	
2421336656 : 	0	0	0	0	0	0	19	
2421639512 : 	0	0	0	0	0	0	28	
2421938456 : 	0	0	0	0	0	0	37	
2422239016 : 	0	0	0	0	0	0	A	
2423445084 : 	0	0	0	0	0	0	A	
2423749980 : 	0	0	0	0	0	0	19	
2424351268 : 	0	0	0	0	0	0	37	
2424651488 : 	0	0	0	0	0	0	A	
2424952812 : 	0	0	0	0	0	0	19	
2425255584 : 	0	0	0	0	0	0	28	
2426160580 : 	0	0	0	0	0	0	19	
2426459352 : 	0	0	0	0	0	0	28	
2427969208 : 	0	0	0	0	0	0	37	
2428871744 : 	0	0	0	0	0	0	28	
2429174764 : 	0	0	0	0	0	0	37	
2429472520 : 	0	0	0	0	0	0	A	
2430378616 : 	0	0	0	0	0	0	37	
2430680792 : 	0	0	0	0	0	0	A	
2432488404 : 	0	0	0	0	0	0	28	
2432791344 : 	0	0	0	0	0	0	37	
2433393484 : 	0	0	0	0	0	0	19	
2433694812 : 	0	0	0	0	0	0	28	
2434299156 : 	0	0	0	0	0	0	A	
2434901132 : 	0	0	0	0	0	0	28	
2436411916 : 	0	0	0	0	0	0	37	
2436712816 : 	0	0	0	0	0	0	A	
2437013208 : 	0	0	0	0	0	0	19	
2437311648 : 	0	0	0	0	0	0	28	
2437914972 : 	0	0	0	0	0	0	A	
2439120188 : 	0	0	0	0	0	0	A	
2440024756 : 	0	0	0	0	0	0	37	
2440325744 : 	0	0	0	0	0	0	A	
2441230992 : 	0	0	0	0	0	0	37	
2441533600 : 	0	0	0	0	0	0	A	
2441830668 : 	0	0	0	0	0	0	19	
2442436292 : 	0	0	0	0	0	0	37	
2442734896 : 	0	0	0	0	0	0	A	
2443036904 : 	0	0	0	0	0	0	19	
2443639816 : 	0	0	0	0	0	0	37	
2444241952 : 	0	0	0	0	0	0	19	
2444845872 : 	0	0	0	0	0	0	37	
2446051940 : 	0	0	0	0	0	0	37	
2446354284 : 	0	0	0	0	0	0	A	
2446956600 : 	0	0	0	0	0	0	28	
2447860396 : 	0	0	0	0	0	0	19	
2448464068 : 	0	0	0	0	0	0	37	
2449068844 : 	0	0	0	0	0	0	19	
2449368808 : 	0	0	0	0	0	0	28	
2449673704 : 	0	0	0	0	0	0	37	
2449972400 : 	0	0	0	0	0	0	A	
2450274992 : 	0	0	0	0	0	0	19	
2450575300 : 	0	0	0	0	0	0	28	
2450876544 : 	0	0	0	0	0	0	37	
2451477148 : 	0	0	0	0	0	0	19	
2451777792 : 	0	0	0	0	0	0	28	
2453887576 : 	0	0	0	0	0	0	19	
2454792912 : 	0	0	0	0	0	0	A	
2455094152 : 	0	0	0	0	0	0	19	
2455393184 : 	0	0	0	0	0	0	28	
2455997956 : 	0	0	0	0	0	0	A	
2456299200 : 	0	0	0	0	0	0	19	
2457806076 : 	0	0	0	0	0	0	28	
2458108680 : 	0	0	0	0	0	0	37	
2458408052 : 	0	0	0	0	0	0	A	
2459315764 : 	0	0	0	0	0	0	37	
2459613432 : 	0	0	0	0	0	0	A	
2459916884 : 	0	0	0	0	0	0	19	
2460518344 : 	0	0	0	0	0	0	37	
2461122268 : 	0	0	0	0	0	0	19	
2462328756 : 	0	0	0	0	0	0	19	
2462628636 : 	0	0	0	0	0	0	28	
2463535168 : 	0	0	0	0	0	0	19	
2463834108 : 	0	0	0	0	0	0	28	
2464137048 : 	0	0	0	0	0	0	37	
2464436252 : 	0	0	0	0	0	0	A	
2464737996 : 	0	0	0	0	0	0	19	
2465041024 : 	0	0	0	0	0	0	28	
2465945084 : 	0	0	0	0	0	0	19	
2466849056 : 	0	0	0	0	0	0	A	
2467150128 : 	0	0	0	0	0	0	19	
2467448648 : 	0	0	0	0	0	0	28	
2468355344 : 	0	0	0	0	0	0	19	
2468654124 : 	0	0	0	0	0	0	28	
2468958672 : 	0	0	0	0	0	0	37	
2469560048 : 	0	0	0	0	0	0	19	
2469860100 : 	0	0	0	0	0	0	28	
2470766792 : 	0	0	0	0	0	0	19	
2471370376 : 	0	0	0	0	0	0	37	
2471669924 : 	0	0	0	0	0	0	A	
2473477700 : 	0	0	0	0	0	0	28	
2474686572 : 	0	0	0	0	0	0	28	
2476195660 : 	0	0	0	0	0	0	37	
2476496132 : 	0	0	0	0	0	0	A	
2477096744 : 	0	0	0	0	0	0	28	
2477401640 : 	0	0	0	0	0	0	37	
2477699816 : 	0	0	0	0	0	0	A	
2479210184 : 	0	0	0	0	0	0	19	
2479510404 : 	0	0	0	0	0	0	28	
2481016772 : 	0	0	0	0	0	0	37	
2481617296 : 	0	0	0	0	0	0	19	
2481918452 : 	0	0	0	0	0	0	28	
2482220628 : 	0	0	0	0	0	0	37	
2482522716 : 	0	0	0	0	0	0	A	
2483125028 : 	0	0	0	0	0	0	28	
2483428816 : 	0	0	0	0	0	0	37	
2484028920 : 	0	0	0	0	0	0	19	
2484631060 : 	0	0	0	0	0	0	37	
2484932044 : 	0	0	0	0	0	0	A	
2486137944 : 	0	0	0	0	0	0	A	
2486441644 : 	0	0	0	0	0	0	19	
2486742040 : 	0	0	0	0	0	0	28	
2487650432 : 	0	0	0	0	0	0	19	
2487947672 : 	0	0	0	0	0	0	28	
2488248408 : 	0	0	0	0	0	0	37	
2488552452 : 	0	0	0	0	0	0	A	
2489153484 : 	0	0	0	0	0	0	28	
2489453108 : 	0	0	0	0	0	0	37	
2490661808 : 	0	0	0	0	0	0	37	
2490960584 : 	0	0	0	0	0	0	A	
2491264040 : 	0	0	0	0	0	0	19	
2491563316 : 	0	0	0	0	0	0	28	
2492469424 : 	0	0	0	0	0	0	19	
2492770064 : 	0	0	0	0	0	0	28	
2493069860 : 	0	0	0	0	0	0	37	
2494278820 : 	0	0	0	0	0	0	37	
2495180324 : 	0	0	0	0	0	0	28	
2495483688 : 	0	0	0	0	0	0	37	
2495784756 : 	0	0	0	0	0	0	A	
2496690432 : 	0	0	0	0	0	0	37	
2496990652 : 	0	0	0	0	0	0	A	
2497292656 : 	0	0	0	0	0	0	19	
2497591516 : 	0	0	0	0	0	0	28	
2498500084 : 	0	0	0	0	0	0	19	
2498799284 : 	0	0	0	0	0	0	28	
2499100184 : 	0	0	0	0	0	0	37	
2499704108 : 	0	0	0	0	0	0	19	
2500310584 : 	0	0	0	0	0	0	37	
2501213288 : 	0	0	0	0	0	0	28	
2501513588 : 	0	0	0	0	0	0	37	
2501815508 : 	0	0	0	0	0	0	A	
2502119892 : 	0	0	0	0	0	0	19	
2502721436 : 	0	0	0	0	0	0	37	
2503022768 : 	0	0	0	0	0	0	A	
2503323152 : 	0	0	0	0	0	0	19	
2503624904 : 	0	0	0	0	0	0	28	
2504231716 : 	0	0	0	0	0	0	A	
2504530240 : 	0	0	0	0	0	0	19	
2504830124 : 	0	0	0	0	0	0	28	
2505134080 : 	0	0	0	0	0	0	37	
2505736388 : 	0	0	0	0	0	0	19	
2506338784 : 	0	0	0	0	0	0	37	
2506640364 : 	0	0	0	0	0	0	A	
2507243352 : 	0	0	0	0	0	0	28	
2507544168 : 	0	0	0	0	0	0	37	
2507844556 : 	0	0	0	0	0	0	A	
2508145032 : 	0	0	0	0	0	0	19	
2508752528 : 	0	0	0	0	0	0	37	
2509050536 : 	0	0	0	0	0	0	A	
2509350672 : 	0	0	0	0	0	0	19	
2509653868 : 	0	0	0	0	0	0	28	
2510256184 : 	0	0	0	0	0	0	A	
2511162192 : 	0	0	0	0	0	0	37	
2511764332 : 	0	0	0	0	0	0	19	
2512063704 : 	0	0	0	0	0	0	28	
2513273004 : 	0	0	0	0	0	0	28	
2513571092 : 	0	0	0	0	0	0	37	
2513874372 : 	0	0	0	0	0	0	A	
2514175784 : 	0	0	0	0	0	0	19	
2515082052 : 	0	0	0	0	0	0	A	
2515383548 : 	0	0	0	0	0	0	19	
2515683940 : 	0	0	0	0	0	0	28	
2517192864 : 	0	0	0	0	0	0	37	
2517793900 : 	0	0	0	0	0	0	19	
2518094368 : 	0	0	0	0	0	0	28	
2518396972 : 	0	0	0	0	0	0	37	
2519604564 : 	0	0	0	0	0	0	37	
2519901044 : 	0	0	0	0	0	0	A	
2520205256 : 	0	0	0	0	0	0	19	
2520806036 : 	0	0	0	0	0	0	37	
2521106428 : 	0	0	0	0	0	0	A	
2522312152 : 	0	0	0	0	0	0	A	
2522616112 : 	0	0	0	0	0	0	19	
2522913272 : 	0	0	0	0	0	0	28	
2523821412 : 	0	0	0	0	0	0	19	
2524122652 : 	0	0	0	0	0	0	28	
2524422872 : 	0	0	0	0	0	0	37	
2524722924 : 	0	0	0	0	0	0	A	
2526231592 : 	0	0	0	0	0	0	19	
2526835512 : 	0	0	0	0	0	0	37	
2527134628 : 	0	0	0	0	0	0	A	
2527438164 : 	0	0	0	0	0	0	19	
2528644736 : 	0	0	0	0	0	0	19	
2528943852 : 	0	0	0	0	0	0	28	
2529243988 : 	0	0	0	0	0	0	37	
2530453200 : 	0	0	0	0	0	0	37	
2530752740 : 	0	0	0	0	0	0	A	
2531355388 : 	0	0	0	0	0	0	28	
2531959060 : 	0	0	0	0	0	0	A	
2532866516 : 	0	0	0	0	0	0	37	
2533164444 : 	0	0	0	0	0	0	A	
2533465684 : 	0	0	0	0	0	0	19	
2534069776 : 	0	0	0	0	0	0	37	
2534369572 : 	0	0	0	0	0	0	A	
2534672768 : 	0	0	0	0	0	0	19	
2534975452 : 	0	0	0	0	0	0	28	
2535276184 : 	0	0	0	0	0	0	37	
2535878580 : 	0	0	0	0	0	0	19	
2536178032 : 	0	0	0	0	0	0	28	
2538290880 : 	0	0	0	0	0	0	19	
2538893104 : 	0	0	0	0	0	0	37	
2539195024 : 	0	0	0	0	0	0	A	
2539496688 : 	0	0	0	0	0	0	19	
2539799720 : 	0	0	0	0	0	0	28	
2540705132 : 	0	0	0	0	0	0	19	
2541005184 : 	0	0	0	0	0	0	28	
2541305572 : 	0	0	0	0	0	0	37	
2542210312 : 	0	0	0	0	0	0	28	
2543719404 : 	0	0	0	0	0	0	37	
2544019452 : 	0	0	0	0	0	0	A	
2544925728 : 	0	0	0	0	0	0	37	
2545225944 : 	0	0	0	0	0	0	A	
2546430480 : 	0	0	0	0	0	0	A	
2547938384 : 	0	0	0	0	0	0	19	
2548240128 : 	0	0	0	0	0	0	28	
2548542132 : 	0	0	0	0	0	0	37	
2549446960 : 	0	0	0	0	0	0	28	
2550047060 : 	0	0	0	0	0	0	A	
2550952564 : 	0	0	0	0	0	0	37	
2551253632 : 	0	0	0	0	0	0	A	
2551556828 : 	0	0	0	0	0	0	19	
2551855184 : 	0	0	0	0	0	0	28	
2552458932 : 	0	0	0	0	0	0	A	
2552759412 : 	0	0	0	0	0	0	19	
2553059800 : 	0	0	0	0	0	0	28	
2553362144 : 	0	0	0	0	0	0	37	
2554567788 : 	0	0	0	0	0	0	37	
2556075512 : 	0	0	0	0	0	0	A	
2556376080 : 	0	0	0	0	0	0	19	
2556981700 : 	0	0	0	0	0	0	37	
2557282512 : 	0	0	0	0	0	0	A	
2558791432 : 	0	0	0	0	0	0	19	
2559393488 : 	0	0	0	0	0	0	37	
2559996564 : 	0	0	0	0	0	0	19	
2560296528 : 	0	0	0	0	0	0	28	
2560599048 : 	0	0	0	0	0	0	37	
2560897988 : 	0	0	0	0	0	0	A	
2561502168 : 	0	0	0	0	0	0	28	
2561803920 : 	0	0	0	0	0	0	37	
2562104400 : 	0	0	0	0	0	0	A	
2563613992 : 	0	0	0	0	0	0	19	
2563913880 : 	0	0	0	0	0	0	28	
2564817940 : 	0	0	0	0	0	0	19	
2565121468 : 	0	0	0	0	0	0	28	
2565422204 : 	0	0	0	0	0	0	37	
2566627924 : 	0	0	0	0	0	0	37	
2568134040 : 	0	0	0	0	0	0	A	
2568435024 : 	0	0	0	0	0	0	19	
2569038608 : 	0	0	0	0	0	0	37	
2569339424 : 	0	0	0	0	0	0	A	
2569640408 : 	0	0	0	0	0	0	19	
2569940288 : 	0	0	0	0	0	0	28	
2570543788 : 	0	0	0	0	0	0	A	
2570846132 : 	0	0	0	0	0	0	19	
2571449292 : 	0	0	0	0	0	0	37	
2572353184 : 	0	0	0	0	0	0	28	
2572654600 : 	0	0	0	0	0	0	37	
2573559248 : 	0	0	0	0	0	0	28	
2573863720 : 	0	0	0	0	0	0	37	
2574163512 : 	0	0	0	0	0	0	A	
2575069364 : 	0	0	0	0	0	0	37	
2576574284 : 	0	0	0	0	0	0	A	
2576876548 : 	0	0	0	0	0	0	19	
2577480212 : 	0	0	0	0	0	0	37	
2578080312 : 	0	0	0	0	0	0	19	
2578383168 : 	0	0	0	0	0	0	28	
2578683644 : 	0	0	0	0	0	0	37	
2580495760 : 	0	0	0	0	0	0	19	
2581095348 : 	0	0	0	0	0	0	37	
2581698508 : 	0	0	0	0	0	0	19	
2582000688 : 	0	0	0	0	0	0	28	
2582604524 : 	0	0	0	0	0	0	A	
2582907208 : 	0	0	0	0	0	0	19	
2583207512 : 	0	0	0	0	0	0	28	
2584714988 : 	0	0	0	0	0	0	37	
2585015292 : 	0	0	0	0	0	0	A	
2585920968 : 	0	0	0	0	0	0	37	
2586220932 : 	0	0	0	0	0	0	A	
2586524212 : 	0	0	0	0	0	0	19	
2587126440 : 	0	0	0	0	0	0	37	
2587428024 : 	0	0	0	0	0	0	A	
2587728576 : 	0	0	0	0	0	0	19	
2589238440 : 	0	0	0	0	0	0	28	
2590143604 : 	0	0	0	0	0	0	19	
2590443820 : 	0	0	0	0	0	0	28	
2590745144 : 	0	0	0	0	0	0	37	
2591046296 : 	0	0	0	0	0	0	A	
2591346944 : 	0	0	0	0	0	0	19	
2593154552 : 	0	0	0	0	0	0	37	
2594360704 : 	0	0	0	0	0	0	37	
2594662708 : 	0	0	0	0	0	0	A	
2595265356 : 	0	0	0	0	0	0	28	
2595568044 : 	0	0	0	0	0	0	37	
2596169076 : 	0	0	0	0	0	0	19	
2597677912 : 	0	0	0	0	0	0	28	
2597978812 : 	0	0	0	0	0	0	37	
2598279208 : 	0	0	0	0	0	0	A	
2598584360 : 	0	0	0	0	0	0	19	
2599184708 : 	0	0	0	0	0	0	37	
2599788640 : 	0	0	0	0	0	0	19	
2600088344 : 	0	0	0	0	0	0	28	
2600689380 : 	0	0	0	0	0	0	A	
2600994612 : 	0	0	0	0	0	0	19	
2601896128 : 	0	0	0	0	0	0	A	
2602198892 : 	0	0	0	0	0	0	19	
2602500304 : 	0	0	0	0	0	0	28	
2603102952 : 	0	0	0	0	0	0	A	
2603705352 : 	0	0	0	0	0	0	28	
2604008712 : 	0	0	0	0	0	0	37	
2604310292 : 	0	0	0	0	0	0	A	
2604610604 : 	0	0	0	0	0	0	19	
2605517208 : 	0	0	0	0	0	0	A	
2605815388 : 	0	0	0	0	0	0	19	
2606118496 : 	0	0	0	0	0	0	28	
2606719448 : 	0	0	0	0	0	0	A	
2607019668 : 	0	0	0	0	0	0	19	
2607625972 : 	0	0	0	0	0	0	37	
2608228880 : 	0	0	0	0	0	0	19	
2608529268 : 	0	0	0	0	0	0	28	
2608831020 : 	0	0	0	0	0	0	37	
2609431632 : 	0	0	0	0	0	0	19	
2610037676 : 	0	0	0	0	0	0	37	
2610637184 : 	0	0	0	0	0	0	19	
2611241364 : 	0	0	0	0	0	0	37	
2611538268 : 	0	0	0	0	0	0	A	
2611840612 : 	0	0	0	0	0	0	19	
2612745012 : 	0	0	0	0	0	0	A	
2613047784 : 	0	0	0	0	0	0	19	
2613348172 : 	0	0	0	0	0	0	28	
2613650688 : 	0	0	0	0	0	0	37	
2614252580 : 	0	0	0	0	0	0	19	
2614551856 : 	0	0	0	0	0	0	28	
2614858368 : 	0	0	0	0	0	0	37	
2615158504 : 	0	0	0	0	0	0	A	
2615758092 : 	0	0	0	0	0	0	28	
2616059332 : 	0	0	0	0	0	0	37	
2616361932 : 	0	0	0	0	0	0	A	
2616665296 : 	0	0	0	0	0	0	19	
2617268712 : 	0	0	0	0	0	0	37	
2617567064 : 	0	0	0	0	0	0	A	
2617868728 : 	0	0	0	0	0	0	19	
2618169884 : 	0	0	0	0	0	0	28	
2618773128 : 	0	0	0	0	0	0	A	
2619078276 : 	0	0	0	0	0	0	19	
2619677872 : 	0	0	0	0	0	0	37	
2620281540 : 	0	0	0	0	0	0	19	
2620581164 : 	0	0	0	0	0	0	28	
2620883336 : 	0	0	0	0	0	0	37	
2621787736 : 	0	0	0	0	0	0	28	
2622089572 : 	0	0	0	0	0	0	37	
2622391832 : 	0	0	0	0	0	0	A	
2622692400 : 	0	0	0	0	0	0	19	
2623298272 : 	0	0	0	0	0	0	37	
2623600620 : 	0	0	0	0	0	0	A	
2623899564 : 	0	0	0	0	0	0	19	
2624198684 : 	0	0	0	0	0	0	28	
2624800648 : 	0	0	0	0	0	0	A	
2625103080 : 	0	0	0	0	0	0	19	
2625403984 : 	0	0	0	0	0	0	28	
2625705644 : 	0	0	0	0	0	0	37	
2626308464 : 	0	0	0	0	0	0	19	
2626608940 : 	0	0	0	0	0	0	28	
2626910772 : 	0	0	0	0	0	0	37	
2627212692 : 	0	0	0	0	0	0	A	
2628117264 : 	0	0	0	0	0	0	37	
2628417400 : 	0	0	0	0	0	0	A	
2628720000 : 	0	0	0	0	0	0	19	
2629321456 : 	0	0	0	0	0	0	37	
2629622444 : 	0	0	0	0	0	0	A	
2630224752 : 	0	0	0	0	0	0	28	
2630829784 : 	0	0	0	0	0	0	A	
2631130600 : 	0	0	0	0	0	0	19	
2631431924 : 	0	0	0	0	0	0	28	
2631733756 : 	0	0	0	0	0	0	37	
2632337432 : 	0	0	0	0	0	0	19	
2632638836 : 	0	0	0	0	0	0	28	
2632939572 : 	0	0	0	0	0	0	37	
2633241748 : 	0	0	0	0	0	0	A	
2633841588 : 	0	0	0	0	0	0	28	
2634144788 : 	0	0	0	0	0	0	37	
2634751092 : 	0	0	0	0	0	0	19	
2635351108 : 	0	0	0	0	0	0	37	
2635652936 : 	0	0	0	0	0	0	A	
2635954268 : 	0	0	0	0	0	0	19	
2636859172 : 	0	0	0	0	0	0	A	
2637161608 : 	0	0	0	0	0	0	19	
2637460716 : 	0	0	0	0	0	0	28	
2637760688 : 	0	0	0	0	0	0	37	
2638967768 : 	0	0	0	0	0	0	37	
2639269012 : 	0	0	0	0	0	0	A	
2639873784 : 	0	0	0	0	0	0	28	
2640778436 : 	0	0	0	0	0	0	19	
2641379984 : 	0	0	0	0	0	0	37	
2641681308 : 	0	0	0	0	0	0	A	
2641984504 : 	0	0	0	0	0	0	19	
2642283872 : 	0	0	0	0	0	0	28	
2642886524 : 	0	0	0	0	0	0	A	
2643191332 : 	0	0	0	0	0	0	19	
2643491468 : 	0	0	0	0	0	0	28	
2643791856 : 	0	0	0	0	0	0	37	
2644999540 : 	0	0	0	0	0	0	37	
2645301884 : 	0	0	0	0	0	0	A	
2645903088 : 	0	0	0	0	0	0	28	
2646203308 : 	0	0	0	0	0	0	37	
2646504804 : 	0	0	0	0	0	0	A	
2646806892 : 	0	0	0	0	0	0	19	
2647412348 : 	0	0	0	0	0	0	37	
2647712828 : 	0	0	0	0	0	0	A	
2648012964 : 	0	0	0	0	0	0	19	
2648313092 : 	0	0	0	0	0	0	28	
2649821252 : 	0	0	0	0	0	0	37	
2650120788 : 	0	0	0	0	0	0	A	
2650421772 : 	0	0	0	0	0	0	19	
2650723184 : 	0	0	0	0	0	0	28	
2651026804 : 	0	0	0	0	0	0	37	
2651327192 : 	0	0	0	0	0	0	A	
2651932740 : 	0	0	0	0	0	0	28	
2652231336 : 	0	0	0	0	0	0	37	
2652532576 : 	0	0	0	0	0	0	A	
2652834584 : 	0	0	0	0	0	0	19	
2654044472 : 	0	0	0	0	0	0	19	
2654344360 : 	0	0	0	0	0	0	28	
2654945048 : 	0	0	0	0	0	0	A	
2655247648 : 	0	0	0	0	0	0	19	
2656754612 : 	0	0	0	0	0	0	28	
2658263364 : 	0	0	0	0	0	0	37	
2658562816 : 	0	0	0	0	0	0	A	
2659468576 : 	0	0	0	0	0	0	37	
2659769484 : 	0	0	0	0	0	0	A	
2661275252 : 	0	0	0	0	0	0	19	
2662781536 : 	0	0	0	0	0	0	28	
2663083968 : 	0	0	0	0	0	0	37	
2663386148 : 	0	0	0	0	0	0	A	
2663986496 : 	0	0	0	0	0	0	28	
2664290380 : 	0	0	0	0	0	0	37	
2664892172 : 	0	0	0	0	0	0	19	
2668508584 : 	0	0	0	0	0	0	19	
2668811012 : 	0	0	0	0	0	0	28	
2669113952 : 	0	0	0	0	0	0	37	
2670016660 : 	0	0	0	0	0	0	28	
2670921052 : 	0	0	0	0	0	0	19	
2671526592 : 	0	0	0	0	0	0	37	
2671824432 : 	0	0	0	0	0	0	A	
2672128476 : 	0	0	0	0	0	0	19	
2672428192 : 	0	0	0	0	0	0	28	
2673635612 : 	0	0	0	0	0	0	28	
2674538992 : 	0	0	0	0	0	0	19	
2674841768 : 	0	0	0	0	0	0	28	
2675144448 : 	0	0	0	0	0	0	37	
2675446196 : 	0	0	0	0	0	0	A	
2676047404 : 	0	0	0	0	0	0	28	
2676349832 : 	0	0	0	0	0	0	37	
2676651328 : 	0	0	0	0	0	0	A	
2676952396 : 	0	0	0	0	0	0	19	
2677556068 : 	0	0	0	0	0	0	37	
2677855692 : 	0	0	0	0	0	0	A	
2678459364 : 	0	0	0	0	0	0	28	
2678760432 : 	0	0	0	0	0	0	37	
2679062948 : 	0	0	0	0	0	0	A	
2679366992 : 	0	0	0	0	0	0	19	
2679665936 : 	0	0	0	0	0	0	28	
2679967348 : 	0	0	0	0	0	0	37	
2680570592 : 	0	0	0	0	0	0	19	
2681476948 : 	0	0	0	0	0	0	A	
2682680468 : 	0	0	0	0	0	0	A	
2682982636 : 	0	0	0	0	0	0	19	
2683587836 : 	0	0	0	0	0	0	37	
2683885336 : 	0	0	0	0	0	0	A	
2684187600 : 	0	0	0	0	0	0	19	
2684490884 : 	0	0	0	0	0	0	28	
2685091828 : 	0	0	0	0	0	0	A	
2685997084 : 	0	0	0	0	0	0	37	
2687502768 : 	0	0	0	0	0	0	A	
2688109328 : 	0	0	0	0	0	0	28	
2688408784 : 	0	0	0	0	0	0	37	
2688711128 : 	0	0	0	0	0	0	A	
2689013556 : 	0	0	0	0	0	0	19	
2689917532 : 	0	0	0	0	0	0	A	
2690218176 : 	0	0	0	0	0	0	19	
2691424584 : 	0	0	0	0	0	0	19	
2692025452 : 	0	0	0	0	0	0	37	
2692325924 : 	0	0	0	0	0	0	A	
2692630136 : 	0	0	0	0	0	0	19	
2692929168 : 	0	0	0	0	0	0	28	
2693231428 : 	0	0	0	0	0	0	37	
2693532412 : 	0	0	0	0	0	0	A	
2694137696 : 	0	0	0	0	0	0	28	
2694438684 : 	0	0	0	0	0	0	37	
2695041928 : 	0	0	0	0	0	0	19	
2695644328 : 	0	0	0	0	0	0	37	
2696249948 : 	0	0	0	0	0	0	19	
2696550680 : 	0	0	0	0	0	0	28	
2697152308 : 	0	0	0	0	0	0	A	
2697453124 : 	0	0	0	0	0	0	19	
2697755212 : 	0	0	0	0	0	0	28	
2698661144 : 	0	0	0	0	0	0	19	
2698960428 : 	0	0	0	0	0	0	28	
2700469772 : 	0	0	0	0	0	0	37	
2700769484 : 	0	0	0	0	0	0	A	
2701070044 : 	0	0	0	0	0	0	19	
2701673288 : 	0	0	0	0	0	0	37	
2701974444 : 	0	0	0	0	0	0	A	
2703784432 : 	0	0	0	0	0	0	28	
2704690616 : 	0	0	0	0	0	0	19	
2704990160 : 	0	0	0	0	0	0	28	
2705292588 : 	0	0	0	0	0	0	37	
2705592472 : 	0	0	0	0	0	0	A	
2706196224 : 	0	0	0	0	0	0	28	
2706497972 : 	0	0	0	0	0	0	37	
2707704804 : 	0	0	0	0	0	0	37	
2708005448 : 	0	0	0	0	0	0	A	
2708911296 : 	0	0	0	0	0	0	37	
2709211344 : 	0	0	0	0	0	0	A	
2709514112 : 	0	0	0	0	0	0	19	
2709811444 : 	0	0	0	0	0	0	28	
2710114128 : 	0	0	0	0	0	0	37	
2710717288 : 	0	0	0	0	0	0	19	
2711015808 : 	0	0	0	0	0	0	28	
2711925988 : 	0	0	0	0	0	0	19	
2712224852 : 	0	0	0	0	0	0	28	
2712525408 : 	0	0	0	0	0	0	37	
2712825204 : 	0	0	0	0	0	0	A	
2714034924 : 	0	0	0	0	0	0	A	
2714336248 : 	0	0	0	0	0	0	19	
2714635616 : 	0	0	0	0	0	0	28	
2716145732 : 	0	0	0	0	0	0	37	
2716746000 : 	0	0	0	0	0	0	19	
2717045540 : 	0	0	0	0	0	0	28	
2717651332 : 	0	0	0	0	0	0	A	
2718555988 : 	0	0	0	0	0	0	37	
2718854848 : 	0	0	0	0	0	0	A	
2719158724 : 	0	0	0	0	0	0	19	
2719760528 : 	0	0	0	0	0	0	37	
2720364108 : 	0	0	0	0	0	0	19	
2720666628 : 	0	0	0	0	0	0	28	
2721269188 : 	0	0	0	0	0	0	A	
2722774452 : 	0	0	0	0	0	0	19	
2723078164 : 	0	0	0	0	0	0	28	
2723378212 : 	0	0	0	0	0	0	37	
2724586736 : 	0	0	0	0	0	0	37	
2724886192 : 	0	0	0	0	0	0	A	
2725188880 : 	0	0	0	0	0	0	19	
2726394432 : 	0	0	0	0	0	0	19	
2726693804 : 	0	0	0	0	0	0	28	
2727296120 : 	0	0	0	0	0	0	A	
2727599904 : 	0	0	0	0	0	0	19	
2728806568 : 	0	0	0	0	0	0	19	
2729105084 : 	0	0	0	0	0	0	28	
2729406152 : 	0	0	0	0	0	0	37	
2729706288 : 	0	0	0	0	0	0	A	
2730309956 : 	0	0	0	0	0	0	28	
2731515600 : 	0	0	0	0	0	0	28	
2731816496 : 	0	0	0	0	0	0	37	
2732118844 : 	0	0	0	0	0	0	A	
2733326864 : 	0	0	0	0	0	0	A	
2733627168 : 	0	0	0	0	0	0	19	
2733928324 : 	0	0	0	0	0	0	28	
2734230160 : 	0	0	0	0	0	0	37	
2734835952 : 	0	0	0	0	0	0	19	
2735135756 : 	0	0	0	0	0	0	28	
2735437844 : 	0	0	0	0	0	0	37	
2735737376 : 	0	0	0	0	0	0	A	
2736037768 : 	0	0	0	0	0	0	19	
2736341140 : 	0	0	0	0	0	0	28	
2737246468 : 	0	0	0	0	0	0	19	
2737848444 : 	0	0	0	0	0	0	37	
2738147296 : 	0	0	0	0	0	0	A	
2738447944 : 	0	0	0	0	0	0	19	
2738751136 : 	0	0	0	0	0	0	28	
2739356168 : 	0	0	0	0	0	0	A	
2739656132 : 	0	0	0	0	0	0	19	
2739955420 : 	0	0	0	0	0	0	28	
2740258356 : 	0	0	0	0	0	0	37	
2740860412 : 	0	0	0	0	0	0	19	
2741161736 : 	0	0	0	0	0	0	28	
2742366444 : 	0	0	0	0	0	0	28	
2742670316 : 	0	0	0	0	0	0	37	
2742969688 : 	0	0	0	0	0	0	A	
2743270760 : 	0	0	0	0	0	0	19	
2743571580 : 	0	0	0	0	0	0	28	
2743876296 : 	0	0	0	0	0	0	37	
2744176604 : 	0	0	0	0	0	0	A	
2744477248 : 	0	0	0	0	0	0	19	
2744777552 : 	0	0	0	0	0	0	28	
2745078196 : 	0	0	0	0	0	0	37	
2745380712 : 	0	0	0	0	0	0	A	
2746286728 : 	0	0	0	0	0	0	37	
2746889804 : 	0	0	0	0	0	0	19	
2747190284 : 	0	0	0	0	0	0	28	
2748398728 : 	0	0	0	0	0	0	28	
2748700556 : 	0	0	0	0	0	0	37	
2749000268 : 	0	0	0	0	0	0	A	
2750208124 : 	0	0	0	0	0	0	A	
2750509192 : 	0	0	0	0	0	0	19	
2750811200 : 	0	0	0	0	0	0	28	
2752317816 : 	0	0	0	0	0	0	37	
2752922592 : 	0	0	0	0	0	0	19	
2753221368 : 	0	0	0	0	0	0	28	
2753523288 : 	0	0	0	0	0	0	37	
2754427860 : 	0	0	0	0	0	0	28	
2754729692 : 	0	0	0	0	0	0	37	
2755029828 : 	0	0	0	0	0	0	A	
2755329964 : 	0	0	0	0	0	0	19	
2755934232 : 	0	0	0	0	0	0	37	
2756538832 : 	0	0	0	0	0	0	19	
2756840244 : 	0	0	0	0	0	0	28	
2757441276 : 	0	0	0	0	0	0	A	
2758043248 : 	0	0	0	0	0	0	28	
2758349248 : 	0	0	0	0	0	0	37	
2758950112 : 	0	0	0	0	0	0	19	
2759550552 : 	0	0	0	0	0	0	37	
2759852140 : 	0	0	0	0	0	0	A	
2760760612 : 	0	0	0	0	0	0	37	
2761059984 : 	0	0	0	0	0	0	A	
2761359776 : 	0	0	0	0	0	0	19	
2762569156 : 	0	0	0	0	0	0	19	
2762869376 : 	0	0	0	0	0	0	28	
2763169684 : 	0	0	0	0	0	0	37	
2763472452 : 	0	0	0	0	0	0	A	
2763774040 : 	0	0	0	0	0	0	19	
2764074088 : 	0	0	0	0	0	0	28	
2764375408 : 	0	0	0	0	0	0	37	
2764981032 : 	0	0	0	0	0	0	19	
2765281168 : 	0	0	0	0	0	0	28	
2765580624 : 	0	0	0	0	0	0	37	
2765882548 : 	0	0	0	0	0	0	A	
2766789752 : 	0	0	0	0	0	0	37	
2767088864 : 	0	0	0	0	0	0	A	
2767390528 : 	0	0	0	0	0	0	19	
2767992160 : 	0	0	0	0	0	0	37	
2768294164 : 	0	0	0	0	0	0	A	
2768595744 : 	0	0	0	0	0	0	19	
2769500056 : 	0	0	0	0	0	0	A	
2769801044 : 	0	0	0	0	0	0	19	
2770101604 : 	0	0	0	0	0	0	28	
2771009320 : 	0	0	0	0	0	0	19	
2771309452 : 	0	0	0	0	0	0	28	
2771609416 : 	0	0	0	0	0	0	37	
2771913036 : 	0	0	0	0	0	0	A	
2772514328 : 	0	0	0	0	0	0	28	
2772814892 : 	0	0	0	0	0	0	37	
2773421364 : 	0	0	0	0	0	0	19	
2773721836 : 	0	0	0	0	0	0	28	
2774022652 : 	0	0	0	0	0	0	37	
2774626412 : 	0	0	0	0	0	0	19	
2775529448 : 	0	0	0	0	0	0	A	
2775832984 : 	0	0	0	0	0	0	19	
2776132784 : 	0	0	0	0	0	0	28	
2776435292 : 	0	0	0	0	0	0	37	
2777341732 : 	0	0	0	0	0	0	28	
2777642972 : 	0	0	0	0	0	0	37	
2777944892 : 	0	0	0	0	0	0	A	
2778242564 : 	0	0	0	0	0	0	19	
2778543296 : 	0	0	0	0	0	0	28	
2780053912 : 	0	0	0	0	0	0	37	
2780353628 : 	0	0	0	0	0	0	A	
2780655116 : 	0	0	0	0	0	0	19	
2780956020 : 	0	0	0	0	0	0	28	
2781864668 : 	0	0	0	0	0	0	19	
2782162764 : 	0	0	0	0	0	0	28	
2782464428 : 	0	0	0	0	0	0	37	
2783067928 : 	0	0	0	0	0	0	19	
2783671432 : 	0	0	0	0	0	0	37	
2783973604 : 	0	0	0	0	0	0	A	
2787934588 : 	0	0	0	0	0	0	19	
2788238288 : 	0	0	0	0	0	0	28	
2788538168 : 	0	0	0	0	0	0	37	
2788839584 : 	0	0	0	0	0	0	A	
2789142692 : 	0	0	0	0	0	0	19	
2789746872 : 	0	0	0	0	0	0	37	
2790047256 : 	0	0	0	0	0	0	A	
2790349260 : 	0	0	0	0	0	0	19	
2790650840 : 	0	0	0	0	0	0	28	
2791252216 : 	0	0	0	0	0	0	A	
