566691288 : 	FF	F7	F	FF	FF	0	20	37	
569992008 : 	FF	F7	F	FF	FF	0	20	28	
571491916 : 	FF	F7	F	FF	FF	0	20	37	
572091848 : 	FF	F7	F	FF	FF	0	20	19	
572991828 : 	FF	F7	F	FF	FF	0	20	A	
579591992 : 	FF	F7	F	FF	FF	0	20	28	
581391868 : 	FF	F7	F	FF	FF	0	20	A	
581691748 : 	FF	F7	F	FF	FF	0	20	19	
587691728 : 	FF	F7	F	FF	FF	0	20	19	
587991948 : 	FF	F7	F	FF	FF	0	20	28	
589791992 : 	FF	F7	F	FF	FF	0	20	A	
591592036 : 	FF	F7	F	FF	FF	0	20	28	
592792152 : 	FF	F7	F	FF	FF	0	20	28	
594592112 : 	FF	F7	F	FF	FF	0	20	A	
596392156 : 	FF	F7	F	FF	FF	0	20	28	
598192032 : 	FF	F7	F	FF	FF	0	20	A	
602992152 : 	FF	F7	F	FF	FF	0	20	A	
605991976 : 	FF	F7	F	FF	FF	0	20	28	
608392116 : 	FF	F7	F	FF	FF	0	20	28	
610492212 : 	FF	F7	F	FF	FF	0	20	19	
611992292 : 	FF	F7	F	FF	FF	0	20	28	
716691088 : 	FF	F7	F	FF	FF	0	20	28	
720590800 : 	FF	F7	F	FF	FF	0	20	37	
721789988 : 	FF	F7	F	FF	FF	0	20	37	
722990864 : 	FF	F7	F	FF	FF	0	20	37	
727192328 : 	FF	F7	F	FF	FF	0	20	19	
728990928 : 	FF	F7	F	FF	FF	0	20	37	
734991164 : 	FF	F7	F	FF	FF	0	20	37	
746692176 : 	FF	F7	F	FF	FF	0	20	28	
749991112 : 	FF	F7	F	FF	FF	0	20	19	
750591296 : 	FF	F7	F	FF	FF	0	20	37	
752391264 : 	FF	F7	F	FF	FF	0	20	19	
755091284 : 	FF	F7	F	FF	FF	0	20	28	
758391576 : 	FF	F7	F	FF	FF	0	20	19	
763791880 : 	FF	F7	F	FF	FF	0	20	37	
764092104 : 	FF	F7	F	FF	FF	0	20	A	
768292292 : 	FF	F7	F	FF	FF	0	20	28	
770094128 : 	FF	F7	F	FF	FF	0	20	A	
777292864 : 	FF	F7	F	FF	FF	0	20	A	
783293260 : 	FF	F7	F	FF	FF	0	20	A	
789593460 : 	FF	F7	F	FF	FF	0	20	19	
790793244 : 	FF	F7	F	FF	FF	0	20	19	
796494612 : 	FF	F7	F	FF	FF	0	20	A	
808194608 : 	FF	F7	F	FF	FF	0	20	37	
813297412 : 	FF	F7	F	FF	FF	0	20	A	
814795112 : 	FF	F7	F	FF	FF	0	20	19	
817195256 : 	FF	F7	F	FF	FF	0	20	19	
821696524 : 	FF	F7	F	FF	FF	0	20	A	
824995968 : 	FF	F7	F	FF	FF	0	20	37	
828596224 : 	FF	F7	F	FF	FF	0	20	37	
834598156 : 	FF	F7	F	FF	FF	0	20	37	
845097780 : 	FF	F7	F	FF	FF	0	20	28	
847497756 : 	FF	F7	F	FF	FF	0	20	28	
859797936 : 	FF	F7	F	FF	FF	0	20	37	
860699364 : 	FF	F7	F	FF	FF	0	20	28	
866698576 : 	FF	F7	F	FF	FF	0	20	28	
874200336 : 	FF	F7	F	FF	FF	0	20	37	
875100404 : 	FF	F7	F	FF	FF	0	20	28	
876901388 : 	FF	F7	F	FF	FF	0	20	A	
883801344 : 	FF	F7	F	FF	FF	0	20	37	
884701576 : 	FF	F7	F	FF	FF	0	20	28	
886501792 : 	FF	F7	F	FF	FF	0	20	A	
892501516 : 	FF	F7	F	FF	FF	0	20	A	
893402772 : 	FF	F7	F	FF	FF	0	20	37	
895502696 : 	FF	F7	F	FF	FF	0	20	28	
896102796 : 	FF	F7	F	FF	FF	0	20	A	
897303080 : 	FF	F7	F	FF	FF	0	20	A	
899703312 : 	FF	F7	F	FF	FF	0	20	A	
904803488 : 	FF	F7	F	FF	FF	0	20	19	
907504100 : 	FF	F7	F	FF	FF	0	20	28	
909003932 : 	FF	F7	F	FF	FF	0	20	37	
913204540 : 	FF	F7	F	FF	FF	0	20	19	
914404656 : 	FF	F7	F	FF	FF	0	20	19	
922805632 : 	FF	F7	F	FF	FF	0	20	19	
923405648 : 	FF	F7	F	FF	FF	0	20	37	
925205948 : 	FF	F7	F	FF	FF	0	20	19	
928206192 : 	FF	F7	F	FF	FF	0	20	37	
944108248 : 	FF	F7	F	FF	FF	0	20	A	
947408456 : 	FF	F7	F	FF	FF	0	20	37	
949208756 : 	FF	F7	F	FF	FF	0	20	19	
950108908 : 	FF	F7	F	FF	FF	0	20	A	
954309520 : 	FF	F7	F	FF	FF	0	20	28	
967511892 : 	FF	F7	F	FF	FF	0	20	28	
968112076 : 	FF	F7	F	FF	FF	0	20	A	
968412128 : 	FF	F7	F	FF	FF	0	20	19	
969012140 : 	FF	F7	F	FF	FF	0	20	37	
969612496 : 	FF	F7	F	FF	FF	0	20	19	
972312436 : 	FF	F7	F	FF	FF	0	20	28	
973212848 : 	FF	F7	F	FF	FF	0	20	19	
977713172 : 	FF	F7	F	FF	FF	0	20	A	
978913288 : 	FF	F7	F	FF	FF	0	20	A	
979213424 : 	FF	F7	F	FF	FF	0	20	19	
980713588 : 	FF	F7	F	FF	FF	0	20	28	
981313604 : 	FF	F7	F	FF	FF	0	20	A	
989114812 : 	FF	F7	F	FF	FF	0	20	28	
995415520 : 	FF	F7	F	FF	FF	0	20	37	
999616136 : 	FF	F7	F	FF	FF	0	20	19	
1003817264 : 	FF	F7	F	FF	FF	0	20	37	
1005015848 : 	FF	F7	F	FF	FF	0	20	37	
1012217640 : 	FF	F7	F	FF	FF	0	20	37	
1016117364 : 	FF	F7	F	FF	FF	0	20	A	
1017917656 : 	FF	F7	F	FF	FF	0	20	28	
1026018240 : 	FF	F7	F	FF	FF	0	20	19	
1026318548 : 	FF	F7	F	FF	FF	0	20	28	
1040720520 : 	FF	F7	F	FF	FF	0	20	28	
1049420612 : 	FF	F7	F	FF	FF	0	20	37	
1050021308 : 	FF	F7	F	FF	FF	0	20	19	
1056021456 : 	FF	F7	F	FF	FF	0	20	19	
1057821672 : 	FF	F7	F	FF	FF	0	20	37	
1059021964 : 	FF	F7	F	FF	FF	0	20	37	
1059621800 : 	FF	F7	F	FF	FF	0	20	19	
1067724684 : 	FF	F7	F	FF	FF	0	20	A	
1072225436 : 	FF	F7	F	FF	FF	0	20	37	
1073724068 : 	FF	F7	F	FF	FF	0	20	A	
1074924268 : 	FF	F7	F	FF	FF	0	20	A	
1077925448 : 	FF	F7	F	FF	FF	0	20	28	
1079124796 : 	FF	F7	F	FF	FF	0	20	28	
1080926204 : 	FF	F7	F	FF	FF	0	20	A	
1082125388 : 	FF	F7	F	FF	FF	0	20	A	
1084526460 : 	FF	F7	F	FF	FF	0	20	A	
1085126560 : 	FF	F7	F	FF	FF	0	20	28	
1086926692 : 	FF	F7	F	FF	FF	0	20	A	
1087825736 : 	FF	F7	F	FF	FF	0	20	37	
1092626368 : 	FF	F7	F	FF	FF	0	20	37	
1096528044 : 	FF	F7	F	FF	FF	0	20	A	
1103729152 : 	FF	F7	F	FF	FF	0	20	A	
1104929352 : 	FF	F7	F	FF	FF	0	20	A	
1109730152 : 	FF	F7	F	FF	FF	0	20	A	
1110630216 : 	FF	F7	F	FF	FF	0	20	37	
1111231848 : 	FF	F7	F	FF	FF	0	20	19	
1112730568 : 	FF	F7	F	FF	FF	0	20	28	
1117231240 : 	FF	F7	F	FF	FF	0	20	19	
1123232064 : 	FF	F7	F	FF	FF	0	20	19	
1124132296 : 	FF	F7	F	FF	FF	0	20	A	
1125632376 : 	FF	F7	F	FF	FF	0	20	19	
1131933000 : 	FF	F7	F	FF	FF	0	20	28	
1134033436 : 	FF	F7	F	FF	FF	0	20	19	
1137634036 : 	FF	F7	F	FF	FF	0	20	19	
1139134288 : 	FF	F7	F	FF	FF	0	20	28	
1142433560 : 	FF	F7	F	FF	FF	0	20	19	
1143334900 : 	FF	F7	F	FF	FF	0	20	A	
1143634696 : 	FF	F7	F	FF	FF	0	20	19	
1147835228 : 	FF	F7	F	FF	FF	0	20	37	
1149035512 : 	FF	F7	F	FF	FF	0	20	37	
1155636696 : 	FF	F7	F	FF	FF	0	20	19	
1156236544 : 	FF	F7	F	FF	FF	0	20	37	
1157436996 : 	FF	F7	F	FF	FF	0	20	37	
1158937248 : 	FF	F7	F	FF	FF	0	20	A	
1161037428 : 	FF	F7	F	FF	FF	0	20	37	
1161337476 : 	FF	F7	F	FF	FF	0	20	A	
1162237712 : 	FF	F7	F	FF	FF	0	20	37	
1167938916 : 	FF	F7	F	FF	FF	0	20	28	
1174839308 : 	FF	F7	F	FF	FF	0	20	19	
1175739368 : 	FF	F7	F	FF	FF	0	20	A	
1176040948 : 	FF	F7	F	FF	FF	0	20	19	
1178740124 : 	FF	F7	F	FF	FF	0	20	28	
1179340308 : 	FF	F7	F	FF	FF	0	20	A	
1187441232 : 	FF	F7	F	FF	FF	0	20	37	
1189241616 : 	FF	F7	F	FF	FF	0	20	19	
1190441816 : 	FF	F7	F	FF	FF	0	20	19	
1216846388 : 	FF	F7	F	FF	FF	0	20	19	
1221647100 : 	FF	F7	F	FF	FF	0	20	19	
1224047588 : 	FF	F7	F	FF	FF	0	20	19	
1226447992 : 	FF	F7	F	FF	FF	0	20	19	
1230648600 : 	FF	F7	F	FF	FF	0	20	37	
1234549676 : 	FF	F7	F	FF	FF	0	20	A	
1239649932 : 	FF	F7	F	FF	FF	0	20	19	
1242650432 : 	FF	F7	F	FF	FF	0	20	37	
1252251436 : 	FF	F7	F	FF	FF	0	20	37	
1255851440 : 	FF	F7	F	FF	FF	0	20	37	
1260952888 : 	FF	F7	F	FF	FF	0	20	A	
1261252256 : 	FF	F7	F	FF	FF	0	20	19	
1261553240 : 	FF	F7	F	FF	FF	0	20	28	
1264553400 : 	FF	F7	F	FF	FF	0	20	A	
1265153332 : 	FF	F7	F	FF	FF	0	20	28	
1265453552 : 	FF	F7	F	FF	FF	0	20	37	
1266653752 : 	FF	F7	F	FF	FF	0	20	37	
1271754688 : 	FF	F7	F	FF	FF	0	20	A	
1277155336 : 	FF	F7	F	FF	FF	0	20	28	
1289457212 : 	FF	F7	F	FF	FF	0	20	37	
1295458388 : 	FF	F7	F	FF	FF	0	20	37	
1303559648 : 	FF	F7	F	FF	FF	0	20	28	
1304459200 : 	FF	F7	F	FF	FF	0	20	19	
1308360108 : 	FF	F7	F	FF	FF	0	20	28	
1310460712 : 	FF	F7	F	FF	FF	0	20	19	
1313460788 : 	FF	F7	F	FF	FF	0	20	37	
1313761176 : 	FF	F7	F	FF	FF	0	20	A	
1314060972 : 	FF	F7	F	FF	FF	0	20	19	
1317361608 : 	FF	F7	F	FF	FF	0	20	A	
1326363192 : 	FF	F7	F	FF	FF	0	20	28	
1328462352 : 	FF	F7	F	FF	FF	0	20	19	
1328762656 : 	FF	F7	F	FF	FF	0	20	28	
1329663316 : 	FF	F7	F	FF	FF	0	20	19	
1334164152 : 	FF	F7	F	FF	FF	0	20	A	
1334763400 : 	FF	F7	F	FF	FF	0	20	28	
1338664564 : 	FF	F7	F	FF	FF	0	20	37	
1342264144 : 	FF	F7	F	FF	FF	0	20	37	
1343765752 : 	FF	F7	F	FF	FF	0	20	A	
1353367352 : 	FF	F7	F	FF	FF	0	20	A	
1356967696 : 	FF	F7	F	FF	FF	0	20	A	
1357267576 : 	FF	F7	F	FF	FF	0	20	19	
1372924528 : 	FF	F7	F	FF	FF	0	80	13	
1373524628 : 	FF	F7	F	FF	FF	0	80	31	
1383428488 : 	FF	F7	F	FF	FF	0	20	A	
1384626564 : 	FF	F7	F	FF	FF	0	20	A	
1390327428 : 	FF	F7	F	FF	FF	0	20	37	
1392127896 : 	FF	F7	F	FF	FF	0	20	19	
1396028380 : 	FF	F7	F	FF	FF	0	20	28	
1400228228 : 	FF	F7	F	FF	FF	0	20	A	
1405330692 : 	FF	F7	F	FF	FF	0	20	19	
1418531788 : 	FF	F7	F	FF	FF	0	20	19	
1419431260 : 	FF	F7	F	FF	FF	0	20	A	
1420031188 : 	FF	F7	F	FF	FF	0	20	28	
1420330984 : 	FF	F7	F	FF	FF	0	20	37	
1424832836 : 	FF	F7	F	FF	FF	0	20	28	
1425131536 : 	FF	F7	F	FF	FF	0	20	37	
1427534140 : 	FF	F7	F	FF	FF	0	20	37	
1428433352 : 	FF	F7	F	FF	FF	0	20	28	
1429333168 : 	FF	F7	F	FF	FF	0	20	19	
1430832732 : 	FF	F7	F	FF	FF	0	20	28	
1432334256 : 	FF	F7	F	FF	FF	0	20	37	
1434133964 : 	FF	F7	F	FF	FF	0	20	19	
1438334576 : 	FF	F7	F	FF	FF	0	20	37	
1440135388 : 	FF	F7	F	FF	FF	0	20	19	
1450936592 : 	FF	F7	F	FF	FF	0	20	19	
1452436676 : 	FF	F7	F	FF	FF	0	20	28	
1453637212 : 	FF	F7	F	FF	FF	0	20	28	
1459337824 : 	FF	F7	F	FF	FF	0	20	19	
1465038180 : 	FF	F7	F	FF	FF	0	20	A	
1469839572 : 	FF	F7	F	FF	FF	0	20	A	
1470138524 : 	FF	F7	F	FF	FF	0	20	19	
1472239972 : 	FF	F7	F	FF	FF	0	20	A	
1472539936 : 	FF	F7	F	FF	FF	0	20	19	
1475240728 : 	FF	F7	F	FF	FF	0	20	28	
1476140536 : 	FF	F7	F	FF	FF	0	20	19	
1477940836 : 	FF	F7	F	FF	FF	0	20	37	
1482741468 : 	FF	F7	F	FF	FF	0	20	37	
1483041688 : 	FF	F7	F	FF	FF	0	20	A	
1487316856 : 	FF	F7	F	FF	FF	0	80	4	
1489116312 : 	FF	F7	F	FF	FF	0	80	22	
2261352892 : 	FF	F7	F	FF	FF	0	80	13	
2262853656 : 	FF	F7	F	FF	FF	0	20	28	
2267354060 : 	FF	F7	F	FF	FF	0	20	19	
2270353284 : 	FF	F7	F	FF	FF	0	20	37	
2271855832 : 	FF	F7	F	FF	FF	0	20	A	
2276354712 : 	FF	F7	F	FF	FF	0	20	37	
2281154492 : 	FF	F7	F	FF	FF	0	20	37	
2287154724 : 	FF	F7	F	FF	FF	0	20	37	
2287454860 : 	FF	F7	F	FF	FF	0	20	A	
2293154884 : 	FF	F7	F	FF	FF	0	20	37	
2298856336 : 	FF	F7	F	FF	FF	0	20	28	
2299755720 : 	FF	F7	F	FF	FF	0	20	19	
2305155940 : 	FF	F7	F	FF	FF	0	20	37	
2318357036 : 	FF	F7	F	FF	FF	0	20	37	
2330358188 : 	FF	F7	F	FF	FF	0	20	37	
2331258592 : 	FF	F7	F	FF	FF	0	20	28	
2340559204 : 	FF	F7	F	FF	FF	0	20	19	
2345060808 : 	FF	F7	F	FF	FF	0	20	A	
2346860936 : 	FF	F7	F	FF	FF	0	20	28	
2348661068 : 	FF	F7	F	FF	FF	0	20	A	
2364562272 : 	FF	F5	F	FF	FF	0	20	1B	
2368463516 : 	FF	F4	F	FF	FF	0	20	2B	
2378663772 : 	FF	F6	F	FF	FF	0	20	B	
2391564816 : 	FF	F6	F	FF	FF	0	20	38	
2392465052 : 	FF	F6	F	FF	FF	0	20	29	
2392764760 : 	FF	F6	F	FF	FF	0	20	38	
2394865112 : 	FF	F6	F	FF	FF	0	20	29	
2399365188 : 	FF	F6	F	FF	FF	0	20	1A	
2400565300 : 	FF	F6	F	FF	FF	0	20	1A	
2404765748 : 	FF	F6	F	FF	FF	0	20	38	
2405365584 : 	FF	F6	F	FF	FF	0	20	1A	
2416166452 : 	FF	F6	F	FF	FF	0	20	1A	
2420068120 : 	FF	F6	F	FF	FF	0	20	29	
2427869080 : 	FF	F6	F	FF	FF	0	20	B	
2429069196 : 	FF	F6	F	FF	FF	0	20	B	
2432970016 : 	FF	F6	F	FF	FF	0	20	1A	
2434769048 : 	FF	F6	F	FF	FF	0	20	38	
2435069260 : 	FF	F6	F	FF	FF	0	20	B	
2437769376 : 	FF	F6	F	FF	FF	0	20	1A	
2440170792 : 	FF	F6	F	FF	FF	0	20	1A	
2444971336 : 	FF	F6	F	FF	FF	0	20	1A	
2447371652 : 	FF	F6	F	FF	FF	0	20	1A	
2448571596 : 	FF	F6	F	FF	FF	0	20	1A	
2453371800 : 	FF	F6	F	FF	FF	0	20	1A	
2459673020 : 	FF	F6	F	FF	FF	0	20	29	
2460873220 : 	FF	F6	F	FF	FF	0	20	29	
2461473576 : 	FF	F6	F	FF	FF	0	20	B	
2471074496 : 	FF	F6	F	FF	FF	0	20	B	
2477375292 : 	FF	F7	F	FF	FF	0	20	19	
2479475816 : 	FF	F7	F	FF	FF	0	20	A	
2483976228 : 	FF	F7	F	FF	FF	0	20	37	
2484576412 : 	FF	F7	F	FF	FF	0	20	19	
2488476972 : 	FF	F7	F	FF	FF	0	20	28	
2489376016 : 	FF	F7	F	FF	FF	0	20	19	
2498078232 : 	FF	F7	F	FF	FF	0	20	28	
2501078732 : 	FF	F7	F	FF	FF	0	20	A	
2503479132 : 	FF	F7	F	FF	FF	0	20	A	
2505279260 : 	FF	F7	F	FF	FF	0	20	28	
2510679232 : 	FF	F7	F	FF	FF	0	20	A	
2518180992 : 	FF	F7	F	FF	FF	0	20	19	
2519682256 : 	FF	F7	F	FF	FF	0	20	28	
2536784852 : 	FF	F7	F	FF	FF	0	20	37	
2537085324 : 	FF	F7	F	FF	FF	0	20	A	
2539183976 : 	FF	F7	F	FF	FF	0	20	37	
2541584468 : 	FF	F7	F	FF	FF	0	20	37	
2543984696 : 	FF	F7	F	FF	FF	0	20	37	
2545185148 : 	FF	F7	F	FF	FF	0	20	37	
2546385092 : 	FF	F7	F	FF	FF	0	20	37	
2546685224 : 	FF	F7	F	FF	FF	0	20	A	
2551185892 : 	FF	F7	F	FF	FF	0	20	37	
2552986020 : 	FF	F7	F	FF	FF	0	20	19	
2555686640 : 	FF	F7	F	FF	FF	0	20	28	
2558086532 : 	FF	F7	F	FF	FF	0	20	28	
2563787564 : 	FF	F7	F	FF	FF	0	20	19	
2565888176 : 	FF	F7	F	FF	FF	0	20	A	
2570388588 : 	FF	F7	F	FF	FF	0	20	37	
2574589280 : 	FF	F7	F	FF	FF	0	20	19	
2574889244 : 	FF	F7	F	FF	FF	0	20	28	
2577289900 : 	FF	F7	F	FF	FF	0	20	28	
2578189796 : 	FF	F7	F	FF	FF	0	20	19	
2578789728 : 	FF	F7	F	FF	FF	0	20	37	
2597693640 : 	FF	F7	F	FF	FF	0	20	28	
2598593628 : 	FF	F7	F	FF	FF	0	20	19	
2605495792 : 	FF	F7	F	FF	FF	0	20	A	
2611495772 : 	FF	F7	F	FF	FF	0	20	A	
2612696056 : 	FF	F7	F	FF	FF	0	20	A	
2613896680 : 	FF	F7	F	FF	FF	0	20	A	
2616296576 : 	FF	F7	F	FF	FF	0	20	A	
2621697300 : 	FF	F7	F	FF	FF	0	20	28	
2621997012 : 	FF	F7	F	FF	FF	0	20	37	
2628297552 : 	FF	F7	F	FF	FF	0	20	A	
2631898068 : 	FF	F7	F	FF	FF	0	20	A	
2632197776 : 	FF	F7	F	FF	FF	0	20	19	
2633398232 : 	FF	F7	F	FF	FF	0	20	19	
2634598436 : 	FF	F7	F	FF	FF	0	20	19	
2635798636 : 	FF	F7	F	FF	FF	0	20	19	
2636098172 : 	FF	F7	F	FF	FF	0	20	28	
2637598932 : 	FF	F7	F	FF	FF	0	20	37	
2640299464 : 	FF	F7	F	FF	FF	0	20	A	
2644799960 : 	FF	F7	F	FF	FF	0	20	37	
2647500240 : 	FF	F7	F	FF	FF	0	20	A	
2649600420 : 	FF	F7	F	FF	FF	0	20	37	
2656200672 : 	FF	F7	F	FF	FF	0	20	19	
2661901876 : 	FF	F7	F	FF	FF	0	20	A	
2666402200 : 	FF	F7	F	FF	FF	0	20	37	
2670303108 : 	FF	F7	F	FF	FF	0	20	A	
2674504656 : 	FF	F7	F	FF	FF	0	20	28	
2677803844 : 	FF	F7	F	FF	FF	0	20	19	
2678105176 : 	FF	F7	F	FF	FF	0	20	28	
2680504804 : 	FF	F7	F	FF	FF	0	20	28	
2681404452 : 	FF	F7	F	FF	FF	0	20	19	
2682304852 : 	FF	F7	F	FF	FF	0	20	A	
2688905952 : 	FF	F7	F	FF	FF	0	20	28	
2689206936 : 	FF	F7	F	FF	FF	0	20	37	
2690407052 : 	FF	F7	F	FF	FF	0	20	37	
2693706752 : 	FF	F7	F	FF	FF	0	20	28	
2702109088 : 	FF	F7	F	FF	FF	0	20	28	
2708110000 : 	FF	F7	F	FF	FF	0	20	28	
2711410380 : 	FF	F7	F	FF	FF	0	20	19	
2712010312 : 	FF	F7	F	FF	FF	0	20	37	
2718312212 : 	FF	F2	F	FF	FF	0	20	F	
2724012148 : 	FF	F2	F	FF	FF	0	20	3C	
2724912544 : 	FF	F2	F	FF	FF	0	20	2D	
2725212424 : 	FF	F2	F	FF	FF	0	20	3C	
2726113172 : 	FF	F2	F	FF	FF	0	20	2D	
2730914996 : 	FF	F2	F	FF	FF	0	20	2D	
2733914044 : 	FF	F2	F	FF	FF	0	20	F	
2734513216 : 	FF	F2	F	FF	FF	0	20	2D	
2735414388 : 	FF	F2	F	FF	FF	0	20	1E	
2742014044 : 	FF	F2	F	FF	FF	0	20	3C	
2745015476 : 	FF	F2	F	FF	FF	0	20	1E	
2747414764 : 	FF	F2	F	FF	FF	0	20	1E	
2758517976 : 	FF	F2	F	FF	FF	0	20	2D	
2767819272 : 	FF	F2	F	FF	FF	0	20	1E	
2790397628 : 	FF	F7	F	FF	FF	0	80	4	
