557092068 : 	0	0	0	0	0	0	1	35	
560091888 : 	0	0	0	0	0	0	1	17	
567893440 : 	0	0	0	0	0	0	1	35	
569091856 : 	0	0	0	0	0	0	1	35	
573591840 : 	0	0	0	0	0	0	1	26	
573891976 : 	0	0	0	0	0	0	1	35	
575992928 : 	0	0	0	0	0	0	1	26	
580492908 : 	0	0	0	0	0	0	1	17	
589492196 : 	0	0	0	0	0	0	1	35	
597592528 : 	0	0	0	0	0	0	1	26	
603892388 : 	0	0	0	0	0	0	3	33	
608092244 : 	0	0	0	0	0	0	1	17	
613792676 : 	0	0	0	0	0	0	1	8	
617392088 : 	0	0	0	0	0	0	1	8	
713691012 : 	0	0	0	0	0	0	1	8	
716090484 : 	0	0	0	0	0	0	1	8	
725091552 : 	0	0	0	0	0	0	1	26	
725391260 : 	0	0	0	0	0	0	1	35	
726291668 : 	0	0	0	0	0	0	1	26	
728691640 : 	0	0	0	0	0	0	1	26	
735892076 : 	0	0	0	0	0	0	1	26	
740091248 : 	0	0	0	0	0	0	1	8	
740392656 : 	0	0	0	0	0	0	1	17	
744591492 : 	0	0	0	0	0	0	3	33	
744892896 : 	0	0	0	0	0	0	3	6	
746091144 : 	0	0	0	0	0	0	3	6	
756891584 : 	0	0	0	0	0	0	1	8	
757191808 : 	0	0	0	0	0	0	1	17	
759291812 : 	0	0	0	0	0	0	1	8	
765292132 : 	0	0	0	0	0	0	3	6	
765892488 : 	0	0	0	0	0	0	3	24	
768892992 : 	0	0	0	0	0	0	3	6	
772492484 : 	0	0	0	0	0	0	3	6	
773991628 : 	0	0	0	0	0	0	3	15	
776392796 : 	0	0	0	0	0	0	3	15	
780893628 : 	0	0	0	0	0	0	3	6	
785992608 : 	0	0	0	0	0	0	3	15	
786293936 : 	0	0	0	0	0	0	3	24	
797694472 : 	0	0	0	0	0	0	1	8	
800094532 : 	0	0	0	0	0	0	3	6	
802794564 : 	0	0	0	0	0	0	3	15	
810895404 : 	0	0	0	0	0	0	3	6	
814195268 : 	0	0	0	0	0	0	1	35	
815695600 : 	0	0	0	0	0	0	1	8	
820496060 : 	0	0	0	0	0	0	1	8	
827096652 : 	0	0	0	0	0	0	1	26	
833396772 : 	0	0	0	0	0	0	1	35	
833996696 : 	0	0	0	0	0	0	1	17	
836397104 : 	0	0	0	0	0	0	1	17	
837297416 : 	0	0	0	0	0	0	1	8	
838197144 : 	0	0	0	0	0	0	1	35	
842397588 : 	0	0	0	0	0	0	3	15	
844797816 : 	0	0	0	0	0	0	3	15	
846298068 : 	0	0	0	0	0	0	3	24	
854398736 : 	0	0	0	0	0	0	3	15	
855899920 : 	0	0	0	0	0	0	3	24	
862799372 : 	0	0	0	0	0	0	1	17	
863399472 : 	0	0	0	0	0	0	1	35	
865499652 : 	0	0	0	0	0	0	1	26	
867599748 : 	0	0	0	0	0	0	1	17	
872699660 : 	0	0	0	0	0	0	1	26	
873900540 : 	0	0	0	0	0	0	1	26	
877202876 : 	0	0	0	0	0	0	1	17	
877800768 : 	0	0	0	0	0	0	1	35	
882901364 : 	0	0	0	0	0	0	1	8	
886201828 : 	0	0	0	0	0	0	1	35	
888302008 : 	0	0	0	0	0	0	1	26	
900603292 : 	0	0	0	0	0	0	1	35	
901203392 : 	0	0	0	0	0	0	1	17	
902404356 : 	0	0	0	0	0	0	1	17	
903903928 : 	0	0	0	0	0	0	1	26	
909903396 : 	0	0	0	0	0	0	1	26	
910805168 : 	0	0	0	0	0	0	1	17	
911404496 : 	0	0	0	0	0	0	1	35	
913804728 : 	0	0	0	0	0	0	1	35	
914704280 : 	0	0	0	0	0	0	1	26	
918305560 : 	0	0	0	0	0	0	1	26	
918906340 : 	0	0	0	0	0	0	1	8	
921605600 : 	0	0	0	0	0	0	1	17	
931506996 : 	0	0	0	0	0	0	1	26	
933307296 : 	0	0	0	0	0	0	1	8	
936307888 : 	0	0	0	0	0	0	1	26	
940207684 : 	0	0	0	0	0	0	1	35	
945308708 : 	0	0	0	0	0	0	1	8	
945608328 : 	0	0	0	0	0	0	1	17	
946808528 : 	0	0	0	0	0	0	1	17	
953709932 : 	0	0	0	0	0	0	1	8	
959111088 : 	0	0	0	0	0	0	1	26	
961511316 : 	0	0	0	0	0	0	1	26	
966012072 : 	0	0	0	0	0	0	1	17	
966612088 : 	0	0	0	0	0	0	1	35	
969312452 : 	0	0	0	0	0	0	1	8	
973512976 : 	0	0	0	0	0	0	1	26	
973813196 : 	0	0	0	0	0	0	1	35	
980413788 : 	0	0	0	0	0	0	1	17	
990315352 : 	0	0	0	0	0	0	3	24	
990615316 : 	0	0	0	0	0	0	2	34	
993015548 : 	0	0	0	0	0	0	3	33	
994214812 : 	0	0	0	0	0	0	3	33	
996915772 : 	0	0	0	0	0	0	2	7	
998715816 : 	0	0	0	0	0	0	3	24	
1000516204 : 	0	0	0	0	0	0	3	6	
1001116216 : 	0	0	0	0	0	0	3	24	
1001416268 : 	0	0	0	0	0	0	3	33	
1010117208 : 	0	0	0	0	0	0	1	8	
1011017188 : 	0	0	0	0	0	0	1	35	
1011617288 : 	0	0	0	0	0	0	1	17	
1011917252 : 	0	0	0	0	0	0	1	26	
1013717552 : 	0	0	0	0	0	0	1	8	
1015517512 : 	0	0	0	0	0	0	1	26	
1020618792 : 	0	0	0	0	0	0	1	35	
1022118528 : 	0	0	0	0	0	0	1	8	
1024820084 : 	0	0	0	0	0	0	1	17	
1026919240 : 	0	0	0	0	0	0	1	8	
1032319972 : 	0	0	0	0	0	0	1	26	
1034419728 : 	0	0	0	0	0	0	1	17	
1035619672 : 	0	0	0	0	0	0	1	17	
1039520492 : 	0	0	0	0	0	0	1	26	
1039820288 : 	0	0	0	0	0	0	1	35	
1042820532 : 	0	0	0	0	0	0	1	17	
1056621896 : 	0	0	0	0	0	0	1	35	
1070123808 : 	0	0	0	0	0	0	1	8	
1083626312 : 	0	0	0	0	0	0	1	17	
1083926624 : 	0	0	0	0	0	0	1	26	
1102529208 : 	0	0	0	0	0	0	1	8	
1108830088 : 	0	0	0	0	0	0	1	17	
1113030792 : 	0	0	0	0	0	0	1	35	
1114830924 : 	0	0	0	0	0	0	1	17	
1126532780 : 	0	0	0	0	0	0	1	8	
1135534120 : 	0	0	0	0	0	0	1	26	
1146635536 : 	0	0	0	0	0	0	1	35	
1146936444 : 	0	0	0	0	0	0	1	8	
1148735888 : 	0	0	0	0	0	0	1	26	
1150235032 : 	0	0	0	0	0	0	1	35	
1153236468 : 	0	0	0	0	0	0	1	17	
1154736972 : 	0	0	0	0	0	0	1	26	
1162836792 : 	0	0	0	0	0	0	3	15	
1163137352 : 	0	0	0	0	0	0	3	24	
1165838140 : 	0	0	0	0	0	0	2	34	
1166738632 : 	0	0	0	0	0	0	3	24	
1167338732 : 	0	0	0	0	0	0	2	7	
1168538848 : 	0	0	0	0	0	0	2	7	
1177840056 : 	0	0	0	0	0	0	3	33	
1182940908 : 	0	0	0	0	0	0	3	6	
1188041672 : 	0	0	0	0	0	0	3	15	
1189841976 : 	0	0	0	0	0	0	3	33	
1190742292 : 	0	0	0	0	0	0	3	24	
1191642192 : 	0	0	0	0	0	0	3	15	
1192842728 : 	0	0	0	0	0	0	3	15	
1193742708 : 	0	0	0	0	0	0	3	6	
1194342636 : 	0	0	0	0	0	0	3	24	
1195842888 : 	0	0	0	0	0	0	3	33	
1197042840 : 	0	0	0	0	0	0	3	33	
1198543424 : 	0	0	0	0	0	0	3	6	
1200643688 : 	0	0	0	0	0	0	3	33	
1202143768 : 	0	0	0	0	0	0	3	6	
1209945160 : 	0	0	0	0	0	0	3	24	
1210845132 : 	0	0	0	0	0	0	1	17	
1211746132 : 	0	0	0	0	0	0	1	8	
1212346316 : 	0	0	0	0	0	0	1	26	
1216246712 : 	0	0	0	0	0	0	1	35	
1216546940 : 	0	0	0	0	0	0	1	8	
1219848756 : 	0	0	0	0	0	0	1	35	
1220748992 : 	0	0	0	0	0	0	1	26	
1221947664 : 	0	0	0	0	0	0	1	26	
1222547932 : 	0	0	0	0	0	0	1	8	
1228248968 : 	0	0	0	0	0	0	1	35	
1228548336 : 	0	0	0	0	0	0	1	8	
1230048588 : 	0	0	0	0	0	0	1	17	
1240851660 : 	0	0	0	0	0	0	1	17	
1242951160 : 	0	0	0	0	0	0	1	8	
1246250608 : 	0	0	0	0	0	0	1	35	
1248650924 : 	0	0	0	0	0	0	1	35	
1250151768 : 	0	0	0	0	0	0	1	8	
1254952228 : 	0	0	0	0	0	0	1	8	
1260653008 : 	0	0	0	0	0	0	3	33	
1267554072 : 	0	0	0	0	0	0	1	26	
1270554748 : 	0	0	0	0	0	0	1	8	
1276555488 : 	0	0	0	0	0	0	1	8	
1303259596 : 	0	0	0	0	0	0	3	15	
1303859696 : 	0	0	0	0	0	0	3	33	
1306260948 : 	0	0	0	0	0	0	3	33	
1307160332 : 	0	0	0	0	0	0	3	24	
1308660244 : 	0	0	0	0	0	0	3	33	
1309860528 : 	0	0	0	0	0	0	3	33	
1310761696 : 	0	0	0	0	0	0	3	24	
1320062228 : 	0	0	0	0	0	0	1	17	
1322762932 : 	0	0	0	0	0	0	1	26	
1324262840 : 	0	0	0	0	0	0	1	35	
1325763348 : 	0	0	0	0	0	0	1	8	
1329063556 : 	0	0	0	0	0	0	1	35	
1333264172 : 	0	0	0	0	0	0	1	17	
1336565920 : 	0	0	0	0	0	0	1	8	
1344965440 : 	0	0	0	0	0	0	1	8	
1345566392 : 	0	0	0	0	0	0	1	26	
1356067632 : 	0	0	0	0	0	0	1	17	
1358466928 : 	0	0	0	0	0	0	1	17	
1358768172 : 	0	0	0	0	0	0	1	26	
1359368776 : 	0	0	0	0	0	0	1	8	
1369624404 : 	0	0	0	0	0	0	1	26	
1379226936 : 	0	0	0	0	0	0	1	26	
1383127756 : 	0	0	0	0	0	0	1	35	
1391527712 : 	0	0	0	0	0	0	1	35	
1396929292 : 	0	0	0	0	0	0	1	17	
1407430448 : 	0	0	0	0	0	0	1	8	
1425732052 : 	0	0	0	0	0	0	1	17	
1431734072 : 	0	0	0	0	0	0	1	17	
1437734732 : 	0	0	0	0	0	0	1	17	
1441635388 : 	0	0	0	0	0	0	1	26	
1444935768 : 	0	0	0	0	0	0	1	17	
1445836340 : 	0	0	0	0	0	0	1	8	
1446135884 : 	0	0	0	0	0	0	1	17	
1446735212 : 	0	0	0	0	0	0	1	35	
1448236484 : 	0	0	0	0	0	0	1	8	
1449736732 : 	0	0	0	0	0	0	1	17	
1454537364 : 	0	0	0	0	0	0	1	17	
1455137548 : 	0	0	0	0	0	0	1	35	
1478541024 : 	0	0	0	0	0	0	1	17	
1488817284 : 	0	0	0	0	0	0	1	17	
2260153200 : 	0	0	0	0	0	0	1	17	
2271554508 : 	0	0	0	0	0	0	1	35	
2273654176 : 	0	0	0	0	0	0	1	26	
2273953892 : 	0	0	0	0	0	0	1	35	
2280855460 : 	0	0	0	0	0	0	1	26	
2281454716 : 	0	0	0	0	0	0	1	8	
2288354928 : 	0	0	0	0	0	0	1	35	
2290154972 : 	0	0	0	0	0	0	1	17	
2296155548 : 	0	0	0	0	0	0	1	17	
2296455680 : 	0	0	0	0	0	0	1	26	
2300656296 : 	0	0	0	0	0	0	1	8	
2314757032 : 	0	0	0	0	0	0	3	33	
2319257704 : 	0	0	0	0	0	0	1	26	
2322557820 : 	0	0	0	0	0	0	1	17	
2323757764 : 	0	0	0	0	0	0	1	17	
2327058316 : 	0	0	0	0	0	0	1	8	
2330058908 : 	0	0	0	0	0	0	1	26	
2334558888 : 	0	0	0	0	0	0	1	17	
2335459208 : 	0	0	0	0	0	0	1	8	
2338761284 : 	0	0	0	0	0	0	3	33	
2351661820 : 	0	0	0	0	0	0	1	26	
2351961280 : 	0	0	0	0	0	0	1	35	
2353462632 : 	0	0	0	0	0	0	1	8	
2357362600 : 	0	0	0	0	0	0	1	17	
2371763472 : 	0	0	0	0	0	0	3	15	
2372363324 : 	0	0	0	0	0	0	3	33	
2372963076 : 	0	0	0	0	0	0	3	15	
2375664036 : 	0	0	0	0	0	0	3	24	
2376262860 : 	0	0	0	0	0	0	2	7	
2382564336 : 	0	0	0	0	0	0	3	15	
2387064492 : 	0	0	0	0	0	0	3	6	
2387364540 : 	0	0	0	0	0	0	3	15	
2389764856 : 	0	0	0	0	0	0	1	17	
2390064820 : 	0	0	0	0	0	0	1	26	
2390964888 : 	0	0	0	0	0	0	1	17	
2393065236 : 	0	0	0	0	0	0	1	8	
2398166000 : 	0	0	0	0	0	0	1	17	
2398765592 : 	0	0	0	0	0	0	1	35	
2399066068 : 	0	0	0	0	0	0	1	8	
2401765156 : 	0	0	0	0	0	0	1	17	
2406867960 : 	0	0	0	0	0	0	1	26	
2407765732 : 	0	0	0	0	0	0	1	17	
2413766476 : 	0	0	0	0	0	0	1	17	
2416467944 : 	0	0	0	0	0	0	1	26	
2419768920 : 	0	0	0	0	0	0	1	17	
2421268496 : 	0	0	0	0	0	0	1	26	
2422167628 : 	0	0	0	0	0	0	1	17	
2425468944 : 	0	0	0	0	0	0	1	8	
2429968416 : 	0	0	0	0	0	0	1	35	
2434170132 : 	0	0	0	0	0	0	3	15	
2451872572 : 	0	0	0	0	0	0	1	8	
2452172364 : 	0	0	0	0	0	0	1	17	
2452472332 : 	0	0	0	0	0	0	1	26	
2455472832 : 	0	0	0	0	0	0	1	8	
2464473992 : 	0	0	0	0	0	0	3	24	
2466874396 : 	0	0	0	0	0	0	2	25	
2470474828 : 	0	0	0	0	0	0	3	24	
2472275376 : 	0	0	0	0	0	0	3	6	
2477675688 : 	0	0	0	0	0	0	3	24	
2480676180 : 	0	0	0	0	0	0	3	6	
2483376376 : 	0	0	0	0	0	0	3	15	
2485176512 : 	0	0	0	0	0	0	3	33	
2486376876 : 	0	0	0	0	0	0	3	33	
2491177336 : 	0	0	0	0	0	0	1	35	
2500178920 : 	0	0	0	0	0	0	1	17	
2500478800 : 	0	0	0	0	0	0	1	26	
2509780104 : 	0	0	0	0	0	0	1	17	
2513080560 : 	0	0	0	0	0	0	1	8	
2515481384 : 	0	0	0	0	0	0	1	8	
2517281348 : 	0	0	0	0	0	0	1	26	
2518781512 : 	0	0	0	0	0	0	1	35	
2521781756 : 	0	0	0	0	0	0	3	15	
2522081892 : 	0	0	0	0	0	0	3	24	
2524181900 : 	0	0	0	0	0	0	3	15	
2527482708 : 	0	0	0	0	0	0	3	6	
2529282836 : 	0	0	0	0	0	0	3	24	
2534983792 : 	0	0	0	0	0	0	3	15	
2542184644 : 	0	0	0	0	0	0	3	15	
2546085552 : 	0	0	0	0	0	0	3	24	
2547285668 : 	0	0	0	0	0	0	3	24	
2548785748 : 	0	0	0	0	0	0	3	33	
2565588204 : 	0	0	0	0	0	0	3	33	
2567389192 : 	0	0	0	0	0	0	2	16	
2571589208 : 	0	0	0	0	0	0	3	33	
2573389420 : 	0	0	0	0	0	0	3	15	
2576089788 : 	0	0	0	0	0	0	3	24	
2582990008 : 	0	0	0	0	0	0	1	17	
2584491780 : 	0	0	0	0	0	0	1	26	
2585691896 : 	0	0	0	0	0	0	1	26	
2588693076 : 	0	0	0	0	0	0	3	6	
2591992952 : 	0	0	0	0	0	0	3	33	
2596493448 : 	0	0	0	0	0	0	3	24	
2597993860 : 	0	0	0	0	0	0	3	33	
2599194144 : 	0	0	0	0	0	0	3	33	
2604295504 : 	0	0	0	0	0	0	3	6	
2606695140 : 	0	0	0	0	0	0	3	6	
2609095624 : 	0	0	0	0	0	0	3	6	
2610296252 : 	0	0	0	0	0	0	3	6	
2612096048 : 	0	0	0	0	0	0	3	24	
2615996180 : 	0	0	0	0	0	0	3	33	
2619897340 : 	0	0	0	0	0	0	3	6	
2622297236 : 	0	0	0	0	0	0	1	8	
2629797976 : 	0	0	0	0	0	0	1	17	
2632798472 : 	0	0	0	0	0	0	1	35	
2638498316 : 	0	0	0	0	0	0	1	26	
2640599600 : 	0	0	0	0	0	0	1	17	
2645100180 : 	0	0	0	0	0	0	1	8	
2648099832 : 	0	0	0	0	0	0	1	26	
2654101852 : 	0	0	0	0	0	0	1	26	
2655901216 : 	0	0	0	0	0	0	1	8	
2658901548 : 	0	0	0	0	0	0	1	26	
2670602988 : 	0	0	0	0	0	0	1	17	
2672703848 : 	0	0	0	0	0	0	1	8	
2673903796 : 	0	0	0	0	0	0	1	8	
2674803684 : 	0	0	0	0	0	0	1	35	
2675105012 : 	0	0	0	0	0	0	3	6	
2679905640 : 	0	0	0	0	0	0	3	6	
2680805620 : 	0	0	0	0	0	0	3	33	
2684107532 : 	0	0	0	0	0	0	3	24	
2685306540 : 	0	0	0	0	0	0	3	24	
2688606920 : 	0	0	0	0	0	0	3	15	
2691006132 : 	0	0	0	0	0	0	2	16	
2710510316 : 	0	0	0	0	0	0	3	24	
2715311208 : 	0	0	0	0	0	0	3	24	
2718011652 : 	0	0	0	0	0	0	3	33	
2736014488 : 	0	0	0	0	0	0	1	35	
2740815112 : 	0	0	0	0	0	0	1	35	
2742615412 : 	0	0	0	0	0	0	1	17	
2746216012 : 	0	0	0	0	0	0	3	15	
2747716432 : 	0	0	0	0	0	0	3	24	
2751016812 : 	0	0	0	0	0	0	3	15	
2762718932 : 	0	0	0	0	0	0	1	8	
2766019140 : 	0	0	0	0	0	0	1	35	
2768119748 : 	0	0	0	0	0	0	1	26	
2770819940 : 	0	0	0	0	0	0	1	35	
2773521664 : 	0	0	0	0	0	0	1	8	
2775320860 : 	0	0	0	0	0	0	1	26	
2780421372 : 	0	0	0	0	0	0	1	35	
2781021556 : 	0	0	0	0	0	0	1	17	
2784022140 : 	0	0	0	0	0	0	1	35	
