554094940 : 	0	16	
554392700 : 	0	25	
554692488 : 	0	34	
554992368 : 	0	7	
555292504 : 	0	16	
555592300 : 	0	25	
555894644 : 	0	34	
556193248 : 	0	7	
556492024 : 	0	16	
556793864 : 	0	25	
557095020 : 	0	34	
557392768 : 	0	7	
557692480 : 	0	16	
557993296 : 	0	25	
558293428 : 	0	34	
558593144 : 	0	7	
558893868 : 	0	16	
559195704 : 	0	25	
559492356 : 	0	34	
559794204 : 	0	7	
560094836 : 	0	16	
560392340 : 	0	25	
560693744 : 	0	34	
560993456 : 	0	7	
561293164 : 	0	16	
561593808 : 	0	25	
561894200 : 	0	34	
562193908 : 	0	7	
562493280 : 	0	16	
562793756 : 	0	25	
563094484 : 	0	34	
563993868 : 	0	25	
564292220 : 	0	34	
564593376 : 	0	7	
564894020 : 	0	16	
565192540 : 	0	25	
565492588 : 	0	34	
565792908 : 	0	7	
566094136 : 	0	16	
566394440 : 	0	25	
566694660 : 	0	34	
566993604 : 	0	7	
567596000 : 	0	25	
567896388 : 	0	34	
568492664 : 	0	16	
568793820 : 	0	25	
569094804 : 	0	34	
569393748 : 	0	7	
569693036 : 	0	16	
569995384 : 	0	25	
570292964 : 	0	34	
570592248 : 	0	7	
570891620 : 	0	16	
571192520 : 	0	25	
571495288 : 	0	34	
571792456 : 	0	7	
572095220 : 	0	16	
572392472 : 	0	25	
572693024 : 	0	34	
572995116 : 	0	7	
573293976 : 	0	16	
573594792 : 	0	25	
573894924 : 	0	34	
574194976 : 	0	7	
574492388 : 	0	16	
574793376 : 	0	25	
575094616 : 	0	34	
575393476 : 	0	7	
575692760 : 	0	16	
575995868 : 	0	25	
576293032 : 	0	34	
576594020 : 	0	7	
577192416 : 	0	25	
577493064 : 	0	34	
577793876 : 	0	7	
578094688 : 	0	16	
578392444 : 	0	25	
578692244 : 	0	34	
578993988 : 	0	7	
579292764 : 	0	16	
579595372 : 	0	25	
579892696 : 	0	34	
580193596 : 	0	7	
580495856 : 	0	16	
581092724 : 	0	34	
581395156 : 	0	7	
581695120 : 	0	16	
581994664 : 	0	25	
582293944 : 	0	34	
582594596 : 	0	7	
582893712 : 	0	16	
583194264 : 	0	25	
583495164 : 	0	34	
583792240 : 	0	7	
584092628 : 	0	16	
584394812 : 	0	25	
584694344 : 	0	34	
584995584 : 	0	7	
585592540 : 	0	25	
585893608 : 	0	34	
586192724 : 	0	7	
586493200 : 	0	16	
586794356 : 	0	25	
587093136 : 	0	34	
587393860 : 	0	7	
587695100 : 	0	16	
587995320 : 	0	25	
588292480 : 	0	34	
588594144 : 	0	7	
589194160 : 	0	25	
590094056 : 	0	16	
590392576 : 	0	25	
590694068 : 	0	34	
590992928 : 	0	7	
591294168 : 	0	16	
591595408 : 	0	25	
591894616 : 	0	34	
592193384 : 	0	7	
592492328 : 	0	16	
592795524 : 	0	25	
593093024 : 	0	34	
593395964 : 	0	7	
594294160 : 	0	34	
594595400 : 	0	7	
594892476 : 	0	16	
595192872 : 	0	25	
595493596 : 	0	34	
595792796 : 	0	7	
596094204 : 	0	16	
596395528 : 	0	25	
596693880 : 	0	34	
596994524 : 	0	7	
597294156 : 	0	16	
597595476 : 	0	25	
598494096 : 	0	16	
598793040 : 	0	25	
599093088 : 	0	34	
599393140 : 	0	7	
599693276 : 	0	16	
599992984 : 	0	25	
600294224 : 	0	34	
600592744 : 	0	7	
600893304 : 	0	16	
601195140 : 	0	25	
601494600 : 	0	34	
601794220 : 	0	7	
602092740 : 	0	16	
602393808 : 	0	25	
602693348 : 	0	34	
602995440 : 	0	7	
603292856 : 	0	16	
603594264 : 	0	25	
603895336 : 	0	34	
604194448 : 	0	7	
604494500 : 	0	16	
604793784 : 	0	25	
605094600 : 	0	34	
605394480 : 	0	7	
605694784 : 	0	16	
606293184 : 	0	34	
606593156 : 	0	7	
606892436 : 	0	16	
607193336 : 	0	25	
607492876 : 	0	34	
607793184 : 	0	7	
608095184 : 	0	16	
608395488 : 	0	25	
608693160 : 	0	34	
608994908 : 	0	7	
609293516 : 	0	16	
609594504 : 	0	25	
609895144 : 	0	34	
610793000 : 	0	25	
611094156 : 	0	34	
611393016 : 	0	7	
611693404 : 	0	16	
611995680 : 	0	25	
612292908 : 	0	34	
612593816 : 	0	7	
612892760 : 	0	16	
613194504 : 	0	25	
613493536 : 	0	34	
613795540 : 	0	7	
614095336 : 	0	16	
614395216 : 	0	25	
614992848 : 	0	7	
615292816 : 	0	16	
615594480 : 	0	25	
615893596 : 	0	34	
616193476 : 	0	7	
616492676 : 	0	16	
616793064 : 	0	25	
617093624 : 	0	34	
617394948 : 	0	7	
617693556 : 	0	16	
617993860 : 	0	25	
618294504 : 	0	34	
618595744 : 	0	7	
618893336 : 	0	16	
619194656 : 	0	25	
712791180 : 	0	16	
713092500 : 	0	25	
713392888 : 	0	34	
714292188 : 	0	25	
714590964 : 	0	34	
715193868 : 	0	16	
715791080 : 	0	34	
716391180 : 	0	16	
717291500 : 	0	7	
717592660 : 	0	16	
717892280 : 	0	25	
718192500 : 	0	34	
718791324 : 	0	16	
719391168 : 	0	34	
719692580 : 	0	7	
720594172 : 	0	34	
720892524 : 	0	7	
721192320 : 	0	16	
721793356 : 	0	34	
722392436 : 	0	16	
724193244 : 	0	34	
724792332 : 	0	16	
725394208 : 	0	34	
725692812 : 	0	7	
726594240 : 	0	34	
726894544 : 	0	7	
727195704 : 	0	16	
727790868 : 	0	34	
728391564 : 	0	16	
729292912 : 	0	7	
729593208 : 	0	16	
729893008 : 	0	25	
730192040 : 	0	34	
730491920 : 	0	7	
730792064 : 	0	16	
731092268 : 	0	25	
731392320 : 	0	34	
731992760 : 	0	16	
732592008 : 	0	34	
733194324 : 	0	16	
733791700 : 	0	34	
734392056 : 	0	16	
734692460 : 	0	25	
735292464 : 	0	7	
735591148 : 	0	16	
736193800 : 	0	34	
736794240 : 	0	16	
737092248 : 	0	25	
737391532 : 	0	34	
737692780 : 	0	7	
737993420 : 	0	16	
738593180 : 	0	34	
739191840 : 	0	16	
739792104 : 	0	34	
740395604 : 	0	16	
740991540 : 	0	34	
741292440 : 	0	7	
741591216 : 	0	16	
742192928 : 	0	34	
742793624 : 	0	16	
743091380 : 	0	25	
743392788 : 	0	34	
743693180 : 	0	7	
743992888 : 	0	16	
744292344 : 	0	25	
744594440 : 	0	34	
745194540 : 	0	16	
745792764 : 	0	34	
746393204 : 	0	16	
746993560 : 	0	34	
747292928 : 	0	7	
747592556 : 	0	16	
748193164 : 	0	34	
748493128 : 	0	7	
748794708 : 	0	16	
749395576 : 	0	34	
749695964 : 	0	7	
750594668 : 	0	34	
750892936 : 	0	7	
751193408 : 	0	16	
751791552 : 	0	34	
752394628 : 	0	16	
752994048 : 	0	34	
753592456 : 	0	16	
754194332 : 	0	34	
755391652 : 	0	34	
755692120 : 	0	7	
755992764 : 	0	16	
756293068 : 	0	25	
756592184 : 	0	34	
757194748 : 	0	16	
757492848 : 	0	25	
757792212 : 	0	34	
758992840 : 	0	34	
759593788 : 	0	16	
759892988 : 	0	25	
760192956 : 	0	34	
760792208 : 	0	16	
761092084 : 	0	25	
761393664 : 	0	34	
761994188 : 	0	16	
763193708 : 	0	16	
763795252 : 	0	34	
764393144 : 	0	16	
764691584 : 	0	25	
764992308 : 	0	34	
765592668 : 	0	16	
766193868 : 	0	34	
767393220 : 	0	34	
767992984 : 	0	16	
768594356 : 	0	34	
769193016 : 	0	16	
769792012 : 	0	34	
770097408 : 	0	7	
770394824 : 	0	16	
770993904 : 	0	34	
771592728 : 	0	16	
772194528 : 	0	34	
772793360 : 	0	16	
773394644 : 	0	34	
773693420 : 	0	7	
773994580 : 	0	16	
774595624 : 	0	34	
775193584 : 	0	16	
775493380 : 	0	25	
775794712 : 	0	34	
776395740 : 	0	16	
776693408 : 	0	25	
776994140 : 	0	34	
777595600 : 	0	16	
777893440 : 	0	25	
778193148 : 	0	34	
778795544 : 	0	16	
779094320 : 	0	25	
779994384 : 	0	16	
780595080 : 	0	34	
781195008 : 	0	16	
781794512 : 	0	34	
782093464 : 	0	7	
782394020 : 	0	16	
782995308 : 	0	34	
783594572 : 	0	16	
784194488 : 	0	34	
784493348 : 	0	7	
784793752 : 	0	16	
785395708 : 	0	34	
785995552 : 	0	16	
786593528 : 	0	34	
787195840 : 	0	16	
787496656 : 	0	25	
788395360 : 	0	16	
788994440 : 	0	34	
789596832 : 	0	16	
790195404 : 	0	34	
790796608 : 	0	16	
791395092 : 	0	34	
791697352 : 	0	7	
791998000 : 	0	16	
792895940 : 	0	7	
793196072 : 	0	16	
793494252 : 	0	25	
793795152 : 	0	34	
794096480 : 	0	7	
794395508 : 	0	16	
794694624 : 	0	25	
794994928 : 	0	34	
795296256 : 	0	7	
795594348 : 	0	16	
795895080 : 	0	25	
796194964 : 	0	34	
796497900 : 	0	7	
796794896 : 	0	16	
797094852 : 	0	25	
797395584 : 	0	34	
797697332 : 	0	7	
797995344 : 	0	16	
798296500 : 	0	25	
798595612 : 	0	34	
798895492 : 	0	7	
799196052 : 	0	16	
799495596 : 	0	25	
799795388 : 	0	34	
800097400 : 	0	7	
800396592 : 	0	16	
800696812 : 	0	25	
800994652 : 	0	34	
801295300 : 	0	7	
801596796 : 	0	16	
801895908 : 	0	25	
802195704 : 	0	34	
802495752 : 	0	7	
802797504 : 	0	16	
803096364 : 	0	25	
803395740 : 	0	34	
803695616 : 	0	7	
803995152 : 	0	16	
804296308 : 	0	25	
804595424 : 	0	34	
804897172 : 	0	7	
805195948 : 	0	16	
805496424 : 	0	25	
805795892 : 	0	34	
806095672 : 	0	7	
806396072 : 	0	16	
806696116 : 	0	25	
806995824 : 	0	34	
807297072 : 	0	7	
807595080 : 	0	16	
807895804 : 	0	25	
808197980 : 	0	34	
808497432 : 	0	7	
808796888 : 	0	16	
809096512 : 	0	25	
809396648 : 	0	34	
809695424 : 	0	7	
809995308 : 	0	16	
810295948 : 	0	25	
810596432 : 	0	34	
810898260 : 	0	7	
811195080 : 	0	16	
811496828 : 	0	25	
811795524 : 	0	34	
812097268 : 	0	7	
812396652 : 	0	16	
812697792 : 	0	25	
812998608 : 	0	34	
813300700 : 	0	7	
813595392 : 	0	16	
813896124 : 	0	25	
814198212 : 	0	34	
814496736 : 	0	7	
814798484 : 	0	16	
815096324 : 	0	25	
815396460 : 	0	34	
815698464 : 	0	7	
815996728 : 	0	16	
816296268 : 	0	25	
816595724 : 	0	34	
816897388 : 	0	7	
817198628 : 	0	16	
817497828 : 	0	25	
817796520 : 	0	34	
818096992 : 	0	7	
818697944 : 	0	25	
818996632 : 	0	34	
819296516 : 	0	7	
819597500 : 	0	16	
819896188 : 	0	25	
820196152 : 	0	34	
820498924 : 	0	7	
820796428 : 	0	16	
821097152 : 	0	25	
821397884 : 	0	34	
821699804 : 	0	7	
821997388 : 	0	16	
822298032 : 	0	25	
822896860 : 	0	7	
823196568 : 	0	16	
823497980 : 	0	25	
823798200 : 	0	34	
824097484 : 	0	7	
824396260 : 	0	16	
824697072 : 	0	25	
824999336 : 	0	34	
825298196 : 	0	7	
825598756 : 	0	16	
825898380 : 	0	25	
826197832 : 	0	34	
826497288 : 	0	7	
826797340 : 	0	16	
827396844 : 	0	34	
827697744 : 	0	7	
827997540 : 	0	16	
828298440 : 	0	25	
828599592 : 	0	34	
828898460 : 	0	7	
829199352 : 	0	16	
829497380 : 	0	25	
829796820 : 	0	34	
830099332 : 	0	7	
830398624 : 	0	16	
830697224 : 	0	25	
830998556 : 	0	34	
831300552 : 	0	7	
831597644 : 	0	16	
831898952 : 	0	25	
832196964 : 	0	34	
832499052 : 	0	7	
832798772 : 	0	16	
833099068 : 	0	25	
833399712 : 	0	34	
833700188 : 	0	7	
833999644 : 	0	16	
834297484 : 	0	25	
834601528 : 	0	34	
834900728 : 	0	7	
835201544 : 	0	16	
835797736 : 	0	34	
836099060 : 	0	7	
836400044 : 	0	16	
836697372 : 	0	25	
836997592 : 	0	34	
837300284 : 	0	7	
837597524 : 	0	16	
837898764 : 	0	25	
838200088 : 	0	34	
838498268 : 	0	7	
838798236 : 	0	16	
839099488 : 	0	25	
839398508 : 	0	34	
839998432 : 	0	16	
840299688 : 	0	25	
840599044 : 	0	34	
840899520 : 	0	7	
841197620 : 	0	16	
841499448 : 	0	25	
841799584 : 	0	34	
842099548 : 	0	7	
842400532 : 	0	16	
842699224 : 	0	25	
842998864 : 	0	34	
843300344 : 	0	7	
843599800 : 	0	16	
844199560 : 	0	34	
844498332 : 	0	7	
844800764 : 	0	16	
845101168 : 	0	25	
845398484 : 	0	34	
845698532 : 	0	7	
845999432 : 	0	16	
846301016 : 	0	25	
846598600 : 	0	34	
846899252 : 	0	7	
847200484 : 	0	16	
847501128 : 	0	25	
847799648 : 	0	34	
848398560 : 	0	16	
848700392 : 	0	25	
849000784 : 	0	34	
849301176 : 	0	7	
849599184 : 	0	16	
849900424 : 	0	25	
850199368 : 	0	34	
850500948 : 	0	7	
850798872 : 	0	16	
851100624 : 	0	25	
851400504 : 	0	34	
851699620 : 	0	7	
852001368 : 	0	16	
852299548 : 	0	25	
852599088 : 	0	34	
852899648 : 	0	7	
853200040 : 	0	16	
853500600 : 	0	25	
853801080 : 	0	34	
854101292 : 	0	7	
854401684 : 	0	16	
854699864 : 	0	25	
854998980 : 	0	34	
855299452 : 	0	7	
855600608 : 	0	16	
855902868 : 	0	25	
856200624 : 	0	34	
856501948 : 	0	7	
857399888 : 	0	34	
857699768 : 	0	7	
857999820 : 	0	16	
858300124 : 	0	25	
858600604 : 	0	34	
858900820 : 	0	7	
859199340 : 	0	16	
859500068 : 	0	25	
859801308 : 	0	34	
860101104 : 	0	7	
860402172 : 	0	16	
860702740 : 	0	25	
861300200 : 	0	7	
861600164 : 	0	16	
861901404 : 	0	25	
862200008 : 	0	34	
862500568 : 	0	7	
862802320 : 	0	16	
863099920 : 	0	25	
863402420 : 	0	34	
863701116 : 	0	7	
864001584 : 	0	16	
864302652 : 	0	25	
864600160 : 	0	34	
864901056 : 	0	7	
865200508 : 	0	16	
865502600 : 	0	25	
865800016 : 	0	34	
866100572 : 	0	7	
866400452 : 	0	16	
866701948 : 	0	25	
867000484 : 	0	34	
867299344 : 	0	7	
867602692 : 	0	16	
867901560 : 	0	25	
868201944 : 	0	34	
868501228 : 	0	7	
868802980 : 	0	16	
869402744 : 	0	34	
869702024 : 	0	7	
870002160 : 	0	16	
870302888 : 	0	25	
870602684 : 	0	34	
870901120 : 	0	7	
871200836 : 	0	16	
871501220 : 	0	25	
871801352 : 	0	34	
872100552 : 	0	7	
872402560 : 	0	16	
872702608 : 	0	25	
873002232 : 	0	34	
873302796 : 	0	7	
874203708 : 	0	34	
874501720 : 	0	7	
874802448 : 	0	16	
875103772 : 	0	25	
875402888 : 	0	34	
875701240 : 	0	7	
876002224 : 	0	16	
876301168 : 	0	25	
876603684 : 	0	34	
876904668 : 	0	7	
877502388 : 	0	25	
878102744 : 	0	7	
878402028 : 	0	16	
878703012 : 	0	25	
879003752 : 	0	34	
879303452 : 	0	7	
879601976 : 	0	16	
879900664 : 	0	25	
880203008 : 	0	34	
880501956 : 	0	7	
880801748 : 	0	16	
881101984 : 	0	25	
881403292 : 	0	34	
881705052 : 	0	7	
882302340 : 	0	25	
882603580 : 	0	34	
882904232 : 	0	7	
883203508 : 	0	16	
883503388 : 	0	25	
883804712 : 	0	34	
884103660 : 	0	7	
884403456 : 	0	16	
884704948 : 	0	25	
885002380 : 	0	34	
885303356 : 	0	7	
885602804 : 	0	16	
886505080 : 	0	7	
886804024 : 	0	16	
887102884 : 	0	25	
887403020 : 	0	34	
887702984 : 	0	7	
888002352 : 	0	16	
888304956 : 	0	25	
888604756 : 	0	34	
888903184 : 	0	7	
889203572 : 	0	16	
889505664 : 	0	25	
889802740 : 	0	34	
890404452 : 	0	16	
890702896 : 	0	25	
891005404 : 	0	34	
891302736 : 	0	7	
891602784 : 	0	16	
891904704 : 	0	25	
892202968 : 	0	34	
892504804 : 	0	7	
892803832 : 	0	16	
893103032 : 	0	25	
893406144 : 	0	34	
893703312 : 	0	7	
894003780 : 	0	16	
894303488 : 	0	25	
894603028 : 	0	34	
894904100 : 	0	7	
895202960 : 	0	16	
895506068 : 	0	25	
895803228 : 	0	34	
896106084 : 	0	7	
896403668 : 	0	16	
896702444 : 	0	25	
897003688 : 	0	34	
897604208 : 	0	16	
897906980 : 	0	25	
898206436 : 	0	34	
898803644 : 	0	16	
899103784 : 	0	25	
899403660 : 	0	34	
899706600 : 	0	7	
900003588 : 	0	16	
900305252 : 	0	25	
900606240 : 	0	34	
900905440 : 	0	7	
901206340 : 	0	16	
901503840 : 	0	25	
901802868 : 	0	34	
902104448 : 	0	7	
902407308 : 	0	16	
902704124 : 	0	25	
903603764 : 	0	16	
903906872 : 	0	25	
904206328 : 	0	34	
904506040 : 	0	7	
904806852 : 	0	16	
905105800 : 	0	25	
905405424 : 	0	34	
905706832 : 	0	7	
906004164 : 	0	16	
906304468 : 	0	25	
906604180 : 	0	34	
906907120 : 	0	7	
907207340 : 	0	16	
907804724 : 	0	34	
908104512 : 	0	7	
908404648 : 	0	16	
908705720 : 	0	25	
909007300 : 	0	34	
909306160 : 	0	7	
909606380 : 	0	16	
909906344 : 	0	25	
910203844 : 	0	34	
910506360 : 	0	7	
910808116 : 	0	16	
911106712 : 	0	25	
912004656 : 	0	16	
912304960 : 	0	25	
912607308 : 	0	34	
912905144 : 	0	7	
913207912 : 	0	16	
913505752 : 	0	25	
913807672 : 	0	34	
914105940 : 	0	7	
914408028 : 	0	16	
914707228 : 	0	25	
915005920 : 	0	34	
916205616 : 	0	34	
916507792 : 	0	7	
916807580 : 	0	16	
917106100 : 	0	25	
917405640 : 	0	34	
917706624 : 	0	7	
918005924 : 	0	16	
918308508 : 	0	25	
918606872 : 	0	34	
920107448 : 	0	7	
920406068 : 	0	16	
920707464 : 	0	25	
921005900 : 	0	34	
921307736 : 	0	7	
921907252 : 	0	25	
922206948 : 	0	34	
922505212 : 	0	7	
922809004 : 	0	16	
923107184 : 	0	25	
923409020 : 	0	34	
923707284 : 	0	7	
924006316 : 	0	16	
924906380 : 	0	7	
925507500 : 	0	25	
925807804 : 	0	34	
926108532 : 	0	7	
926407904 : 	0	16	
926708380 : 	0	25	
927008088 : 	0	34	
927908748 : 	0	25	
928506900 : 	0	7	
928807200 : 	0	16	
929107420 : 	0	25	
929708540 : 	0	7	
930006888 : 	0	16	
930607248 : 	0	34	
930908992 : 	0	7	
931208960 : 	0	16	
931808548 : 	0	34	
933007984 : 	0	34	
933908048 : 	0	25	
934208780 : 	0	34	
934508064 : 	0	7	
935107908 : 	0	25	
935408216 : 	0	34	
935707840 : 	0	7	
936607912 : 	0	34	
936908124 : 	0	7	
937208684 : 	0	16	
937508396 : 	0	25	
939308192 : 	0	7	
941110608 : 	0	25	
942308436 : 	0	25	
942608648 : 	0	34	
942908956 : 	0	7	
943208324 : 	0	16	
944407688 : 	0	16	
945909116 : 	0	25	
948009128 : 	0	16	
948910292 : 	0	7	
950409780 : 	0	16	
959711160 : 	0	7	
960011632 : 	0	16	
960912292 : 	0	7	
961815164 : 	0	34	
962414244 : 	0	16	
963612064 : 	0	16	
964811844 : 	0	16	
965411516 : 	0	34	
966912868 : 	0	7	
970215464 : 	0	34	
972612376 : 	0	34	
974114408 : 	0	7	
978015144 : 	0	16	
978314684 : 	0	25	
978615752 : 	0	34	
980114480 : 	0	7	
980416732 : 	0	16	
980716956 : 	0	25	
981014796 : 	0	34	
981316884 : 	0	7	
981614552 : 	0	16	
981916984 : 	0	25	
982518104 : 	0	7	
982814500 : 	0	16	
983114636 : 	0	25	
983414512 : 	0	34	
983715928 : 	0	7	
984016924 : 	0	16	
984316448 : 	0	25	
984614460 : 	0	34	
984916636 : 	0	7	
985214728 : 	0	16	
985515460 : 	0	25	
985815764 : 	0	34	
986116252 : 	0	7	
986416544 : 	0	16	
986715404 : 	0	25	
987016816 : 	0	34	
987616064 : 	0	16	
987916540 : 	0	25	
988216248 : 	0	34	
988516044 : 	0	7	
988817028 : 	0	16	
989118184 : 	0	25	
989416196 : 	0	34	
989716244 : 	0	7	
990016804 : 	0	16	
990318300 : 	0	25	
990618264 : 	0	34	
990917296 : 	0	7	
991216408 : 	0	16	
991515356 : 	0	25	
991815488 : 	0	34	
992115964 : 	0	7	
992415332 : 	0	16	
992717940 : 	0	25	
993018492 : 	0	34	
993318040 : 	0	7	
993616808 : 	0	16	
993916436 : 	0	25	
994217760 : 	0	34	
994517468 : 	0	7	
994819388 : 	0	16	
995115956 : 	0	25	
995418896 : 	0	34	
996017548 : 	0	16	
996317352 : 	0	25	
996617480 : 	0	34	
996918636 : 	0	7	
997216984 : 	0	16	
997518400 : 	0	25	
997816148 : 	0	34	
998117396 : 	0	7	
998416588 : 	0	16	
998718764 : 	0	25	
999016524 : 	0	34	
999317164 : 	0	7	
999619508 : 	0	16	
999917520 : 	0	25	
1000817244 : 	0	16	
1001119248 : 	0	25	
1001419300 : 	0	34	
1001717648 : 	0	7	
1002017876 : 	0	16	
1002317748 : 	0	25	
1002617976 : 	0	34	
1002916404 : 	0	7	
1003217472 : 	0	16	
1003516672 : 	0	25	
1004119324 : 	0	7	
1004418192 : 	0	16	
1005316804 : 	0	7	
1005618128 : 	0	16	
1005916480 : 	0	25	
1006218228 : 	0	34	
1006517600 : 	0	7	
1006818160 : 	0	16	
1007118040 : 	0	25	
1007417500 : 	0	34	
1007719752 : 	0	7	
1008018188 : 	0	16	
1008317728 : 	0	25	
1008617016 : 	0	34	
1008918000 : 	0	7	
1009217368 : 	0	16	
1009517928 : 	0	25	
1009817300 : 	0	34	
1010120152 : 	0	7	
1010417312 : 	0	16	
1010717620 : 	0	25	
1011020220 : 	0	34	
1011317464 : 	0	7	
1011620320 : 	0	16	
1011920284 : 	0	25	
1012221100 : 	0	34	
1012518856 : 	0	7	
1012819080 : 	0	16	
1013417644 : 	0	34	
1013720500 : 	0	7	
1014019020 : 	0	16	
1014319920 : 	0	25	
1014618100 : 	0	34	
1014920020 : 	0	7	
1015218112 : 	0	16	
1015520544 : 	0	25	
1015817960 : 	0	34	
1016120728 : 	0	7	
1016420100 : 	0	16	
1016718872 : 	0	25	
1017318040 : 	0	7	
1017618528 : 	0	16	
1017921116 : 	0	25	
1018218620 : 	0	34	
1018518408 : 	0	7	
1018818460 : 	0	16	
1019118764 : 	0	25	
1019418136 : 	0	34	
1019719204 : 	0	7	
1020018320 : 	0	16	
1020318964 : 	0	25	
1020621820 : 	0	34	
1020919064 : 	0	7	
1021519164 : 	0	25	
1021818448 : 	0	34	
1022121476 : 	0	7	
1022418720 : 	0	16	
1022720216 : 	0	25	
1023020604 : 	0	34	
1023320652 : 	0	7	
1023619260 : 	0	16	
1023918884 : 	0	25	
1024219020 : 	0	34	
1024521960 : 	0	7	
1024823112 : 	0	16	
1025120612 : 	0	25	
1025720968 : 	0	7	
1026021700 : 	0	16	
1026322004 : 	0	25	
1026619676 : 	0	34	
1026922188 : 	0	7	
1027220116 : 	0	16	
1027521616 : 	0	25	
1027820724 : 	0	34	
1028119924 : 	0	7	
1028418956 : 	0	16	
1028719512 : 	0	25	
1029021688 : 	0	34	
1029321060 : 	0	7	
1030221124 : 	0	34	
1030520240 : 	0	7	
1030819696 : 	0	16	
1031120084 : 	0	25	
1031420220 : 	0	34	
1031721376 : 	0	7	
1032021508 : 	0	16	
1032323004 : 	0	25	
1032620084 : 	0	34	
1032920980 : 	0	7	
1033220944 : 	0	16	
1033522440 : 	0	25	
1034119820 : 	0	7	
1034422760 : 	0	16	
1034721788 : 	0	25	
1035021420 : 	0	34	
1035320372 : 	0	7	
1035622704 : 	0	16	
1035920968 : 	0	25	
1036222040 : 	0	34	
1036522344 : 	0	7	
1036820616 : 	0	16	
1037121000 : 	0	25	
1037422668 : 	0	34	
1037722288 : 	0	7	
1038024464 : 	0	16	
1038621588 : 	0	34	
1038921300 : 	0	7	
1039222112 : 	0	16	
1039523524 : 	0	25	
1039823320 : 	0	34	
1040121928 : 	0	7	
1040422400 : 	0	16	
1040723984 : 	0	25	
1041021732 : 	0	34	
1041322804 : 	0	7	
1041621580 : 	0	16	
1041921288 : 	0	25	
1042222952 : 	0	34	
1042523344 : 	0	7	
1043122764 : 	0	25	
1043422812 : 	0	34	
1043721928 : 	0	7	
1044022572 : 	0	16	
1044322540 : 	0	25	
1044622080 : 	0	34	
1044922892 : 	0	7	
1045221924 : 	0	16	
1045523080 : 	0	25	
1045825340 : 	0	34	
1046124628 : 	0	7	
1046423908 : 	0	16	
1046723448 : 	0	25	
1047022820 : 	0	34	
1047323296 : 	0	7	
1047623428 : 	0	16	
1047923480 : 	0	25	
1048220816 : 	0	34	
1048522048 : 	0	7	
1048823628 : 	0	16	
1049124104 : 	0	25	
1049424068 : 	0	34	
1049723524 : 	0	7	
1050024764 : 	0	16	
1050324136 : 	0	25	
1050623504 : 	0	34	
1050924236 : 	0	7	
1051823788 : 	0	34	
1052124436 : 	0	7	
1052423888 : 	0	16	
1052724284 : 	0	25	
1053023648 : 	0	34	
1053324040 : 	0	7	
1053623920 : 	0	16	
1053923968 : 	0	25	
1054221552 : 	0	34	
1054524584 : 	0	7	
1054822928 : 	0	16	
1055123912 : 	0	25	
1055426088 : 	0	34	
1055724700 : 	0	7	
1056324640 : 	0	25	
1056624928 : 	0	34	
1056924212 : 	0	7	
1057223160 : 	0	16	
1057523296 : 	0	25	
1057825128 : 	0	34	
1058124844 : 	0	7	
1058423876 : 	0	16	
1058724344 : 	0	25	
1059025416 : 	0	34	
1059323848 : 	0	7	
1059625260 : 	0	16	
1059923780 : 	0	25	
1060224680 : 	0	34	
1060524388 : 	0	7	
1060825124 : 	0	16	
1061123980 : 	0	25	
1061424212 : 	0	34	
1061725192 : 	0	7	
1062024808 : 	0	16	
1062324604 : 	0	25	
1062624908 : 	0	34	
1062924380 : 	0	7	
1063224840 : 	0	16	
1063524720 : 	0	25	
1063824528 : 	0	34	
1064125160 : 	0	7	
1064424700 : 	0	16	
1065025224 : 	0	34	
1065324848 : 	0	7	
1065624900 : 	0	16	
1065926052 : 	0	25	
1066225340 : 	0	34	
1066525132 : 	0	7	
1066824504 : 	0	16	
1067125320 : 	0	25	
1067426220 : 	0	34	
1067728052 : 	0	7	
1068024964 : 	0	16	
1068328156 : 	0	25	
1068925196 : 	0	7	
1069225080 : 	0	16	
1069525464 : 	0	25	
1069825768 : 	0	34	
1070126756 : 	0	7	
1070425868 : 	0	16	
1070725664 : 	0	25	
1071026056 : 	0	34	
1071325764 : 	0	7	
1071625812 : 	0	16	
1071925780 : 	0	25	
1072525540 : 	0	7	
1073126064 : 	0	25	
1073425688 : 	0	34	
1073727440 : 	0	7	
1074026300 : 	0	16	
1074325500 : 	0	25	
1074624956 : 	0	34	
1074927644 : 	0	7	
1075225904 : 	0	16	
1075526632 : 	0	25	
1075826428 : 	0	34	
1076125460 : 	0	7	
1076426876 : 	0	16	
1076728108 : 	0	25	
1077026372 : 	0	34	
1077327020 : 	0	7	
1077627240 : 	0	16	
1077928904 : 	0	25	
1078225384 : 	0	34	
1078526796 : 	0	7	
1078826000 : 	0	16	
1079128256 : 	0	25	
1079427120 : 	0	34	
1079726400 : 	0	7	
1080026024 : 	0	16	
1080325732 : 	0	25	
1080626300 : 	0	34	
1080929572 : 	0	7	
1081526784 : 	0	25	
1081827260 : 	0	34	
1082427104 : 	0	16	
1082727500 : 	0	25	
1083027204 : 	0	34	
1083327000 : 	0	7	
1083929664 : 	0	25	
1084227828 : 	0	34	
1084529836 : 	0	7	
1084827336 : 	0	16	
1085130020 : 	0	25	
1085427180 : 	0	34	
1085728504 : 	0	7	
1086026684 : 	0	16	
1086328864 : 	0	25	
1086626020 : 	0	34	
1087227140 : 	0	16	
1087526680 : 	0	25	
1088130264 : 	0	7	
1088426320 : 	0	16	
1088729004 : 	0	25	
1089027696 : 	0	34	
1089328592 : 	0	7	
1089929716 : 	0	25	
1090530920 : 	0	7	
1091428604 : 	0	34	
1091730356 : 	0	7	
1092328756 : 	0	25	
1092929788 : 	0	7	
1093227800 : 	0	16	
1093528528 : 	0	25	
1094129564 : 	0	7	
1094728472 : 	0	25	
1095027672 : 	0	34	
1095929608 : 	0	25	
1096531408 : 	0	7	
1097129552 : 	0	25	
1097729568 : 	0	7	
1098330604 : 	0	25	
1098632100 : 	0	34	
1098929600 : 	0	7	
1100131420 : 	0	7	
1100731684 : 	0	25	
1101330764 : 	0	7	
1101929844 : 	0	25	
1102532152 : 	0	7	
1102830080 : 	0	16	
1103132592 : 	0	25	
1104331520 : 	0	25	
1104631228 : 	0	34	
1104932724 : 	0	7	
1105231328 : 	0	16	
1105531548 : 	0	25	
1105830496 : 	0	34	
1106131060 : 	0	7	
1106430848 : 	0	16	
1106731832 : 	0	25	
1107031372 : 	0	34	
1107332868 : 	0	7	
1108231744 : 	0	34	
1108530860 : 	0	7	
1108833120 : 	0	16	
1109132064 : 	0	25	
1109430752 : 	0	34	
1109733532 : 	0	7	
1110030600 : 	0	16	
1110331160 : 	0	25	
1110633676 : 	0	34	
1110931604 : 	0	7	
1111235304 : 	0	16	
1111533400 : 	0	25	
1112430572 : 	0	16	
1112734024 : 	0	25	
1113033832 : 	0	34	
1113332596 : 	0	7	
1113631624 : 	0	16	
1113932184 : 	0	25	
1114231980 : 	0	34	
1114531604 : 	0	7	
1114833956 : 	0	16	
1115131704 : 	0	25	
1115433796 : 	0	34	
1115732316 : 	0	7	
1116033136 : 	0	16	
1116932684 : 	0	7	
1117234688 : 	0	16	
1117533632 : 	0	25	
1117832244 : 	0	34	
1118132120 : 	0	7	
1118433528 : 	0	16	
1118733416 : 	0	25	
1119032100 : 	0	34	
1119332496 : 	0	7	
1119633984 : 	0	16	
1119935224 : 	0	25	
1120833420 : 	0	16	
1121132708 : 	0	25	
1121435048 : 	0	34	
1121733400 : 	0	7	
1122034212 : 	0	16	
1122334864 : 	0	25	
1122633904 : 	0	34	
1122932324 : 	0	7	
1123235520 : 	0	16	
1123534896 : 	0	25	
1123834944 : 	0	34	
1124135668 : 	0	7	
1124434444 : 	0	16	
1125032928 : 	0	34	
1125334508 : 	0	7	
1125635836 : 	0	16	
1125933420 : 	0	25	
1126232960 : 	0	34	
1126535728 : 	0	7	
1126833652 : 	0	16	
1127134980 : 	0	25	
1127435028 : 	0	34	
1127733972 : 	0	7	
1128034536 : 	0	16	
1128335688 : 	0	25	
1128634040 : 	0	34	
1128935024 : 	0	7	
1129535124 : 	0	25	
1129835176 : 	0	34	
1130134032 : 	0	7	
1130435020 : 	0	16	
1130734304 : 	0	25	
1131035376 : 	0	34	
1131336188 : 	0	7	
1131635388 : 	0	16	
1131936460 : 	0	25	
1132235488 : 	0	34	
1132534180 : 	0	7	
1132835672 : 	0	16	
1133137592 : 	0	25	
1134335668 : 	0	25	
1134636064 : 	0	34	
1134935940 : 	0	7	
1135235052 : 	0	16	
1135537144 : 	0	25	
1135835580 : 	0	34	
1136135800 : 	0	7	
1136435936 : 	0	16	
1136735220 : 	0	25	
1137036388 : 	0	34	
1137337364 : 	0	7	
1137637508 : 	0	16	
1138235384 : 	0	34	
1138535180 : 	0	7	
1138833612 : 	0	16	
1139137744 : 	0	25	
1139434308 : 	0	34	
1139736568 : 	0	7	
1140035260 : 	0	16	
1140336160 : 	0	25	
1140635528 : 	0	34	
1140935408 : 	0	7	
1141236056 : 	0	16	
1141536884 : 	0	25	
1141836748 : 	0	34	
1142137308 : 	0	7	
1142437024 : 	0	16	
1143035844 : 	0	34	
1143338272 : 	0	7	
1143638160 : 	0	16	
1143937104 : 	0	25	
1144237660 : 	0	34	
1144536688 : 	0	7	
1144836316 : 	0	16	
1145136788 : 	0	25	
1145436924 : 	0	34	
1145735612 : 	0	7	
1146036600 : 	0	16	
1146336732 : 	0	25	
1146638568 : 	0	34	
1146939384 : 	0	7	
1147838684 : 	0	34	
1148137636 : 	0	7	
1148436828 : 	0	16	
1148738920 : 	0	25	
1149038968 : 	0	34	
1149337752 : 	0	7	
1149636944 : 	0	16	
1149936400 : 	0	25	
1150238064 : 	0	34	
1150537180 : 	0	7	
1150839100 : 	0	16	
1151136784 : 	0	25	
1151437160 : 	0	34	
1151737292 : 	0	7	
1152036408 : 	0	16	
1152336800 : 	0	25	
1152638972 : 	0	34	
1152936812 : 	0	7	
1153239500 : 	0	16	
1153538528 : 	0	25	
1153837984 : 	0	34	
1154137524 : 	0	7	
1154437320 : 	0	16	
1154740004 : 	0	25	
1155340612 : 	0	7	
1155640156 : 	0	16	
1155937404 : 	0	25	
1156240000 : 	0	34	
1156539624 : 	0	7	
1156839248 : 	0	16	
1157137684 : 	0	25	
1157440452 : 	0	34	
1157738208 : 	0	7	
1158037240 : 	0	16	
1158337716 : 	0	25	
1158638444 : 	0	34	
1158940620 : 	0	7	
1159238544 : 	0	16	
1159538168 : 	0	25	
1159838560 : 	0	34	
1160438920 : 	0	16	
1160739644 : 	0	25	
1161040884 : 	0	34	
1161340848 : 	0	7	
1161639540 : 	0	16	
1161938824 : 	0	25	
1162241176 : 	0	34	
1162537996 : 	0	7	
1162839824 : 	0	16	
1163140384 : 	0	25	
1163440772 : 	0	34	
1163741588 : 	0	7	
1164040788 : 	0	16	
1164338968 : 	0	25	
1164640308 : 	0	34	
1164940516 : 	0	7	
1165241160 : 	0	16	
1165541040 : 	0	25	
1165841176 : 	0	34	
1166139012 : 	0	7	
1166439496 : 	0	16	
1166741672 : 	0	25	
1167039676 : 	0	34	
1167341692 : 	0	7	
1167640112 : 	0	16	
1168839380 : 	0	16	
1169140796 : 	0	25	
1169439564 : 	0	34	
1169739360 : 	0	7	
1170040088 : 	0	16	
1170340920 : 	0	25	
1170639424 : 	0	34	
1170939728 : 	0	7	
1171241480 : 	0	16	
1171541188 : 	0	25	
1171841580 : 	0	34	
1173039568 : 	0	34	
1173341488 : 	0	7	
1173640520 : 	0	16	
1173942696 : 	0	25	
1174239940 : 	0	34	
1174542708 : 	0	7	
1174842760 : 	0	16	
1175142484 : 	0	25	
1175440140 : 	0	34	
1175742740 : 	0	7	
1177241036 : 	0	16	
1177540664 : 	0	25	
1178141948 : 	0	7	
1178440300 : 	0	16	
1179643136 : 	0	16	
1179940040 : 	0	25	
1180240944 : 	0	34	
1180542520 : 	0	7	
1180841128 : 	0	16	
1181441736 : 	0	34	
1181741612 : 	0	7	
1182040900 : 	0	16	
1182341460 : 	0	25	
1183241948 : 	0	16	
1183841880 : 	0	34	
1184143120 : 	0	7	
1184441980 : 	0	16	
1184742460 : 	0	25	
1185042164 : 	0	34	
1185341872 : 	0	7	
1185941804 : 	0	25	
1186242532 : 	0	34	
1186543432 : 	0	7	
1187142172 : 	0	25	
1188341184 : 	0	25	
1188642680 : 	0	34	
1191342872 : 	0	7	
1191942804 : 	0	25	
1192243196 : 	0	34	
1192542904 : 	0	7	
1194042812 : 	0	16	
1197347528 : 	0	7	
1197947376 : 	0	25	
1201845644 : 	0	34	
1203044228 : 	0	34	
1206347328 : 	0	25	
1206949128 : 	0	7	
1207244760 : 	0	16	
1207544900 : 	0	25	
1208745348 : 	0	25	
1209347064 : 	0	7	
1209948188 : 	0	25	
1210547272 : 	0	7	
1211449284 : 	0	34	
1211749080 : 	0	7	
1212047004 : 	0	16	
1212949364 : 	0	7	
1213246528 : 	0	16	
1213546064 : 	0	25	
1213846368 : 	0	34	
1214446892 : 	0	16	
1214748820 : 	0	25	
1215049120 : 	0	34	
1215347300 : 	0	7	
1215948504 : 	0	25	
1216249744 : 	0	34	
1217446712 : 	0	34	
1217746596 : 	0	7	
1218048940 : 	0	16	
1218348224 : 	0	25	
1218948920 : 	0	7	
1219249480 : 	0	16	
1219547488 : 	0	25	
1220449592 : 	0	16	
1221047484 : 	0	34	
1221348552 : 	0	7	
1221950692 : 	0	25	
1222249216 : 	0	34	
1222550880 : 	0	7	
1222849060 : 	0	16	
1223448480 : 	0	34	
1223748276 : 	0	7	
1224051044 : 	0	16	
1224351008 : 	0	25	
1224951024 : 	0	7	
1225550360 : 	0	25	
1225849048 : 	0	34	
1226451444 : 	0	16	
1226750560 : 	0	25	
1227051372 : 	0	34	
1227349552 : 	0	7	
1227948888 : 	0	25	
1228551288 : 	0	7	
1228852012 : 	0	16	
1229450668 : 	0	34	
1229750384 : 	0	7	
1230051620 : 	0	16	
1230349716 : 	0	25	
1230949136 : 	0	7	
1231250800 : 	0	16	
1231550084 : 	0	25	
1231849792 : 	0	34	
1232449468 : 	0	16	
1232751220 : 	0	25	
1233950144 : 	0	25	
1234252148 : 	0	34	
1234851312 : 	0	16	
1235452180 : 	0	34	
1235750024 : 	0	7	
1236050240 : 	0	16	
1236350288 : 	0	25	
1236950728 : 	0	7	
1237550744 : 	0	25	
1237850284 : 	0	34	
1238450552 : 	0	16	
1238751964 : 	0	25	
1239052864 : 	0	34	
1239351640 : 	0	7	
1239950976 : 	0	25	
1240252808 : 	0	34	
1242050648 : 	0	16	
1242352396 : 	0	25	
1243250928 : 	0	16	
1243852048 : 	0	34	
1244450964 : 	0	16	
1244752880 : 	0	25	
1245352640 : 	0	7	
1246552840 : 	0	7	
1246852216 : 	0	16	
1247453416 : 	0	34	
1247753384 : 	0	7	
1248051900 : 	0	16	
1248352884 : 	0	25	
1248952304 : 	0	7	
1249253376 : 	0	16	
1249553256 : 	0	25	
1250451876 : 	0	16	
1250751840 : 	0	25	
1251051464 : 	0	34	
1251351856 : 	0	7	
1251651820 : 	0	16	
1251953228 : 	0	25	
1252552648 : 	0	7	
1252851768 : 	0	16	
1253152924 : 	0	25	
1253454244 : 	0	34	
1253752764 : 	0	7	
1254652320 : 	0	34	
1255252420 : 	0	16	
1255553912 : 	0	25	
1256153080 : 	0	7	
1256452620 : 	0	16	
1256752500 : 	0	25	
1257053652 : 	0	34	
1257353368 : 	0	7	
1257652480 : 	0	16	
1257953464 : 	0	25	
1258253436 : 	0	34	
1258853104 : 	0	16	
1259154172 : 	0	25	
1259453464 : 	0	34	
1260053220 : 	0	16	
1260353700 : 	0	25	
1262154504 : 	0	7	
1262456940 : 	0	16	
1262753752 : 	0	25	
1263053632 : 	0	34	
1264254260 : 	0	34	
1264853932 : 	0	16	
1266954200 : 	0	7	
1268154824 : 	0	7	
1268754924 : 	0	25	
1269654396 : 	0	16	
1271154984 : 	0	25	
1272054540 : 	0	16	
1272654556 : 	0	34	
1272955456 : 	0	7	
1274756432 : 	0	25	
1275656160 : 	0	16	
1275955784 : 	0	25	
1277756084 : 	0	7	
1278656404 : 	0	34	
1279258288 : 	0	16	
1281056124 : 	0	34	
1283458820 : 	0	34	
1286159100 : 	0	7	
1286759200 : 	0	25	
1287358788 : 	0	7	
1287658668 : 	0	16	
1287959740 : 	0	25	
1288259532 : 	0	34	
1288559840 : 	0	7	
1289157900 : 	0	25	
1289460668 : 	0	34	
1289759876 : 	0	7	
1290059240 : 	0	16	
1290359900 : 	0	25	
1290658660 : 	0	34	
1290959988 : 	0	7	
1291258844 : 	0	16	
1291558384 : 	0	25	
1291859200 : 	0	34	
1292459144 : 	0	16	
1293359116 : 	0	7	
1293660436 : 	0	16	
1293958956 : 	0	25	
1294259088 : 	0	34	
1294558968 : 	0	7	
1294860124 : 	0	16	
1295461840 : 	0	34	
1296058964 : 	0	16	
1296359532 : 	0	25	
1296658300 : 	0	34	
1296959284 : 	0	7	
1297260184 : 	0	16	
1299060908 : 	0	34	
1299360280 : 	0	7	
1299660160 : 	0	16	
1300259664 : 	0	34	
1300559712 : 	0	7	
1300860868 : 	0	16	
1301158880 : 	0	25	
1301460040 : 	0	34	
1302060056 : 	0	16	
1302660488 : 	0	34	
1303262628 : 	0	16	
1303862728 : 	0	34	
1304160824 : 	0	7	
1304462660 : 	0	16	
1304760500 : 	0	25	
1305061568 : 	0	34	
1305663880 : 	0	16	
1305963248 : 	0	25	
1306861444 : 	0	16	
1307461544 : 	0	34	
1308062240 : 	0	16	
1308663272 : 	0	34	
1309261420 : 	0	16	
1309863560 : 	0	34	
1310163692 : 	0	7	
1310464168 : 	0	16	
1310764728 : 	0	25	
1311061380 : 	0	34	
1311662584 : 	0	16	
1312263200 : 	0	34	
1312862868 : 	0	16	
1313464244 : 	0	34	
1313764548 : 	0	7	
1314064436 : 	0	16	
1314363472 : 	0	25	
1314664360 : 	0	34	
1314963480 : 	0	7	
1315563664 : 	0	25	
1315863792 : 	0	34	
1316163080 : 	0	7	
1316462532 : 	0	16	
1316762684 : 	0	25	
1317063568 : 	0	34	
1317364980 : 	0	7	
1317663500 : 	0	16	
1317965164 : 	0	25	
1318264964 : 	0	34	
1318564072 : 	0	7	
1318862592 : 	0	16	
1319164260 : 	0	25	
1319464140 : 	0	34	
1320363780 : 	0	25	
1320662384 : 	0	34	
1320965244 : 	0	7	
1321263928 : 	0	16	
1321563640 : 	0	25	
1321864708 : 	0	34	
1322164340 : 	0	7	
1322464640 : 	0	16	
1322765964 : 	0	25	
1323062868 : 	0	34	
1323364788 : 	0	7	
1323664244 : 	0	16	
1323965144 : 	0	25	
1324564904 : 	0	7	
1324863252 : 	0	16	
1325165004 : 	0	25	
1325464120 : 	0	34	
1325766292 : 	0	7	
1326063200 : 	0	16	
1326366648 : 	0	25	
1326663980 : 	0	34	
1326965560 : 	0	7	
1327264760 : 	0	16	
1327564468 : 	0	25	
1328166864 : 	0	7	
1328766120 : 	0	25	
1329066588 : 	0	34	
1329364172 : 	0	7	
1329666772 : 	0	16	
1329964700 : 	0	25	
1330263812 : 	0	34	
1330564212 : 	0	7	
1330864000 : 	0	16	
1331165328 : 	0	25	
1331465036 : 	0	34	
1331764828 : 	0	7	
1332065312 : 	0	16	
1332366628 : 	0	25	
1332663280 : 	0	34	
1333563684 : 	0	25	
1333865432 : 	0	34	
1334167524 : 	0	7	
1334464940 : 	0	16	
1334766860 : 	0	25	
1335063936 : 	0	34	
1335365784 : 	0	7	
1335665564 : 	0	16	
1335965952 : 	0	25	
1336265152 : 	0	34	
1336568872 : 	0	7	
1336866528 : 	0	16	
1337765572 : 	0	7	
1338066056 : 	0	16	
1338365092 : 	0	25	
1338668020 : 	0	34	
1338964840 : 	0	7	
1339266336 : 	0	16	
1339567248 : 	0	25	
1339866432 : 	0	34	
1340165132 : 	0	7	
1340467896 : 	0	16	
1340766584 : 	0	25	
1341067908 : 	0	34	
1341366004 : 	0	7	
1341967972 : 	0	25	
1342267600 : 	0	34	
1342565268 : 	0	7	
1342865232 : 	0	16	
1343167152 : 	0	25	
1343466532 : 	0	34	
1343769124 : 	0	7	
1344066880 : 	0	16	
1344368544 : 	0	25	
1344665448 : 	0	34	
1344968388 : 	0	7	
1345267248 : 	0	16	
1345569424 : 	0	25	
1345867348 : 	0	34	
1346169440 : 	0	7	
1346769540 : 	0	25	
1347067464 : 	0	34	
1347367260 : 	0	7	
1347666628 : 	0	16	
1347967024 : 	0	25	
1348265708 : 	0	34	
1348567460 : 	0	7	
1348865640 : 	0	16	
1349168408 : 	0	25	
1349770464 : 	0	7	
1350069920 : 	0	16	
1350369544 : 	0	25	
1350667044 : 	0	34	
1350968792 : 	0	7	
1351267492 : 	0	16	
1351567108 : 	0	25	
1351867328 : 	0	34	
1352167804 : 	0	7	
1352469300 : 	0	16	
1352769860 : 	0	25	
1353067700 : 	0	34	
1353370728 : 	0	7	
1353666780 : 	0	16	
1353968444 : 	0	25	
1354269004 : 	0	34	
1354568628 : 	0	7	
1354870208 : 	0	16	
1355767900 : 	0	7	
1356070664 : 	0	16	
1356368248 : 	0	25	
1356669488 : 	0	34	
1356971084 : 	0	7	
1357271032 : 	0	16	
1357568960 : 	0	25	
1357868164 : 	0	34	
1358169160 : 	0	7	
1358469960 : 	0	16	
1358771212 : 	0	25	
1359070992 : 	0	34	
1359371724 : 	0	7	
1359671356 : 	0	16	
1360268560 : 	0	34	
1360567844 : 	0	7	
1360868064 : 	0	16	
1361169644 : 	0	25	
1369328488 : 	0	16	
1369627436 : 	0	25	
1369926464 : 	0	34	
1370826444 : 	0	25	
1371127516 : 	0	34	
1372325844 : 	0	34	
1372625640 : 	0	7	
1372927984 : 	0	16	
1373828148 : 	0	7	
1374127760 : 	0	16	
1374428576 : 	0	25	
1374727184 : 	0	34	
1375326352 : 	0	16	
1375926444 : 	0	34	
1376827784 : 	0	25	
1377128176 : 	0	34	
1377428224 : 	0	7	
1377726660 : 	0	16	
1378326760 : 	0	34	
1378626728 : 	0	7	
1378926776 : 	0	16	
1379828456 : 	0	7	
1380126296 : 	0	16	
1380427960 : 	0	25	
1380726912 : 	0	34	
1381326496 : 	0	16	
1381627912 : 	0	25	
1381926424 : 	0	34	
1382227000 : 	0	7	
1382828532 : 	0	25	
1383130788 : 	0	34	
1383730124 : 	0	16	
1384327760 : 	0	34	
1384927096 : 	0	16	
1385228676 : 	0	25	
1385829116 : 	0	7	
1386128572 : 	0	16	
1386427520 : 	0	25	
1386729096 : 	0	34	
1387327324 : 	0	16	
1387629416 : 	0	25	
1387928444 : 	0	34	
1388227816 : 	0	7	
1388827576 : 	0	25	
1389128900 : 	0	34	
1389428612 : 	0	7	
1389728152 : 	0	16	
1390330892 : 	0	34	
1390627880 : 	0	7	
1390927840 : 	0	16	
1391227380 : 	0	25	
1391828500 : 	0	7	
1392131356 : 	0	16	
1393329268 : 	0	16	
1393929104 : 	0	34	
1394828744 : 	0	25	
1395129480 : 	0	34	
1395429356 : 	0	7	
1395729744 : 	0	16	
1396329676 : 	0	34	
1396629468 : 	0	7	
1396932324 : 	0	16	
1397828988 : 	0	7	
1398130656 : 	0	16	
1398731944 : 	0	34	
1399329496 : 	0	16	
1399629892 : 	0	25	
1399929680 : 	0	34	
1400829744 : 	0	25	
1401130392 : 	0	34	
1401430612 : 	0	7	
1402330420 : 	0	34	
1402931028 : 	0	16	
1404131572 : 	0	16	
1404731672 : 	0	34	
1405334152 : 	0	16	
1405930424 : 	0	34	
1406530268 : 	0	16	
1407131220 : 	0	34	
1407732340 : 	0	16	
1408332440 : 	0	34	
1408632576 : 	0	7	
1408930672 : 	0	16	
1409233100 : 	0	25	
1409831160 : 	0	7	
1410732332 : 	0	34	
1411331496 : 	0	16	
1411631800 : 	0	25	
1411933124 : 	0	34	
1412232408 : 	0	7	
1412831576 : 	0	25	
1413132312 : 	0	34	
1413431760 : 	0	7	
1413733516 : 	0	16	
1414332252 : 	0	34	
1414932528 : 	0	16	
1415232144 : 	0	25	
1415833008 : 	0	7	
1416133660 : 	0	16	
1416432260 : 	0	25	
1416732564 : 	0	34	
1417333516 : 	0	16	
1417632376 : 	0	25	
1417933616 : 	0	34	
1418235280 : 	0	7	
1418834104 : 	0	25	
1419132456 : 	0	34	
1419732300 : 	0	16	
1420334440 : 	0	34	
1420633220 : 	0	7	
1420933436 : 	0	16	
1421233484 : 	0	25	
1421532600 : 	0	34	
1421832820 : 	0	7	
1422132532 : 	0	16	
1422433600 : 	0	25	
1422733408 : 	0	34	
1423034040 : 	0	7	
1423335280 : 	0	16	
1423634140 : 	0	25	
1423932744 : 	0	34	
1424235176 : 	0	7	
1424532844 : 	0	16	
1424836296 : 	0	25	
1425134984 : 	0	34	
1425434788 : 	0	7	
1425735084 : 	0	16	
1426034964 : 	0	25	
1426333912 : 	0	34	
1426635320 : 	0	7	
1426935116 : 	0	16	
1427537596 : 	0	34	
1427835180 : 	0	7	
1428734480 : 	0	34	
1429034956 : 	0	7	
1429336620 : 	0	16	
1429634968 : 	0	25	
1429935360 : 	0	34	
1430234644 : 	0	7	
1430535716 : 	0	16	
1430836192 : 	0	25	
1431135476 : 	0	34	
1431434676 : 	0	7	
1431737104 : 	0	16	
1432035384 : 	0	25	
1432337716 : 	0	34	
1432637172 : 	0	7	
1432934672 : 	0	16	
1433236336 : 	0	25	
1433534856 : 	0	34	
1433836012 : 	0	7	
1434137420 : 	0	16	
1434435700 : 	0	25	
1434735992 : 	0	34	
1435037144 : 	0	7	
1435335756 : 	0	16	
1435635292 : 	0	25	
1435934404 : 	0	34	
1436237432 : 	0	7	
1436534760 : 	0	16	
1436834384 : 	0	25	
1437136560 : 	0	34	
1437435248 : 	0	7	
1437737764 : 	0	16	
1438035436 : 	0	25	
1438338036 : 	0	34	
1438636060 : 	0	7	
1438935584 : 	0	16	
1439235720 : 	0	25	
1439536200 : 	0	34	
1439834632 : 	0	7	
1440138844 : 	0	16	
1440436176 : 	0	25	
1441036616 : 	0	7	
1441337600 : 	0	16	
1441638428 : 	0	25	
1441936256 : 	0	34	
1442238432 : 	0	7	
1442537552 : 	0	16	
1442835724 : 	0	25	
1443135180 : 	0	34	
1443436336 : 	0	7	
1443736384 : 	0	16	
1444039072 : 	0	25	
1444338268 : 	0	34	
1444636960 : 	0	7	
1445236976 : 	0	25	
1445536428 : 	0	34	
1445839284 : 	0	7	
1446138916 : 	0	16	
1446437428 : 	0	25	
1446738244 : 	0	34	
1447037104 : 	0	7	
1447337240 : 	0	16	
1447637460 : 	0	25	
1447936916 : 	0	34	
1448239432 : 	0	7	
1448539056 : 	0	16	
1449140600 : 	0	34	
1449436060 : 	0	7	
1450038028 : 	0	25	
1450338428 : 	0	34	
1450637196 : 	0	7	
1450940052 : 	0	16	
1451237804 : 	0	25	
1451536920 : 	0	34	
1451836468 : 	0	7	
1452136764 : 	0	16	
1452440132 : 	0	25	
1452738396 : 	0	34	
1453037764 : 	0	7	
1453939192 : 	0	34	
1454239072 : 	0	7	
1454540396 : 	0	16	
1454839340 : 	0	25	
1455140580 : 	0	34	
1455438944 : 	0	7	
1455737880 : 	0	16	
1456037932 : 	0	25	
1456338400 : 	0	34	
1456639216 : 	0	7	
1456941304 : 	0	16	
1457239996 : 	0	25	
1457541744 : 	0	34	
1458138104 : 	0	16	
1458440288 : 	0	25	
1458738460 : 	0	34	
1459040040 : 	0	7	
1459341280 : 	0	16	
1459640400 : 	0	25	
1459938148 : 	0	34	
1460239136 : 	0	7	
1460538428 : 	0	16	
1460838044 : 	0	25	
1461138688 : 	0	34	
1461439932 : 	0	7	
1461741512 : 	0	16	
1462040540 : 	0	25	
1462338804 : 	0	34	
1462640648 : 	0	7	
1462940520 : 	0	16	
1463240912 : 	0	25	
1463540960 : 	0	34	
1463841008 : 	0	7	
1464140548 : 	0	16	
1464440428 : 	0	25	
1464739544 : 	0	34	
1465041552 : 	0	7	
1465339136 : 	0	16	
1465642244 : 	0	25	
1465940512 : 	0	34	
1466239624 : 	0	7	
1466840404 : 	0	25	
1467141816 : 	0	34	
1467441524 : 	0	7	
1467740640 : 	0	16	
1468040436 : 	0	25	
1468340484 : 	0	34	
1468639092 : 	0	7	
1468939904 : 	0	16	
1469241824 : 	0	25	
1469540768 : 	0	34	
1469842944 : 	0	7	
1470141976 : 	0	16	
1471340568 : 	0	16	
1471942792 : 	0	34	
1472840384 : 	0	25	
1473142984 : 	0	34	
1473440740 : 	0	7	
1473741044 : 	0	16	
1474040756 : 	0	25	
1474340040 : 	0	34	
1476441752 : 	0	25	
1477641952 : 	0	25	
1479141348 : 	0	34	
1479442760 : 	0	7	
1480642452 : 	0	7	
1486717492 : 	0	25	
1487018816 : 	0	34	
1487320232 : 	0	7	
1487617644 : 	0	16	
1487919228 : 	0	25	
1488219280 : 	0	34	
1488519916 : 	0	7	
1488820312 : 	0	16	
1489119764 : 	0	25	
1489417856 : 	0	34	
1489720288 : 	0	7	
2260156232 : 	0	16	
2260454244 : 	0	25	
2260753612 : 	0	34	
2261055276 : 	0	7	
2261356348 : 	0	16	
2261654016 : 	0	25	
2261953896 : 	0	34	
2262253864 : 	0	7	
2262554508 : 	0	16	
2262857108 : 	0	25	
2263155120 : 	0	34	
2263455932 : 	0	7	
2264053828 : 	0	25	
2264353704 : 	0	34	
2264655112 : 	0	7	
2264954568 : 	0	16	
2265254364 : 	0	25	
2265554244 : 	0	34	
2265855400 : 	0	7	
2266155192 : 	0	16	
2266454988 : 	0	25	
2266752996 : 	0	34	
2267054324 : 	0	7	
2267357516 : 	0	16	
2267654084 : 	0	25	
2268255116 : 	0	7	
2268555428 : 	0	16	
2268855728 : 	0	25	
2269155864 : 	0	34	
2269455572 : 	0	7	
2269754944 : 	0	16	
2270053972 : 	0	25	
2270356744 : 	0	34	
2270656028 : 	0	7	
2270955312 : 	0	16	
2271257828 : 	0	25	
2271557540 : 	0	34	
2272153984 : 	0	16	
2272455824 : 	0	25	
2272755952 : 	0	34	
2273056512 : 	0	7	
2273356224 : 	0	16	
2273657208 : 	0	25	
2273956924 : 	0	34	
2274256712 : 	0	7	
2274554128 : 	0	16	
2274854604 : 	0	25	
2275155164 : 	0	34	
2275454704 : 	0	7	
2275755264 : 	0	16	
2276056168 : 	0	25	
2276358176 : 	0	34	
2276954952 : 	0	16	
2277256200 : 	0	25	
2277555392 : 	0	34	
2277855280 : 	0	7	
2278156088 : 	0	16	
2278454608 : 	0	25	
2278754572 : 	0	34	
2279056236 : 	0	7	
2279356548 : 	0	16	
2279656764 : 	0	25	
2279955196 : 	0	34	
2280256776 : 	0	7	
2280554788 : 	0	16	
2280858492 : 	0	25	
2281157948 : 	0	34	
2281756860 : 	0	16	
2282055208 : 	0	25	
2282354756 : 	0	34	
2282657264 : 	0	7	
2282955104 : 	0	16	
2283255236 : 	0	25	
2283557500 : 	0	34	
2283855168 : 	0	7	
2284157428 : 	0	16	
2284456796 : 	0	25	
2284754128 : 	0	34	
2285055196 : 	0	7	
2285358564 : 	0	16	
2285655724 : 	0	25	
2286255652 : 	0	7	
2286555024 : 	0	16	
2286855924 : 	0	25	
2287158184 : 	0	34	
2287458232 : 	0	7	
2287756584 : 	0	16	
2288055272 : 	0	25	
2288357960 : 	0	34	
2288654780 : 	0	7	
2288956868 : 	0	16	
2289258024 : 	0	25	
2289557052 : 	0	34	
2289858804 : 	0	7	
2290456268 : 	0	25	
2290755468 : 	0	34	
2291057220 : 	0	7	
2291356928 : 	0	16	
2291656384 : 	0	25	
2291955412 : 	0	34	
2292255632 : 	0	7	
2292556108 : 	0	16	
2292857948 : 	0	25	
2293158332 : 	0	34	
2293455832 : 	0	7	
2294956184 : 	0	16	
2295256388 : 	0	25	
2295557800 : 	0	34	
2295856156 : 	0	7	
2296158576 : 	0	16	
2296755872 : 	0	34	
2297056860 : 	0	7	
2297358268 : 	0	16	
2297656872 : 	0	25	
2297956752 : 	0	34	
2298556936 : 	0	16	
2299457004 : 	0	7	
2300058040 : 	0	25	
2300357152 : 	0	34	
2300956996 : 	0	16	
2301256964 : 	0	25	
2301557012 : 	0	34	
2301857064 : 	0	7	
2302156772 : 	0	16	
2302456740 : 	0	25	
2302755868 : 	0	34	
2303056752 : 	0	7	
2303358248 : 	0	16	
2303658132 : 	0	25	
2304557512 : 	0	16	
2304857392 : 	0	25	
2305757544 : 	0	16	
2306057260 : 	0	25	
2306358576 : 	0	34	
2306656760 : 	0	7	
2306958592 : 	0	16	
2307256008 : 	0	25	
2307557432 : 	0	34	
2307857892 : 	0	7	
2308158112 : 	0	16	
2308457228 : 	0	25	
2308757448 : 	0	34	
2309357292 : 	0	16	
2309957308 : 	0	34	
2310557576 : 	0	16	
2311157856 : 	0	34	
2311457984 : 	0	7	
2312058252 : 	0	25	
2312657332 : 	0	7	
2312957552 : 	0	16	
2313257944 : 	0	25	
2313558084 : 	0	34	
2313858044 : 	0	7	
2314158008 : 	0	16	
2314457632 : 	0	25	
2315357784 : 	0	16	
2315657748 : 	0	25	
2317157496 : 	0	34	
2317457792 : 	0	7	
2317757928 : 	0	16	
2318058316 : 	0	25	
2318657908 : 	0	7	
2321058732 : 	0	7	
2321958120 : 	0	34	
2322258592 : 	0	7	
2323158232 : 	0	34	
2324057532 : 	0	25	
2325259688 : 	0	25	
2325858512 : 	0	7	
2333660748 : 	0	25	
2333960372 : 	0	34	
2335759992 : 	0	16	
2336660992 : 	0	7	
2336961296 : 	0	16	
2337560972 : 	0	34	
2338460796 : 	0	25	
2338764320 : 	0	34	
2339062500 : 	0	7	
2344160884 : 	0	16	
2346561112 : 	0	16	
2348063748 : 	0	25	
2348664436 : 	0	7	
2350462444 : 	0	25	
2351062288 : 	0	7	
2351664852 : 	0	25	
2352262828 : 	0	7	
2353163660 : 	0	34	
2353465576 : 	0	7	
2354063300 : 	0	25	
2354664420 : 	0	7	
2354964128 : 	0	16	
2355264608 : 	0	25	
2355561848 : 	0	34	
2356162288 : 	0	16	
2356462684 : 	0	25	
2356764696 : 	0	34	
2357063116 : 	0	7	
2357962504 : 	0	34	
2358263660 : 	0	7	
2358563968 : 	0	16	
2359163808 : 	0	34	
2359464284 : 	0	7	
2359764672 : 	0	16	
2360064212 : 	0	25	
2360664652 : 	0	7	
2360962832 : 	0	16	
2361565484 : 	0	34	
2362162948 : 	0	16	
2362764492 : 	0	34	
2363064032 : 	0	7	
2363664984 : 	0	25	
2363963164 : 	0	34	
2364263128 : 	0	7	
2364565728 : 	0	16	
2365165064 : 	0	34	
2365464432 : 	0	7	
2365765416 : 	0	16	
2366066656 : 	0	25	
2366663528 : 	0	7	
2366964512 : 	0	16	
2367266176 : 	0	25	
2367565036 : 	0	34	
2368163692 : 	0	16	
2368466980 : 	0	25	
2368764988 : 	0	34	
2369064112 : 	0	7	
2369663604 : 	0	25	
2369964588 : 	0	34	
2370265488 : 	0	7	
2370564688 : 	0	16	
2371766504 : 	0	16	
2372065108 : 	0	25	
2372664868 : 	0	7	
2372966108 : 	0	16	
2373265492 : 	0	25	
2373563572 : 	0	34	
2374163076 : 	0	16	
2374466620 : 	0	25	
2374764368 : 	0	34	
2375064504 : 	0	7	
2375667068 : 	0	25	
2375963724 : 	0	34	
2376265812 : 	0	7	
2376564584 : 	0	16	
2377164172 : 	0	34	
2377464480 : 	0	7	
2377765896 : 	0	16	
2378066192 : 	0	25	
2378667148 : 	0	7	
2378963964 : 	0	16	
2379266068 : 	0	25	
2379564488 : 	0	34	
2380464636 : 	0	25	
2380764432 : 	0	34	
2381065672 : 	0	7	
2381364192 : 	0	16	
2381666460 : 	0	25	
2381964464 : 	0	34	
2382264852 : 	0	7	
2382567368 : 	0	16	
2383165004 : 	0	34	
2383465648 : 	0	7	
2383765272 : 	0	16	
2384066260 : 	0	25	
2384667972 : 	0	7	
2385266288 : 	0	25	
2385564728 : 	0	34	
2386165248 : 	0	16	
2386464804 : 	0	25	
2386766028 : 	0	34	
2387067436 : 	0	7	
2387666688 : 	0	25	
2387965376 : 	0	34	
2388265260 : 	0	7	
2388566584 : 	0	16	
2389465456 : 	0	7	
2389767888 : 	0	16	
2390067852 : 	0	25	
2390665828 : 	0	7	
2390967920 : 	0	16	
2391266524 : 	0	25	
2391568272 : 	0	34	
2392165144 : 	0	16	
2392468516 : 	0	25	
2392768220 : 	0	34	
2393068184 : 	0	7	
2393666500 : 	0	25	
2393965628 : 	0	34	
2394266688 : 	0	7	
2394565204 : 	0	16	
2395166408 : 	0	34	
2395465352 : 	0	7	
2395765488 : 	0	16	
2396066556 : 	0	25	
2396667764 : 	0	7	
2396965688 : 	0	16	
2397267776 : 	0	25	
2397566552 : 	0	34	
2398169032 : 	0	16	
2398467980 : 	0	25	
2399666988 : 	0	25	
2399968652 : 	0	34	
2400267088 : 	0	7	
2400568752 : 	0	16	
2400868208 : 	0	25	
2401167576 : 	0	34	
2401468484 : 	0	7	
2401768188 : 	0	16	
2402067216 : 	0	25	
2402367352 : 	0	34	
2402667148 : 	0	7	
2402967536 : 	0	16	
2404167568 : 	0	16	
2404467880 : 	0	25	
2404769196 : 	0	34	
2405067816 : 	0	7	
2405369044 : 	0	16	
2405667224 : 	0	25	
2405965744 : 	0	34	
2406268260 : 	0	7	
2406568732 : 	0	16	
2408067792 : 	0	25	
2408367672 : 	0	34	
2408667384 : 	0	7	
2408965988 : 	0	16	
2409268256 : 	0	25	
2409568044 : 	0	34	
2409868364 : 	0	7	
2410167804 : 	0	16	
2410467768 : 	0	25	
2410766380 : 	0	34	
2411069312 : 	0	7	
2411369540 : 	0	16	
2411667968 : 	0	25	
2412267656 : 	0	7	
2412568720 : 	0	16	
2412867912 : 	0	25	
2413168220 : 	0	34	
2413468700 : 	0	7	
2413769508 : 	0	16	
2414068800 : 	0	25	
2414367912 : 	0	34	
2414668900 : 	0	7	
2414969284 : 	0	16	
2415268312 : 	0	25	
2415569128 : 	0	34	
2416768144 : 	0	34	
2417068696 : 	0	7	
2417668712 : 	0	25	
2417968424 : 	0	34	
2418567588 : 	0	16	
2418869168 : 	0	25	
2419169216 : 	0	34	
2420667768 : 	0	7	
2420968840 : 	0	16	
2421869160 : 	0	7	
2423068168 : 	0	7	
2423369236 : 	0	16	
2423669032 : 	0	25	
2424270152 : 	0	7	
2424868552 : 	0	25	
2427872452 : 	0	7	
2428172424 : 	0	16	
2428471464 : 	0	25	
2428772008 : 	0	34	
2429369896 : 	0	16	
2429670464 : 	0	25	
2429971444 : 	0	34	
2430270132 : 	0	7	
2430569076 : 	0	16	
2430870580 : 	0	25	
2431169772 : 	0	34	
2431472372 : 	0	7	
2431770808 : 	0	16	
2432071368 : 	0	25	
2432370144 : 	0	34	
2432671296 : 	0	7	
2432973472 : 	0	16	
2433570768 : 	0	34	
2433871244 : 	0	7	
2434173164 : 	0	16	
2434471428 : 	0	25	
2434772496 : 	0	34	
2435072632 : 	0	7	
2435371492 : 	0	16	
2435671208 : 	0	25	
2435973216 : 	0	34	
2436271232 : 	0	7	
2436572456 : 	0	16	
2436872764 : 	0	25	
2437171452 : 	0	34	
2437772828 : 	0	16	
2438072028 : 	0	25	
2438372332 : 	0	34	
2438672808 : 	0	7	
2438970224 : 	0	16	
2439272992 : 	0	25	
2439573568 : 	0	34	
2439872244 : 	0	7	
2440174248 : 	0	16	
2440470648 : 	0	25	
2440773836 : 	0	34	
2441071768 : 	0	7	
2441372492 : 	0	16	
2441673988 : 	0	25	
2441971836 : 	0	34	
2442571504 : 	0	16	
2442872656 : 	0	25	
2443171264 : 	0	34	
2443471824 : 	0	7	
2443773148 : 	0	16	
2444073452 : 	0	25	
2444371548 : 	0	34	
2444672532 : 	0	7	
2444974792 : 	0	16	
2445273568 : 	0	25	
2445573364 : 	0	34	
2445872564 : 	0	7	
2446174060 : 	0	16	
2446473348 : 	0	25	
2447074292 : 	0	7	
2447375108 : 	0	16	
2447673116 : 	0	25	
2447973516 : 	0	34	
2448273220 : 	0	7	
2448575052 : 	0	16	
2448873320 : 	0	25	
2449174132 : 	0	34	
2449473680 : 	0	7	
2449773736 : 	0	16	
2450075048 : 	0	25	
2450375184 : 	0	34	
2451273972 : 	0	25	
2451573596 : 	0	34	
2451875516 : 	0	7	
2452175400 : 	0	16	
2452475364 : 	0	25	
2452772780 : 	0	34	
2453071808 : 	0	7	
2453375260 : 	0	16	
2453674372 : 	0	25	
2453974088 : 	0	34	
2454273624 : 	0	7	
2454574012 : 	0	16	
2454873468 : 	0	25	
2455176328 : 	0	34	
2455475776 : 	0	7	
2456073072 : 	0	25	
2456373804 : 	0	34	
2456673260 : 	0	7	
2456973732 : 	0	16	
2457272680 : 	0	25	
2457574852 : 	0	34	
2457874732 : 	0	7	
2458174272 : 	0	16	
2458473984 : 	0	25	
2458773352 : 	0	34	
2459073996 : 	0	7	
2459374304 : 	0	16	
2459676476 : 	0	25	
2459975084 : 	0	34	
2460273264 : 	0	7	
2460575608 : 	0	16	
2460876676 : 	0	25	
2461173668 : 	0	34	
2461476964 : 	0	7	
2461774364 : 	0	16	
2462073916 : 	0	25	
2462375400 : 	0	34	
2462674008 : 	0	7	
2462975080 : 	0	16	
2463275044 : 	0	25	
2463575684 : 	0	34	
2463875648 : 	0	7	
2464174680 : 	0	16	
2464774276 : 	0	34	
2465075932 : 	0	7	
2465375316 : 	0	16	
2465675360 : 	0	25	
2465976428 : 	0	34	
2466275460 : 	0	7	
2466576528 : 	0	16	
2466877424 : 	0	25	
2467175440 : 	0	34	
2467475496 : 	0	7	
2467775364 : 	0	16	
2468075160 : 	0	25	
2468376992 : 	0	34	
2468675260 : 	0	7	
2469275272 : 	0	25	
2469575920 : 	0	34	
2469875968 : 	0	7	
2470176360 : 	0	16	
2470477860 : 	0	25	
2470775608 : 	0	34	
2471077868 : 	0	7	
2471376644 : 	0	16	
2471675000 : 	0	25	
2471975808 : 	0	34	
2472878424 : 	0	25	
2473175840 : 	0	34	
2473475716 : 	0	7	
2473776956 : 	0	16	
2474075904 : 	0	25	
2474376224 : 	0	34	
2474677788 : 	0	7	
2474975884 : 	0	16	
2475275676 : 	0	25	
2475575556 : 	0	34	
2475876116 : 	0	7	
2476175660 : 	0	16	
2476477920 : 	0	25	
2476778052 : 	0	34	
2477678720 : 	0	25	
2477975960 : 	0	34	
2478276604 : 	0	7	
2478576568 : 	0	16	
2478876108 : 	0	25	
2479479184 : 	0	7	
2479777704 : 	0	16	
2480076564 : 	0	25	
2480375676 : 	0	34	
2480679128 : 	0	7	
2481279740 : 	0	25	
2482478580 : 	0	25	
2483078508 : 	0	7	
2483677420 : 	0	25	
2484277944 : 	0	7	
2484877788 : 	0	25	
2485478228 : 	0	7	
2485777520 : 	0	16	
2486079180 : 	0	25	
2486978052 : 	0	16	
2487279040 : 	0	25	
2487877792 : 	0	7	
2488177572 : 	0	16	
2488480428 : 	0	25	
2489077816 : 	0	7	
2489679608 : 	0	25	
2490279708 : 	0	7	
2490580184 : 	0	16	
2491478464 : 	0	7	
2492078228 : 	0	25	
2492679180 : 	0	7	
2493279784 : 	0	25	
2493880648 : 	0	7	
2494179168 : 	0	16	
2494480920 : 	0	25	
2494781816 : 	0	34	
2495078724 : 	0	7	
2495378688 : 	0	16	
2495680436 : 	0	25	
2495978448 : 	0	34	
2496279180 : 	0	7	
2496580416 : 	0	16	
2496879708 : 	0	25	
2497178740 : 	0	34	
2497480568 : 	0	7	
2497777900 : 	0	16	
2498081688 : 	0	25	
2498380464 : 	0	34	
2498679236 : 	0	7	
2498980732 : 	0	16	
2499279340 : 	0	25	
2499580408 : 	0	34	
2499881060 : 	0	7	
2500181952 : 	0	16	
2500481832 : 	0	25	
2500779504 : 	0	34	
2501082104 : 	0	7	
2501379184 : 	0	16	
2501681012 : 	0	25	
2501979284 : 	0	34	
2502281112 : 	0	7	
2502580236 : 	0	16	
2502880956 : 	0	25	
2503780256 : 	0	16	
2504080308 : 	0	25	
2504380020 : 	0	34	
2504680324 : 	0	7	
2504982160 : 	0	16	
2505282724 : 	0	25	
2505581832 : 	0	34	
2505880440 : 	0	7	
2506180316 : 	0	16	
2506481736 : 	0	25	
2506780844 : 	0	34	
2507080636 : 	0	7	
2507382388 : 	0	16	
2507981128 : 	0	34	
2508281604 : 	0	7	
2508581144 : 	0	16	
2508881964 : 	0	25	
2509181924 : 	0	34	
2509482148 : 	0	7	
2509783144 : 	0	16	
2510080712 : 	0	25	
2510381868 : 	0	34	
2510682600 : 	0	7	
2510981628 : 	0	16	
2511282280 : 	0	25	
2511581472 : 	0	34	
2512181488 : 	0	16	
2512482728 : 	0	25	
2512780404 : 	0	34	
2513083516 : 	0	7	
2513381092 : 	0	16	
2513682672 : 	0	25	
2513981452 : 	0	34	
2514281668 : 	0	7	
2514582312 : 	0	16	
2514881428 : 	0	25	
2515184112 : 	0	34	
2515784128 : 	0	16	
2516382020 : 	0	34	
2516681644 : 	0	7	
2516983224 : 	0	16	
2517284380 : 	0	25	
2517582048 : 	0	34	
2517882776 : 	0	7	
2518184444 : 	0	16	
2518483644 : 	0	25	
2518784544 : 	0	34	
2519083404 : 	0	7	
2519384224 : 	0	16	
2519685712 : 	0	25	
2519984828 : 	0	34	
2520285728 : 	0	7	
2520582216 : 	0	16	
2520883108 : 	0	25	
2521182820 : 	0	34	
2521484404 : 	0	7	
2521784788 : 	0	16	
2522084924 : 	0	25	
2522382344 : 	0	34	
2522682304 : 	0	7	
2522982948 : 	0	16	
2523284020 : 	0	25	
2523581772 : 	0	34	
2523883184 : 	0	7	
2524184932 : 	0	16	
2524484304 : 	0	25	
2525083044 : 	0	7	
2525384200 : 	0	16	
2525684504 : 	0	25	
2525983448 : 	0	34	
2526284604 : 	0	7	
2526584912 : 	0	16	
2526884704 : 	0	25	
2527182032 : 	0	34	
2527485652 : 	0	7	
2527783576 : 	0	16	
2528083544 : 	0	25	
2528383424 : 	0	34	
2528683812 : 	0	7	
2528983948 : 	0	16	
2529285868 : 	0	25	
2529583540 : 	0	34	
2529883264 : 	0	7	
2530183384 : 	0	16	
2530483944 : 	0	25	
2530784164 : 	0	34	
2531085232 : 	0	7	
2531384092 : 	0	16	
2531683632 : 	0	25	
2531984464 : 	0	34	
2532284752 : 	0	7	
2532585740 : 	0	16	
2532885872 : 	0	25	
2533184480 : 	0	34	
2533784492 : 	0	16	
2534085392 : 	0	25	
2534384000 : 	0	34	
2534684644 : 	0	7	
2534986832 : 	0	16	
2535285340 : 	0	25	
2535584800 : 	0	34	
2535884672 : 	0	7	
2536184212 : 	0	16	
2536486388 : 	0	25	
2537387064 : 	0	16	
2537984008 : 	0	34	
2538285584 : 	0	7	
2538584952 : 	0	16	
2538885264 : 	0	25	
2539187432 : 	0	34	
2539485016 : 	0	7	
2539785492 : 	0	16	
2540085380 : 	0	25	
2540384572 : 	0	34	
2540685480 : 	0	7	
2540985608 : 	0	16	
2541285572 : 	0	25	
2541885332 : 	0	7	
2542187684 : 	0	16	
2542787012 : 	0	34	
2543085364 : 	0	7	
2543386092 : 	0	16	
2543685548 : 	0	25	
2544284544 : 	0	7	
2544585788 : 	0	16	
2544886944 : 	0	25	
2546986440 : 	0	16	
2547586028 : 	0	34	
2547886844 : 	0	7	
2548186724 : 	0	16	
2548486520 : 	0	25	
2549086192 : 	0	7	
2549686804 : 	0	25	
2550286988 : 	0	7	
2550587124 : 	0	16	
2550888192 : 	0	25	
2551788172 : 	0	16	
2552086776 : 	0	25	
2552388444 : 	0	34	
2552687048 : 	0	7	
2553286468 : 	0	25	
2553587284 : 	0	34	
2553886056 : 	0	7	
2554187640 : 	0	16	
2554787228 : 	0	34	
2555386732 : 	0	16	
2556587528 : 	0	16	
2556887920 : 	0	25	
2557787812 : 	0	16	
2559288232 : 	0	25	
2559588284 : 	0	34	
2559887652 : 	0	7	
2560188296 : 	0	16	
2560788400 : 	0	34	
2561088872 : 	0	7	
2561388244 : 	0	16	
2564388572 : 	0	34	
2566187940 : 	0	16	
2569189544 : 	0	34	
2572489496 : 	0	25	
2573689872 : 	0	25	
2577590092 : 	0	34	
2579692396 : 	0	25	
2581492444 : 	0	7	
2581791728 : 	0	16	
2583592368 : 	0	34	
2585393008 : 	0	16	
2589592608 : 	0	34	
2589892660 : 	0	7	
2592293392 : 	0	7	
2592596504 : 	0	16	
2592893576 : 	0	25	
2593194564 : 	0	34	
2593793388 : 	0	16	
2595593944 : 	0	34	
2600396360 : 	0	34	
2600695728 : 	0	7	
2600997476 : 	0	16	
2601297868 : 	0	25	
2601597580 : 	0	34	
2602495108 : 	0	25	
2602796332 : 	0	34	
2603395080 : 	0	16	
2603996704 : 	0	34	
2604595280 : 	0	16	
2605197500 : 	0	34	
2605499164 : 	0	7	
2605797596 : 	0	16	
2606997372 : 	0	16	
2607596712 : 	0	34	
2607896928 : 	0	7	
2608196892 : 	0	16	
2608497284 : 	0	25	
2608797848 : 	0	34	
2609396072 : 	0	16	
2609696972 : 	0	25	
2609997788 : 	0	34	
2610299200 : 	0	7	
2610597804 : 	0	16	
2610897944 : 	0	25	
2611796812 : 	0	16	
2612398108 : 	0	34	
2612699428 : 	0	7	
2612996504 : 	0	16	
2613297996 : 	0	25	
2613597880 : 	0	34	
2613900052 : 	0	7	
2614196788 : 	0	16	
2614497516 : 	0	25	
2614798164 : 	0	34	
2615397668 : 	0	16	
2615699756 : 	0	25	
2616597868 : 	0	16	
2616897668 : 	0	25	
2617197288 : 	0	34	
2617499292 : 	0	7	
2617796792 : 	0	16	
2618398424 : 	0	34	
2618699152 : 	0	7	
2618997420 : 	0	16	
2619298064 : 	0	25	
2619599644 : 	0	34	
2619900288 : 	0	7	
2620197192 : 	0	16	
2620497584 : 	0	25	
2620798312 : 	0	34	
2621397068 : 	0	16	
2621700760 : 	0	25	
2622000468 : 	0	34	
2622300192 : 	0	7	
2622597184 : 	0	16	
2622898832 : 	0	25	
2623198712 : 	0	34	
2623798216 : 	0	16	
2624100052 : 	0	25	
2624999528 : 	0	16	
2625298724 : 	0	25	
2625598008 : 	0	34	
2625897804 : 	0	7	
2626197768 : 	0	16	
2626499348 : 	0	25	
2626797712 : 	0	34	
2627099872 : 	0	7	
2627397628 : 	0	16	
2627699972 : 	0	25	
2627998840 : 	0	34	
2628300928 : 	0	7	
2628598592 : 	0	16	
2628898304 : 	0	25	
2629199456 : 	0	34	
2629498744 : 	0	7	
2630098420 : 	0	25	
2630399828 : 	0	34	
2630698860 : 	0	7	
2630999504 : 	0	16	
2631298788 : 	0	25	
2631598836 : 	0	34	
2631901440 : 	0	7	
2632201240 : 	0	16	
2632498988 : 	0	25	
2632801504 : 	0	34	
2633099768 : 	0	7	
2633699952 : 	0	25	
2634000256 : 	0	34	
2634300392 : 	0	7	
2634601888 : 	0	16	
2634900664 : 	0	25	
2635199528 : 	0	34	
2635499404 : 	0	7	
2635802088 : 	0	16	
2636101628 : 	0	25	
2636399808 : 	0	34	
2636700800 : 	0	7	
2636999228 : 	0	16	
2637299880 : 	0	25	
2637602388 : 	0	34	
2637899716 : 	0	7	
2638201468 : 	0	16	
2638501348 : 	0	25	
2638800548 : 	0	34	
2639099664 : 	0	7	
2639402100 : 	0	16	
2639700024 : 	0	25	
2639999812 : 	0	34	
2640302836 : 	0	7	
2640602632 : 	0	16	
2640901576 : 	0	25	
2641201800 : 	0	34	
2641501764 : 	0	7	
2641801556 : 	0	16	
2642100672 : 	0	25	
2642400044 : 	0	34	
2642700688 : 	0	7	
2643001756 : 	0	16	
2643301980 : 	0	25	
2643600420 : 	0	34	
2643901396 : 	0	7	
2644200088 : 	0	16	
2644500476 : 	0	25	
2644803420 : 	0	34	
2645103128 : 	0	7	
2645402676 : 	0	16	
2645702464 : 	0	25	
2646600836 : 	0	16	
2646902324 : 	0	25	
2647200856 : 	0	34	
2647503612 : 	0	7	
2647802728 : 	0	16	
2648102864 : 	0	25	
2648403252 : 	0	34	
2648701264 : 	0	7	
2649002844 : 	0	16	
2649302056 : 	0	25	
2649603880 : 	0	34	
2649903844 : 	0	7	
2650203976 : 	0	16	
2650502248 : 	0	25	
2651102428 : 	0	7	
2651401968 : 	0	16	
2651702364 : 	0	25	
2652003088 : 	0	34	
2652301692 : 	0	7	
2652602592 : 	0	16	
2652902488 : 	0	25	
2653203884 : 	0	34	
2653502232 : 	0	7	
2653804236 : 	0	16	
2654104884 : 	0	25	
2654405444 : 	0	34	
2654702348 : 	0	7	
2655302872 : 	0	25	
2655600968 : 	0	34	
2655904164 : 	0	7	
2656204128 : 	0	16	
2656502832 : 	0	25	
2656803716 : 	0	34	
2657102408 : 	0	7	
2657404412 : 	0	16	
2657704044 : 	0	25	
2658003236 : 	0	34	
2658303372 : 	0	7	
2658602912 : 	0	16	
2659203524 : 	0	34	
2659501960 : 	0	7	
2659802092 : 	0	16	
2660103164 : 	0	25	
2660403304 : 	0	34	
2660703432 : 	0	7	
2661003736 : 	0	16	
2661303532 : 	0	25	
2661603924 : 	0	34	
2661905248 : 	0	7	
2662203940 : 	0	16	
2662503568 : 	0	25	
2662803868 : 	0	34	
2663104852 : 	0	7	
2663404140 : 	0	16	
2663703336 : 	0	25	
2664004240 : 	0	34	
2664304204 : 	0	7	
2664604252 : 	0	16	
2664902944 : 	0	25	
2665202568 : 	0	34	
2665504320 : 	0	7	
2665804624 : 	0	16	
2666105184 : 	0	25	
2666405660 : 	0	34	
2666704516 : 	0	7	
2667003632 : 	0	16	
2667306744 : 	0	25	
2667607472 : 	0	34	
2667907012 : 	0	7	
2668204852 : 	0	16	
2668504052 : 	0	25	
2668803340 : 	0	34	
2669105428 : 	0	7	
2669404712 : 	0	16	
2669704932 : 	0	25	
2670004812 : 	0	34	
2670306476 : 	0	7	
2670606020 : 	0	16	
2670906068 : 	0	25	
2671204760 : 	0	34	
2671505656 : 	0	7	
2671805708 : 	0	16	
2672404024 : 	0	34	
2672706792 : 	0	7	
2673004036 : 	0	16	
2673306644 : 	0	25	
2673604052 : 	0	34	
2673906752 : 	0	7	
2674205776 : 	0	16	
2674508112 : 	0	25	
2674806720 : 	0	34	
2675107964 : 	0	7	
2675404440 : 	0	16	
2675706784 : 	0	25	
2676004884 : 	0	34	
2676606764 : 	0	16	
2676906984 : 	0	25	
2677205332 : 	0	34	
2677507336 : 	0	7	
2677807304 : 	0	16	
2678108628 : 	0	25	
2678405872 : 	0	34	
2678705500 : 	0	7	
2679004696 : 	0	16	
2679307724 : 	0	25	
2679605476 : 	0	34	
2679908588 : 	0	7	
2680808652 : 	0	34	
2681107172 : 	0	7	
2681407904 : 	0	16	
2681705496 : 	0	25	
2682006048 : 	0	34	
2682308224 : 	0	7	
2682606148 : 	0	16	
2682905696 : 	0	25	
2683206680 : 	0	34	
2683508508 : 	0	7	
2683805496 : 	0	16	
2684110564 : 	0	25	
2684705648 : 	0	7	
2685007568 : 	0	16	
2685309572 : 	0	25	
2685606480 : 	0	34	
2685907888 : 	0	7	
2686205988 : 	0	16	
2686509008 : 	0	25	
2686807108 : 	0	34	
2687107916 : 	0	7	
2687407884 : 	0	16	
2687708784 : 	0	25	
2688010788 : 	0	34	
2688609952 : 	0	16	
2689508232 : 	0	7	
2689808284 : 	0	16	
2690109948 : 	0	25	
2690410512 : 	0	34	
2690708432 : 	0	7	
2691009164 : 	0	16	
2691308364 : 	0	25	
2691609176 : 	0	34	
2691908888 : 	0	7	
2692210128 : 	0	16	
2692511452 : 	0	25	
2692807848 : 	0	34	
2693409824 : 	0	16	
2693710208 : 	0	25	
2694009068 : 	0	34	
2694310140 : 	0	7	
2694608488 : 	0	16	
2694910240 : 	0	25	
2695208248 : 	0	34	
2695509068 : 	0	7	
2695809368 : 	0	16	
2696108312 : 	0	25	
2696411592 : 	0	34	
2696708836 : 	0	7	
2697309872 : 	0	25	
2697610520 : 	0	34	
2697909720 : 	0	7	
2698209512 : 	0	16	
2698509224 : 	0	25	
2698809272 : 	0	34	
2699110684 : 	0	7	
2699410224 : 	0	16	
2699708912 : 	0	25	
2700010832 : 	0	34	
2700309528 : 	0	7	
2700610932 : 	0	16	
2700910048 : 	0	25	
2701209588 : 	0	34	
2701810112 : 	0	16	
2702112544 : 	0	25	
2702409960 : 	0	34	
2702710264 : 	0	7	
2703011332 : 	0	16	
2703310532 : 	0	25	
2703610584 : 	0	34	
2703909868 : 	0	7	
2704210512 : 	0	16	
2704510648 : 	0	25	
2704810612 : 	0	34	
2705112364 : 	0	7	
2705410628 : 	0	16	
2705710592 : 	0	25	
2706010388 : 	0	34	
2706310776 : 	0	7	
2706610828 : 	0	16	
2706910624 : 	0	25	
2707210504 : 	0	34	
2707511912 : 	0	7	
2707811284 : 	0	16	
2708113464 : 	0	25	
2708410872 : 	0	34	
2708711772 : 	0	7	
2709010888 : 	0	16	
2709312980 : 	0	25	
2710811104 : 	0	34	
2711111664 : 	0	7	
2711710748 : 	0	25	
2712311608 : 	0	7	
2712611232 : 	0	16	
2712911624 : 	0	25	
2713211248 : 	0	34	
2713511300 : 	0	7	
2713812284 : 	0	16	
2714111908 : 	0	25	
2714410684 : 	0	34	
2714711496 : 	0	7	
2715011888 : 	0	16	
2715314240 : 	0	25	
2715611648 : 	0	34	
2715912124 : 	0	7	
2716513336 : 	0	25	
2716811508 : 	0	34	
2717113596 : 	0	7	
2717713016 : 	0	25	
2718315588 : 	0	7	
2718913132 : 	0	25	
2719514168 : 	0	7	
2720112144 : 	0	25	
2720714112 : 	0	7	
2721312344 : 	0	25	
2721611544 : 	0	34	
2721914144 : 	0	7	
2722213256 : 	0	16	
2722513904 : 	0	25	
2723112896 : 	0	7	
2723714108 : 	0	25	
2724313196 : 	0	7	
2724916004 : 	0	25	
2725215884 : 	0	34	
2725513976 : 	0	7	
2725814624 : 	0	16	
2726116628 : 	0	25	
2726414892 : 	0	34	
2726715368 : 	0	7	
2727314108 : 	0	25	
2727615092 : 	0	34	
2727915740 : 	0	7	
2728215448 : 	0	16	
2728514140 : 	0	25	
2728814784 : 	0	34	
2729114236 : 	0	7	
2729415392 : 	0	16	
2729715360 : 	0	25	
2730013536 : 	0	34	
2730315888 : 	0	7	
2730614488 : 	0	16	
2730918448 : 	0	25	
2731217732 : 	0	34	
2731814432 : 	0	16	
2732114652 : 	0	25	
2732414616 : 	0	34	
2732715944 : 	0	7	
2733014548 : 	0	16	
2733314936 : 	0	25	
2733616432 : 	0	34	
2733917420 : 	0	7	
2734216108 : 	0	16	
2734516668 : 	0	25	
2734815444 : 	0	34	
2735115576 : 	0	7	
2735417836 : 	0	16	
2736316032 : 	0	7	
2736615232 : 	0	16	
2736917408 : 	0	25	
2737214824 : 	0	34	
2737515044 : 	0	7	
2737816536 : 	0	16	
2738116928 : 	0	25	
2738416808 : 	0	34	
2738715412 : 	0	7	
2739016828 : 	0	16	
2739316880 : 	0	25	
2739616156 : 	0	34	
2739916124 : 	0	7	
2740217532 : 	0	16	
2741117600 : 	0	7	
2741414420 : 	0	16	
2741717360 : 	0	25	
2742017492 : 	0	34	
2742316780 : 	0	7	
2742618444 : 	0	16	
2742917472 : 	0	25	
2743215652 : 	0	34	
2743516304 : 	0	7	
2743817708 : 	0	16	
2744116824 : 	0	25	
2744417808 : 	0	34	
2744716244 : 	0	7	
2745618180 : 	0	34	
2745917972 : 	0	7	
2746219044 : 	0	16	
2746518328 : 	0	25	
2746818292 : 	0	34	
2747116648 : 	0	7	
2747418224 : 	0	16	
2747719464 : 	0	25	
2748017216 : 	0	34	
2748318628 : 	0	7	
2748618508 : 	0	16	
2749217672 : 	0	34	
2749518488 : 	0	7	
2749818708 : 	0	16	
2750118588 : 	0	25	
2750418892 : 	0	34	
2750717500 : 	0	7	
2751019844 : 	0	16	
2751317684 : 	0	25	
2751618500 : 	0	34	
2751919236 : 	0	7	
2752219448 : 	0	16	
2752520364 : 	0	25	
2753117984 : 	0	7	
2753418204 : 	0	16	
2753719448 : 	0	25	
2754018396 : 	0	34	
2754318692 : 	0	7	
2754618408 : 	0	16	
2754920664 : 	0	25	
2755218248 : 	0	34	
2755518384 : 	0	7	
2755818524 : 	0	16	
2756118660 : 	0	25	
2756418956 : 	0	34	
2756719944 : 	0	7	
2757020076 : 	0	16	
2757319796 : 	0	25	
2757619072 : 	0	34	
2757920312 : 	0	7	
2758219512 : 	0	16	
2758521432 : 	0	25	
2758819700 : 	0	34	
2759119924 : 	0	7	
2759420224 : 	0	16	
2759721376 : 	0	25	
2760019388 : 	0	34	
2760319020 : 	0	7	
2760618892 : 	0	16	
2760921068 : 	0	25	
2761220440 : 	0	34	
2761522192 : 	0	7	
2761819688 : 	0	16	
2762119144 : 	0	25	
2762420724 : 	0	34	
2762721876 : 	0	7	
2763019720 : 	0	16	
2763320616 : 	0	25	
2763619052 : 	0	34	
2763919784 : 	0	7	
2764220004 : 	0	16	
2764519464 : 	0	25	
2764819764 : 	0	34	
2765119728 : 	0	7	
2765420372 : 	0	16	
2766320700 : 	0	7	
2766620316 : 	0	16	
2766921304 : 	0	25	
2767221012 : 	0	34	
2767520816 : 	0	7	
2767822728 : 	0	16	
2768122780 : 	0	25	
2768419768 : 	0	34	
2768721092 : 	0	7	
2769020208 : 	0	16	
2769320344 : 	0	25	
2769622264 : 	0	34	
2769921292 : 	0	7	
2770522164 : 	0	25	
2770822972 : 	0	34	
2771122004 : 	0	7	
2771422564 : 	0	16	
2771720912 : 	0	25	
2772022328 : 	0	34	
2772322204 : 	0	7	
2772621232 : 	0	16	
2772921384 : 	0	25	
2773822628 : 	0	16	
2774124120 : 	0	25	
2774722616 : 	0	7	
2775020952 : 	0	16	
2775323892 : 	0	25	
2775621140 : 	0	34	
2775921704 : 	0	7	
2776222344 : 	0	16	
2776522140 : 	0	25	
2776821592 : 	0	34	
2777121644 : 	0	7	
2777422544 : 	0	16	
2777723784 : 	0	25	
2778022132 : 	0	34	
2778621468 : 	0	16	
2778922368 : 	0	25	
2779221824 : 	0	34	
2779522892 : 	0	7	
2779823624 : 	0	16	
2780122484 : 	0	25	
2780424404 : 	0	34	
2780721988 : 	0	7	
2781024588 : 	0	16	
2781322348 : 	0	25	
2781621884 : 	0	34	
2781922784 : 	0	7	
2782223936 : 	0	16	
2782822340 : 	0	34	
2783122572 : 	0	7	
2783422100 : 	0	16	
2783723684 : 	0	25	
2784025172 : 	0	34	
2784324544 : 	0	7	
2788300140 : 	0	16	
2788598320 : 	0	25	
2789198420 : 	0	7	
2789499152 : 	0	16	
2789797672 : 	0	25	
2790099760 : 	0	34	
2790401000 : 	0	7	
2790699268 : 	0	16	
2790999828 : 	0	25	
2791299536 : 	0	34	
