553730792 : 	0	0	0	0	0	0	0	11	
554234876 : 	0	0	0	0	0	0	0	20	
554734848 : 	0	0	0	0	0	0	0	3F	
556744076 : 	0	0	0	0	0	0	0	3F	
557244896 : 	0	0	0	0	0	0	0	2	
557749296 : 	0	0	0	0	0	0	0	11	
558252232 : 	0	0	0	0	0	0	0	20	
558753392 : 	0	0	0	0	0	0	0	3F	
559253624 : 	0	0	0	0	0	0	0	2	
561265312 : 	0	0	0	0	0	0	0	2	
561767408 : 	0	0	0	0	0	0	0	11	
562773468 : 	0	0	0	0	0	0	0	3F	
563273948 : 	0	0	0	0	0	0	0	2	
563778252 : 	0	0	0	0	0	0	0	11	
564782440 : 	0	0	0	0	0	0	0	3F	
565787144 : 	0	0	0	0	0	0	0	11	
566287196 : 	0	0	0	0	0	0	0	20	
566789300 : 	0	0	0	0	0	0	0	3F	
567294112 : 	0	0	0	0	0	0	0	2	
567792460 : 	0	0	0	0	0	0	0	11	
568294640 : 	0	0	0	0	0	0	0	20	
569802712 : 	0	0	0	0	0	0	0	11	
570305996 : 	0	0	0	0	0	0	0	20	
570808008 : 	0	0	0	0	0	0	0	3F	
572314208 : 	0	0	0	0	0	0	0	20	
573322316 : 	0	0	0	0	0	0	0	2	
573823808 : 	0	0	0	0	0	0	0	11	
574828600 : 	0	0	0	0	0	0	0	3F	
575327712 : 	0	0	0	0	0	0	0	2	
575833716 : 	0	0	0	0	0	0	0	11	
576332580 : 	0	0	0	0	0	0	0	20	
576836208 : 	0	0	0	0	0	0	0	3F	
577337028 : 	0	0	0	0	0	0	0	2	
578342152 : 	0	0	0	0	0	0	0	20	
578846456 : 	0	0	0	0	0	0	0	3F	
579348384 : 	0	0	0	0	0	0	0	2	
579853196 : 	0	0	0	0	0	0	0	11	
580354440 : 	0	0	0	0	0	0	0	20	
580855948 : 	0	0	0	0	0	0	0	3F	
581861068 : 	0	0	0	0	0	0	0	11	
582362652 : 	0	0	0	0	0	0	0	20	
582863728 : 	0	0	0	0	0	0	0	3F	
583368116 : 	0	0	0	0	0	0	0	2	
584875252 : 	0	0	0	0	0	0	0	3F	
585376328 : 	0	0	0	0	0	0	0	2	
587384792 : 	0	0	0	0	0	0	0	2	
587889180 : 	0	0	0	0	0	0	0	11	
588392296 : 	0	0	0	0	0	0	0	20	
588895156 : 	0	0	0	0	0	0	0	3F	
589394616 : 	0	0	0	0	0	0	0	2	
590397788 : 	0	0	0	0	0	0	0	20	
590904048 : 	0	0	0	0	0	0	0	3F	
591906968 : 	0	0	0	0	0	0	0	11	
592407016 : 	0	0	0	0	0	0	0	20	
593916192 : 	0	0	0	0	0	0	0	11	
594922596 : 	0	0	0	0	0	0	0	3F	
595423924 : 	0	0	0	0	0	0	0	2	
595924656 : 	0	0	0	0	0	0	0	11	
596428196 : 	0	0	0	0	0	0	0	20	
596932332 : 	0	0	0	0	0	0	0	3F	
598943780 : 	0	0	0	0	0	0	0	3F	
599946008 : 	0	0	0	0	0	0	0	11	
600448612 : 	0	0	0	0	0	0	0	20	
600953088 : 	0	0	0	0	0	0	0	3F	
601452888 : 	0	0	0	0	0	0	0	2	
601954980 : 	0	0	0	0	0	0	0	11	
602458272 : 	0	0	0	0	0	0	0	20	
603463052 : 	0	0	0	0	0	0	0	2	
603967532 : 	0	0	0	0	0	0	0	11	
604469196 : 	0	0	0	0	0	0	0	20	
604973416 : 	0	0	0	0	0	0	0	3F	
605472452 : 	0	0	0	0	0	0	0	2	
605974724 : 	0	0	0	0	0	0	0	11	
606981372 : 	0	0	0	0	0	0	0	3F	
607985904 : 	0	0	0	0	0	0	0	11	
608488084 : 	0	0	0	0	0	0	0	20	
609493044 : 	0	0	0	0	0	0	0	2	
609995472 : 	0	0	0	0	0	0	0	11	
610495620 : 	0	0	0	0	0	0	0	20	
611500824 : 	0	0	0	0	0	0	0	2	
612004028 : 	0	0	0	0	0	0	0	11	
612507392 : 	0	0	0	0	0	0	0	20	
613009580 : 	0	0	0	0	0	0	0	3F	
613509628 : 	0	0	0	0	0	0	0	2	
615017532 : 	0	0	0	0	0	0	0	3F	
615520392 : 	0	0	0	0	0	0	0	2	
616025372 : 	0	0	0	0	0	0	0	11	
616524576 : 	0	0	0	0	0	0	0	20	
617028116 : 	0	0	0	0	0	0	0	3F	
618035536 : 	0	0	0	0	0	0	0	11	
712418188 : 	0	0	0	0	0	0	0	11	
712922868 : 	0	0	0	0	0	0	0	20	
713425132 : 	0	0	0	0	0	0	0	3F	
713927312 : 	0	0	0	0	0	0	0	2	
714432380 : 	0	0	0	0	0	0	0	11	
714930992 : 	0	0	0	0	0	0	0	20	
715434028 : 	0	0	0	0	0	0	0	3F	
715936288 : 	0	0	0	0	0	0	0	2	
716442036 : 	0	0	0	0	0	0	0	11	
716942260 : 	0	0	0	0	0	0	0	20	
717444868 : 	0	0	0	0	0	0	0	3F	
717947132 : 	0	0	0	0	0	0	0	2	
718451868 : 	0	0	0	0	0	0	0	11	
719455540 : 	0	0	0	0	0	0	0	3F	
720461348 : 	0	0	0	0	0	0	0	11	
720961996 : 	0	0	0	0	0	0	0	20	
721465792 : 	0	0	0	0	0	0	0	3F	
722471008 : 	0	0	0	0	0	0	0	11	
722971228 : 	0	0	0	0	0	0	0	20	
723477400 : 	0	0	0	0	0	0	0	3F	
723976180 : 	0	0	0	0	0	0	0	2	
724480912 : 	0	0	0	0	0	0	0	11	
724983008 : 	0	0	0	0	0	0	0	20	
725484508 : 	0	0	0	0	0	0	0	3F	
725987196 : 	0	0	0	0	0	0	0	2	
727996432 : 	0	0	0	0	0	0	0	2	
728999680 : 	0	0	0	0	0	0	0	20	
731007552 : 	0	0	0	0	0	0	0	20	
731512968 : 	0	0	0	0	0	0	0	3F	
732515112 : 	0	0	0	0	0	0	0	11	
733523132 : 	0	0	0	0	0	0	0	3F	
734020888 : 	0	0	0	0	0	0	0	2	
734524768 : 	0	0	0	0	0	0	0	11	
735025928 : 	0	0	0	0	0	0	0	20	
736032328 : 	0	0	0	0	0	0	0	2	
736532384 : 	0	0	0	0	0	0	0	11	
737035332 : 	0	0	0	0	0	0	0	20	
737537764 : 	0	0	0	0	0	0	0	3F	
738040452 : 	0	0	0	0	0	0	0	2	
738542804 : 	0	0	0	0	0	0	0	11	
739046256 : 	0	0	0	0	0	0	0	20	
740553136 : 	0	0	0	0	0	0	0	11	
741055744 : 	0	0	0	0	0	0	0	20	
742062396 : 	0	0	0	0	0	0	0	2	
742563988 : 	0	0	0	0	0	0	0	11	
743064888 : 	0	0	0	0	0	0	0	20	
743566216 : 	0	0	0	0	0	0	0	3F	
744067376 : 	0	0	0	0	0	0	0	2	
744572276 : 	0	0	0	0	0	0	0	11	
745072076 : 	0	0	0	0	0	0	0	20	
745576472 : 	0	0	0	0	0	0	0	3F	
746077712 : 	0	0	0	0	0	0	0	2	
746582192 : 	0	0	0	0	0	0	0	11	
747083264 : 	0	0	0	0	0	0	0	20	
747586724 : 	0	0	0	0	0	0	0	3F	
748595072 : 	0	0	0	0	0	0	0	11	
749094532 : 	0	0	0	0	0	0	0	20	
749595352 : 	0	0	0	0	0	0	0	3F	
750095068 : 	0	0	0	0	0	0	0	2	
750596652 : 	0	0	0	0	0	0	0	11	
751100788 : 	0	0	0	0	0	0	0	20	
753612284 : 	0	0	0	0	0	0	0	3F	
754114292 : 	0	0	0	0	0	0	0	2	
754617660 : 	0	0	0	0	0	0	0	11	
755118568 : 	0	0	0	0	0	0	0	20	
755621344 : 	0	0	0	0	0	0	0	3F	
756123268 : 	0	0	0	0	0	0	0	2	
757126436 : 	0	0	0	0	0	0	0	20	
757634232 : 	0	0	0	0	0	0	0	3F	
758635620 : 	0	0	0	0	0	0	0	11	
759138300 : 	0	0	0	0	0	0	0	20	
759642776 : 	0	0	0	0	0	0	0	3F	
760142748 : 	0	0	0	0	0	0	0	2	
760647224 : 	0	0	0	0	0	0	0	11	
762154784 : 	0	0	0	0	0	0	0	2	
762656884 : 	0	0	0	0	0	0	0	11	
763157952 : 	0	0	0	0	0	0	0	20	
763662852 : 	0	0	0	0	0	0	0	3F	
764164104 : 	0	0	0	0	0	0	0	2	
764665852 : 	0	0	0	0	0	0	0	11	
765672848 : 	0	0	0	0	0	0	0	3F	
766675336 : 	0	0	0	0	0	0	0	11	
767175824 : 	0	0	0	0	0	0	0	20	
767681140 : 	0	0	0	0	0	0	0	3F	
768184516 : 	0	0	0	0	0	0	0	2	
768686948 : 	0	0	0	0	0	0	0	11	
769186492 : 	0	0	0	0	0	0	0	20	
770193656 : 	0	0	0	0	0	0	0	2	
770696772 : 	0	0	0	0	0	0	0	11	
771198188 : 	0	0	0	0	0	0	0	20	
772201620 : 	0	0	0	0	0	0	0	2	
772705916 : 	0	0	0	0	0	0	0	11	
774212632 : 	0	0	0	0	0	0	0	2	
774715408 : 	0	0	0	0	0	0	0	11	
775215032 : 	0	0	0	0	0	0	0	20	
775719676 : 	0	0	0	0	0	0	0	3F	
776724636 : 	0	0	0	0	0	0	0	11	
777226392 : 	0	0	0	0	0	0	0	20	
779234684 : 	0	0	0	0	0	0	0	20	
779738816 : 	0	0	0	0	0	0	0	3F	
780742920 : 	0	0	0	0	0	0	0	11	
781243828 : 	0	0	0	0	0	0	0	20	
781746940 : 	0	0	0	0	0	0	0	3F	
782250064 : 	0	0	0	0	0	0	0	2	
782752152 : 	0	0	0	0	0	0	0	11	
783757616 : 	0	0	0	0	0	0	0	3F	
784257084 : 	0	0	0	0	0	0	0	2	
784764528 : 	0	0	0	0	0	0	0	11	
785264672 : 	0	0	0	0	0	0	0	20	
786269452 : 	0	0	0	0	0	0	0	2	
787274748 : 	0	0	0	0	0	0	0	20	
787776592 : 	0	0	0	0	0	0	0	3F	
788277660 : 	0	0	0	0	0	0	0	2	
789283636 : 	0	0	0	0	0	0	0	20	
789786156 : 	0	0	0	0	0	0	0	3F	
790790268 : 	0	0	0	0	0	0	0	11	
791795216 : 	0	0	0	0	0	0	0	3F	
792296208 : 	0	0	0	0	0	0	0	2	
792798640 : 	0	0	0	0	0	0	0	11	
794808044 : 	0	0	0	0	0	0	0	11	
795310308 : 	0	0	0	0	0	0	0	20	
795812920 : 	0	0	0	0	0	0	0	3F	
796316712 : 	0	0	0	0	0	0	0	2	
796816932 : 	0	0	0	0	0	0	0	11	
797319112 : 	0	0	0	0	0	0	0	20	
797824860 : 	0	0	0	0	0	0	0	3F	
798326276 : 	0	0	0	0	0	0	0	2	
799330472 : 	0	0	0	0	0	0	0	20	
800838112 : 	0	0	0	0	0	0	0	11	
801337828 : 	0	0	0	0	0	0	0	20	
802346268 : 	0	0	0	0	0	0	0	2	
803348928 : 	0	0	0	0	0	0	0	20	
804354392 : 	0	0	0	0	0	0	0	2	
804857508 : 	0	0	0	0	0	0	0	11	
805358156 : 	0	0	0	0	0	0	0	20	
806363708 : 	0	0	0	0	0	0	0	2	
806866652 : 	0	0	0	0	0	0	0	11	
807368660 : 	0	0	0	0	0	0	0	20	
807869908 : 	0	0	0	0	0	0	0	3F	
808876056 : 	0	0	0	0	0	0	0	11	
809376448 : 	0	0	0	0	0	0	0	20	
809879568 : 	0	0	0	0	0	0	0	3F	
810381572 : 	0	0	0	0	0	0	0	2	
810886132 : 	0	0	0	0	0	0	0	11	
812391312 : 	0	0	0	0	0	0	0	2	
812896468 : 	0	0	0	0	0	0	0	11	
813397880 : 	0	0	0	0	0	0	0	20	
813898108 : 	0	0	0	0	0	0	0	3F	
814401568 : 	0	0	0	0	0	0	0	2	
815909716 : 	0	0	0	0	0	0	0	3F	
816411048 : 	0	0	0	0	0	0	0	2	
817416852 : 	0	0	0	0	0	0	0	20	
817917504 : 	0	0	0	0	0	0	0	3F	
818420192 : 	0	0	0	0	0	0	0	2	
818921436 : 	0	0	0	0	0	0	0	11	
820430104 : 	0	0	0	0	0	0	0	2	
821435144 : 	0	0	0	0	0	0	0	20	
821937408 : 	0	0	0	0	0	0	0	3F	
822439332 : 	0	0	0	0	0	0	0	2	
822941256 : 	0	0	0	0	0	0	0	11	
823442416 : 	0	0	0	0	0	0	0	20	
823946552 : 	0	0	0	0	0	0	0	3F	
825450200 : 	0	0	0	0	0	0	0	20	
825953324 : 	0	0	0	0	0	0	0	3F	
826456772 : 	0	0	0	0	0	0	0	2	
826960312 : 	0	0	0	0	0	0	0	11	
827462152 : 	0	0	0	0	0	0	0	20	
829471296 : 	0	0	0	0	0	0	0	20	
830977580 : 	0	0	0	0	0	0	0	11	
831479676 : 	0	0	0	0	0	0	0	20	
831982452 : 	0	0	0	0	0	0	0	3F	
832485736 : 	0	0	0	0	0	0	0	2	
833490352 : 	0	0	0	0	0	0	0	20	
833993720 : 	0	0	0	0	0	0	0	3F	
834499556 : 	0	0	0	0	0	0	0	2	
834998932 : 	0	0	0	0	0	0	0	11	
835501708 : 	0	0	0	0	0	0	0	20	
836003376 : 	0	0	0	0	0	0	0	3F	
837008332 : 	0	0	0	0	0	0	0	11	
837511956 : 	0	0	0	0	0	0	0	20	
838011672 : 	0	0	0	0	0	0	0	3F	
839019008 : 	0	0	0	0	0	0	0	11	
839521448 : 	0	0	0	0	0	0	0	20	
840022940 : 	0	0	0	0	0	0	0	3F	
841029428 : 	0	0	0	0	0	0	0	11	
841531268 : 	0	0	0	0	0	0	0	20	
842030728 : 	0	0	0	0	0	0	0	3F	
842532996 : 	0	0	0	0	0	0	0	2	
843038400 : 	0	0	0	0	0	0	0	11	
843541348 : 	0	0	0	0	0	0	0	20	
844042760 : 	0	0	0	0	0	0	0	3F	
845051544 : 	0	0	0	0	0	0	0	11	
845550068 : 	0	0	0	0	0	0	0	20	
846053268 : 	0	0	0	0	0	0	0	3F	
846554004 : 	0	0	0	0	0	0	0	2	
847059752 : 	0	0	0	0	0	0	0	11	
847558448 : 	0	0	0	0	0	0	0	20	
848062328 : 	0	0	0	0	0	0	0	3F	
848564676 : 	0	0	0	0	0	0	0	2	
849569892 : 	0	0	0	0	0	0	0	20	
850070792 : 	0	0	0	0	0	0	0	3F	
850574588 : 	0	0	0	0	0	0	0	2	
851577248 : 	0	0	0	0	0	0	0	20	
852081296 : 	0	0	0	0	0	0	0	3F	
852581948 : 	0	0	0	0	0	0	0	2	
853084720 : 	0	0	0	0	0	0	0	11	
854090272 : 	0	0	0	0	0	0	0	3F	
854591688 : 	0	0	0	0	0	0	0	2	
855092260 : 	0	0	0	0	0	0	0	11	
856100268 : 	0	0	0	0	0	0	0	3F	
856601596 : 	0	0	0	0	0	0	0	2	
857105308 : 	0	0	0	0	0	0	0	11	
857605200 : 	0	0	0	0	0	0	0	20	
858110516 : 	0	0	0	0	0	0	0	3F	
858611508 : 	0	0	0	0	0	0	0	2	
859111648 : 	0	0	0	0	0	0	0	11	
860119832 : 	0	0	0	0	0	0	0	3F	
860620996 : 	0	0	0	0	0	0	0	2	
861123936 : 	0	0	0	0	0	0	0	11	
862133056 : 	0	0	0	0	0	0	0	3F	
862630392 : 	0	0	0	0	0	0	0	2	
863134788 : 	0	0	0	0	0	0	0	11	
863636196 : 	0	0	0	0	0	0	0	20	
864142200 : 	0	0	0	0	0	0	0	3F	
864640640 : 	0	0	0	0	0	0	0	2	
865144776 : 	0	0	0	0	0	0	0	11	
866152456 : 	0	0	0	0	0	0	0	3F	
866651064 : 	0	0	0	0	0	0	0	2	
867152220 : 	0	0	0	0	0	0	0	11	
867655676 : 	0	0	0	0	0	0	0	20	
868159304 : 	0	0	0	0	0	0	0	3F	
868662336 : 	0	0	0	0	0	0	0	2	
869164852 : 	0	0	0	0	0	0	0	11	
870171168 : 	0	0	0	0	0	0	0	3F	
870672244 : 	0	0	0	0	0	0	0	2	
871173152 : 	0	0	0	0	0	0	0	11	
871674908 : 	0	0	0	0	0	0	0	20	
872176404 : 	0	0	0	0	0	0	0	3F	
873183736 : 	0	0	0	0	0	0	0	11	
873684300 : 	0	0	0	0	0	0	0	20	
874185892 : 	0	0	0	0	0	0	0	3F	
875191864 : 	0	0	0	0	0	0	0	11	
875693360 : 	0	0	0	0	0	0	0	20	
876195712 : 	0	0	0	0	0	0	0	3F	
876701464 : 	0	0	0	0	0	0	0	2	
877205852 : 	0	0	0	0	0	0	0	11	
877702848 : 	0	0	0	0	0	0	0	20	
879211428 : 	0	0	0	0	0	0	0	11	
879713692 : 	0	0	0	0	0	0	0	20	
880215872 : 	0	0	0	0	0	0	0	3F	
881222788 : 	0	0	0	0	0	0	0	11	
881724196 : 	0	0	0	0	0	0	0	20	
882225780 : 	0	0	0	0	0	0	0	3F	
883232952 : 	0	0	0	0	0	0	0	11	
883734708 : 	0	0	0	0	0	0	0	20	
884238668 : 	0	0	0	0	0	0	0	3F	
885244052 : 	0	0	0	0	0	0	0	11	
885744788 : 	0	0	0	0	0	0	0	20	
887253700 : 	0	0	0	0	0	0	0	11	
887755372 : 	0	0	0	0	0	0	0	20	
889262676 : 	0	0	0	0	0	0	0	11	
889762732 : 	0	0	0	0	0	0	0	20	
890267292 : 	0	0	0	0	0	0	0	3F	
891272076 : 	0	0	0	0	0	0	0	11	
891775872 : 	0	0	0	0	0	0	0	20	
892277968 : 	0	0	0	0	0	0	0	3F	
893283856 : 	0	0	0	0	0	0	0	11	
893782636 : 	0	0	0	0	0	0	0	20	
894286012 : 	0	0	0	0	0	0	0	3F	
895292236 : 	0	0	0	0	0	0	0	11	
895794340 : 	0	0	0	0	0	0	0	20	
896297616 : 	0	0	0	0	0	0	0	3F	
897306396 : 	0	0	0	0	0	0	0	11	
897803904 : 	0	0	0	0	0	0	0	20	
898306592 : 	0	0	0	0	0	0	0	3F	
898805628 : 	0	0	0	0	0	0	0	2	
900315148 : 	0	0	0	0	0	0	0	3F	
901820584 : 	0	0	0	0	0	0	0	20	
902324540 : 	0	0	0	0	0	0	0	3F	
902825192 : 	0	0	0	0	0	0	0	2	
904333008 : 	0	0	0	0	0	0	0	3F	
904832380 : 	0	0	0	0	0	0	0	2	
905841160 : 	0	0	0	0	0	0	0	20	
906344536 : 	0	0	0	0	0	0	0	3F	
906844844 : 	0	0	0	0	0	0	0	2	
907346092 : 	0	0	0	0	0	0	0	11	
907849888 : 	0	0	0	0	0	0	0	20	
908355464 : 	0	0	0	0	0	0	0	3F	
908853560 : 	0	0	0	0	0	0	0	2	
909357868 : 	0	0	0	0	0	0	0	11	
910866788 : 	0	0	0	0	0	0	0	2	
911366588 : 	0	0	0	0	0	0	0	11	
912873128 : 	0	0	0	0	0	0	0	2	
913879780 : 	0	0	0	0	0	0	0	20	
914885332 : 	0	0	0	0	0	0	0	2	
915887480 : 	0	0	0	0	0	0	0	20	
916895412 : 	0	0	0	0	0	0	0	2	
917396316 : 	0	0	0	0	0	0	0	11	
919406908 : 	0	0	0	0	0	0	0	11	
920913360 : 	0	0	0	0	0	0	0	2	
921417584 : 	0	0	0	0	0	0	0	11	
921920532 : 	0	0	0	0	0	0	0	20	
922423048 : 	0	0	0	0	0	0	0	3F	
923428008 : 	0	0	0	0	0	0	0	11	
923926104 : 	0	0	0	0	0	0	0	20	
925436048 : 	0	0	0	0	0	0	0	11	
925936700 : 	0	0	0	0	0	0	0	20	
926442868 : 	0	0	0	0	0	0	0	3F	
926942072 : 	0	0	0	0	0	0	0	2	
927447480 : 	0	0	0	0	0	0	0	11	
929457904 : 	0	0	0	0	0	0	0	11	
929960168 : 	0	0	0	0	0	0	0	20	
930461328 : 	0	0	0	0	0	0	0	3F	
930963168 : 	0	0	0	0	0	0	0	2	
931466960 : 	0	0	0	0	0	0	0	11	
931968888 : 	0	0	0	0	0	0	0	20	
932471236 : 	0	0	0	0	0	0	0	3F	
932973764 : 	0	0	0	0	0	0	0	2	
933475088 : 	0	0	0	0	0	0	0	11	
933977608 : 	0	0	0	0	0	0	0	20	
934479964 : 	0	0	0	0	0	0	0	3F	
934981116 : 	0	0	0	0	0	0	0	2	
936491568 : 	0	0	0	0	0	0	0	3F	
937494312 : 	0	0	0	0	0	0	0	11	
937995812 : 	0	0	0	0	0	0	0	20	
938499776 : 	0	0	0	0	0	0	0	3F	
939000856 : 	0	0	0	0	0	0	0	2	
939502352 : 	0	0	0	0	0	0	0	11	
940511308 : 	0	0	0	0	0	0	0	3F	
941513536 : 	0	0	0	0	0	0	0	11	
942518328 : 	0	0	0	0	0	0	0	3F	
943523788 : 	0	0	0	0	0	0	0	11	
944022736 : 	0	0	0	0	0	0	0	20	
944528148 : 	0	0	0	0	0	0	0	3F	
945532168 : 	0	0	0	0	0	0	0	11	
946035708 : 	0	0	0	0	0	0	0	20	
946537464 : 	0	0	0	0	0	0	0	3F	
947040236 : 	0	0	0	0	0	0	0	2	
947544456 : 	0	0	0	0	0	0	0	11	
948045020 : 	0	0	0	0	0	0	0	20	
949049212 : 	0	0	0	0	0	0	0	2	
949552836 : 	0	0	0	0	0	0	0	11	
950053656 : 	0	0	0	0	0	0	0	20	
950558980 : 	0	0	0	0	0	0	0	3F	
951563172 : 	0	0	0	0	0	0	0	11	
952061696 : 	0	0	0	0	0	0	0	20	
952565840 : 	0	0	0	0	0	0	0	3F	
954573880 : 	0	0	0	0	0	0	0	3F	
955075456 : 	0	0	0	0	0	0	0	2	
955579336 : 	0	0	0	0	0	0	0	11	
956080668 : 	0	0	0	0	0	0	0	20	
956585396 : 	0	0	0	0	0	0	0	3F	
957086388 : 	0	0	0	0	0	0	0	2	
958593268 : 	0	0	0	0	0	0	0	3F	
959096900 : 	0	0	0	0	0	0	0	2	
959600176 : 	0	0	0	0	0	0	0	11	
960100232 : 	0	0	0	0	0	0	0	20	
960604536 : 	0	0	0	0	0	0	0	3F	
961105696 : 	0	0	0	0	0	0	0	2	
962614532 : 	0	0	0	0	0	0	0	3F	
963117476 : 	0	0	0	0	0	0	0	2	
964122856 : 	0	0	0	0	0	0	0	20	
964626488 : 	0	0	0	0	0	0	0	3F	
965127984 : 	0	0	0	0	0	0	0	2	
966636900 : 	0	0	0	0	0	0	0	3F	
967136704 : 	0	0	0	0	0	0	0	2	
967642708 : 	0	0	0	0	0	0	0	11	
968645620 : 	0	0	0	0	0	0	0	3F	
970656812 : 	0	0	0	0	0	0	0	3F	
971157548 : 	0	0	0	0	0	0	0	2	
971660912 : 	0	0	0	0	0	0	0	11	
972162752 : 	0	0	0	0	0	0	0	20	
972667064 : 	0	0	0	0	0	0	0	3F	
973168132 : 	0	0	0	0	0	0	0	2	
974677816 : 	0	0	0	0	0	0	0	3F	
975178724 : 	0	0	0	0	0	0	0	2	
975683368 : 	0	0	0	0	0	0	0	11	
976184188 : 	0	0	0	0	0	0	0	20	
976687304 : 	0	0	0	0	0	0	0	3F	
977186252 : 	0	0	0	0	0	0	0	2	
977693708 : 	0	0	0	0	0	0	0	11	
978696024 : 	0	0	0	0	0	0	0	3F	
979198204 : 	0	0	0	0	0	0	0	2	
980202732 : 	0	0	0	0	0	0	0	20	
980707548 : 	0	0	0	0	0	0	0	3F	
981209728 : 	0	0	0	0	0	0	0	2	
981715900 : 	0	0	0	0	0	0	0	11	
982216380 : 	0	0	0	0	0	0	0	20	
982716444 : 	0	0	0	0	0	0	0	3F	
983218368 : 	0	0	0	0	0	0	0	2	
983724028 : 	0	0	0	0	0	0	0	11	
984223996 : 	0	0	0	0	0	0	0	20	
984726176 : 	0	0	0	0	0	0	0	3F	
985228016 : 	0	0	0	0	0	0	0	2	
985730284 : 	0	0	0	0	0	0	0	11	
986736428 : 	0	0	0	0	0	0	0	3F	
987238948 : 	0	0	0	0	0	0	0	2	
987739428 : 	0	0	0	0	0	0	0	11	
988243816 : 	0	0	0	0	0	0	0	20	
988745832 : 	0	0	0	0	0	0	0	3F	
989248348 : 	0	0	0	0	0	0	0	2	
989749932 : 	0	0	0	0	0	0	0	11	
990755140 : 	0	0	0	0	0	0	0	3F	
991257324 : 	0	0	0	0	0	0	0	2	
991759588 : 	0	0	0	0	0	0	0	11	
992261512 : 	0	0	0	0	0	0	0	20	
992766244 : 	0	0	0	0	0	0	0	3F	
993265872 : 	0	0	0	0	0	0	0	2	
993770176 : 	0	0	0	0	0	0	0	11	
994271168 : 	0	0	0	0	0	0	0	20	
994777340 : 	0	0	0	0	0	0	0	3F	
995277736 : 	0	0	0	0	0	0	0	2	
995778388 : 	0	0	0	0	0	0	0	11	
996281248 : 	0	0	0	0	0	0	0	20	
996784788 : 	0	0	0	0	0	0	0	3F	
997287220 : 	0	0	0	0	0	0	0	2	
997787616 : 	0	0	0	0	0	0	0	11	
998290308 : 	0	0	0	0	0	0	0	20	
998793420 : 	0	0	0	0	0	0	0	3F	
999297728 : 	0	0	0	0	0	0	0	2	
999798892 : 	0	0	0	0	0	0	0	11	
1000298608 : 	0	0	0	0	0	0	0	20	
1000802320 : 	0	0	0	0	0	0	0	3F	
1001807952 : 	0	0	0	0	0	0	0	11	
1002309108 : 	0	0	0	0	0	0	0	20	
1002812052 : 	0	0	0	0	0	0	0	3F	
1003820748 : 	0	0	0	0	0	0	0	11	
1004316812 : 	0	0	0	0	0	0	0	20	
1004818648 : 	0	0	0	0	0	0	0	3F	
1005322016 : 	0	0	0	0	0	0	0	2	
1005826916 : 	0	0	0	0	0	0	0	11	
1006329096 : 	0	0	0	0	0	0	0	20	
1007839300 : 	0	0	0	0	0	0	0	11	
1008337476 : 	0	0	0	0	0	0	0	20	
1008839488 : 	0	0	0	0	0	0	0	3F	
1009845716 : 	0	0	0	0	0	0	0	11	
1010348320 : 	0	0	0	0	0	0	0	20	
1010850248 : 	0	0	0	0	0	0	0	3F	
1011351916 : 	0	0	0	0	0	0	0	2	
1011857072 : 	0	0	0	0	0	0	0	11	
1012359508 : 	0	0	0	0	0	0	0	20	
1012858888 : 	0	0	0	0	0	0	0	3F	
1013361656 : 	0	0	0	0	0	0	0	2	
1013865876 : 	0	0	0	0	0	0	0	11	
1014367972 : 	0	0	0	0	0	0	0	20	
1014871428 : 	0	0	0	0	0	0	0	3F	
1015371140 : 	0	0	0	0	0	0	0	2	
1016377968 : 	0	0	0	0	0	0	0	20	
1016878956 : 	0	0	0	0	0	0	0	3F	
1017383096 : 	0	0	0	0	0	0	0	2	
1018387876 : 	0	0	0	0	0	0	0	20	
1018890652 : 	0	0	0	0	0	0	0	3F	
1019391728 : 	0	0	0	0	0	0	0	2	
1019898072 : 	0	0	0	0	0	0	0	11	
1020398808 : 	0	0	0	0	0	0	0	20	
1020898444 : 	0	0	0	0	0	0	0	3F	
1021402316 : 	0	0	0	0	0	0	0	2	
1022409568 : 	0	0	0	0	0	0	0	20	
1022910476 : 	0	0	0	0	0	0	0	3F	
1024419476 : 	0	0	0	0	0	0	0	20	
1024920728 : 	0	0	0	0	0	0	0	3F	
1025423416 : 	0	0	0	0	0	0	0	2	
1025925764 : 	0	0	0	0	0	0	0	11	
1026427772 : 	0	0	0	0	0	0	0	20	
1026930632 : 	0	0	0	0	0	0	0	3F	
1027936012 : 	0	0	0	0	0	0	0	11	
1028438532 : 	0	0	0	0	0	0	0	20	
1028941992 : 	0	0	0	0	0	0	0	3F	
1029440256 : 	0	0	0	0	0	0	0	2	
1029942860 : 	0	0	0	0	0	0	0	11	
1030446064 : 	0	0	0	0	0	0	0	20	
1030950112 : 	0	0	0	0	0	0	0	3F	
1031451016 : 	0	0	0	0	0	0	0	2	
1032456736 : 	0	0	0	0	0	0	0	20	
1032961296 : 	0	0	0	0	0	0	0	3F	
1033460672 : 	0	0	0	0	0	0	0	2	
1033966168 : 	0	0	0	0	0	0	0	11	
1034972232 : 	0	0	0	0	0	0	0	3F	
1035470072 : 	0	0	0	0	0	0	0	2	
1036981544 : 	0	0	0	0	0	0	0	3F	
1037479988 : 	0	0	0	0	0	0	0	2	
1037981744 : 	0	0	0	0	0	0	0	11	
1038482896 : 	0	0	0	0	0	0	0	20	
1038986864 : 	0	0	0	0	0	0	0	3F	
1039991824 : 	0	0	0	0	0	0	0	11	
1040492976 : 	0	0	0	0	0	0	0	20	
1040997280 : 	0	0	0	0	0	0	0	3F	
1041497336 : 	0	0	0	0	0	0	0	2	
1042002236 : 	0	0	0	0	0	0	0	11	
1042502724 : 	0	0	0	0	0	0	0	20	
1043005832 : 	0	0	0	0	0	0	0	3F	
1043506480 : 	0	0	0	0	0	0	0	2	
1044011296 : 	0	0	0	0	0	0	0	11	
1044513824 : 	0	0	0	0	0	0	0	20	
1046022736 : 	0	0	0	0	0	0	0	11	
1046523556 : 	0	0	0	0	0	0	0	20	
1047024888 : 	0	0	0	0	0	0	0	3F	
1047528428 : 	0	0	0	0	0	0	0	2	
1048032900 : 	0	0	0	0	0	0	0	11	
1048533468 : 	0	0	0	0	0	0	0	20	
1049536720 : 	0	0	0	0	0	0	0	2	
1050038136 : 	0	0	0	0	0	0	0	11	
1050544148 : 	0	0	0	0	0	0	0	20	
1051042668 : 	0	0	0	0	0	0	0	3F	
1052048640 : 	0	0	0	0	0	0	0	11	
1052551928 : 	0	0	0	0	0	0	0	20	
1055061636 : 	0	0	0	0	0	0	0	3F	
1055564244 : 	0	0	0	0	0	0	0	2	
1056569624 : 	0	0	0	0	0	0	0	20	
1057072320 : 	0	0	0	0	0	0	0	3F	
1058577832 : 	0	0	0	0	0	0	0	20	
1059584912 : 	0	0	0	0	0	0	0	2	
1060085308 : 	0	0	0	0	0	0	0	11	
1061594736 : 	0	0	0	0	0	0	0	2	
1062598248 : 	0	0	0	0	0	0	0	20	
1064105296 : 	0	0	0	0	0	0	0	11	
1064607052 : 	0	0	0	0	0	0	0	20	
1065110684 : 	0	0	0	0	0	0	0	3F	
1068128856 : 	0	0	0	0	0	0	0	11	
1070135112 : 	0	0	0	0	0	0	0	11	
1072146212 : 	0	0	0	0	0	0	0	11	
1072648392 : 	0	0	0	0	0	0	0	20	
1073151420 : 	0	0	0	0	0	0	0	3F	
1074657792 : 	0	0	0	0	0	0	0	20	
1075159800 : 	0	0	0	0	0	0	0	3F	
1075662320 : 	0	0	0	0	0	0	0	2	
1076168412 : 	0	0	0	0	0	0	0	11	
1076665324 : 	0	0	0	0	0	0	0	20	
1077169032 : 	0	0	0	0	0	0	0	3F	
1077671296 : 	0	0	0	0	0	0	0	2	
1079178352 : 	0	0	0	0	0	0	0	3F	
1079679424 : 	0	0	0	0	0	0	0	2	
1080682596 : 	0	0	0	0	0	0	0	20	
1081689168 : 	0	0	0	0	0	0	0	2	
1082191596 : 	0	0	0	0	0	0	0	11	
1082691480 : 	0	0	0	0	0	0	0	20	
1083195276 : 	0	0	0	0	0	0	0	3F	
1084199212 : 	0	0	0	0	0	0	0	11	
1085202720 : 	0	0	0	0	0	0	0	3F	
1085706352 : 	0	0	0	0	0	0	0	2	
1086208356 : 	0	0	0	0	0	0	0	11	
1086708668 : 	0	0	0	0	0	0	0	20	
1087212888 : 	0	0	0	0	0	0	0	3F	
1088720616 : 	0	0	0	0	0	0	0	20	
1089727016 : 	0	0	0	0	0	0	0	2	
1090229792 : 	0	0	0	0	0	0	0	11	
1090732148 : 	0	0	0	0	0	0	0	20	
1091232284 : 	0	0	0	0	0	0	0	3F	
1092240976 : 	0	0	0	0	0	0	0	11	
1092740188 : 	0	0	0	0	0	0	0	20	
1093244316 : 	0	0	0	0	0	0	0	3F	
1093744032 : 	0	0	0	0	0	0	0	2	
1094248084 : 	0	0	0	0	0	0	0	11	
1094747796 : 	0	0	0	0	0	0	0	20	
1095249892 : 	0	0	0	0	0	0	0	3F	
1095752156 : 	0	0	0	0	0	0	0	2	
1096761452 : 	0	0	0	0	0	0	0	20	
1097763344 : 	0	0	0	0	0	0	0	2	
1098768384 : 	0	0	0	0	0	0	0	20	
1099270816 : 	0	0	0	0	0	0	0	3F	
1099773508 : 	0	0	0	0	0	0	0	2	
1100275940 : 	0	0	0	0	0	0	0	11	
1100779660 : 	0	0	0	0	0	0	0	20	
1101784104 : 	0	0	0	0	0	0	0	2	
1103293356 : 	0	0	0	0	0	0	0	3F	
1103794516 : 	0	0	0	0	0	0	0	2	
1104799980 : 	0	0	0	0	0	0	0	20	
1105302248 : 	0	0	0	0	0	0	0	3F	
1105804172 : 	0	0	0	0	0	0	0	2	
1106811004 : 	0	0	0	0	0	0	0	20	
1107311560 : 	0	0	0	0	0	0	0	3F	
1107813996 : 	0	0	0	0	0	0	0	2	
1108316940 : 	0	0	0	0	0	0	0	11	
1109321732 : 	0	0	0	0	0	0	0	3F	
1111331896 : 	0	0	0	0	0	0	0	3F	
1111834412 : 	0	0	0	0	0	0	0	2	
1112334388 : 	0	0	0	0	0	0	0	11	
1112837668 : 	0	0	0	0	0	0	0	20	
1113341124 : 	0	0	0	0	0	0	0	3F	
1113842536 : 	0	0	0	0	0	0	0	2	
1114344716 : 	0	0	0	0	0	0	0	11	
1115352560 : 	0	0	0	0	0	0	0	3F	
1115851768 : 	0	0	0	0	0	0	0	2	
1116353012 : 	0	0	0	0	0	0	0	11	
1116857656 : 	0	0	0	0	0	0	0	20	
1117362728 : 	0	0	0	0	0	0	0	3F	
1117862868 : 	0	0	0	0	0	0	0	2	
1118365048 : 	0	0	0	0	0	0	0	11	
1118866208 : 	0	0	0	0	0	0	0	20	
1119372552 : 	0	0	0	0	0	0	0	3F	
1119872776 : 	0	0	0	0	0	0	0	2	
1120375128 : 	0	0	0	0	0	0	0	11	
1120877816 : 	0	0	0	0	0	0	0	20	
1121379912 : 	0	0	0	0	0	0	0	3F	
1121883112 : 	0	0	0	0	0	0	0	2	
1122885432 : 	0	0	0	0	0	0	0	20	
1123387784 : 	0	0	0	0	0	0	0	3F	
1123893284 : 	0	0	0	0	0	0	0	2	
1124393672 : 	0	0	0	0	0	0	0	11	
1124896276 : 	0	0	0	0	0	0	0	20	
1125402112 : 	0	0	0	0	0	0	0	3F	
1125902344 : 	0	0	0	0	0	0	0	2	
1126406224 : 	0	0	0	0	0	0	0	11	
1126907888 : 	0	0	0	0	0	0	0	20	
1127408876 : 	0	0	0	0	0	0	0	3F	
1128415192 : 	0	0	0	0	0	0	0	11	
1128914312 : 	0	0	0	0	0	0	0	20	
1129417000 : 	0	0	0	0	0	0	0	3F	
1131425900 : 	0	0	0	0	0	0	0	3F	
1131930028 : 	0	0	0	0	0	0	0	2	
1133438864 : 	0	0	0	0	0	0	0	3F	
1133938916 : 	0	0	0	0	0	0	0	2	
1134944212 : 	0	0	0	0	0	0	0	20	
1135949080 : 	0	0	0	0	0	0	0	2	
1136449476 : 	0	0	0	0	0	0	0	11	
1136951912 : 	0	0	0	0	0	0	0	20	
1137455452 : 	0	0	0	0	0	0	0	3F	
1137957716 : 	0	0	0	0	0	0	0	2	
1140470232 : 	0	0	0	0	0	0	0	11	
1140969184 : 	0	0	0	0	0	0	0	20	
1141475696 : 	0	0	0	0	0	0	0	3F	
1141975412 : 	0	0	0	0	0	0	0	2	
1142478272 : 	0	0	0	0	0	0	0	11	
1144488268 : 	0	0	0	0	0	0	0	11	
1144990704 : 	0	0	0	0	0	0	0	20	
1145996592 : 	0	0	0	0	0	0	0	2	
1146498772 : 	0	0	0	0	0	0	0	11	
1146997812 : 	0	0	0	0	0	0	0	20	
1147500672 : 	0	0	0	0	0	0	0	3F	
1148505536 : 	0	0	0	0	0	0	0	11	
1149511172 : 	0	0	0	0	0	0	0	3F	
1150516128 : 	0	0	0	0	0	0	0	11	
1151018224 : 	0	0	0	0	0	0	0	20	
1152526716 : 	0	0	0	0	0	0	0	11	
1153028556 : 	0	0	0	0	0	0	0	20	
1153532180 : 	0	0	0	0	0	0	0	3F	
1154030452 : 	0	0	0	0	0	0	0	2	
1155040508 : 	0	0	0	0	0	0	0	20	
1155540476 : 	0	0	0	0	0	0	0	3F	
1156040700 : 	0	0	0	0	0	0	0	2	
1157049140 : 	0	0	0	0	0	0	0	20	
1157550984 : 	0	0	0	0	0	0	0	3F	
1158051460 : 	0	0	0	0	0	0	0	2	
1159560636 : 	0	0	0	0	0	0	0	3F	
1160058568 : 	0	0	0	0	0	0	0	2	
1161568168 : 	0	0	0	0	0	0	0	3F	
1162070600 : 	0	0	0	0	0	0	0	2	
1162571760 : 	0	0	0	0	0	0	0	11	
1163579180 : 	0	0	0	0	0	0	0	3F	
1164081284 : 	0	0	0	0	0	0	0	2	
1164582952 : 	0	0	0	0	0	0	0	11	
1165589856 : 	0	0	0	0	0	0	0	3F	
1166089828 : 	0	0	0	0	0	0	0	2	
1167599936 : 	0	0	0	0	0	0	0	3F	
1168100508 : 	0	0	0	0	0	0	0	2	
1169608996 : 	0	0	0	0	0	0	0	3F	
1170110240 : 	0	0	0	0	0	0	0	2	
1170613528 : 	0	0	0	0	0	0	0	11	
1171115960 : 	0	0	0	0	0	0	0	20	
1171621372 : 	0	0	0	0	0	0	0	3F	
1172122020 : 	0	0	0	0	0	0	0	2	
1173628816 : 	0	0	0	0	0	0	0	3F	
1174132188 : 	0	0	0	0	0	0	0	2	
1174631308 : 	0	0	0	0	0	0	0	11	
1175136296 : 	0	0	0	0	0	0	0	20	
1175635240 : 	0	0	0	0	0	0	0	3F	
1176141416 : 	0	0	0	0	0	0	0	2	
1177647200 : 	0	0	0	0	0	0	0	3F	
1178148520 : 	0	0	0	0	0	0	0	2	
1178651636 : 	0	0	0	0	0	0	0	11	
1179656424 : 	0	0	0	0	0	0	0	3F	
1180661036 : 	0	0	0	0	0	0	0	11	
1181164068 : 	0	0	0	0	0	0	0	20	
1181667184 : 	0	0	0	0	0	0	0	3F	
1182170380 : 	0	0	0	0	0	0	0	2	
1182672056 : 	0	0	0	0	0	0	0	11	
1183173128 : 	0	0	0	0	0	0	0	20	
1183675648 : 	0	0	0	0	0	0	0	3F	
1185181768 : 	0	0	0	0	0	0	0	20	
1185687512 : 	0	0	0	0	0	0	0	3F	
1186187992 : 	0	0	0	0	0	0	0	2	
1186693060 : 	0	0	0	0	0	0	0	11	
1187695644 : 	0	0	0	0	0	0	0	3F	
1188198504 : 	0	0	0	0	0	0	0	2	
1188702632 : 	0	0	0	0	0	0	0	11	
1189707756 : 	0	0	0	0	0	0	0	3F	
1190208916 : 	0	0	0	0	0	0	0	2	
1190713648 : 	0	0	0	0	0	0	0	11	
1191213532 : 	0	0	0	0	0	0	0	20	
1191716732 : 	0	0	0	0	0	0	0	3F	
1192219252 : 	0	0	0	0	0	0	0	2	
1192722456 : 	0	0	0	0	0	0	0	11	
1193223276 : 	0	0	0	0	0	0	0	20	
1193726728 : 	0	0	0	0	0	0	0	3F	
1194733892 : 	0	0	0	0	0	0	0	11	
1195233360 : 	0	0	0	0	0	0	0	20	
1195737828 : 	0	0	0	0	0	0	0	3F	
1196239240 : 	0	0	0	0	0	0	0	2	
1197746632 : 	0	0	0	0	0	0	0	3F	
1198247968 : 	0	0	0	0	0	0	0	2	
1199251564 : 	0	0	0	0	0	0	0	20	
1199754672 : 	0	0	0	0	0	0	0	3F	
1200257788 : 	0	0	0	0	0	0	0	2	
1201263848 : 	0	0	0	0	0	0	0	20	
1201764668 : 	0	0	0	0	0	0	0	3F	
1202268632 : 	0	0	0	0	0	0	0	2	
1203774236 : 	0	0	0	0	0	0	0	3F	
1204274800 : 	0	0	0	0	0	0	0	2	
1204778180 : 	0	0	0	0	0	0	0	11	
1205280868 : 	0	0	0	0	0	0	0	20	
1205784232 : 	0	0	0	0	0	0	0	3F	
1206787912 : 	0	0	0	0	0	0	0	11	
1207286776 : 	0	0	0	0	0	0	0	20	
1208295216 : 	0	0	0	0	0	0	0	2	
1209297792 : 	0	0	0	0	0	0	0	20	
1209800744 : 	0	0	0	0	0	0	0	3F	
1210300792 : 	0	0	0	0	0	0	0	2	
1211307788 : 	0	0	0	0	0	0	0	20	
1211809032 : 	0	0	0	0	0	0	0	3F	
1212815524 : 	0	0	0	0	0	0	0	11	
1213817752 : 	0	0	0	0	0	0	0	3F	
1214319508 : 	0	0	0	0	0	0	0	2	
1215827152 : 	0	0	0	0	0	0	0	3F	
1216330180 : 	0	0	0	0	0	0	0	2	
1218338908 : 	0	0	0	0	0	0	0	2	
1218842356 : 	0	0	0	0	0	0	0	11	
1220849972 : 	0	0	0	0	0	0	0	11	
1221855436 : 	0	0	0	0	0	0	0	3F	
1222357704 : 	0	0	0	0	0	0	0	2	
1222859888 : 	0	0	0	0	0	0	0	11	
1223362404 : 	0	0	0	0	0	0	0	20	
1224369908 : 	0	0	0	0	0	0	0	2	
1224870988 : 	0	0	0	0	0	0	0	11	
1225373848 : 	0	0	0	0	0	0	0	20	
1226380244 : 	0	0	0	0	0	0	0	2	
1226880212 : 	0	0	0	0	0	0	0	11	
1227382732 : 	0	0	0	0	0	0	0	20	
1228389564 : 	0	0	0	0	0	0	0	2	
1228889952 : 	0	0	0	0	0	0	0	11	
1229395028 : 	0	0	0	0	0	0	0	20	
1229897200 : 	0	0	0	0	0	0	0	3F	
1230400580 : 	0	0	0	0	0	0	0	2	
1230901312 : 	0	0	0	0	0	0	0	11	
1231402132 : 	0	0	0	0	0	0	0	20	
1231910340 : 	0	0	0	0	0	0	0	3F	
1232409640 : 	0	0	0	0	0	0	0	2	
1232911476 : 	0	0	0	0	0	0	0	11	
1233914640 : 	0	0	0	0	0	0	0	3F	
1234420908 : 	0	0	0	0	0	0	0	2	
1234920192 : 	0	0	0	0	0	0	0	11	
1235423560 : 	0	0	0	0	0	0	0	20	
1236428948 : 	0	0	0	0	0	0	0	2	
1238438428 : 	0	0	0	0	0	0	0	2	
1238943412 : 	0	0	0	0	0	0	0	11	
1239443720 : 	0	0	0	0	0	0	0	20	
1240952048 : 	0	0	0	0	0	0	0	11	
1241955476 : 	0	0	0	0	0	0	0	3F	
1242962892 : 	0	0	0	0	0	0	0	11	
1243462700 : 	0	0	0	0	0	0	0	20	
1243964616 : 	0	0	0	0	0	0	0	3F	
1245976312 : 	0	0	0	0	0	0	0	3F	
1246474836 : 	0	0	0	0	0	0	0	2	
1246978716 : 	0	0	0	0	0	0	0	11	
1247483616 : 	0	0	0	0	0	0	0	20	
1247985720 : 	0	0	0	0	0	0	0	3F	
1249493188 : 	0	0	0	0	0	0	0	20	
1249996388 : 	0	0	0	0	0	0	0	3F	
1250496952 : 	0	0	0	0	0	0	0	2	
1251001088 : 	0	0	0	0	0	0	0	11	
1251502928 : 	0	0	0	0	0	0	0	20	
1252004596 : 	0	0	0	0	0	0	0	3F	
1252506012 : 	0	0	0	0	0	0	0	2	
1253011600 : 	0	0	0	0	0	0	0	11	
1253512248 : 	0	0	0	0	0	0	0	20	
1255018356 : 	0	0	0	0	0	0	0	11	
1256024168 : 	0	0	0	0	0	0	0	3F	
1256525320 : 	0	0	0	0	0	0	0	2	
1257532828 : 	0	0	0	0	0	0	0	20	
1260043556 : 	0	0	0	0	0	0	0	3F	
1260545992 : 	0	0	0	0	0	0	0	2	
1263058848 : 	0	0	0	0	0	0	0	11	
1264065076 : 	0	0	0	0	0	0	0	3F	
1264567348 : 	0	0	0	0	0	0	0	2	
1265069104 : 	0	0	0	0	0	0	0	11	
1265572636 : 	0	0	0	0	0	0	0	20	
1266074392 : 	0	0	0	0	0	0	0	3F	
1268086768 : 	0	0	0	0	0	0	0	3F	
1268587840 : 	0	0	0	0	0	0	0	2	
1271099932 : 	0	0	0	0	0	0	0	11	
1271601008 : 	0	0	0	0	0	0	0	20	
1272104548 : 	0	0	0	0	0	0	0	3F	
1272607068 : 	0	0	0	0	0	0	0	2	
1273107716 : 	0	0	0	0	0	0	0	11	
1275116776 : 	0	0	0	0	0	0	0	11	
1275618192 : 	0	0	0	0	0	0	0	20	
1276626980 : 	0	0	0	0	0	0	0	2	
1277128732 : 	0	0	0	0	0	0	0	11	
1279637500 : 	0	0	0	0	0	0	0	20	
1280138916 : 	0	0	0	0	0	0	0	3F	
1280641608 : 	0	0	0	0	0	0	0	2	
1281146508 : 	0	0	0	0	0	0	0	11	
1281648516 : 	0	0	0	0	0	0	0	20	
1282653132 : 	0	0	0	0	0	0	0	2	
1283157860 : 	0	0	0	0	0	0	0	11	
1283659108 : 	0	0	0	0	0	0	0	20	
1284660576 : 	0	0	0	0	0	0	0	2	
1285166752 : 	0	0	0	0	0	0	0	11	
1285666724 : 	0	0	0	0	0	0	0	20	
1286169760 : 	0	0	0	0	0	0	0	3F	
1286672016 : 	0	0	0	0	0	0	0	2	
1287676980 : 	0	0	0	0	0	0	0	20	
1288179408 : 	0	0	0	0	0	0	0	3F	
1289183596 : 	0	0	0	0	0	0	0	11	
1289683144 : 	0	0	0	0	0	0	0	20	
1290187532 : 	0	0	0	0	0	0	0	3F	
1290689968 : 	0	0	0	0	0	0	0	2	
1291194532 : 	0	0	0	0	0	0	0	11	
1292699028 : 	0	0	0	0	0	0	0	2	
1293200952 : 	0	0	0	0	0	0	0	11	
1293704576 : 	0	0	0	0	0	0	0	20	
1294707752 : 	0	0	0	0	0	0	0	2	
1297219580 : 	0	0	0	0	0	0	0	11	
1298221988 : 	0	0	0	0	0	0	0	3F	
1298725024 : 	0	0	0	0	0	0	0	2	
1299230172 : 	0	0	0	0	0	0	0	11	
1300235304 : 	0	0	0	0	0	0	0	3F	
1300736124 : 	0	0	0	0	0	0	0	2	
1301240508 : 	0	0	0	0	0	0	0	11	
1301742608 : 	0	0	0	0	0	0	0	20	
1302244868 : 	0	0	0	0	0	0	0	3F	
1303249652 : 	0	0	0	0	0	0	0	11	
1303750980 : 	0	0	0	0	0	0	0	20	
1304255632 : 	0	0	0	0	0	0	0	3F	
1304754660 : 	0	0	0	0	0	0	0	2	
1306765592 : 	0	0	0	0	0	0	0	2	
1309276328 : 	0	0	0	0	0	0	0	11	
1309777820 : 	0	0	0	0	0	0	0	20	
1310782180 : 	0	0	0	0	0	0	0	2	
1311286232 : 	0	0	0	0	0	0	0	11	
1313296908 : 	0	0	0	0	0	0	0	11	
1314301436 : 	0	0	0	0	0	0	0	3F	
1315306136 : 	0	0	0	0	0	0	0	11	
1315808148 : 	0	0	0	0	0	0	0	20	
1316310752 : 	0	0	0	0	0	0	0	3F	
1317315960 : 	0	0	0	0	0	0	0	11	
1317817384 : 	0	0	0	0	0	0	0	20	
1318821396 : 	0	0	0	0	0	0	0	2	
1319324512 : 	0	0	0	0	0	0	0	11	
1319824404 : 	0	0	0	0	0	0	0	20	
1320326328 : 	0	0	0	0	0	0	0	3F	
1320828844 : 	0	0	0	0	0	0	0	2	
1322338272 : 	0	0	0	0	0	0	0	3F	
1323342120 : 	0	0	0	0	0	0	0	11	
1323845408 : 	0	0	0	0	0	0	0	20	
1324347076 : 	0	0	0	0	0	0	0	3F	
1325351952 : 	0	0	0	0	0	0	0	11	
1326356988 : 	0	0	0	0	0	0	0	3F	
1326857636 : 	0	0	0	0	0	0	0	2	
1327865736 : 	0	0	0	0	0	0	0	20	
1328366048 : 	0	0	0	0	0	0	0	3F	
1328869076 : 	0	0	0	0	0	0	0	2	
1329372704 : 	0	0	0	0	0	0	0	11	
1330378508 : 	0	0	0	0	0	0	0	3F	
1330879240 : 	0	0	0	0	0	0	0	2	
1331883856 : 	0	0	0	0	0	0	0	20	
1332386208 : 	0	0	0	0	0	0	0	3F	
1332885752 : 	0	0	0	0	0	0	0	2	
1333391332 : 	0	0	0	0	0	0	0	11	
1334896428 : 	0	0	0	0	0	0	0	2	
1336407984 : 	0	0	0	0	0	0	0	3F	
1336908120 : 	0	0	0	0	0	0	0	2	
1337411152 : 	0	0	0	0	0	0	0	11	
1338417892 : 	0	0	0	0	0	0	0	3F	
1338919308 : 	0	0	0	0	0	0	0	2	
1340427296 : 	0	0	0	0	0	0	0	3F	
1340927688 : 	0	0	0	0	0	0	0	2	
1341429528 : 	0	0	0	0	0	0	0	11	
1342434652 : 	0	0	0	0	0	0	0	3F	
1343440116 : 	0	0	0	0	0	0	0	11	
1343940688 : 	0	0	0	0	0	0	0	20	
1345445692 : 	0	0	0	0	0	0	0	11	
1345946172 : 	0	0	0	0	0	0	0	20	
1346449968 : 	0	0	0	0	0	0	0	3F	
1346951976 : 	0	0	0	0	0	0	0	2	
1347455772 : 	0	0	0	0	0	0	0	11	
1347958716 : 	0	0	0	0	0	0	0	20	
1348460812 : 	0	0	0	0	0	0	0	3F	
1349966672 : 	0	0	0	0	0	0	0	20	
1350472336 : 	0	0	0	0	0	0	0	3F	
1350970776 : 	0	0	0	0	0	0	0	2	
1352480892 : 	0	0	0	0	0	0	0	3F	
1352981368 : 	0	0	0	0	0	0	0	2	
1354487736 : 	0	0	0	0	0	0	0	3F	
1354989668 : 	0	0	0	0	0	0	0	2	
1355493116 : 	0	0	0	0	0	0	0	11	
1356499432 : 	0	0	0	0	0	0	0	3F	
1356999316 : 	0	0	0	0	0	0	0	2	
1357502608 : 	0	0	0	0	0	0	0	11	
1358505176 : 	0	0	0	0	0	0	0	3F	
1359007952 : 	0	0	0	0	0	0	0	2	
1359510728 : 	0	0	0	0	0	0	0	11	
1360011460 : 	0	0	0	0	0	0	0	20	
1360512876 : 	0	0	0	0	0	0	0	3F	
1368957412 : 	0	0	0	0	0	0	0	11	
1369461544 : 	0	0	0	0	0	0	0	20	
1370968764 : 	0	0	0	0	0	0	0	11	
1372474792 : 	0	0	0	0	0	0	0	2	
1372978256 : 	0	0	0	0	0	0	0	11	
1373480008 : 	0	0	0	0	0	0	0	20	
1374986712 : 	0	0	0	0	0	0	0	11	
1375486600 : 	0	0	0	0	0	0	0	20	
1376492232 : 	0	0	0	0	0	0	0	2	
1376996792 : 	0	0	0	0	0	0	0	11	
1377499232 : 	0	0	0	0	0	0	0	20	
1378000904 : 	0	0	0	0	0	0	0	3F	
1379007044 : 	0	0	0	0	0	0	0	11	
1379506504 : 	0	0	0	0	0	0	0	20	
1380010468 : 	0	0	0	0	0	0	0	3F	
1380511116 : 	0	0	0	0	0	0	0	2	
1381017548 : 	0	0	0	0	0	0	0	11	
1382021824 : 	0	0	0	0	0	0	0	3F	
1384031648 : 	0	0	0	0	0	0	0	3F	
1384531364 : 	0	0	0	0	0	0	0	2	
1385034476 : 	0	0	0	0	0	0	0	11	
1386541952 : 	0	0	0	0	0	0	0	2	
1388049344 : 	0	0	0	0	0	0	0	3F	
1388548720 : 	0	0	0	0	0	0	0	2	
1389050812 : 	0	0	0	0	0	0	0	11	
1389552744 : 	0	0	0	0	0	0	0	20	
1390560584 : 	0	0	0	0	0	0	0	2	
1391063528 : 	0	0	0	0	0	0	0	11	
1392569396 : 	0	0	0	0	0	0	0	2	
1393074628 : 	0	0	0	0	0	0	0	11	
1394581932 : 	0	0	0	0	0	0	0	2	
1395082420 : 	0	0	0	0	0	0	0	11	
1396090684 : 	0	0	0	0	0	0	0	3F	
1397090792 : 	0	0	0	0	0	0	0	11	
1397591360 : 	0	0	0	0	0	0	0	20	
1398597416 : 	0	0	0	0	0	0	0	2	
1399604248 : 	0	0	0	0	0	0	0	20	
1401109600 : 	0	0	0	0	0	0	0	11	
1401613216 : 	0	0	0	0	0	0	0	20	
1402115652 : 	0	0	0	0	0	0	0	3F	
1403119504 : 	0	0	0	0	0	0	0	11	
1403621852 : 	0	0	0	0	0	0	0	20	
1404125228 : 	0	0	0	0	0	0	0	3F	
1404626724 : 	0	0	0	0	0	0	0	2	
1405131284 : 	0	0	0	0	0	0	0	11	
1406136832 : 	0	0	0	0	0	0	0	3F	
1407142808 : 	0	0	0	0	0	0	0	11	
1408145476 : 	0	0	0	0	0	0	0	3F	
1408646968 : 	0	0	0	0	0	0	0	2	
1409147704 : 	0	0	0	0	0	0	0	11	
1409652092 : 	0	0	0	0	0	0	0	20	
1410154188 : 	0	0	0	0	0	0	0	3F	
1410656376 : 	0	0	0	0	0	0	0	2	
1412665520 : 	0	0	0	0	0	0	0	2	
1413167012 : 	0	0	0	0	0	0	0	11	
1414172308 : 	0	0	0	0	0	0	0	3F	
1414672956 : 	0	0	0	0	0	0	0	2	
1415178028 : 	0	0	0	0	0	0	0	11	
1416184600 : 	0	0	0	0	0	0	0	3F	
1416684396 : 	0	0	0	0	0	0	0	2	
1417185392 : 	0	0	0	0	0	0	0	11	
1417687236 : 	0	0	0	0	0	0	0	20	
1418693628 : 	0	0	0	0	0	0	0	2	
1419194960 : 	0	0	0	0	0	0	0	11	
1419697392 : 	0	0	0	0	0	0	0	20	
1420200340 : 	0	0	0	0	0	0	0	3F	
1420703452 : 	0	0	0	0	0	0	0	2	
1421206660 : 	0	0	0	0	0	0	0	11	
1421708068 : 	0	0	0	0	0	0	0	20	
1422209228 : 	0	0	0	0	0	0	0	3F	
1423214184 : 	0	0	0	0	0	0	0	11	
1423715768 : 	0	0	0	0	0	0	0	20	
1424719964 : 	0	0	0	0	0	0	0	2	
1425226644 : 	0	0	0	0	0	0	0	11	
1425726696 : 	0	0	0	0	0	0	0	20	
1426229560 : 	0	0	0	0	0	0	0	3F	
1427236128 : 	0	0	0	0	0	0	0	11	
1427736096 : 	0	0	0	0	0	0	0	20	
1428239388 : 	0	0	0	0	0	0	0	3F	
1428739776 : 	0	0	0	0	0	0	0	2	
1429247148 : 	0	0	0	0	0	0	0	11	
1429745760 : 	0	0	0	0	0	0	0	20	
1430249292 : 	0	0	0	0	0	0	0	3F	
1430748924 : 	0	0	0	0	0	0	0	2	
1431754132 : 	0	0	0	0	0	0	0	20	
1432257332 : 	0	0	0	0	0	0	0	3F	
1432756540 : 	0	0	0	0	0	0	0	2	
1433764636 : 	0	0	0	0	0	0	0	20	
1434265796 : 	0	0	0	0	0	0	0	3F	
1434767556 : 	0	0	0	0	0	0	0	2	
1436275196 : 	0	0	0	0	0	0	0	3F	
1436776952 : 	0	0	0	0	0	0	0	2	
1437786924 : 	0	0	0	0	0	0	0	20	
1438286900 : 	0	0	0	0	0	0	0	3F	
1438790264 : 	0	0	0	0	0	0	0	2	
1439795308 : 	0	0	0	0	0	0	0	20	
1440297568 : 	0	0	0	0	0	0	0	3F	
1440798388 : 	0	0	0	0	0	0	0	2	
1441807252 : 	0	0	0	0	0	0	0	20	
1442308584 : 	0	0	0	0	0	0	0	3F	
1443816056 : 	0	0	0	0	0	0	0	20	
1444318916 : 	0	0	0	0	0	0	0	3F	
1444818044 : 	0	0	0	0	0	0	0	2	
1445321840 : 	0	0	0	0	0	0	0	11	
1445827840 : 	0	0	0	0	0	0	0	20	
1446327476 : 	0	0	0	0	0	0	0	3F	
1446829904 : 	0	0	0	0	0	0	0	2	
1447331064 : 	0	0	0	0	0	0	0	11	
1448338652 : 	0	0	0	0	0	0	0	3F	
1449340208 : 	0	0	0	0	0	0	0	11	
1449841800 : 	0	0	0	0	0	0	0	20	
1450346780 : 	0	0	0	0	0	0	0	3F	
1450846328 : 	0	0	0	0	0	0	0	2	
1452859208 : 	0	0	0	0	0	0	0	2	
1453359432 : 	0	0	0	0	0	0	0	11	
1453860676 : 	0	0	0	0	0	0	0	20	
1454366684 : 	0	0	0	0	0	0	0	3F	
1454867164 : 	0	0	0	0	0	0	0	2	
1455371724 : 	0	0	0	0	0	0	0	11	
1456373704 : 	0	0	0	0	0	0	0	3F	
1456877760 : 	0	0	0	0	0	0	0	2	
1457380952 : 	0	0	0	0	0	0	0	11	
1457881432 : 	0	0	0	0	0	0	0	20	
1458888260 : 	0	0	0	0	0	0	0	2	
1459389080 : 	0	0	0	0	0	0	0	11	
1459890832 : 	0	0	0	0	0	0	0	20	
1460893756 : 	0	0	0	0	0	0	0	2	
1461400608 : 	0	0	0	0	0	0	0	11	
1461901592 : 	0	0	0	0	0	0	0	20	
1463410512 : 	0	0	0	0	0	0	0	11	
1463910312 : 	0	0	0	0	0	0	0	20	
1464411812 : 	0	0	0	0	0	0	0	3F	
1464913312 : 	0	0	0	0	0	0	0	2	
1465920052 : 	0	0	0	0	0	0	0	20	
1466423428 : 	0	0	0	0	0	0	0	3F	
1466923480 : 	0	0	0	0	0	0	0	2	
1467427876 : 	0	0	0	0	0	0	0	11	
1467928944 : 	0	0	0	0	0	0	0	20	
1468431468 : 	0	0	0	0	0	0	0	3F	
1469435228 : 	0	0	0	0	0	0	0	11	
1470941004 : 	0	0	0	0	0	0	0	2	
1471944860 : 	0	0	0	0	0	0	0	20	
1472451196 : 	0	0	0	0	0	0	0	3F	
1472952448 : 	0	0	0	0	0	0	0	2	
1473955188 : 	0	0	0	0	0	0	0	20	
1474459068 : 	0	0	0	0	0	0	0	3F	
1474960992 : 	0	0	0	0	0	0	0	2	
1477972712 : 	0	0	0	0	0	0	0	20	
1478477188 : 	0	0	0	0	0	0	0	3F	
1478977072 : 	0	0	0	0	0	0	0	2	
1479481972 : 	0	0	0	0	0	0	0	11	
1479981944 : 	0	0	0	0	0	0	0	20	
1480987756 : 	0	0	0	0	0	0	0	2	
1481492136 : 	0	0	0	0	0	0	0	11	
1481991428 : 	0	0	0	0	0	0	0	20	
1482995880 : 	0	0	0	0	0	0	0	2	
1483502648 : 	0	0	0	0	0	0	0	11	
1486058972 : 	0	0	0	0	0	0	0	11	
1487067804 : 	0	0	0	0	0	0	0	3F	
1488071484 : 	0	0	0	0	0	0	0	11	
1488572984 : 	0	0	0	0	0	0	0	20	
1489076868 : 	0	0	0	0	0	0	0	3F	
1489579300 : 	0	0	0	0	0	0	0	2	
2259797600 : 	0	0	0	0	0	0	0	11	
2260806172 : 	0	0	0	0	0	0	0	3F	
2261307248 : 	0	0	0	0	0	0	0	2	
2261808324 : 	0	0	0	0	0	0	0	11	
2262813708 : 	0	0	0	0	0	0	0	3F	
2263315548 : 	0	0	0	0	0	0	0	2	
2263816700 : 	0	0	0	0	0	0	0	11	
2264824716 : 	0	0	0	0	0	0	0	3F	
2265322816 : 	0	0	0	0	0	0	0	2	
2266328364 : 	0	0	0	0	0	0	0	20	
2267334084 : 	0	0	0	0	0	0	0	2	
2267837880 : 	0	0	0	0	0	0	0	11	
2268338444 : 	0	0	0	0	0	0	0	20	
2268843004 : 	0	0	0	0	0	0	0	3F	
2269846260 : 	0	0	0	0	0	0	0	11	
2270347080 : 	0	0	0	0	0	0	0	20	
2270851044 : 	0	0	0	0	0	0	0	3F	
2271356284 : 	0	0	0	0	0	0	0	2	
2272357756 : 	0	0	0	0	0	0	0	20	
2274366900 : 	0	0	0	0	0	0	0	20	
2274871384 : 	0	0	0	0	0	0	0	3F	
2275371260 : 	0	0	0	0	0	0	0	2	
2276377916 : 	0	0	0	0	0	0	0	20	
2276878312 : 	0	0	0	0	0	0	0	3F	
2277883436 : 	0	0	0	0	0	0	0	11	
2278886860 : 	0	0	0	0	0	0	0	3F	
2279386916 : 	0	0	0	0	0	0	0	2	
2279891392 : 	0	0	0	0	0	0	0	11	
2280895156 : 	0	0	0	0	0	0	0	3F	
2281397080 : 	0	0	0	0	0	0	0	2	
2282905236 : 	0	0	0	0	0	0	0	3F	
2283406488 : 	0	0	0	0	0	0	0	2	
2283910104 : 	0	0	0	0	0	0	0	11	
2284410076 : 	0	0	0	0	0	0	0	20	
2284914892 : 	0	0	0	0	0	0	0	3F	
2285415796 : 	0	0	0	0	0	0	0	2	
2286925480 : 	0	0	0	0	0	0	0	3F	
2287928228 : 	0	0	0	0	0	0	0	11	
2288429300 : 	0	0	0	0	0	0	0	20	
2289435192 : 	0	0	0	0	0	0	0	2	
2290440656 : 	0	0	0	0	0	0	0	20	
2291446460 : 	0	0	0	0	0	0	0	2	
2291949152 : 	0	0	0	0	0	0	0	11	
2292450652 : 	0	0	0	0	0	0	0	20	
2293452892 : 	0	0	0	0	0	0	0	2	
2295965488 : 	0	0	0	0	0	0	0	11	
2296466052 : 	0	0	0	0	0	0	0	20	
2296970188 : 	0	0	0	0	0	0	0	3F	
2297472452 : 	0	0	0	0	0	0	0	2	
2297976584 : 	0	0	0	0	0	0	0	11	
2298478088 : 	0	0	0	0	0	0	0	20	
2299982840 : 	0	0	0	0	0	0	0	11	
2300483916 : 	0	0	0	0	0	0	0	20	
2300985840 : 	0	0	0	0	0	0	0	3F	
2301490236 : 	0	0	0	0	0	0	0	2	
2301991816 : 	0	0	0	0	0	0	0	11	
2302491872 : 	0	0	0	0	0	0	0	20	
2303496484 : 	0	0	0	0	0	0	0	2	
2305504448 : 	0	0	0	0	0	0	0	2	
2306007472 : 	0	0	0	0	0	0	0	11	
2306510840 : 	0	0	0	0	0	0	0	20	
2307516568 : 	0	0	0	0	0	0	0	2	
2308017380 : 	0	0	0	0	0	0	0	11	
2308520836 : 	0	0	0	0	0	0	0	20	
2309525792 : 	0	0	0	0	0	0	0	2	
2310027460 : 	0	0	0	0	0	0	0	11	
2310531264 : 	0	0	0	0	0	0	0	20	
2312540656 : 	0	0	0	0	0	0	0	20	
2313042076 : 	0	0	0	0	0	0	0	3F	
2314048132 : 	0	0	0	0	0	0	0	11	
2314548524 : 	0	0	0	0	0	0	0	20	
2315052660 : 	0	0	0	0	0	0	0	3F	
2315553652 : 	0	0	0	0	0	0	0	2	
2318068972 : 	0	0	0	0	0	0	0	11	
2318568856 : 	0	0	0	0	0	0	0	20	
2319071800 : 	0	0	0	0	0	0	0	3F	
2319571772 : 	0	0	0	0	0	0	0	2	
2320074716 : 	0	0	0	0	0	0	0	11	
2322083352 : 	0	0	0	0	0	0	0	11	
2323090772 : 	0	0	0	0	0	0	0	3F	
2323591932 : 	0	0	0	0	0	0	0	2	
2324094364 : 	0	0	0	0	0	0	0	11	
2324598160 : 	0	0	0	0	0	0	0	20	
2327108212 : 	0	0	0	0	0	0	0	3F	
2327611156 : 	0	0	0	0	0	0	0	2	
2328112656 : 	0	0	0	0	0	0	0	11	
2328614836 : 	0	0	0	0	0	0	0	20	
2329117788 : 	0	0	0	0	0	0	0	3F	
2331628688 : 	0	0	0	0	0	0	0	2	
2332132220 : 	0	0	0	0	0	0	0	11	
2332631256 : 	0	0	0	0	0	0	0	20	
2333134628 : 	0	0	0	0	0	0	0	3F	
2333638336 : 	0	0	0	0	0	0	0	2	
2334640152 : 	0	0	0	0	0	0	0	20	
2335143948 : 	0	0	0	0	0	0	0	3F	
2335644680 : 	0	0	0	0	0	0	0	2	
2336150604 : 	0	0	0	0	0	0	0	11	
2336651500 : 	0	0	0	0	0	0	0	20	
2337152236 : 	0	0	0	0	0	0	0	3F	
2337655264 : 	0	0	0	0	0	0	0	2	
2338156340 : 	0	0	0	0	0	0	0	11	
2340165488 : 	0	0	0	0	0	0	0	11	
2341170952 : 	0	0	0	0	0	0	0	3F	
2341669220 : 	0	0	0	0	0	0	0	2	
2342173440 : 	0	0	0	0	0	0	0	11	
2342673668 : 	0	0	0	0	0	0	0	20	
2344183180 : 	0	0	0	0	0	0	0	11	
2344685444 : 	0	0	0	0	0	0	0	20	
2345691256 : 	0	0	0	0	0	0	0	2	
2346194116 : 	0	0	0	0	0	0	0	11	
2346692728 : 	0	0	0	0	0	0	0	20	
2348706116 : 	0	0	0	0	0	0	0	20	
2349206768 : 	0	0	0	0	0	0	0	3F	
2350210196 : 	0	0	0	0	0	0	0	11	
2350712372 : 	0	0	0	0	0	0	0	20	
2351213444 : 	0	0	0	0	0	0	0	3F	
2351715712 : 	0	0	0	0	0	0	0	2	
2353223872 : 	0	0	0	0	0	0	0	3F	
2353724856 : 	0	0	0	0	0	0	0	2	
2354732112 : 	0	0	0	0	0	0	0	20	
2355233776 : 	0	0	0	0	0	0	0	3F	
2356240684 : 	0	0	0	0	0	0	0	11	
2357243772 : 	0	0	0	0	0	0	0	3F	
2357745788 : 	0	0	0	0	0	0	0	2	
2359254360 : 	0	0	0	0	0	0	0	3F	
2359755264 : 	0	0	0	0	0	0	0	2	
2360258040 : 	0	0	0	0	0	0	0	11	
2361265376 : 	0	0	0	0	0	0	0	3F	
2361765772 : 	0	0	0	0	0	0	0	2	
2362267272 : 	0	0	0	0	0	0	0	11	
2363275116 : 	0	0	0	0	0	0	0	3F	
2363774576 : 	0	0	0	0	0	0	0	2	
2364277780 : 	0	0	0	0	0	0	0	11	
2364779020 : 	0	0	0	0	0	0	0	20	
2365284524 : 	0	0	0	0	0	0	0	3F	
2365783216 : 	0	0	0	0	0	0	0	2	
2366288196 : 	0	0	0	0	0	0	0	11	
2366787484 : 	0	0	0	0	0	0	0	20	
2367292728 : 	0	0	0	0	0	0	0	3F	
2367792276 : 	0	0	0	0	0	0	0	2	
2368296748 : 	0	0	0	0	0	0	0	11	
2368797904 : 	0	0	0	0	0	0	0	20	
2369299064 : 	0	0	0	0	0	0	0	3F	
2370304872 : 	0	0	0	0	0	0	0	11	
2370803992 : 	0	0	0	0	0	0	0	20	
2371307444 : 	0	0	0	0	0	0	0	3F	
2371809540 : 	0	0	0	0	0	0	0	2	
2372313420 : 	0	0	0	0	0	0	0	11	
2372814496 : 	0	0	0	0	0	0	0	20	
2373315996 : 	0	0	0	0	0	0	0	3F	
2373818520 : 	0	0	0	0	0	0	0	2	
2374825680 : 	0	0	0	0	0	0	0	20	
2375327180 : 	0	0	0	0	0	0	0	3F	
2375827916 : 	0	0	0	0	0	0	0	2	
2376329756 : 	0	0	0	0	0	0	0	11	
2376832616 : 	0	0	0	0	0	0	0	20	
2377335908 : 	0	0	0	0	0	0	0	3F	
2377836124 : 	0	0	0	0	0	0	0	2	
2378339580 : 	0	0	0	0	0	0	0	11	
2379344196 : 	0	0	0	0	0	0	0	3F	
2379845612 : 	0	0	0	0	0	0	0	2	
2380347960 : 	0	0	0	0	0	0	0	11	
2381354616 : 	0	0	0	0	0	0	0	3F	
2381857136 : 	0	0	0	0	0	0	0	2	
2382359748 : 	0	0	0	0	0	0	0	11	
2384869544 : 	0	0	0	0	0	0	0	20	
2385875008 : 	0	0	0	0	0	0	0	2	
2386378200 : 	0	0	0	0	0	0	0	11	
2386879956 : 	0	0	0	0	0	0	0	20	
2387885252 : 	0	0	0	0	0	0	0	2	
2388387432 : 	0	0	0	0	0	0	0	11	
2388886892 : 	0	0	0	0	0	0	0	20	
2389391708 : 	0	0	0	0	0	0	0	3F	
2390394536 : 	0	0	0	0	0	0	0	11	
2390895356 : 	0	0	0	0	0	0	0	20	
2391399748 : 	0	0	0	0	0	0	0	3F	
2392403596 : 	0	0	0	0	0	0	0	11	
2392905692 : 	0	0	0	0	0	0	0	20	
2393406852 : 	0	0	0	0	0	0	0	3F	
2393909624 : 	0	0	0	0	0	0	0	2	
2394411804 : 	0	0	0	0	0	0	0	11	
2395417356 : 	0	0	0	0	0	0	0	3F	
2395916312 : 	0	0	0	0	0	0	0	2	
2396419676 : 	0	0	0	0	0	0	0	11	
2397424632 : 	0	0	0	0	0	0	0	3F	
2397926216 : 	0	0	0	0	0	0	0	2	
2398428140 : 	0	0	0	0	0	0	0	11	
2398927344 : 	0	0	0	0	0	0	0	20	
2399935700 : 	0	0	0	0	0	0	0	2	
2400437712 : 	0	0	0	0	0	0	0	11	
2400939804 : 	0	0	0	0	0	0	0	20	
2402447024 : 	0	0	0	0	0	0	0	11	
2402948952 : 	0	0	0	0	0	0	0	20	
2403449176 : 	0	0	0	0	0	0	0	3F	
2404456516 : 	0	0	0	0	0	0	0	11	
2404956232 : 	0	0	0	0	0	0	0	20	
2405960584 : 	0	0	0	0	0	0	0	2	
2406968600 : 	0	0	0	0	0	0	0	20	
2408976392 : 	0	0	0	0	0	0	0	20	
2409479500 : 	0	0	0	0	0	0	0	3F	
2409980072 : 	0	0	0	0	0	0	0	2	
2410988336 : 	0	0	0	0	0	0	0	20	
2411489332 : 	0	0	0	0	0	0	0	3F	
2412493600 : 	0	0	0	0	0	0	0	11	
2414000480 : 	0	0	0	0	0	0	0	2	
2415508040 : 	0	0	0	0	0	0	0	3F	
2416011332 : 	0	0	0	0	0	0	0	2	
2416513088 : 	0	0	0	0	0	0	0	11	
2417014928 : 	0	0	0	0	0	0	0	20	
2417518636 : 	0	0	0	0	0	0	0	3F	
2419529824 : 	0	0	0	0	0	0	0	3F	
2420031912 : 	0	0	0	0	0	0	0	2	
2420533920 : 	0	0	0	0	0	0	0	11	
2421538620 : 	0	0	0	0	0	0	0	3F	
2422038080 : 	0	0	0	0	0	0	0	2	
2424050116 : 	0	0	0	0	0	0	0	2	
2424552296 : 	0	0	0	0	0	0	0	11	
2425052604 : 	0	0	0	0	0	0	0	20	
2426560932 : 	0	0	0	0	0	0	0	11	
2427062352 : 	0	0	0	0	0	0	0	20	
2428572372 : 	0	0	0	0	0	0	0	11	
2429072596 : 	0	0	0	0	0	0	0	20	
2429574436 : 	0	0	0	0	0	0	0	3F	
2430581004 : 	0	0	0	0	0	0	0	11	
2431080808 : 	0	0	0	0	0	0	0	20	
2431585288 : 	0	0	0	0	0	0	0	3F	
2432085760 : 	0	0	0	0	0	0	0	2	
2432591340 : 	0	0	0	0	0	0	0	11	
2433093012 : 	0	0	0	0	0	0	0	20	
2433595536 : 	0	0	0	0	0	0	0	3F	
2434601004 : 	0	0	0	0	0	0	0	11	
2435606636 : 	0	0	0	0	0	0	0	3F	
2436612436 : 	0	0	0	0	0	0	0	11	
2437113596 : 	0	0	0	0	0	0	0	20	
2437613656 : 	0	0	0	0	0	0	0	3F	
2438115744 : 	0	0	0	0	0	0	0	2	
2438621836 : 	0	0	0	0	0	0	0	11	
2440626560 : 	0	0	0	0	0	0	0	11	
2441633384 : 	0	0	0	0	0	0	0	3F	
2442134204 : 	0	0	0	0	0	0	0	2	
2442635372 : 	0	0	0	0	0	0	0	11	
2444141740 : 	0	0	0	0	0	0	0	2	
2445147456 : 	0	0	0	0	0	0	0	20	
2445650488 : 	0	0	0	0	0	0	0	3F	
2446150628 : 	0	0	0	0	0	0	0	2	
2446654760 : 	0	0	0	0	0	0	0	11	
2447661168 : 	0	0	0	0	0	0	0	3F	
2448161640 : 	0	0	0	0	0	0	0	2	
2448664928 : 	0	0	0	0	0	0	0	11	
2449168040 : 	0	0	0	0	0	0	0	20	
2450175460 : 	0	0	0	0	0	0	0	2	
2450674756 : 	0	0	0	0	0	0	0	11	
2451177100 : 	0	0	0	0	0	0	0	20	
2453686132 : 	0	0	0	0	0	0	0	3F	
2454188060 : 	0	0	0	0	0	0	0	2	
2454691764 : 	0	0	0	0	0	0	0	11	
2455192592 : 	0	0	0	0	0	0	0	20	
2455696212 : 	0	0	0	0	0	0	0	3F	
2456198392 : 	0	0	0	0	0	0	0	2	
2457707992 : 	0	0	0	0	0	0	0	3F	
2458207960 : 	0	0	0	0	0	0	0	2	
2458711672 : 	0	0	0	0	0	0	0	11	
2459213944 : 	0	0	0	0	0	0	0	20	
2459716284 : 	0	0	0	0	0	0	0	3F	
2460217192 : 	0	0	0	0	0	0	0	2	
2461222144 : 	0	0	0	0	0	0	0	20	
2462729024 : 	0	0	0	0	0	0	0	11	
2463735256 : 	0	0	0	0	0	0	0	3F	
2464237096 : 	0	0	0	0	0	0	0	2	
2466748596 : 	0	0	0	0	0	0	0	11	
2467250268 : 	0	0	0	0	0	0	0	20	
2468253600 : 	0	0	0	0	0	0	0	2	
2468756884 : 	0	0	0	0	0	0	0	11	
2471268636 : 	0	0	0	0	0	0	0	20	
2471770984 : 	0	0	0	0	0	0	0	3F	
2472278352 : 	0	0	0	0	0	0	0	2	
2473280076 : 	0	0	0	0	0	0	0	20	
2473782000 : 	0	0	0	0	0	0	0	3F	
2475290672 : 	0	0	0	0	0	0	0	20	
2476294688 : 	0	0	0	0	0	0	0	2	
2476797976 : 	0	0	0	0	0	0	0	11	
2479809776 : 	0	0	0	0	0	0	0	3F	
2480311532 : 	0	0	0	0	0	0	0	2	
2480817452 : 	0	0	0	0	0	0	0	11	
2481317080 : 	0	0	0	0	0	0	0	20	
2481818580 : 	0	0	0	0	0	0	0	3F	
2482321952 : 	0	0	0	0	0	0	0	2	
2483830532 : 	0	0	0	0	0	0	0	3F	
2484330416 : 	0	0	0	0	0	0	0	2	
2484831152 : 	0	0	0	0	0	0	0	11	
2485333416 : 	0	0	0	0	0	0	0	20	
2485837808 : 	0	0	0	0	0	0	0	3F	
2486340836 : 	0	0	0	0	0	0	0	2	
2486844036 : 	0	0	0	0	0	0	0	11	
2488349640 : 	0	0	0	0	0	0	0	2	
2488850468 : 	0	0	0	0	0	0	0	11	
2489353068 : 	0	0	0	0	0	0	0	20	
2489856776 : 	0	0	0	0	0	0	0	3F	
2490360232 : 	0	0	0	0	0	0	0	2	
2490861476 : 	0	0	0	0	0	0	0	11	
2491364512 : 	0	0	0	0	0	0	0	20	
2491866940 : 	0	0	0	0	0	0	0	3F	
2493372972 : 	0	0	0	0	0	0	0	20	
2494379372 : 	0	0	0	0	0	0	0	2	
2494882572 : 	0	0	0	0	0	0	0	11	
2495380756 : 	0	0	0	0	0	0	0	20	
2496390132 : 	0	0	0	0	0	0	0	2	
2496889848 : 	0	0	0	0	0	0	0	11	
2497392796 : 	0	0	0	0	0	0	0	20	
2497895652 : 	0	0	0	0	0	0	0	3F	
2498399284 : 	0	0	0	0	0	0	0	2	
2498902220 : 	0	0	0	0	0	0	0	11	
2499401084 : 	0	0	0	0	0	0	0	20	
2500410380 : 	0	0	0	0	0	0	0	2	
2500911116 : 	0	0	0	0	0	0	0	11	
2501411852 : 	0	0	0	0	0	0	0	20	
2502419528 : 	0	0	0	0	0	0	0	2	
2502920172 : 	0	0	0	0	0	0	0	11	
2503421840 : 	0	0	0	0	0	0	0	20	
2504430280 : 	0	0	0	0	0	0	0	2	
2504931188 : 	0	0	0	0	0	0	0	11	
2505433368 : 	0	0	0	0	0	0	0	20	
2505935632 : 	0	0	0	0	0	0	0	3F	
2506940160 : 	0	0	0	0	0	0	0	11	
2507441152 : 	0	0	0	0	0	0	0	20	
2507943500 : 	0	0	0	0	0	0	0	3F	
2508950496 : 	0	0	0	0	0	0	0	11	
2509450552 : 	0	0	0	0	0	0	0	20	
2509955116 : 	0	0	0	0	0	0	0	3F	
2510961256 : 	0	0	0	0	0	0	0	11	
2511461400 : 	0	0	0	0	0	0	0	20	
2511965108 : 	0	0	0	0	0	0	0	3F	
2512464736 : 	0	0	0	0	0	0	0	2	
2512970484 : 	0	0	0	0	0	0	0	11	
2513470712 : 	0	0	0	0	0	0	0	20	
2513975100 : 	0	0	0	0	0	0	0	3F	
2514475496 : 	0	0	0	0	0	0	0	2	
2515484360 : 	0	0	0	0	0	0	0	20	
2515984508 : 	0	0	0	0	0	0	0	3F	
2517491728 : 	0	0	0	0	0	0	0	20	
2517995004 : 	0	0	0	0	0	0	0	3F	
2518494128 : 	0	0	0	0	0	0	0	2	
2519500872 : 	0	0	0	0	0	0	0	20	
2520003648 : 	0	0	0	0	0	0	0	3F	
2520503188 : 	0	0	0	0	0	0	0	2	
2521508996 : 	0	0	0	0	0	0	0	20	
2522014232 : 	0	0	0	0	0	0	0	3F	
2522512924 : 	0	0	0	0	0	0	0	2	
2523517712 : 	0	0	0	0	0	0	0	20	
2524023800 : 	0	0	0	0	0	0	0	3F	
2524522836 : 	0	0	0	0	0	0	0	2	
2525025612 : 	0	0	0	0	0	0	0	11	
2526032436 : 	0	0	0	0	0	0	0	3F	
2526533512 : 	0	0	0	0	0	0	0	2	
2527035440 : 	0	0	0	0	0	0	0	11	
2527536512 : 	0	0	0	0	0	0	0	20	
2529044920 : 	0	0	0	0	0	0	0	11	
2529546168 : 	0	0	0	0	0	0	0	20	
2530554264 : 	0	0	0	0	0	0	0	2	
2531055424 : 	0	0	0	0	0	0	0	11	
2531557444 : 	0	0	0	0	0	0	0	20	
2532564432 : 	0	0	0	0	0	0	0	2	
2534571204 : 	0	0	0	0	0	0	0	2	
2535075500 : 	0	0	0	0	0	0	0	11	
2535576236 : 	0	0	0	0	0	0	0	20	
2536079440 : 	0	0	0	0	0	0	0	3F	
2537585468 : 	0	0	0	0	0	0	0	20	
2539093280 : 	0	0	0	0	0	0	0	11	
2539598952 : 	0	0	0	0	0	0	0	20	
2540098580 : 	0	0	0	0	0	0	0	3F	
2541107364 : 	0	0	0	0	0	0	0	11	
2542612112 : 	0	0	0	0	0	0	0	2	
2543117096 : 	0	0	0	0	0	0	0	11	
2544622192 : 	0	0	0	0	0	0	0	2	
2545125988 : 	0	0	0	0	0	0	0	11	
2545625956 : 	0	0	0	0	0	0	0	20	
2547135980 : 	0	0	0	0	0	0	0	11	
2547635868 : 	0	0	0	0	0	0	0	20	
2548139660 : 	0	0	0	0	0	0	0	3F	
2549146996 : 	0	0	0	0	0	0	0	11	
2549646200 : 	0	0	0	0	0	0	0	20	
2551153504 : 	0	0	0	0	0	0	0	11	
2551653984 : 	0	0	0	0	0	0	0	20	
2552157528 : 	0	0	0	0	0	0	0	3F	
2552658600 : 	0	0	0	0	0	0	0	2	
2554667576 : 	0	0	0	0	0	0	0	2	
2555171972 : 	0	0	0	0	0	0	0	11	
2555673976 : 	0	0	0	0	0	0	0	20	
2556678420 : 	0	0	0	0	0	0	0	2	
2557182724 : 	0	0	0	0	0	0	0	11	
2559192976 : 	0	0	0	0	0	0	0	11	
2560198864 : 	0	0	0	0	0	0	0	3F	
2560700280 : 	0	0	0	0	0	0	0	2	
2561202036 : 	0	0	0	0	0	0	0	11	
2561703196 : 	0	0	0	0	0	0	0	20	
2562206912 : 	0	0	0	0	0	0	0	3F	
2562709172 : 	0	0	0	0	0	0	0	2	
2563211356 : 	0	0	0	0	0	0	0	11	
2564718148 : 	0	0	0	0	0	0	0	2	
2565218964 : 	0	0	0	0	0	0	0	11	
2565722844 : 	0	0	0	0	0	0	0	20	
2566225280 : 	0	0	0	0	0	0	0	3F	
2566729500 : 	0	0	0	0	0	0	0	2	
2567730544 : 	0	0	0	0	0	0	0	20	
2568233576 : 	0	0	0	0	0	0	0	3F	
2568733972 : 	0	0	0	0	0	0	0	2	
2569236744 : 	0	0	0	0	0	0	0	11	
2569739604 : 	0	0	0	0	0	0	0	20	
2570245100 : 	0	0	0	0	0	0	0	3F	
2571249204 : 	0	0	0	0	0	0	0	11	
2572253652 : 	0	0	0	0	0	0	0	3F	
2573260560 : 	0	0	0	0	0	0	0	11	
2573760276 : 	0	0	0	0	0	0	0	20	
2574263648 : 	0	0	0	0	0	0	0	3F	
2575770272 : 	0	0	0	0	0	0	0	20	
2576275172 : 	0	0	0	0	0	0	0	3F	
2577779332 : 	0	0	0	0	0	0	0	20	
2578283380 : 	0	0	0	0	0	0	0	3F	
2578783520 : 	0	0	0	0	0	0	0	2	
2579286892 : 	0	0	0	0	0	0	0	11	
2580293724 : 	0	0	0	0	0	0	0	3F	
2580794620 : 	0	0	0	0	0	0	0	2	
2581296632 : 	0	0	0	0	0	0	0	11	
2581802296 : 	0	0	0	0	0	0	0	20	
2582304052 : 	0	0	0	0	0	0	0	3F	
2582804276 : 	0	0	0	0	0	0	0	2	
2584314900 : 	0	0	0	0	0	0	0	3F	
2584815460 : 	0	0	0	0	0	0	0	2	
2585818460 : 	0	0	0	0	0	0	0	20	
2586321916 : 	0	0	0	0	0	0	0	3F	
2586825032 : 	0	0	0	0	0	0	0	2	
2587327464 : 	0	0	0	0	0	0	0	11	
2588332844 : 	0	0	0	0	0	0	0	3F	
2590342756 : 	0	0	0	0	0	0	0	3F	
2590845112 : 	0	0	0	0	0	0	0	2	
2593356864 : 	0	0	0	0	0	0	0	11	
2594363596 : 	0	0	0	0	0	0	0	3F	
2594863652 : 	0	0	0	0	0	0	0	2	
2595867844 : 	0	0	0	0	0	0	0	20	
2596873644 : 	0	0	0	0	0	0	0	2	
2597878176 : 	0	0	0	0	0	0	0	20	
2598381376 : 	0	0	0	0	0	0	0	3F	
2598883724 : 	0	0	0	0	0	0	0	2	
2599385480 : 	0	0	0	0	0	0	0	11	
2599886640 : 	0	0	0	0	0	0	0	20	
2600389676 : 	0	0	0	0	0	0	0	3F	
2601396752 : 	0	0	0	0	0	0	0	11	
2602398476 : 	0	0	0	0	0	0	0	3F	
2603406748 : 	0	0	0	0	0	0	0	11	
2603906292 : 	0	0	0	0	0	0	0	20	
2605917900 : 	0	0	0	0	0	0	0	20	
2606417784 : 	0	0	0	0	0	0	0	3F	
2606920476 : 	0	0	0	0	0	0	0	2	
2607425724 : 	0	0	0	0	0	0	0	11	
2607926536 : 	0	0	0	0	0	0	0	20	
2608429232 : 	0	0	0	0	0	0	0	3F	
2608929968 : 	0	0	0	0	0	0	0	2	
2610437272 : 	0	0	0	0	0	0	0	3F	
2610936988 : 	0	0	0	0	0	0	0	2	
2611440520 : 	0	0	0	0	0	0	0	11	
2611941084 : 	0	0	0	0	0	0	0	20	
2612445984 : 	0	0	0	0	0	0	0	3F	
2612945192 : 	0	0	0	0	0	0	0	2	
2613448736 : 	0	0	0	0	0	0	0	11	
2613950740 : 	0	0	0	0	0	0	0	20	
2615457536 : 	0	0	0	0	0	0	0	11	
2615961500 : 	0	0	0	0	0	0	0	20	
2616462320 : 	0	0	0	0	0	0	0	3F	
2616965272 : 	0	0	0	0	0	0	0	2	
2617468808 : 	0	0	0	0	0	0	0	11	
2617969200 : 	0	0	0	0	0	0	0	20	
2618471212 : 	0	0	0	0	0	0	0	3F	
2619477272 : 	0	0	0	0	0	0	0	11	
2619978260 : 	0	0	0	0	0	0	0	20	
2620480864 : 	0	0	0	0	0	0	0	3F	
2621987576 : 	0	0	0	0	0	0	0	20	
2622492136 : 	0	0	0	0	0	0	0	3F	
2623500492 : 	0	0	0	0	0	0	0	11	
2623997824 : 	0	0	0	0	0	0	0	20	
2624501280 : 	0	0	0	0	0	0	0	3F	
2625001596 : 	0	0	0	0	0	0	0	2	
2625504536 : 	0	0	0	0	0	0	0	11	
2626006972 : 	0	0	0	0	0	0	0	20	
2626510764 : 	0	0	0	0	0	0	0	3F	
2627011676 : 	0	0	0	0	0	0	0	2	
2628520676 : 	0	0	0	0	0	0	0	3F	
2629020304 : 	0	0	0	0	0	0	0	2	
2629522060 : 	0	0	0	0	0	0	0	11	
2630025008 : 	0	0	0	0	0	0	0	20	
2630527440 : 	0	0	0	0	0	0	0	3F	
2631031492 : 	0	0	0	0	0	0	0	2	
2632033812 : 	0	0	0	0	0	0	0	20	
2632537604 : 	0	0	0	0	0	0	0	3F	
2633038764 : 	0	0	0	0	0	0	0	2	
2633541540 : 	0	0	0	0	0	0	0	11	
2634043720 : 	0	0	0	0	0	0	0	20	
2634547940 : 	0	0	0	0	0	0	0	3F	
2635048676 : 	0	0	0	0	0	0	0	2	
2635552816 : 	0	0	0	0	0	0	0	11	
2636053800 : 	0	0	0	0	0	0	0	20	
2636560912 : 	0	0	0	0	0	0	0	3F	
2637058084 : 	0	0	0	0	0	0	0	2	
2637562296 : 	0	0	0	0	0	0	0	11	
2638063284 : 	0	0	0	0	0	0	0	20	
2639067900 : 	0	0	0	0	0	0	0	2	
2639571868 : 	0	0	0	0	0	0	0	11	
2640073024 : 	0	0	0	0	0	0	0	20	
2641080276 : 	0	0	0	0	0	0	0	2	
2641582372 : 	0	0	0	0	0	0	0	11	
2642082172 : 	0	0	0	0	0	0	0	20	
2642586220 : 	0	0	0	0	0	0	0	3F	
2643591184 : 	0	0	0	0	0	0	0	11	
2644092848 : 	0	0	0	0	0	0	0	20	
2645603804 : 	0	0	0	0	0	0	0	11	
2646104968 : 	0	0	0	0	0	0	0	20	
2646605876 : 	0	0	0	0	0	0	0	3F	
2647611844 : 	0	0	0	0	0	0	0	11	
2648111308 : 	0	0	0	0	0	0	0	20	
2650123596 : 	0	0	0	0	0	0	0	20	
2650625604 : 	0	0	0	0	0	0	0	3F	
2651127876 : 	0	0	0	0	0	0	0	2	
2651630816 : 	0	0	0	0	0	0	0	11	
2652132740 : 	0	0	0	0	0	0	0	20	
2654142572 : 	0	0	0	0	0	0	0	20	
2654644492 : 	0	0	0	0	0	0	0	3F	
2655145148 : 	0	0	0	0	0	0	0	2	
2656151032 : 	0	0	0	0	0	0	0	20	
2659166492 : 	0	0	0	0	0	0	0	2	
2659669520 : 	0	0	0	0	0	0	0	11	
2660168980 : 	0	0	0	0	0	0	0	20	
2660675072 : 	0	0	0	0	0	0	0	3F	
2662682004 : 	0	0	0	0	0	0	0	3F	
2663183932 : 	0	0	0	0	0	0	0	2	
2663686112 : 	0	0	0	0	0	0	0	11	
2664187956 : 	0	0	0	0	0	0	0	20	
2665194012 : 	0	0	0	0	0	0	0	2	
2666198624 : 	0	0	0	0	0	0	0	20	
2667706696 : 	0	0	0	0	0	0	0	11	
2668206920 : 	0	0	0	0	0	0	0	20	
2669716612 : 	0	0	0	0	0	0	0	11	
2670721476 : 	0	0	0	0	0	0	0	3F	
2671224080 : 	0	0	0	0	0	0	0	2	
2671725324 : 	0	0	0	0	0	0	0	11	
2672228612 : 	0	0	0	0	0	0	0	20	
2672730876 : 	0	0	0	0	0	0	0	3F	
2673234672 : 	0	0	0	0	0	0	0	2	
2675746164 : 	0	0	0	0	0	0	0	11	
2676247072 : 	0	0	0	0	0	0	0	20	
2679262956 : 	0	0	0	0	0	0	0	2	
2679768792 : 	0	0	0	0	0	0	0	11	
2680270376 : 	0	0	0	0	0	0	0	20	
2680771452 : 	0	0	0	0	0	0	0	3F	
2682782040 : 	0	0	0	0	0	0	0	3F	
2683285324 : 	0	0	0	0	0	0	0	2	
2683786912 : 	0	0	0	0	0	0	0	11	
2684287056 : 	0	0	0	0	0	0	0	20	
2684791956 : 	0	0	0	0	0	0	0	3F	
2685292092 : 	0	0	0	0	0	0	0	2	
2685797076 : 	0	0	0	0	0	0	0	11	
2686800756 : 	0	0	0	0	0	0	0	3F	
2687807836 : 	0	0	0	0	0	0	0	11	
2688309164 : 	0	0	0	0	0	0	0	20	
2688810240 : 	0	0	0	0	0	0	0	3F	
2689313272 : 	0	0	0	0	0	0	0	2	
2689816980 : 	0	0	0	0	0	0	0	11	
2690823804 : 	0	0	0	0	0	0	0	3F	
2691323268 : 	0	0	0	0	0	0	0	2	
2692328732 : 	0	0	0	0	0	0	0	20	
2692830320 : 	0	0	0	0	0	0	0	3F	
2693332328 : 	0	0	0	0	0	0	0	2	
2693835016 : 	0	0	0	0	0	0	0	11	
2694338132 : 	0	0	0	0	0	0	0	20	
2695344104 : 	0	0	0	0	0	0	0	2	
2695844076 : 	0	0	0	0	0	0	0	11	
2696350252 : 	0	0	0	0	0	0	0	20	
2696849372 : 	0	0	0	0	0	0	0	3F	
2697352148 : 	0	0	0	0	0	0	0	2	
2698358120 : 	0	0	0	0	0	0	0	20	
2699865084 : 	0	0	0	0	0	0	0	11	
2700869192 : 	0	0	0	0	0	0	0	3F	
2701373156 : 	0	0	0	0	0	0	0	2	
2701874572 : 	0	0	0	0	0	0	0	11	
2702374796 : 	0	0	0	0	0	0	0	20	
2702879440 : 	0	0	0	0	0	0	0	3F	
2703884140 : 	0	0	0	0	0	0	0	11	
2704892836 : 	0	0	0	0	0	0	0	3F	
2705392892 : 	0	0	0	0	0	0	0	2	
2705896940 : 	0	0	0	0	0	0	0	11	
2707402120 : 	0	0	0	0	0	0	0	2	
2707905064 : 	0	0	0	0	0	0	0	11	
2708404868 : 	0	0	0	0	0	0	0	20	
2709411180 : 	0	0	0	0	0	0	0	2	
2709914552 : 	0	0	0	0	0	0	0	11	
2710414604 : 	0	0	0	0	0	0	0	20	
2710917040 : 	0	0	0	0	0	0	0	3F	
2711419220 : 	0	0	0	0	0	0	0	2	
2711922932 : 	0	0	0	0	0	0	0	11	
2712425280 : 	0	0	0	0	0	0	0	20	
2713430576 : 	0	0	0	0	0	0	0	2	
2714433236 : 	0	0	0	0	0	0	0	20	
2714938308 : 	0	0	0	0	0	0	0	3F	
2716445016 : 	0	0	0	0	0	0	0	20	
2716948472 : 	0	0	0	0	0	0	0	3F	
2717954532 : 	0	0	0	0	0	0	0	11	
2718453140 : 	0	0	0	0	0	0	0	20	
2718958464 : 	0	0	0	0	0	0	0	3F	
2720965748 : 	0	0	0	0	0	0	0	3F	
2721468436 : 	0	0	0	0	0	0	0	2	
2722473136 : 	0	0	0	0	0	0	0	20	
2722976756 : 	0	0	0	0	0	0	0	3F	
2724985992 : 	0	0	0	0	0	0	0	3F	
2725993404 : 	0	0	0	0	0	0	0	11	
2726494140 : 	0	0	0	0	0	0	0	20	
2726995136 : 	0	0	0	0	0	0	0	3F	
2727496204 : 	0	0	0	0	0	0	0	2	
2729005552 : 	0	0	0	0	0	0	0	3F	
2729506456 : 	0	0	0	0	0	0	0	2	
2730010504 : 	0	0	0	0	0	0	0	11	
2730510304 : 	0	0	0	0	0	0	0	20	
2731015632 : 	0	0	0	0	0	0	0	3F	
2731518492 : 	0	0	0	0	0	0	0	2	
2732019908 : 	0	0	0	0	0	0	0	11	
2733026396 : 	0	0	0	0	0	0	0	3F	
2733528400 : 	0	0	0	0	0	0	0	2	
2734029304 : 	0	0	0	0	0	0	0	11	
2734530728 : 	0	0	0	0	0	0	0	20	
2735035620 : 	0	0	0	0	0	0	0	3F	
2735536780 : 	0	0	0	0	0	0	0	2	
2736040660 : 	0	0	0	0	0	0	0	11	
2737044084 : 	0	0	0	0	0	0	0	3F	
2737547200 : 	0	0	0	0	0	0	0	2	
2738050068 : 	0	0	0	0	0	0	0	11	
2738549436 : 	0	0	0	0	0	0	0	20	
2739555836 : 	0	0	0	0	0	0	0	2	
2740056572 : 	0	0	0	0	0	0	0	11	
2740557220 : 	0	0	0	0	0	0	0	20	
2741060768 : 	0	0	0	0	0	0	0	3F	
2742066396 : 	0	0	0	0	0	0	0	11	
2742566620 : 	0	0	0	0	0	0	0	20	
2743069140 : 	0	0	0	0	0	0	0	3F	
2744076732 : 	0	0	0	0	0	0	0	11	
2744578236 : 	0	0	0	0	0	0	0	20	
2745081092 : 	0	0	0	0	0	0	0	3F	
2745581232 : 	0	0	0	0	0	0	0	2	
2746088256 : 	0	0	0	0	0	0	0	11	
2746588904 : 	0	0	0	0	0	0	0	20	
2747089472 : 	0	0	0	0	0	0	0	3F	
2748097740 : 	0	0	0	0	0	0	0	11	
2748599664 : 	0	0	0	0	0	0	0	20	
2749101336 : 	0	0	0	0	0	0	0	3F	
2750607876 : 	0	0	0	0	0	0	0	20	
2751111500 : 	0	0	0	0	0	0	0	3F	
2752118240 : 	0	0	0	0	0	0	0	11	
2752619060 : 	0	0	0	0	0	0	0	20	
2753119968 : 	0	0	0	0	0	0	0	3F	
2754130276 : 	0	0	0	0	0	0	0	11	
2754629656 : 	0	0	0	0	0	0	0	20	
2755130392 : 	0	0	0	0	0	0	0	3F	
2755632820 : 	0	0	0	0	0	0	0	2	
2756134920 : 	0	0	0	0	0	0	0	11	
2756639732 : 	0	0	0	0	0	0	0	20	
2757140468 : 	0	0	0	0	0	0	0	3F	
2757641032 : 	0	0	0	0	0	0	0	2	
2758648452 : 	0	0	0	0	0	0	0	20	
2759150636 : 	0	0	0	0	0	0	0	3F	
2760153972 : 	0	0	0	0	0	0	0	11	
2761160888 : 	0	0	0	0	0	0	0	3F	
2762669888 : 	0	0	0	0	0	0	0	20	
2763671528 : 	0	0	0	0	0	0	0	2	
2764174980 : 	0	0	0	0	0	0	0	11	
2765180532 : 	0	0	0	0	0	0	0	3F	
2765682716 : 	0	0	0	0	0	0	0	2	
2767188656 : 	0	0	0	0	0	0	0	3F	
2768194460 : 	0	0	0	0	0	0	0	11	
2768694176 : 	0	0	0	0	0	0	0	20	
2769201208 : 	0	0	0	0	0	0	0	3F	
2769700152 : 	0	0	0	0	0	0	0	2	
2770705616 : 	0	0	0	0	0	0	0	20	
2771711508 : 	0	0	0	0	0	0	0	2	
2772214280 : 	0	0	0	0	0	0	0	11	
2772715440 : 	0	0	0	0	0	0	0	20	
2773221360 : 	0	0	0	0	0	0	0	3F	
2774223852 : 	0	0	0	0	0	0	0	11	
2775232204 : 	0	0	0	0	0	0	0	3F	
2775729880 : 	0	0	0	0	0	0	0	2	
2776236396 : 	0	0	0	0	0	0	0	11	
2776735344 : 	0	0	0	0	0	0	0	20	
2777240248 : 	0	0	0	0	0	0	0	3F	
2777743872 : 	0	0	0	0	0	0	0	2	
2778747048 : 	0	0	0	0	0	0	0	20	
2779248288 : 	0	0	0	0	0	0	0	3F	
2779751912 : 	0	0	0	0	0	0	0	2	
2780253836 : 	0	0	0	0	0	0	0	11	
2780756272 : 	0	0	0	0	0	0	0	20	
2781258280 : 	0	0	0	0	0	0	0	3F	
2781762756 : 	0	0	0	0	0	0	0	2	
2787936048 : 	0	0	0	0	0	0	0	11	
2788438212 : 	0	0	0	0	0	0	0	20	
2788942516 : 	0	0	0	0	0	0	0	3F	
2789443844 : 	0	0	0	0	0	0	0	2	
2789948148 : 	0	0	0	0	0	0	0	11	
2790954380 : 	0	0	0	0	0	0	0	3F	
