553798856 : 	0	0	0	6	7	
554303036 : 	0	0	0	6	16	
556304192 : 	0	0	0	6	16	
556806372 : 	0	0	0	6	25	
557326232 : 	0	0	0	6	34	
557832244 : 	0	0	0	6	7	
558303564 : 	0	0	0	6	16	
558824952 : 	0	0	0	6	25	
559798292 : 	0	0	0	6	7	
560806304 : 	0	0	0	6	25	
561306528 : 	0	0	0	6	34	
561798084 : 	0	0	0	6	7	
562332224 : 	0	0	0	6	16	
562797852 : 	0	0	0	6	25	
563297908 : 	0	0	0	6	34	
563799160 : 	0	0	0	6	7	
564823572 : 	0	0	0	6	25	
565305360 : 	0	0	0	6	34	
565826488 : 	0	0	0	6	7	
566334276 : 	0	0	0	6	16	
566832888 : 	0	0	0	6	25	
567797468 : 	0	0	0	6	7	
568798596 : 	0	0	0	6	25	
569797604 : 	0	0	0	6	7	
570332848 : 	0	0	0	6	16	
570832564 : 	0	0	0	6	25	
571297428 : 	0	0	0	6	34	
571824852 : 	0	0	0	6	7	
572297708 : 	0	0	0	6	16	
573299176 : 	0	0	0	6	34	
573797616 : 	0	0	0	6	7	
574797472 : 	0	0	0	6	25	
575297952 : 	0	0	0	6	34	
575797836 : 	0	0	0	6	7	
576297212 : 	0	0	0	6	16	
577797888 : 	0	0	0	6	7	
578297264 : 	0	0	0	6	16	
579306212 : 	0	0	0	6	34	
579797768 : 	0	0	0	6	7	
580297828 : 	0	0	0	6	16	
580797876 : 	0	0	0	6	25	
581299212 : 	0	0	0	6	34	
581797992 : 	0	0	0	6	7	
582298128 : 	0	0	0	6	16	
582826232 : 	0	0	0	6	25	
583831868 : 	0	0	0	6	7	
584303024 : 	0	0	0	6	16	
584798236 : 	0	0	0	6	25	
586298228 : 	0	0	0	6	16	
586796328 : 	0	0	0	6	25	
587297148 : 	0	0	0	6	34	
588296664 : 	0	0	0	6	16	
588798332 : 	0	0	0	6	25	
589298216 : 	0	0	0	6	34	
589798356 : 	0	0	0	6	7	
591296144 : 	0	0	0	6	34	
591797556 : 	0	0	0	6	7	
592297612 : 	0	0	0	6	16	
592797496 : 	0	0	0	6	25	
593797436 : 	0	0	0	6	7	
594296132 : 	0	0	0	6	16	
594796528 : 	0	0	0	6	25	
595297264 : 	0	0	0	6	34	
595796808 : 	0	0	0	6	7	
597296124 : 	0	0	0	6	34	
597797452 : 	0	0	0	6	7	
600296196 : 	0	0	0	6	16	
601796108 : 	0	0	0	6	7	
603296956 : 	0	0	0	6	34	
604795756 : 	0	0	0	6	25	
609295492 : 	0	0	0	6	34	
611797292 : 	0	0	0	6	7	
614796516 : 	0	0	0	6	25	
616795036 : 	0	0	0	6	25	
618795852 : 	0	0	0	6	25	
619296076 : 	0	0	0	6	34	
712488136 : 	0	0	0	6	7	
712991028 : 	0	0	0	6	16	
713991312 : 	0	0	0	6	34	
714492636 : 	0	0	0	6	7	
714991076 : 	0	0	0	6	16	
715491556 : 	0	0	0	6	25	
716491328 : 	0	0	0	6	7	
716991128 : 	0	0	0	6	16	
717491692 : 	0	0	0	6	25	
717991748 : 	0	0	0	6	34	
718990240 : 	0	0	0	6	16	
719993668 : 	0	0	0	6	34	
720492276 : 	0	0	0	6	7	
720991056 : 	0	0	0	6	16	
721493320 : 	0	0	0	6	25	
721991768 : 	0	0	0	6	34	
722492412 : 	0	0	0	6	7	
722994260 : 	0	0	0	6	16	
723493036 : 	0	0	0	6	25	
723991388 : 	0	0	0	6	34	
724992100 : 	0	0	0	6	16	
725993136 : 	0	0	0	6	34	
726994520 : 	0	0	0	6	16	
727496448 : 	0	0	0	6	25	
727990892 : 	0	0	0	6	34	
728490692 : 	0	0	0	6	7	
728994316 : 	0	0	0	6	16	
729492928 : 	0	0	0	6	25	
729992132 : 	0	0	0	6	34	
730992836 : 	0	0	0	6	16	
731994732 : 	0	0	0	6	34	
732491132 : 	0	0	0	6	7	
732991696 : 	0	0	0	6	16	
733992828 : 	0	0	0	6	34	
734491436 : 	0	0	0	6	7	
734994556 : 	0	0	0	6	16	
735493076 : 	0	0	0	6	25	
735989908 : 	0	0	0	6	34	
736986440 : 	0	0	0	6	16	
737504516 : 	0	0	0	6	25	
738023868 : 	0	0	0	6	34	
738514232 : 	0	0	0	6	7	
739992212 : 	0	0	0	6	34	
740522108 : 	0	0	0	6	7	
740986888 : 	0	0	0	6	16	
741486688 : 	0	0	0	6	25	
742023544 : 	0	0	0	6	34	
742512548 : 	0	0	0	6	7	
742993136 : 	0	0	0	6	16	
743994864 : 	0	0	0	6	34	
745015540 : 	0	0	0	6	16	
745504548 : 	0	0	0	6	25	
746022196 : 	0	0	0	6	34	
746513240 : 	0	0	0	6	7	
749023124 : 	0	0	0	6	16	
749515612 : 	0	0	0	6	25	
750023064 : 	0	0	0	6	34	
750512492 : 	0	0	0	6	7	
750994356 : 	0	0	0	6	16	
751513960 : 	0	0	0	6	25	
753487924 : 	0	0	0	6	25	
753993072 : 	0	0	0	6	34	
754523388 : 	0	0	0	6	7	
755022764 : 	0	0	0	6	16	
755514148 : 	0	0	0	6	25	
755994744 : 	0	0	0	6	34	
756513924 : 	0	0	0	6	7	
757996148 : 	0	0	0	6	34	
758486852 : 	0	0	0	6	7	
759032296 : 	0	0	0	6	16	
759513736 : 	0	0	0	6	25	
761513788 : 	0	0	0	6	25	
762523676 : 	0	0	0	6	7	
765986832 : 	0	0	0	6	34	
766516384 : 	0	0	0	6	7	
767023572 : 	0	0	0	6	16	
768488804 : 	0	0	0	6	7	
768989028 : 	0	0	0	6	16	
770988148 : 	0	0	0	6	16	
771487864 : 	0	0	0	6	25	
771988424 : 	0	0	0	6	34	
772987944 : 	0	0	0	6	16	
773488844 : 	0	0	0	6	25	
774488356 : 	0	0	0	6	7	
774988156 : 	0	0	0	6	16	
775988524 : 	0	0	0	6	34	
776988376 : 	0	0	0	6	16	
777989592 : 	0	0	0	6	34	
780488508 : 	0	0	0	6	7	
780988392 : 	0	0	0	6	16	
781988840 : 	0	0	0	6	34	
782489916 : 	0	0	0	6	7	
782989632 : 	0	0	0	6	16	
783988296 : 	0	0	0	6	34	
784488180 : 	0	0	0	6	7	
784988328 : 	0	0	0	6	16	
785489480 : 	0	0	0	6	25	
785990132 : 	0	0	0	6	34	
786989228 : 	0	0	0	6	16	
787488340 : 	0	0	0	6	25	
787988396 : 	0	0	0	6	34	
788490152 : 	0	0	0	6	7	
788989024 : 	0	0	0	6	16	
789489844 : 	0	0	0	6	25	
789988540 : 	0	0	0	6	34	
790490208 : 	0	0	0	6	7	
790989840 : 	0	0	0	6	16	
791989352 : 	0	0	0	6	34	
792488212 : 	0	0	0	6	7	
792989032 : 	0	0	0	6	16	
793488916 : 	0	0	0	6	25	
793989232 : 	0	0	0	6	34	
794487412 : 	0	0	0	6	7	
794990016 : 	0	0	0	6	16	
795989788 : 	0	0	0	6	34	
796489332 : 	0	0	0	6	7	
796990152 : 	0	0	0	6	16	
797489952 : 	0	0	0	6	25	
797989668 : 	0	0	0	6	34	
798491336 : 	0	0	0	6	7	
798990204 : 	0	0	0	6	16	
799489916 : 	0	0	0	6	25	
800490028 : 	0	0	0	6	7	
800989064 : 	0	0	0	6	16	
801490992 : 	0	0	0	6	25	
801990108 : 	0	0	0	6	34	
802490332 : 	0	0	0	6	7	
802990140 : 	0	0	0	6	16	
803490780 : 	0	0	0	6	25	
804489616 : 	0	0	0	6	7	
804989588 : 	0	0	0	6	16	
805488452 : 	0	0	0	6	25	
805989272 : 	0	0	0	6	34	
806489836 : 	0	0	0	6	7	
806987344 : 	0	0	0	6	16	
807489012 : 	0	0	0	6	25	
808488952 : 	0	0	0	6	7	
808989940 : 	0	0	0	6	16	
809488636 : 	0	0	0	6	25	
809989796 : 	0	0	0	6	34	
810488324 : 	0	0	0	6	7	
810989312 : 	0	0	0	6	16	
811491320 : 	0	0	0	6	25	
812989788 : 	0	0	0	6	16	
813489844 : 	0	0	0	6	25	
813989904 : 	0	0	0	6	34	
814489272 : 	0	0	0	6	7	
814988560 : 	0	0	0	6	16	
815488028 : 	0	0	0	6	25	
815991136 : 	0	0	0	6	34	
816990320 : 	0	0	0	6	16	
817489856 : 	0	0	0	6	25	
817988644 : 	0	0	0	6	34	
818489544 : 	0	0	0	6	7	
818988156 : 	0	0	0	6	16	
819489736 : 	0	0	0	6	25	
819987836 : 	0	0	0	6	34	
820490612 : 	0	0	0	6	7	
821489956 : 	0	0	0	6	25	
821988652 : 	0	0	0	6	34	
822489224 : 	0	0	0	6	7	
822989872 : 	0	0	0	6	16	
823489240 : 	0	0	0	6	25	
823989724 : 	0	0	0	6	34	
824489776 : 	0	0	0	6	7	
824990340 : 	0	0	0	6	16	
825990288 : 	0	0	0	6	34	
826489064 : 	0	0	0	6	7	
826989372 : 	0	0	0	6	16	
827490108 : 	0	0	0	6	25	
827988800 : 	0	0	0	6	34	
828490132 : 	0	0	0	6	7	
828989676 : 	0	0	0	6	16	
829488968 : 	0	0	0	6	25	
829988344 : 	0	0	0	6	34	
830488144 : 	0	0	0	6	7	
830989728 : 	0	0	0	6	16	
831488848 : 	0	0	0	6	25	
831988476 : 	0	0	0	6	34	
832488624 : 	0	0	0	6	7	
832990968 : 	0	0	0	6	16	
833988016 : 	0	0	0	6	34	
834488156 : 	0	0	0	6	7	
834990932 : 	0	0	0	6	16	
835490136 : 	0	0	0	6	25	
835988324 : 	0	0	0	6	34	
836488380 : 	0	0	0	6	7	
836988688 : 	0	0	0	6	16	
837491376 : 	0	0	0	6	25	
838489872 : 	0	0	0	6	7	
838990096 : 	0	0	0	6	16	
839490236 : 	0	0	0	6	25	
839989528 : 	0	0	0	6	34	
840489924 : 	0	0	0	6	7	
840991508 : 	0	0	0	6	16	
841491568 : 	0	0	0	6	25	
841988556 : 	0	0	0	6	34	
842490056 : 	0	0	0	6	7	
842990196 : 	0	0	0	6	16	
843491104 : 	0	0	0	6	25	
843988524 : 	0	0	0	6	34	
844488408 : 	0	0	0	6	7	
844990076 : 	0	0	0	6	16	
845490132 : 	0	0	0	6	25	
846490072 : 	0	0	0	6	7	
846991060 : 	0	0	0	6	16	
847490268 : 	0	0	0	6	25	
847991004 : 	0	0	0	6	34	
848488600 : 	0	0	0	6	7	
848989668 : 	0	0	0	6	16	
849490232 : 	0	0	0	6	25	
850991332 : 	0	0	0	6	16	
851489176 : 	0	0	0	6	25	
851989232 : 	0	0	0	6	34	
852489628 : 	0	0	0	6	7	
852988748 : 	0	0	0	6	16	
853490588 : 	0	0	0	6	25	
853990388 : 	0	0	0	6	34	
854492908 : 	0	0	0	6	7	
855490128 : 	0	0	0	6	25	
855988908 : 	0	0	0	6	34	
856491180 : 	0	0	0	6	7	
856991484 : 	0	0	0	6	16	
857489504 : 	0	0	0	6	25	
857988616 : 	0	0	0	6	34	
858490628 : 	0	0	0	6	7	
859489384 : 	0	0	0	6	25	
859989100 : 	0	0	0	6	34	
860490168 : 	0	0	0	6	7	
860991752 : 	0	0	0	6	16	
861487980 : 	0	0	0	6	25	
861990756 : 	0	0	0	6	34	
862489960 : 	0	0	0	6	7	
862990272 : 	0	0	0	6	16	
863490752 : 	0	0	0	6	25	
863989700 : 	0	0	0	6	34	
864489508 : 	0	0	0	6	7	
864991428 : 	0	0	0	6	16	
865489272 : 	0	0	0	6	25	
865989240 : 	0	0	0	6	34	
866489976 : 	0	0	0	6	7	
866990372 : 	0	0	0	6	16	
867489924 : 	0	0	0	6	25	
867989376 : 	0	0	0	6	34	
868490620 : 	0	0	0	6	7	
868989404 : 	0	0	0	6	16	
869490224 : 	0	0	0	6	25	
869990364 : 	0	0	0	6	34	
870490076 : 	0	0	0	6	7	
871988968 : 	0	0	0	6	34	
872489192 : 	0	0	0	6	7	
872990948 : 	0	0	0	6	16	
873492276 : 	0	0	0	6	25	
873991568 : 	0	0	0	6	34	
874491196 : 	0	0	0	6	7	
874993464 : 	0	0	0	6	16	
875489360 : 	0	0	0	6	25	
875990852 : 	0	0	0	6	34	
876489120 : 	0	0	0	6	7	
876990280 : 	0	0	0	6	16	
877490168 : 	0	0	0	6	25	
877991328 : 	0	0	0	6	34	
878490448 : 	0	0	0	6	7	
878991692 : 	0	0	0	6	16	
879990104 : 	0	0	0	6	34	
880489652 : 	0	0	0	6	7	
880989448 : 	0	0	0	6	16	
881490520 : 	0	0	0	6	25	
881990668 : 	0	0	0	6	34	
882491404 : 	0	0	0	6	7	
882990688 : 	0	0	0	6	16	
883990716 : 	0	0	0	6	34	
884490172 : 	0	0	0	6	7	
884990824 : 	0	0	0	6	16	
885490196 : 	0	0	0	6	25	
885991784 : 	0	0	0	6	34	
886491248 : 	0	0	0	6	7	
886992920 : 	0	0	0	6	16	
887990812 : 	0	0	0	6	34	
888491376 : 	0	0	0	6	7	
888990244 : 	0	0	0	6	16	
889491912 : 	0	0	0	6	25	
889991544 : 	0	0	0	6	34	
890491344 : 	0	0	0	6	7	
890990376 : 	0	0	0	6	16	
891989720 : 	0	0	0	6	34	
894489828 : 	0	0	0	6	7	
899989924 : 	0	0	0	6	34	
900989948 : 	0	0	0	6	16	
901490088 : 	0	0	0	6	25	
902990760 : 	0	0	0	6	16	
904990388 : 	0	0	0	6	16	
907490412 : 	0	0	0	6	25	
911490592 : 	0	0	0	6	25	
912990588 : 	0	0	0	6	16	
913990528 : 	0	0	0	6	34	
914491264 : 	0	0	0	6	7	
915491712 : 	0	0	0	6	25	
915992192 : 	0	0	0	6	34	
917490656 : 	0	0	0	6	25	
917991224 : 	0	0	0	6	34	
918491020 : 	0	0	0	6	7	
918992608 : 	0	0	0	6	16	
919491980 : 	0	0	0	6	25	
919992804 : 	0	0	0	6	34	
920492432 : 	0	0	0	6	7	
920990792 : 	0	0	0	6	16	
921491776 : 	0	0	0	6	25	
922492396 : 	0	0	0	6	7	
922991604 : 	0	0	0	6	16	
923491492 : 	0	0	0	6	25	
923991544 : 	0	0	0	6	34	
924492448 : 	0	0	0	6	7	
925993044 : 	0	0	0	6	34	
926491564 : 	0	0	0	6	7	
926991452 : 	0	0	0	6	16	
927493628 : 	0	0	0	6	25	
927993172 : 	0	0	0	6	34	
928491104 : 	0	0	0	6	7	
929491552 : 	0	0	0	6	25	
929992032 : 	0	0	0	6	34	
930492432 : 	0	0	0	6	7	
930991888 : 	0	0	0	6	16	
931493052 : 	0	0	0	6	25	
931992508 : 	0	0	0	6	34	
932491712 : 	0	0	0	6	7	
932993296 : 	0	0	0	6	16	
933492764 : 	0	0	0	6	25	
933993748 : 	0	0	0	6	34	
934494396 : 	0	0	0	6	7	
934992072 : 	0	0	0	6	16	
935492808 : 	0	0	0	6	25	
935992860 : 	0	0	0	6	34	
936494532 : 	0	0	0	6	7	
936994332 : 	0	0	0	6	16	
937993344 : 	0	0	0	6	34	
938491020 : 	0	0	0	6	7	
938992172 : 	0	0	0	6	16	
939494776 : 	0	0	0	6	25	
939993728 : 	0	0	0	6	34	
940492592 : 	0	0	0	6	7	
940993496 : 	0	0	0	6	16	
941492532 : 	0	0	0	6	25	
942493576 : 	0	0	0	6	7	
942992696 : 	0	0	0	6	16	
943493008 : 	0	0	0	6	25	
943992212 : 	0	0	0	6	34	
944491332 : 	0	0	0	6	7	
944993596 : 	0	0	0	6	16	
945492888 : 	0	0	0	6	25	
946492996 : 	0	0	0	6	7	
946993392 : 	0	0	0	6	16	
947494384 : 	0	0	0	6	25	
947994012 : 	0	0	0	6	34	
948491688 : 	0	0	0	6	7	
948991996 : 	0	0	0	6	16	
949493584 : 	0	0	0	6	25	
949993808 : 	0	0	0	6	34	
950491992 : 	0	0	0	6	7	
950993320 : 	0	0	0	6	16	
951494228 : 	0	0	0	6	25	
951994112 : 	0	0	0	6	34	
952492976 : 	0	0	0	6	7	
952993032 : 	0	0	0	6	16	
953493520 : 	0	0	0	6	25	
953995444 : 	0	0	0	6	34	
954493792 : 	0	0	0	6	7	
955491864 : 	0	0	0	6	25	
955993364 : 	0	0	0	6	34	
956494012 : 	0	0	0	6	7	
956993216 : 	0	0	0	6	16	
957494124 : 	0	0	0	6	25	
957993668 : 	0	0	0	6	34	
958494148 : 	0	0	0	6	7	
959492048 : 	0	0	0	6	25	
959994056 : 	0	0	0	6	34	
960493260 : 	0	0	0	6	7	
960993232 : 	0	0	0	6	16	
961494392 : 	0	0	0	6	25	
961994192 : 	0	0	0	6	34	
962494508 : 	0	0	0	6	7	
963494272 : 	0	0	0	6	25	
963992372 : 	0	0	0	6	34	
964494636 : 	0	0	0	6	7	
964992396 : 	0	0	0	6	16	
965492368 : 	0	0	0	6	25	
965994292 : 	0	0	0	6	34	
966495196 : 	0	0	0	6	7	
967494880 : 	0	0	0	6	25	
967994088 : 	0	0	0	6	34	
968495588 : 	0	0	0	6	7	
968993864 : 	0	0	0	6	16	
969494168 : 	0	0	0	6	25	
969995332 : 	0	0	0	6	34	
970495296 : 	0	0	0	6	7	
970993480 : 	0	0	0	6	16	
971494480 : 	0	0	0	6	25	
971994356 : 	0	0	0	6	34	
972496112 : 	0	0	0	6	7	
972994384 : 	0	0	0	6	16	
973495880 : 	0	0	0	6	25	
973995256 : 	0	0	0	6	34	
974493704 : 	0	0	0	6	7	
974994688 : 	0	0	0	6	16	
975495344 : 	0	0	0	6	25	
975994972 : 	0	0	0	6	34	
976496128 : 	0	0	0	6	7	
976994652 : 	0	0	0	6	16	
977496664 : 	0	0	0	6	25	
977993996 : 	0	0	0	6	34	
978495156 : 	0	0	0	6	7	
979495860 : 	0	0	0	6	25	
979994300 : 	0	0	0	6	34	
980496572 : 	0	0	0	6	7	
980994076 : 	0	0	0	6	16	
981496252 : 	0	0	0	6	25	
981995712 : 	0	0	0	6	34	
982495428 : 	0	0	0	6	7	
983494348 : 	0	0	0	6	25	
983994408 : 	0	0	0	6	34	
984494372 : 	0	0	0	6	7	
984994512 : 	0	0	0	6	16	
985495332 : 	0	0	0	6	25	
985996492 : 	0	0	0	6	34	
986496376 : 	0	0	0	6	7	
987496580 : 	0	0	0	6	25	
987994756 : 	0	0	0	6	34	
988497028 : 	0	0	0	6	7	
988995800 : 	0	0	0	6	16	
989497132 : 	0	0	0	6	25	
989995232 : 	0	0	0	6	34	
990497844 : 	0	0	0	6	7	
990994832 : 	0	0	0	6	16	
991495396 : 	0	0	0	6	25	
991995280 : 	0	0	0	6	34	
992495508 : 	0	0	0	6	7	
992995136 : 	0	0	0	6	16	
993496468 : 	0	0	0	6	25	
993996608 : 	0	0	0	6	34	
994497340 : 	0	0	0	6	7	
994996888 : 	0	0	0	6	16	
995996488 : 	0	0	0	6	34	
996496116 : 	0	0	0	6	7	
996996180 : 	0	0	0	6	16	
997496228 : 	0	0	0	6	25	
997996792 : 	0	0	0	6	34	
998496252 : 	0	0	0	6	7	
998996144 : 	0	0	0	6	16	
999497468 : 	0	0	0	6	25	
1000496308 : 	0	0	0	6	7	
1000995940 : 	0	0	0	6	16	
1001496328 : 	0	0	0	6	25	
1001996808 : 	0	0	0	6	34	
1002497372 : 	0	0	0	6	7	
1002996408 : 	0	0	0	6	16	
1003497572 : 	0	0	0	6	25	
1003997876 : 	0	0	0	6	34	
1004997220 : 	0	0	0	6	16	
1005496936 : 	0	0	0	6	25	
1005997084 : 	0	0	0	6	34	
1006497132 : 	0	0	0	6	7	
1006997868 : 	0	0	0	6	16	
1007497248 : 	0	0	0	6	25	
1007997128 : 	0	0	0	6	34	
1008495744 : 	0	0	0	6	7	
1008996984 : 	0	0	0	6	16	
1009497548 : 	0	0	0	6	25	
1009997092 : 	0	0	0	6	34	
1010496808 : 	0	0	0	6	7	
1010997380 : 	0	0	0	6	16	
1011496236 : 	0	0	0	6	25	
1011996120 : 	0	0	0	6	34	
1012498728 : 	0	0	0	6	7	
1013497992 : 	0	0	0	6	25	
1013997708 : 	0	0	0	6	34	
1014498012 : 	0	0	0	6	7	
1014998236 : 	0	0	0	6	16	
1015497696 : 	0	0	0	6	25	
1015997924 : 	0	0	0	6	34	
1016498060 : 	0	0	0	6	7	
1016996416 : 	0	0	0	6	16	
1017498004 : 	0	0	0	6	25	
1017998488 : 	0	0	0	6	34	
1018498204 : 	0	0	0	6	7	
1018998420 : 	0	0	0	6	16	
1019496352 : 	0	0	0	6	25	
1019996832 : 	0	0	0	6	34	
1020500124 : 	0	0	0	6	7	
1021498448 : 	0	0	0	6	25	
1021998836 : 	0	0	0	6	34	
1022499060 : 	0	0	0	6	7	
1022999116 : 	0	0	0	6	16	
1023497556 : 	0	0	0	6	25	
1023998632 : 	0	0	0	6	34	
1024498516 : 	0	0	0	6	7	
1025499312 : 	0	0	0	6	25	
1025998008 : 	0	0	0	6	34	
1026499076 : 	0	0	0	6	7	
1026997268 : 	0	0	0	6	16	
1027498172 : 	0	0	0	6	25	
1027997968 : 	0	0	0	6	34	
1028499472 : 	0	0	0	6	7	
1028997820 : 	0	0	0	6	16	
1029499576 : 	0	0	0	6	25	
1029998528 : 	0	0	0	6	34	
1030500196 : 	0	0	0	6	7	
1030999740 : 	0	0	0	6	16	
1031500908 : 	0	0	0	6	25	
1032000020 : 	0	0	0	6	34	
1032499908 : 	0	0	0	6	7	
1033000216 : 	0	0	0	6	16	
1033498748 : 	0	0	0	6	25	
1033998712 : 	0	0	0	6	34	
1034501060 : 	0	0	0	6	7	
1035000868 : 	0	0	0	6	16	
1035499472 : 	0	0	0	6	25	
1035999104 : 	0	0	0	6	34	
1036498900 : 	0	0	0	6	7	
1036999380 : 	0	0	0	6	16	
1037500884 : 	0	0	0	6	25	
1037999324 : 	0	0	0	6	34	
1038501672 : 	0	0	0	6	7	
1038999176 : 	0	0	0	6	16	
1039501272 : 	0	0	0	6	25	
1040000988 : 	0	0	0	6	34	
1040499256 : 	0	0	0	6	7	
1041000332 : 	0	0	0	6	16	
1049498888 : 	0	0	0	6	25	
1050499088 : 	0	0	0	6	7	
1050998712 : 	0	0	0	6	16	
1051998652 : 	0	0	0	6	34	
1052499132 : 	0	0	0	6	7	
1056999712 : 	0	0	0	6	16	
1057499264 : 	0	0	0	6	25	
1058999084 : 	0	0	0	6	16	
1059499816 : 	0	0	0	6	25	
1060499508 : 	0	0	0	6	7	
1060999728 : 	0	0	0	6	16	
1062500408 : 	0	0	0	6	7	
1064500288 : 	0	0	0	6	7	
1065999852 : 	0	0	0	6	34	
1066500252 : 	0	0	0	6	7	
1067500356 : 	0	0	0	6	25	
1068500132 : 	0	0	0	6	7	
1069999780 : 	0	0	0	6	34	
1070500348 : 	0	0	0	6	7	
1071000064 : 	0	0	0	6	16	
1072500912 : 	0	0	0	6	7	
1073000280 : 	0	0	0	6	16	
1073500760 : 	0	0	0	6	25	
1074001080 : 	0	0	0	6	34	
1075000672 : 	0	0	0	6	16	
1075501408 : 	0	0	0	6	25	
1077000468 : 	0	0	0	6	16	
1077501796 : 	0	0	0	6	25	
1078002108 : 	0	0	0	6	34	
1078502588 : 	0	0	0	6	7	
1079000516 : 	0	0	0	6	16	
1079501852 : 	0	0	0	6	25	
1080003176 : 	0	0	0	6	34	
1080502212 : 	0	0	0	6	7	
1081501896 : 	0	0	0	6	25	
1082000760 : 	0	0	0	6	34	
1082503112 : 	0	0	0	6	7	
1083001900 : 	0	0	0	6	16	
1083503052 : 	0	0	0	6	25	
1084002596 : 	0	0	0	6	34	
1085003132 : 	0	0	0	6	16	
1086001032 : 	0	0	0	6	34	
1086502616 : 	0	0	0	6	7	
1087002504 : 	0	0	0	6	16	
1087502812 : 	0	0	0	6	25	
1088002868 : 	0	0	0	6	34	
1088501560 : 	0	0	0	6	7	
1089003912 : 	0	0	0	6	16	
1089501672 : 	0	0	0	6	25	
1090002748 : 	0	0	0	6	34	
1090503312 : 	0	0	0	6	7	
1091002944 : 	0	0	0	6	16	
1091502488 : 	0	0	0	6	25	
1092003308 : 	0	0	0	6	34	
1092503448 : 	0	0	0	6	7	
1093002316 : 	0	0	0	6	16	
1093503472 : 	0	0	0	6	25	
1094503412 : 	0	0	0	6	7	
1095003044 : 	0	0	0	6	16	
1095502332 : 	0	0	0	6	25	
1096001876 : 	0	0	0	6	34	
1096503888 : 	0	0	0	6	7	
1097002164 : 	0	0	0	6	16	
1097503316 : 	0	0	0	6	25	
1098503852 : 	0	0	0	6	7	
1099002980 : 	0	0	0	6	16	
1099503964 : 	0	0	0	6	25	
1100002324 : 	0	0	0	6	34	
1100503648 : 	0	0	0	6	7	
1101001576 : 	0	0	0	6	16	
1101503160 : 	0	0	0	6	25	
1102504548 : 	0	0	0	6	7	
1103003760 : 	0	0	0	6	16	
1103504316 : 	0	0	0	6	25	
1104002332 : 	0	0	0	6	34	
1104504512 : 	0	0	0	6	7	
1105004312 : 	0	0	0	6	16	
1105506328 : 	0	0	0	6	25	
1106504476 : 	0	0	0	6	7	
1107002500 : 	0	0	0	6	16	
1107503820 : 	0	0	0	6	25	
1108003536 : 	0	0	0	6	34	
1108503252 : 	0	0	0	6	7	
1109003648 : 	0	0	0	6	16	
1109504048 : 	0	0	0	6	25	
1110004436 : 	0	0	0	6	34	
1111004548 : 	0	0	0	6	16	
1111504948 : 	0	0	0	6	25	
1112004404 : 	0	0	0	6	34	
1112504880 : 	0	0	0	6	7	
1113005020 : 	0	0	0	6	16	
1113502696 : 	0	0	0	6	25	
1114005216 : 	0	0	0	6	34	
1115003972 : 	0	0	0	6	16	
1115503688 : 	0	0	0	6	25	
1116003992 : 	0	0	0	6	34	
1116505324 : 	0	0	0	6	7	
1117004612 : 	0	0	0	6	16	
1117504672 : 	0	0	0	6	25	
1118005148 : 	0	0	0	6	34	
1118506392 : 	0	0	0	6	7	
1119504468 : 	0	0	0	6	25	
1120004856 : 	0	0	0	6	34	
1120505592 : 	0	0	0	6	7	
1121005652 : 	0	0	0	6	16	
1121505452 : 	0	0	0	6	25	
1122005672 : 	0	0	0	6	34	
1122505300 : 	0	0	0	6	7	
1123506600 : 	0	0	0	6	25	
1124003944 : 	0	0	0	6	34	
1124505948 : 	0	0	0	6	7	
1125004216 : 	0	0	0	6	16	
1125504108 : 	0	0	0	6	25	
1126006624 : 	0	0	0	6	34	
1126504556 : 	0	0	0	6	7	
1127504324 : 	0	0	0	6	25	
1128004888 : 	0	0	0	6	34	
1128504940 : 	0	0	0	6	7	
1129006108 : 	0	0	0	6	16	
1129506072 : 	0	0	0	6	25	
1130005020 : 	0	0	0	6	34	
1130505928 : 	0	0	0	6	7	
1131006576 : 	0	0	0	6	16	
1131507908 : 	0	0	0	6	25	
1132506656 : 	0	0	0	6	7	
1133006712 : 	0	0	0	6	16	
1133504980 : 	0	0	0	6	25	
1134004780 : 	0	0	0	6	34	
1134506032 : 	0	0	0	6	7	
1135006592 : 	0	0	0	6	16	
1135506484 : 	0	0	0	6	25	
1136505824 : 	0	0	0	6	7	
1137006980 : 	0	0	0	6	16	
1137507716 : 	0	0	0	6	25	
1138005144 : 	0	0	0	6	34	
1138507232 : 	0	0	0	6	7	
1139005756 : 	0	0	0	6	16	
1139505984 : 	0	0	0	6	25	
1140005612 : 	0	0	0	6	34	
1140505496 : 	0	0	0	6	7	
1141005720 : 	0	0	0	6	16	
1141507988 : 	0	0	0	6	25	
1142007192 : 	0	0	0	6	34	
1142507416 : 	0	0	0	6	7	
1143007984 : 	0	0	0	6	16	
1143507108 : 	0	0	0	6	25	
1144007072 : 	0	0	0	6	34	
1144505852 : 	0	0	0	6	7	
1145508256 : 	0	0	0	6	25	
1146005848 : 	0	0	0	6	34	
1146508284 : 	0	0	0	6	7	
1147006892 : 	0	0	0	6	16	
1147506948 : 	0	0	0	6	25	
1148007432 : 	0	0	0	6	34	
1148508588 : 	0	0	0	6	7	
1149008728 : 	0	0	0	6	16	
1150007816 : 	0	0	0	6	34	
1150508296 : 	0	0	0	6	7	
1151007160 : 	0	0	0	6	16	
1151508500 : 	0	0	0	6	25	
1152008380 : 	0	0	0	6	34	
1152506992 : 	0	0	0	6	7	
1153008488 : 	0	0	0	6	16	
1154008256 : 	0	0	0	6	34	
1154509416 : 	0	0	0	6	7	
1155007092 : 	0	0	0	6	16	
1155508592 : 	0	0	0	6	25	
1156007544 : 	0	0	0	6	34	
1156508448 : 	0	0	0	6	7	
1157009012 : 	0	0	0	6	16	
1158007168 : 	0	0	0	6	34	
1158506968 : 	0	0	0	6	7	
1159007616 : 	0	0	0	6	16	
1159506824 : 	0	0	0	6	25	
1160007132 : 	0	0	0	6	34	
1160509144 : 	0	0	0	6	7	
1161006228 : 	0	0	0	6	16	
1161507552 : 	0	0	0	6	25	
1163009332 : 	0	0	0	6	16	
1163508884 : 	0	0	0	6	25	
1164009444 : 	0	0	0	6	34	
1164508732 : 	0	0	0	6	7	
1165009212 : 	0	0	0	6	16	
1165509608 : 	0	0	0	6	25	
1166508444 : 	0	0	0	6	7	
1167008928 : 	0	0	0	6	16	
1167509580 : 	0	0	0	6	25	
1168010312 : 	0	0	0	6	34	
1168509680 : 	0	0	0	6	7	
1169009992 : 	0	0	0	6	16	
1169510304 : 	0	0	0	6	25	
1170007892 : 	0	0	0	6	34	
1170509308 : 	0	0	0	6	7	
1171008172 : 	0	0	0	6	16	
1171511200 : 	0	0	0	6	25	
1172010324 : 	0	0	0	6	34	
1172510632 : 	0	0	0	6	7	
1173010944 : 	0	0	0	6	16	
1173508532 : 	0	0	0	6	25	
1174010972 : 	0	0	0	6	34	
1174509752 : 	0	0	0	6	7	
1175010488 : 	0	0	0	6	16	
1175509856 : 	0	0	0	6	25	
1176009748 : 	0	0	0	6	34	
1176510816 : 	0	0	0	6	7	
1177010196 : 	0	0	0	6	16	
1177509484 : 	0	0	0	6	25	
1178009536 : 	0	0	0	6	34	
1178510784 : 	0	0	0	6	7	
1179009476 : 	0	0	0	6	16	
1179509700 : 	0	0	0	6	25	
1180010352 : 	0	0	0	6	34	
1180510068 : 	0	0	0	6	7	
1181011652 : 	0	0	0	6	16	
1181509072 : 	0	0	0	6	25	
1182009636 : 	0	0	0	6	34	
1183512436 : 	0	0	0	6	25	
1184012152 : 	0	0	0	6	34	
1184509828 : 	0	0	0	6	7	
1185011412 : 	0	0	0	6	16	
1185512060 : 	0	0	0	6	25	
1186009232 : 	0	0	0	6	34	
1186511492 : 	0	0	0	6	7	
1187509988 : 	0	0	0	6	25	
1188009360 : 	0	0	0	6	34	
1190513972 : 	0	0	0	6	7	
1192009632 : 	0	0	0	6	34	
1193509884 : 	0	0	0	6	25	
1206011680 : 	0	0	0	6	34	
1211011468 : 	0	0	0	6	16	
1211512116 : 	0	0	0	6	25	
1213011516 : 	0	0	0	6	16	
1214511180 : 	0	0	0	6	7	
1215011568 : 	0	0	0	6	16	
1215511964 : 	0	0	0	6	25	
1216012100 : 	0	0	0	6	34	
1216511904 : 	0	0	0	6	7	
1217013148 : 	0	0	0	6	16	
1218011644 : 	0	0	0	6	34	
1219011924 : 	0	0	0	6	16	
1220011776 : 	0	0	0	6	34	
1220512344 : 	0	0	0	6	7	
1221012228 : 	0	0	0	6	16	
1221513392 : 	0	0	0	6	25	
1222012760 : 	0	0	0	6	34	
1222513156 : 	0	0	0	6	7	
1224013068 : 	0	0	0	6	34	
1224511420 : 	0	0	0	6	7	
1225013352 : 	0	0	0	6	16	
1226012608 : 	0	0	0	6	34	
1226512664 : 	0	0	0	6	7	
1227013652 : 	0	0	0	6	16	
1227512772 : 	0	0	0	6	25	
1228012404 : 	0	0	0	6	34	
1228513988 : 	0	0	0	6	7	
1229012596 : 	0	0	0	6	16	
1229512992 : 	0	0	0	6	25	
1230512932 : 	0	0	0	6	7	
1231013752 : 	0	0	0	6	16	
1232013096 : 	0	0	0	6	34	
1232515024 : 	0	0	0	6	7	
1233012872 : 	0	0	0	6	16	
1233515304 : 	0	0	0	6	25	
1234514476 : 	0	0	0	6	7	
1235012492 : 	0	0	0	6	16	
1235514672 : 	0	0	0	6	25	
1236012264 : 	0	0	0	6	34	
1236513852 : 	0	0	0	6	7	
1237012712 : 	0	0	0	6	16	
1237515232 : 	0	0	0	6	25	
1238513388 : 	0	0	0	6	7	
1239012336 : 	0	0	0	6	16	
1239513584 : 	0	0	0	6	25	
1240013212 : 	0	0	0	6	34	
1240512592 : 	0	0	0	6	7	
1241014680 : 	0	0	0	6	16	
1241513464 : 	0	0	0	6	25	
1243013712 : 	0	0	0	6	16	
1243515128 : 	0	0	0	6	25	
1244014164 : 	0	0	0	6	34	
1244515152 : 	0	0	0	6	7	
1245014444 : 	0	0	0	6	16	
1245514072 : 	0	0	0	6	25	
1246014212 : 	0	0	0	6	34	
1247014072 : 	0	0	0	6	16	
1247515144 : 	0	0	0	6	25	
1248014604 : 	0	0	0	6	34	
1248514828 : 	0	0	0	6	7	
1249013352 : 	0	0	0	6	16	
1249514936 : 	0	0	0	6	25	
1250014056 : 	0	0	0	6	34	
1251014508 : 	0	0	0	6	16	
1251515416 : 	0	0	0	6	25	
1252015220 : 	0	0	0	6	34	
1252515352 : 	0	0	0	6	7	
1253014648 : 	0	0	0	6	16	
1253515300 : 	0	0	0	6	25	
1254014496 : 	0	0	0	6	34	
1254514552 : 	0	0	0	6	7	
1255514748 : 	0	0	0	6	25	
1256014976 : 	0	0	0	6	34	
1256514092 : 	0	0	0	6	7	
1257015344 : 	0	0	0	6	16	
1257515648 : 	0	0	0	6	25	
1258014772 : 	0	0	0	6	34	
1258515592 : 	0	0	0	6	7	
1259015224 : 	0	0	0	6	16	
1259515104 : 	0	0	0	6	25	
1260015672 : 	0	0	0	6	34	
1260515724 : 	0	0	0	6	7	
1261015104 : 	0	0	0	6	16	
1261515492 : 	0	0	0	6	25	
1262014696 : 	0	0	0	6	34	
1262516620 : 	0	0	0	6	7	
1263514436 : 	0	0	0	6	25	
1264016024 : 	0	0	0	6	34	
1264515736 : 	0	0	0	6	7	
1265016472 : 	0	0	0	6	16	
1265514912 : 	0	0	0	6	25	
1266015816 : 	0	0	0	6	34	
1266516636 : 	0	0	0	6	7	
1267516748 : 	0	0	0	6	25	
1268016212 : 	0	0	0	6	34	
1268516600 : 	0	0	0	6	7	
1269015212 : 	0	0	0	6	16	
1269516880 : 	0	0	0	6	25	
1270015492 : 	0	0	0	6	34	
1270517756 : 	0	0	0	6	7	
1271015772 : 	0	0	0	6	16	
1271514976 : 	0	0	0	6	25	
1272015288 : 	0	0	0	6	34	
1272517644 : 	0	0	0	6	7	
1273017776 : 	0	0	0	6	16	
1273517072 : 	0	0	0	6	25	
1274015252 : 	0	0	0	6	34	
1274518628 : 	0	0	0	6	7	
1275017656 : 	0	0	0	6	16	
1276018024 : 	0	0	0	6	34	
1276517820 : 	0	0	0	6	7	
1277018556 : 	0	0	0	6	16	
1277517764 : 	0	0	0	6	25	
1278015692 : 	0	0	0	6	34	
1278517024 : 	0	0	0	6	7	
1279016996 : 	0	0	0	6	16	
1279516796 : 	0	0	0	6	25	
1280516648 : 	0	0	0	6	7	
1281016532 : 	0	0	0	6	16	
1281516756 : 	0	0	0	6	25	
1282017916 : 	0	0	0	6	34	
1282518396 : 	0	0	0	6	7	
1283017176 : 	0	0	0	6	16	
1283518676 : 	0	0	0	6	25	
1284017796 : 	0	0	0	6	34	
1284517512 : 	0	0	0	6	7	
1285019012 : 	0	0	0	6	16	
1285518640 : 	0	0	0	6	25	
1286017932 : 	0	0	0	6	34	
1286518584 : 	0	0	0	6	7	
1287017448 : 	0	0	0	6	16	
1287518948 : 	0	0	0	6	25	
1288017472 : 	0	0	0	6	34	
1289018092 : 	0	0	0	6	16	
1289518572 : 	0	0	0	6	25	
1290018712 : 	0	0	0	6	34	
1290518088 : 	0	0	0	6	7	
1291019076 : 	0	0	0	6	16	
1291516920 : 	0	0	0	6	25	
1292019188 : 	0	0	0	6	34	
1293519180 : 	0	0	0	6	25	
1294019492 : 	0	0	0	6	34	
1295019012 : 	0	0	0	6	16	
1296017756 : 	0	0	0	6	34	
1296519428 : 	0	0	0	6	7	
1297020000 : 	0	0	0	6	16	
1299019876 : 	0	0	0	6	16	
1299518820 : 	0	0	0	6	25	
1300020152 : 	0	0	0	6	34	
1300518848 : 	0	0	0	6	7	
1301020516 : 	0	0	0	6	16	
1302019776 : 	0	0	0	6	34	
1302520512 : 	0	0	0	6	7	
1303020396 : 	0	0	0	6	16	
1303520028 : 	0	0	0	6	25	
1304019488 : 	0	0	0	6	34	
1305019852 : 	0	0	0	6	16	
1305521012 : 	0	0	0	6	25	
1306020904 : 	0	0	0	6	34	
1306519848 : 	0	0	0	6	7	
1307019648 : 	0	0	0	6	16	
1308021456 : 	0	0	0	6	34	
1308519216 : 	0	0	0	6	7	
1309019784 : 	0	0	0	6	16	
1310020488 : 	0	0	0	6	34	
1311021532 : 	0	0	0	6	16	
1311520828 : 	0	0	0	6	25	
1312020964 : 	0	0	0	6	34	
1312520676 : 	0	0	0	6	7	
1313020992 : 	0	0	0	6	16	
1314020840 : 	0	0	0	6	34	
1315521008 : 	0	0	0	6	25	
1316020976 : 	0	0	0	6	34	
1316521204 : 	0	0	0	6	7	
1317020664 : 	0	0	0	6	16	
1318020184 : 	0	0	0	6	34	
1319022920 : 	0	0	0	6	16	
1320022352 : 	0	0	0	6	34	
1320520800 : 	0	0	0	6	7	
1321021696 : 	0	0	0	6	16	
1321521072 : 	0	0	0	6	25	
1322023592 : 	0	0	0	6	34	
1322521436 : 	0	0	0	6	7	
1323023616 : 	0	0	0	6	16	
1325022564 : 	0	0	0	6	16	
1325521684 : 	0	0	0	6	25	
1326023700 : 	0	0	0	6	34	
1327024056 : 	0	0	0	6	16	
1329022916 : 	0	0	0	6	16	
1334020576 : 	0	0	0	6	34	
1337521728 : 	0	0	0	6	25	
1340026676 : 	0	0	0	6	34	
1343021824 : 	0	0	0	6	16	
1344022704 : 	0	0	0	6	34	
1347522232 : 	0	0	0	6	25	
1349022828 : 	0	0	0	6	16	
1350023016 : 	0	0	0	6	34	
1352022556 : 	0	0	0	6	34	
1353024028 : 	0	0	0	6	16	
1355023908 : 	0	0	0	6	16	
1356023940 : 	0	0	0	6	34	
1357023956 : 	0	0	0	6	16	
1358024408 : 	0	0	0	6	34	
1359030304 : 	0	0	0	6	16	
1360022928 : 	0	0	0	6	34	
1361050576 : 	0	0	0	6	16	
1369024144 : 	0	0	0	6	7	
1369525880 : 	0	0	0	6	16	
1370027804 : 	0	0	0	6	25	
1370526500 : 	0	0	0	6	34	
1371026640 : 	0	0	0	6	7	
1372028108 : 	0	0	0	6	25	
1372527744 : 	0	0	0	6	34	
1373026772 : 	0	0	0	6	7	
1373528108 : 	0	0	0	6	16	
1374025784 : 	0	0	0	6	25	
1374526088 : 	0	0	0	6	34	
1375026824 : 	0	0	0	6	7	
1376025912 : 	0	0	0	6	25	
1376527504 : 	0	0	0	6	34	
1377027892 : 	0	0	0	6	7	
1377528544 : 	0	0	0	6	16	
1378028004 : 	0	0	0	6	25	
1378528484 : 	0	0	0	6	34	
1379029304 : 	0	0	0	6	7	
1379527912 : 	0	0	0	6	16	
1380026096 : 	0	0	0	6	25	
1380526492 : 	0	0	0	6	34	
1381027060 : 	0	0	0	6	7	
1381526772 : 	0	0	0	6	16	
1382028104 : 	0	0	0	6	25	
1382527224 : 	0	0	0	6	34	
1383027796 : 	0	0	0	6	7	
1383527076 : 	0	0	0	6	16	
1384528804 : 	0	0	0	6	34	
1385027840 : 	0	0	0	6	7	
1385529168 : 	0	0	0	6	16	
1386029308 : 	0	0	0	6	25	
1386526736 : 	0	0	0	6	34	
1387027556 : 	0	0	0	6	7	
1387525904 : 	0	0	0	6	16	
1388028848 : 	0	0	0	6	25	
1388528392 : 	0	0	0	6	34	
1389029128 : 	0	0	0	6	7	
1389528332 : 	0	0	0	6	16	
1390028388 : 	0	0	0	6	25	
1390528700 : 	0	0	0	6	34	
1391028248 : 	0	0	0	6	7	
1391530764 : 	0	0	0	6	16	
1392028440 : 	0	0	0	6	25	
1393529368 : 	0	0	0	6	16	
1394529224 : 	0	0	0	6	34	
1395029364 : 	0	0	0	6	7	
1395528828 : 	0	0	0	6	16	
1396531568 : 	0	0	0	6	34	
1397028392 : 	0	0	0	6	7	
1397529644 : 	0	0	0	6	16	
1398029524 : 	0	0	0	6	25	
1398528728 : 	0	0	0	6	34	
1399029208 : 	0	0	0	6	7	
1399528328 : 	0	0	0	6	16	
1400028808 : 	0	0	0	6	25	
1400531244 : 	0	0	0	6	34	
1402030140 : 	0	0	0	6	25	
1402531632 : 	0	0	0	6	34	
1403532592 : 	0	0	0	6	16	
1404029000 : 	0	0	0	6	25	
1404530240 : 	0	0	0	6	34	
1405032672 : 	0	0	0	6	7	
1405532224 : 	0	0	0	6	16	
1406532328 : 	0	0	0	6	34	
1407530740 : 	0	0	0	6	16	
1408032324 : 	0	0	0	6	25	
1408531536 : 	0	0	0	6	34	
1409532320 : 	0	0	0	6	16	
1410531324 : 	0	0	0	6	34	
1411032736 : 	0	0	0	6	7	
1411532884 : 	0	0	0	6	16	
1412532820 : 	0	0	0	6	34	
1413532420 : 	0	0	0	6	16	
1414032132 : 	0	0	0	6	25	
1414531508 : 	0	0	0	6	34	
1415532728 : 	0	0	0	6	16	
1416531900 : 	0	0	0	6	34	
1417033144 : 	0	0	0	6	7	
1417532604 : 	0	0	0	6	16	
1418033000 : 	0	0	0	6	25	
1418535264 : 	0	0	0	6	34	
1419033280 : 	0	0	0	6	7	
1419531384 : 	0	0	0	6	16	
1420034664 : 	0	0	0	6	25	
1421033924 : 	0	0	0	6	7	
1423036012 : 	0	0	0	6	7	
1427035604 : 	0	0	0	6	7	
1427545856 : 	0	0	0	6	16	
1428046424 : 	0	0	0	6	25	
1428545796 : 	0	0	0	6	34	
1429046704 : 	0	0	0	6	7	
1429536984 : 	0	0	0	6	16	
1430530040 : 	0	0	0	6	34	
1431030432 : 	0	0	0	6	7	
1431531168 : 	0	0	0	6	16	
1432037436 : 	0	0	0	6	25	
1432530172 : 	0	0	0	6	34	
1433545412 : 	0	0	0	6	16	
1434030508 : 	0	0	0	6	25	
1434535832 : 	0	0	0	6	34	
1436038300 : 	0	0	0	6	25	
1438037492 : 	0	0	0	6	25	
1439031228 : 	0	0	0	6	7	
1440038224 : 	0	0	0	6	25	
1441030940 : 	0	0	0	6	7	
1441547404 : 	0	0	0	6	16	
1442531700 : 	0	0	0	6	34	
1443031412 : 	0	0	0	6	7	
1444047332 : 	0	0	0	6	25	
1444538632 : 	0	0	0	6	34	
1445530676 : 	0	0	0	6	16	
1449031052 : 	0	0	0	6	7	
1449568508 : 	0	0	0	6	16	
1450533088 : 	0	0	0	6	34	
1451532092 : 	0	0	0	6	16	
1452531608 : 	0	0	0	6	34	
1453533416 : 	0	0	0	6	16	
1454548828 : 	0	0	0	6	34	
1455532448 : 	0	0	0	6	16	
1456032504 : 	0	0	0	6	25	
1457532584 : 	0	0	0	6	16	
1458117468 : 	0	0	0	6	25	
1458548332 : 	0	0	0	6	34	
1459059100 : 	0	0	0	6	7	
1459534000 : 	0	0	0	6	16	
1460032524 : 	0	0	0	6	25	
1460532828 : 	0	0	0	6	34	
1461533708 : 	0	0	0	6	16	
1462032228 : 	0	0	0	6	25	
1462598500 : 	0	0	0	6	34	
1463034896 : 	0	0	0	6	7	
1463558912 : 	0	0	0	6	16	
1464034064 : 	0	0	0	6	25	
1464533352 : 	0	0	0	6	34	
1465035704 : 	0	0	0	6	7	
1466034624 : 	0	0	0	6	25	
1466534252 : 	0	0	0	6	34	
1467035328 : 	0	0	0	6	7	
1467535476 : 	0	0	0	6	16	
1468034844 : 	0	0	0	6	25	
1468535664 : 	0	0	0	6	34	
1469034868 : 	0	0	0	6	7	
1470533420 : 	0	0	0	6	34	
1471035684 : 	0	0	0	6	7	
1471534632 : 	0	0	0	6	16	
1472033584 : 	0	0	0	6	25	
1472534148 : 	0	0	0	6	34	
1473035052 : 	0	0	0	6	7	
1473534768 : 	0	0	0	6	16	
1475035020 : 	0	0	0	6	7	
1475534392 : 	0	0	0	6	16	
1476034364 : 	0	0	0	6	25	
1476534164 : 	0	0	0	6	34	
1477034388 : 	0	0	0	6	7	
1477534612 : 	0	0	0	6	16	
1478034840 : 	0	0	0	6	25	
1478535240 : 	0	0	0	6	34	
1479536364 : 	0	0	0	6	16	
1480034972 : 	0	0	0	6	25	
1480534432 : 	0	0	0	6	34	
1481034920 : 	0	0	0	6	7	
1481535224 : 	0	0	0	6	16	
1482035616 : 	0	0	0	6	25	
1482535164 : 	0	0	0	6	34	
1483534848 : 	0	0	0	6	16	
1486120920 : 	0	0	0	6	7	
1487629644 : 	0	0	0	6	34	
1488158864 : 	0	0	0	6	7	
1489628344 : 	0	0	0	6	34	
2259860580 : 	0	0	0	6	7	
2260363820 : 	0	0	0	6	16	
2261361380 : 	0	0	0	6	34	
2261862548 : 	0	0	0	6	7	
2262362340 : 	0	0	0	6	16	
2262862480 : 	0	0	0	6	25	
2263361608 : 	0	0	0	6	34	
2263862344 : 	0	0	0	6	7	
2264362056 : 	0	0	0	6	16	
2264862448 : 	0	0	0	6	25	
2265363436 : 	0	0	0	6	34	
2266362100 : 	0	0	0	6	16	
2266861816 : 	0	0	0	6	25	
2267362552 : 	0	0	0	6	34	
2267862268 : 	0	0	0	6	7	
2268363940 : 	0	0	0	6	16	
2268864248 : 	0	0	0	6	25	
2269364896 : 	0	0	0	6	34	
2269861804 : 	0	0	0	6	7	
2270361784 : 	0	0	0	6	16	
2270863536 : 	0	0	0	6	25	
2271362232 : 	0	0	0	6	34	
2272861292 : 	0	0	0	6	25	
2273364912 : 	0	0	0	6	34	
2276360232 : 	0	0	0	6	16	
2276861216 : 	0	0	0	6	25	
2277360504 : 	0	0	0	6	34	
2279861296 : 	0	0	0	6	7	
2280361260 : 	0	0	0	6	16	
2280860552 : 	0	0	0	6	25	
2282861452 : 	0	0	0	6	25	
2284861756 : 	0	0	0	6	25	
2285360620 : 	0	0	0	6	34	
2286360652 : 	0	0	0	6	16	
2286860784 : 	0	0	0	6	25	
2287361268 : 	0	0	0	6	34	
2288360016 : 	0	0	0	6	16	
2289361068 : 	0	0	0	6	34	
2289860784 : 	0	0	0	6	7	
2290361256 : 	0	0	0	6	16	
2291361968 : 	0	0	0	6	34	
2292361312 : 	0	0	0	6	16	
2292860008 : 	0	0	0	6	25	
2293361416 : 	0	0	0	6	34	
2294362800 : 	0	0	0	6	16	
2295861692 : 	0	0	0	6	7	
2296361236 : 	0	0	0	6	16	
2296861460 : 	0	0	0	6	25	
2297360328 : 	0	0	0	6	34	
2297862932 : 	0	0	0	6	7	
2298361888 : 	0	0	0	6	16	
2298863128 : 	0	0	0	6	25	
2299861116 : 	0	0	0	6	7	
2300861900 : 	0	0	0	6	25	
2301363236 : 	0	0	0	6	34	
2301862268 : 	0	0	0	6	7	
2302361300 : 	0	0	0	6	16	
2302861448 : 	0	0	0	6	25	
2303360308 : 	0	0	0	6	34	
2304362116 : 	0	0	0	6	16	
2304862680 : 	0	0	0	6	25	
2305862960 : 	0	0	0	6	7	
2306360636 : 	0	0	0	6	16	
2307361680 : 	0	0	0	6	34	
2307859864 : 	0	0	0	6	7	
2308361452 : 	0	0	0	6	16	
2309362844 : 	0	0	0	6	34	
2309862212 : 	0	0	0	6	7	
2310363796 : 	0	0	0	6	16	
2310862320 : 	0	0	0	6	25	
2311361272 : 	0	0	0	6	34	
2311861332 : 	0	0	0	6	7	
2312363172 : 	0	0	0	6	16	
2313860016 : 	0	0	0	6	7	
2314363812 : 	0	0	0	6	16	
2315362052 : 	0	0	0	6	34	
2316363436 : 	0	0	0	6	16	
2316862216 : 	0	0	0	6	25	
2317364232 : 	0	0	0	6	34	
2317861816 : 	0	0	0	6	7	
2318363912 : 	0	0	0	6	16	
2318861160 : 	0	0	0	6	25	
2319363424 : 	0	0	0	6	34	
2320363024 : 	0	0	0	6	16	
2320861216 : 	0	0	0	6	25	
2321360932 : 	0	0	0	6	34	
2321861916 : 	0	0	0	6	7	
2323363956 : 	0	0	0	6	34	
2324362616 : 	0	0	0	6	16	
2325362216 : 	0	0	0	6	34	
2325860492 : 	0	0	0	6	7	
2326361476 : 	0	0	0	6	16	
2327364220 : 	0	0	0	6	34	
2327861216 : 	0	0	0	6	7	
2328364244 : 	0	0	0	6	16	
2329364016 : 	0	0	0	6	34	
2330361660 : 	0	0	0	6	16	
2332364432 : 	0	0	0	6	16	
2333361568 : 	0	0	0	6	34	
2333861620 : 	0	0	0	6	7	
2334361336 : 	0	0	0	6	16	
2334860964 : 	0	0	0	6	25	
2335861416 : 	0	0	0	6	7	
2336362236 : 	0	0	0	6	16	
2337362516 : 	0	0	0	6	34	
2338364504 : 	0	0	0	6	16	
2338861492 : 	0	0	0	6	25	
2339363672 : 	0	0	0	6	34	
2341362276 : 	0	0	0	6	34	
2342362896 : 	0	0	0	6	16	
2343363516 : 	0	0	0	6	34	
2343863572 : 	0	0	0	6	7	
2344362104 : 	0	0	0	6	16	
2345362468 : 	0	0	0	6	34	
2346363676 : 	0	0	0	6	16	
2347365060 : 	0	0	0	6	34	
2348362796 : 	0	0	0	6	16	
2349363920 : 	0	0	0	6	34	
2349863048 : 	0	0	0	6	7	
2350361480 : 	0	0	0	6	16	
2350861620 : 	0	0	0	6	25	
2351362612 : 	0	0	0	6	34	
2351862752 : 	0	0	0	6	7	
2352361624 : 	0	0	0	6	16	
2352864476 : 	0	0	0	6	25	
2353362236 : 	0	0	0	6	34	
2354363112 : 	0	0	0	6	16	
2354862996 : 	0	0	0	6	25	
2355361520 : 	0	0	0	6	34	
2355863360 : 	0	0	0	6	7	
2356362140 : 	0	0	0	6	16	
2356863472 : 	0	0	0	6	25	
2357365652 : 	0	0	0	6	34	
2357862220 : 	0	0	0	6	7	
2358362444 : 	0	0	0	6	16	
2358863608 : 	0	0	0	6	25	
2359364256 : 	0	0	0	6	34	
2359863888 : 	0	0	0	6	7	
2360363516 : 	0	0	0	6	16	
2360864676 : 	0	0	0	6	25	
2361363200 : 	0	0	0	6	34	
2361866232 : 	0	0	0	6	7	
2362364584 : 	0	0	0	6	16	
2362865320 : 	0	0	0	6	25	
2363364780 : 	0	0	0	6	34	
2363862964 : 	0	0	0	6	7	
2364362940 : 	0	0	0	6	16	
2364865372 : 	0	0	0	6	25	
2365364576 : 	0	0	0	6	34	
2365863024 : 	0	0	0	6	7	
2366364516 : 	0	0	0	6	16	
2366863296 : 	0	0	0	6	25	
2367364372 : 	0	0	0	6	34	
2367865616 : 	0	0	0	6	7	
2368364656 : 	0	0	0	6	16	
2368863856 : 	0	0	0	6	25	
2369363740 : 	0	0	0	6	34	
2369864476 : 	0	0	0	6	7	
2370363516 : 	0	0	0	6	16	
2370866628 : 	0	0	0	6	25	
2371365064 : 	0	0	0	6	34	
2371862996 : 	0	0	0	6	7	
2372366372 : 	0	0	0	6	16	
2372865656 : 	0	0	0	6	25	
2373364604 : 	0	0	0	6	34	
2373865604 : 	0	0	0	6	7	
2374364548 : 	0	0	0	6	16	
2374865792 : 	0	0	0	6	25	
2375365168 : 	0	0	0	6	34	
2375863692 : 	0	0	0	6	7	
2376363320 : 	0	0	0	6	16	
2376867200 : 	0	0	0	6	25	
2377363772 : 	0	0	0	6	34	
2377866208 : 	0	0	0	6	7	
2378364136 : 	0	0	0	6	16	
2378864192 : 	0	0	0	6	25	
2379362884 : 	0	0	0	6	34	
2379866680 : 	0	0	0	6	7	
2380364272 : 	0	0	0	6	16	
2380865092 : 	0	0	0	6	25	
2381366252 : 	0	0	0	6	34	
2381866304 : 	0	0	0	6	7	
2382365936 : 	0	0	0	6	16	
2382866508 : 	0	0	0	6	25	
2383364856 : 	0	0	0	6	34	
2383867292 : 	0	0	0	6	7	
2384367432 : 	0	0	0	6	16	
2385366264 : 	0	0	0	6	34	
2385866236 : 	0	0	0	6	7	
2386363492 : 	0	0	0	6	16	
2386864984 : 	0	0	0	6	25	
2387367592 : 	0	0	0	6	34	
2387864764 : 	0	0	0	6	7	
2388365832 : 	0	0	0	6	16	
2388866064 : 	0	0	0	6	25	
2389365176 : 	0	0	0	6	34	
2389866596 : 	0	0	0	6	7	
2390367072 : 	0	0	0	6	16	
2390866872 : 	0	0	0	6	25	
2391364724 : 	0	0	0	6	34	
2391865456 : 	0	0	0	6	7	
2392365844 : 	0	0	0	6	16	
2392864540 : 	0	0	0	6	25	
2393367828 : 	0	0	0	6	34	
2394365132 : 	0	0	0	6	16	
2394868584 : 	0	0	0	6	25	
2395365324 : 	0	0	0	6	34	
2395866996 : 	0	0	0	6	7	
2396366284 : 	0	0	0	6	16	
2396866852 : 	0	0	0	6	25	
2397366564 : 	0	0	0	6	34	
2397867896 : 	0	0	0	6	7	
2398366676 : 	0	0	0	6	16	
2399368656 : 	0	0	0	6	34	
2399866500 : 	0	0	0	6	7	
2400367752 : 	0	0	0	6	16	
2401862980 : 	0	0	0	6	7	
2403363232 : 	0	0	0	6	34	
2404363348 : 	0	0	0	6	16	
2405363028 : 	0	0	0	6	34	
2405863420 : 	0	0	0	6	7	
2407862792 : 	0	0	0	6	7	
2409862756 : 	0	0	0	6	7	
2411363856 : 	0	0	0	6	34	
2415864436 : 	0	0	0	6	7	
2416363728 : 	0	0	0	6	16	
2416862848 : 	0	0	0	6	25	
2417864832 : 	0	0	0	6	7	
2419864712 : 	0	0	0	6	7	
2420363912 : 	0	0	0	6	16	
2420864900 : 	0	0	0	6	25	
2424866020 : 	0	0	0	6	25	
2425365992 : 	0	0	0	6	34	
2425863332 : 	0	0	0	6	7	
2427366040 : 	0	0	0	6	34	
2428366152 : 	0	0	0	6	16	
2428863996 : 	0	0	0	6	25	
2429364396 : 	0	0	0	6	34	
2429863596 : 	0	0	0	6	7	
2430366456 : 	0	0	0	6	16	
2430864980 : 	0	0	0	6	25	
2431366820 : 	0	0	0	6	34	
2431865864 : 	0	0	0	6	7	
2432364468 : 	0	0	0	6	16	
2432865032 : 	0	0	0	6	25	
2433366448 : 	0	0	0	6	34	
2433865480 : 	0	0	0	6	7	
2434367584 : 	0	0	0	6	16	
2434866016 : 	0	0	0	6	25	
2435365816 : 	0	0	0	6	34	
2435865708 : 	0	0	0	6	7	
2436365248 : 	0	0	0	6	16	
2436864116 : 	0	0	0	6	25	
2437866004 : 	0	0	0	6	7	
2438366656 : 	0	0	0	6	16	
2438866712 : 	0	0	0	6	25	
2439366340 : 	0	0	0	6	34	
2439866652 : 	0	0	0	6	7	
2440365600 : 	0	0	0	6	16	
2440864212 : 	0	0	0	6	25	
2441366652 : 	0	0	0	6	34	
2441865768 : 	0	0	0	6	7	
2442366248 : 	0	0	0	6	16	
2442867576 : 	0	0	0	6	25	
2443365080 : 	0	0	0	6	34	
2443864032 : 	0	0	0	6	7	
2444366124 : 	0	0	0	6	16	
2444866860 : 	0	0	0	6	25	
2445867148 : 	0	0	0	6	7	
2446366516 : 	0	0	0	6	16	
2446865892 : 	0	0	0	6	25	
2447365860 : 	0	0	0	6	34	
2447866596 : 	0	0	0	6	7	
2448365376 : 	0	0	0	6	16	
2448867476 : 	0	0	0	6	25	
2449866824 : 	0	0	0	6	7	
2450367128 : 	0	0	0	6	16	
2450867608 : 	0	0	0	6	25	
2451368008 : 	0	0	0	6	34	
2451866868 : 	0	0	0	6	7	
2452367856 : 	0	0	0	6	16	
2452868172 : 	0	0	0	6	25	
2453366352 : 	0	0	0	6	34	
2453865896 : 	0	0	0	6	7	
2454365868 : 	0	0	0	6	16	
2454867876 : 	0	0	0	6	25	
2455365976 : 	0	0	0	6	34	
2455867732 : 	0	0	0	6	7	
2456368216 : 	0	0	0	6	16	
2456865292 : 	0	0	0	6	25	
2457368068 : 	0	0	0	6	34	
2457866080 : 	0	0	0	6	7	
2458365796 : 	0	0	0	6	16	
2458867976 : 	0	0	0	6	25	
2459365904 : 	0	0	0	6	34	
2459866048 : 	0	0	0	6	7	
2460367716 : 	0	0	0	6	16	
2460867608 : 	0	0	0	6	25	
2461367828 : 	0	0	0	6	34	
2462366576 : 	0	0	0	6	16	
2463368048 : 	0	0	0	6	34	
2464369004 : 	0	0	0	6	16	
2464866680 : 	0	0	0	6	25	
2465366820 : 	0	0	0	6	34	
2465866280 : 	0	0	0	6	7	
2467866500 : 	0	0	0	6	7	
2468368432 : 	0	0	0	6	16	
2468866952 : 	0	0	0	6	25	
2470367292 : 	0	0	0	6	16	
2470868360 : 	0	0	0	6	25	
2471867112 : 	0	0	0	6	7	
2472368276 : 	0	0	0	6	16	
2472867136 : 	0	0	0	6	25	
2473367276 : 	0	0	0	6	34	
2474367300 : 	0	0	0	6	16	
2474867440 : 	0	0	0	6	25	
2478867548 : 	0	0	0	6	25	
2479368368 : 	0	0	0	6	34	
2480367536 : 	0	0	0	6	16	
2480867676 : 	0	0	0	6	25	
2483367696 : 	0	0	0	6	34	
2485367492 : 	0	0	0	6	34	
2488867620 : 	0	0	0	6	25	
2490867764 : 	0	0	0	6	25	
2491367564 : 	0	0	0	6	34	
2492870184 : 	0	0	0	6	25	
2496870968 : 	0	0	0	6	25	
2497869120 : 	0	0	0	6	7	
2498369260 : 	0	0	0	6	16	
2498869572 : 	0	0	0	6	25	
2499370648 : 	0	0	0	6	34	
2499869172 : 	0	0	0	6	7	
2500369908 : 	0	0	0	6	16	
2500870132 : 	0	0	0	6	25	
2501370272 : 	0	0	0	6	34	
2501868200 : 	0	0	0	6	7	
2502370636 : 	0	0	0	6	16	
2502869584 : 	0	0	0	6	25	
2503370748 : 	0	0	0	6	34	
2503870800 : 	0	0	0	6	7	
2504368228 : 	0	0	0	6	16	
2505369860 : 	0	0	0	6	34	
2505868556 : 	0	0	0	6	7	
2506370148 : 	0	0	0	6	16	
2506868496 : 	0	0	0	6	25	
2507370512 : 	0	0	0	6	34	
2507869540 : 	0	0	0	6	7	
2508370964 : 	0	0	0	6	16	
2508870924 : 	0	0	0	6	25	
2509370896 : 	0	0	0	6	34	
2509870528 : 	0	0	0	6	7	
2510369820 : 	0	0	0	6	16	
2510870976 : 	0	0	0	6	25	
2511370180 : 	0	0	0	6	34	
2511869728 : 	0	0	0	6	7	
2512369100 : 	0	0	0	6	16	
2512869240 : 	0	0	0	6	25	
2513373376 : 	0	0	0	6	34	
2513868848 : 	0	0	0	6	7	
2514368980 : 	0	0	0	6	16	
2514870568 : 	0	0	0	6	25	
2515369600 : 	0	0	0	6	34	
2515869656 : 	0	0	0	6	7	
2516370988 : 	0	0	0	6	16	
2516872324 : 	0	0	0	6	25	
2517370332 : 	0	0	0	6	34	
2518370868 : 	0	0	0	6	16	
2518869476 : 	0	0	0	6	25	
2519370720 : 	0	0	0	6	34	
2519872652 : 	0	0	0	6	7	
2520371088 : 	0	0	0	6	16	
2520870976 : 	0	0	0	6	25	
2521371112 : 	0	0	0	6	34	
2521869892 : 	0	0	0	6	7	
2522870944 : 	0	0	0	6	25	
2523370820 : 	0	0	0	6	34	
2523871472 : 	0	0	0	6	7	
2524371024 : 	0	0	0	6	16	
2524868784 : 	0	0	0	6	25	
2530369976 : 	0	0	0	6	16	
2530869860 : 	0	0	0	6	25	
2534870728 : 	0	0	0	6	25	
2535370696 : 	0	0	0	6	34	
2536370380 : 	0	0	0	6	16	
2536870952 : 	0	0	0	6	25	
2538370688 : 	0	0	0	6	16	
2539370632 : 	0	0	0	6	34	
2539871616 : 	0	0	0	6	7	
2540871216 : 	0	0	0	6	25	
2542371896 : 	0	0	0	6	16	
2542871436 : 	0	0	0	6	25	
2543371916 : 	0	0	0	6	34	
2544371004 : 	0	0	0	6	16	
2544872168 : 	0	0	0	6	25	
2545871680 : 	0	0	0	6	7	
2546370800 : 	0	0	0	6	16	
2546871456 : 	0	0	0	6	25	
2547372192 : 	0	0	0	6	34	
2547871908 : 	0	0	0	6	7	
2548372808 : 	0	0	0	6	16	
2548871672 : 	0	0	0	6	25	
2549873396 : 	0	0	0	6	7	
2550872400 : 	0	0	0	6	25	
2551872604 : 	0	0	0	6	7	
2552373840 : 	0	0	0	6	16	
2553373788 : 	0	0	0	6	34	
2553871548 : 	0	0	0	6	7	
2554872160 : 	0	0	0	6	25	
2555871932 : 	0	0	0	6	7	
2556373516 : 	0	0	0	6	16	
2556873060 : 	0	0	0	6	25	
2557374220 : 	0	0	0	6	34	
2557872660 : 	0	0	0	6	7	
2558374160 : 	0	0	0	6	16	
2558873628 : 	0	0	0	6	25	
2559373676 : 	0	0	0	6	34	
2560374124 : 	0	0	0	6	16	
2560872312 : 	0	0	0	6	25	
2561373640 : 	0	0	0	6	34	
2561873440 : 	0	0	0	6	7	
2562372308 : 	0	0	0	6	16	
2562873892 : 	0	0	0	6	25	
2563373520 : 	0	0	0	6	34	
2563874512 : 	0	0	0	6	7	
2564371848 : 	0	0	0	6	16	
2564874372 : 	0	0	0	6	25	
2565374420 : 	0	0	0	6	34	
2565872520 : 	0	0	0	6	7	
2566373432 : 	0	0	0	6	16	
2566872128 : 	0	0	0	6	25	
2567374640 : 	0	0	0	6	34	
2567872060 : 	0	0	0	6	7	
2568374664 : 	0	0	0	6	16	
2568872172 : 	0	0	0	6	25	
2569372056 : 	0	0	0	6	34	
2569875000 : 	0	0	0	6	7	
2570372676 : 	0	0	0	6	16	
2570872392 : 	0	0	0	6	25	
2571374748 : 	0	0	0	6	34	
2571874116 : 	0	0	0	6	7	
2572373492 : 	0	0	0	6	16	
2572873120 : 	0	0	0	6	25	
2573374876 : 	0	0	0	6	34	
2573872216 : 	0	0	0	6	7	
2574373116 : 	0	0	0	6	16	
2574874020 : 	0	0	0	6	25	
2575373404 : 	0	0	0	6	34	
2575873960 : 	0	0	0	6	7	
2576373676 : 	0	0	0	6	16	
2577373196 : 	0	0	0	6	34	
2577874104 : 	0	0	0	6	7	
2578374236 : 	0	0	0	6	16	
2578873272 : 	0	0	0	6	25	
2579375204 : 	0	0	0	6	34	
2579874572 : 	0	0	0	6	7	
2580373612 : 	0	0	0	6	16	
2580874596 : 	0	0	0	6	25	
2581875216 : 	0	0	0	6	7	
2582375448 : 	0	0	0	6	16	
2582874900 : 	0	0	0	6	25	
2583375464 : 	0	0	0	6	34	
2583872636 : 	0	0	0	6	7	
2584375236 : 	0	0	0	6	16	
2584873844 : 	0	0	0	6	25	
2585375092 : 	0	0	0	6	34	
2585875828 : 	0	0	0	6	7	
2586372564 : 	0	0	0	6	16	
2586873812 : 	0	0	0	6	25	
2587373868 : 	0	0	0	6	34	
2587874260 : 	0	0	0	6	7	
2588374068 : 	0	0	0	6	16	
2588875732 : 	0	0	0	6	25	
2589874316 : 	0	0	0	6	7	
2590372928 : 	0	0	0	6	16	
2590876376 : 	0	0	0	6	25	
2591374136 : 	0	0	0	6	34	
2591876828 : 	0	0	0	6	7	
2592375520 : 	0	0	0	6	16	
2592875236 : 	0	0	0	6	25	
2593376316 : 	0	0	0	6	34	
2593876620 : 	0	0	0	6	7	
2594876484 : 	0	0	0	6	25	
2595375264 : 	0	0	0	6	34	
2595875312 : 	0	0	0	6	7	
2596373920 : 	0	0	0	6	16	
2596876612 : 	0	0	0	6	25	
2597377688 : 	0	0	0	6	34	
2597875700 : 	0	0	0	6	7	
2598375592 : 	0	0	0	6	16	
2598874792 : 	0	0	0	6	25	
2599374508 : 	0	0	0	6	34	
2599877796 : 	0	0	0	6	7	
2600874588 : 	0	0	0	6	25	
2601875036 : 	0	0	0	6	7	
2602374496 : 	0	0	0	6	16	
2602877024 : 	0	0	0	6	25	
2603876368 : 	0	0	0	6	7	
2604877236 : 	0	0	0	6	25	
2605875228 : 	0	0	0	6	7	
2606876520 : 	0	0	0	6	25	
2607875780 : 	0	0	0	6	7	
2608875976 : 	0	0	0	6	25	
2609375436 : 	0	0	0	6	34	
2609877616 : 	0	0	0	6	7	
2610879088 : 	0	0	0	6	25	
2611878092 : 	0	0	0	6	7	
2612878116 : 	0	0	0	6	25	
2613878564 : 	0	0	0	6	7	
2614375392 : 	0	0	0	6	16	
2614876636 : 	0	0	0	6	25	
2615375588 : 	0	0	0	6	34	
2615876320 : 	0	0	0	6	7	
2616377652 : 	0	0	0	6	16	
2616877620 : 	0	0	0	6	25	
2617377164 : 	0	0	0	6	34	
2617878328 : 	0	0	0	6	7	
2618377284 : 	0	0	0	6	16	
2618877672 : 	0	0	0	6	25	
2619376796 : 	0	0	0	6	34	
2620877552 : 	0	0	0	6	25	
2621377012 : 	0	0	0	6	34	
2621877152 : 	0	0	0	6	7	
2622376528 : 	0	0	0	6	16	
2622877176 : 	0	0	0	6	25	
2623376720 : 	0	0	0	6	34	
2623878392 : 	0	0	0	6	7	
2624878160 : 	0	0	0	6	25	
2625377876 : 	0	0	0	6	34	
2625877508 : 	0	0	0	6	7	
2626378412 : 	0	0	0	6	16	
2626877104 : 	0	0	0	6	25	
2627376820 : 	0	0	0	6	34	
2627875516 : 	0	0	0	6	7	
2628376848 : 	0	0	0	6	16	
2628878008 : 	0	0	0	6	25	
2629377552 : 	0	0	0	6	34	
2629878540 : 	0	0	0	6	7	
2630378516 : 	0	0	0	6	16	
2630877296 : 	0	0	0	6	25	
2631376412 : 	0	0	0	6	34	
2631877316 : 	0	0	0	6	7	
2632377376 : 	0	0	0	6	16	
2632878196 : 	0	0	0	6	25	
2633377736 : 	0	0	0	6	34	
2633876940 : 	0	0	0	6	7	
2634376912 : 	0	0	0	6	16	
2634879432 : 	0	0	0	6	25	
2635376936 : 	0	0	0	6	34	
2635878096 : 	0	0	0	6	7	
2636378064 : 	0	0	0	6	16	
2636879564 : 	0	0	0	6	25	
2637879168 : 	0	0	0	6	7	
2638379644 : 	0	0	0	6	16	
2638879700 : 	0	0	0	6	25	
2639377632 : 	0	0	0	6	34	
2639879812 : 	0	0	0	6	7	
2640380376 : 	0	0	0	6	16	
2640877880 : 	0	0	0	6	25	
2641382868 : 	0	0	0	6	34	
2642379068 : 	0	0	0	6	16	
2642880736 : 	0	0	0	6	25	
2643378752 : 	0	0	0	6	34	
2643880420 : 	0	0	0	6	7	
2644379804 : 	0	0	0	6	16	
2644880956 : 	0	0	0	6	25	
2645381096 : 	0	0	0	6	34	
2646379932 : 	0	0	0	6	16	
2647877636 : 	0	0	0	6	7	
2651378100 : 	0	0	0	6	34	
2651878156 : 	0	0	0	6	7	
2656878712 : 	0	0	0	6	25	
2657878988 : 	0	0	0	6	7	
2658378448 : 	0	0	0	6	16	
2658879012 : 	0	0	0	6	25	
2659379064 : 	0	0	0	6	34	
2659879884 : 	0	0	0	6	7	
2661378776 : 	0	0	0	6	34	
2662879536 : 	0	0	0	6	25	
2663378068 : 	0	0	0	6	34	
2663878880 : 	0	0	0	6	7	
2664380636 : 	0	0	0	6	16	
2666379156 : 	0	0	0	6	16	
2666880656 : 	0	0	0	6	25	
2667379868 : 	0	0	0	6	34	
2667880936 : 	0	0	0	6	7	
2668379972 : 	0	0	0	6	16	
2668879092 : 	0	0	0	6	25	
2669378296 : 	0	0	0	6	34	
2669880484 : 	0	0	0	6	7	
2670380360 : 	0	0	0	6	16	
2671380044 : 	0	0	0	6	34	
2671880100 : 	0	0	0	6	7	
2672378796 : 	0	0	0	6	16	
2673381116 : 	0	0	0	6	34	
2673881176 : 	0	0	0	6	7	
2674379788 : 	0	0	0	6	16	
2674880004 : 	0	0	0	6	25	
2675379124 : 	0	0	0	6	34	
2676882268 : 	0	0	0	6	25	
2677381308 : 	0	0	0	6	34	
2677879232 : 	0	0	0	6	7	
2678880368 : 	0	0	0	6	25	
2679880384 : 	0	0	0	6	7	
2680383160 : 	0	0	0	6	16	
2680882792 : 	0	0	0	6	25	
2681381656 : 	0	0	0	6	34	
2681880180 : 	0	0	0	6	7	
2682380064 : 	0	0	0	6	16	
2682883188 : 	0	0	0	6	25	
2683380516 : 	0	0	0	6	34	
2683882868 : 	0	0	0	6	7	
2684382248 : 	0	0	0	6	16	
2684883488 : 	0	0	0	6	25	
2685382436 : 	0	0	0	6	34	
2685882320 : 	0	0	0	6	7	
2686381356 : 	0	0	0	6	16	
2686881844 : 	0	0	0	6	25	
2687380624 : 	0	0	0	6	34	
2687881436 : 	0	0	0	6	7	
2688383700 : 	0	0	0	6	16	
2688884012 : 	0	0	0	6	25	
2689381524 : 	0	0	0	6	34	
2689883100 : 	0	0	0	6	7	
2690383496 : 	0	0	0	6	16	
2690881512 : 	0	0	0	6	25	
2691383692 : 	0	0	0	6	34	
2692384312 : 	0	0	0	6	16	
2692883524 : 	0	0	0	6	25	
2693381020 : 	0	0	0	6	34	
2693883628 : 	0	0	0	6	7	
2694383256 : 	0	0	0	6	16	
2694881780 : 	0	0	0	6	25	
2695383280 : 	0	0	0	6	34	
2695881380 : 	0	0	0	6	7	
2696381860 : 	0	0	0	6	16	
2696882936 : 	0	0	0	6	25	
2697383588 : 	0	0	0	6	34	
2697884916 : 	0	0	0	6	7	
2698382932 : 	0	0	0	6	16	
2698884516 : 	0	0	0	6	25	
2699383808 : 	0	0	0	6	34	
2700381876 : 	0	0	0	6	16	
2700882184 : 	0	0	0	6	25	
2701382496 : 	0	0	0	6	34	
2701884596 : 	0	0	0	6	7	
2702384732 : 	0	0	0	6	16	
2702882492 : 	0	0	0	6	25	
2703382036 : 	0	0	0	6	34	
2704384524 : 	0	0	0	6	16	
2704883900 : 	0	0	0	6	25	
2705384380 : 	0	0	0	6	34	
2705882480 : 	0	0	0	6	7	
2706384152 : 	0	0	0	6	16	
2706882336 : 	0	0	0	6	25	
2707384260 : 	0	0	0	6	34	
2707882788 : 	0	0	0	6	7	
2708882640 : 	0	0	0	6	25	
2709384992 : 	0	0	0	6	34	
2709883092 : 	0	0	0	6	7	
2710385704 : 	0	0	0	6	16	
2710884988 : 	0	0	0	6	25	
2711384360 : 	0	0	0	6	34	
2711883912 : 	0	0	0	6	7	
2712382856 : 	0	0	0	6	16	
2712884952 : 	0	0	0	6	25	
2713383476 : 	0	0	0	6	34	
2713885232 : 	0	0	0	6	7	
2714384528 : 	0	0	0	6	16	
2714882876 : 	0	0	0	6	25	
2715385996 : 	0	0	0	6	34	
2715883240 : 	0	0	0	6	7	
2716383304 : 	0	0	0	6	16	
2716883520 : 	0	0	0	6	25	
2717383152 : 	0	0	0	6	34	
2717885160 : 	0	0	0	6	7	
2718383268 : 	0	0	0	6	16	
2718883488 : 	0	0	0	6	25	
2719386348 : 	0	0	0	6	34	
2719884956 : 	0	0	0	6	7	
2720384416 : 	0	0	0	6	16	
2720883368 : 	0	0	0	6	25	
2721385376 : 	0	0	0	6	34	
2721886196 : 	0	0	0	6	7	
2722386504 : 	0	0	0	6	16	
2722883928 : 	0	0	0	6	25	
2723384660 : 	0	0	0	6	34	
2723883868 : 	0	0	0	6	7	
2724384600 : 	0	0	0	6	16	
2724883644 : 	0	0	0	6	25	
2725385984 : 	0	0	0	6	34	
2725886636 : 	0	0	0	6	7	
2726385416 : 	0	0	0	6	16	
2726885728 : 	0	0	0	6	25	
2727386036 : 	0	0	0	6	34	
2727884824 : 	0	0	0	6	7	
2728385468 : 	0	0	0	6	16	
2728884756 : 	0	0	0	6	25	
2729384728 : 	0	0	0	6	34	
2730384504 : 	0	0	0	6	16	
2730884720 : 	0	0	0	6	25	
2731384180 : 	0	0	0	6	34	
2731885852 : 	0	0	0	6	7	
2732386336 : 	0	0	0	6	16	
2732886300 : 	0	0	0	6	25	
2733386016 : 	0	0	0	6	34	
2733885136 : 	0	0	0	6	7	
2734384852 : 	0	0	0	6	16	
2734886860 : 	0	0	0	6	25	
2735384960 : 	0	0	0	6	34	
2735885696 : 	0	0	0	6	7	
2736385920 : 	0	0	0	6	16	
2736885896 : 	0	0	0	6	25	
2737386548 : 	0	0	0	6	34	
2737886424 : 	0	0	0	6	7	
2738385376 : 	0	0	0	6	16	
2738885432 : 	0	0	0	6	25	
2739386428 : 	0	0	0	6	34	
2739884520 : 	0	0	0	6	7	
2740387128 : 	0	0	0	6	16	
2740887268 : 	0	0	0	6	25	
2741386132 : 	0	0	0	6	34	
2741886524 : 	0	0	0	6	7	
2742386328 : 	0	0	0	6	16	
2743384908 : 	0	0	0	6	34	
2743886924 : 	0	0	0	6	7	
2744387656 : 	0	0	0	6	16	
2744885240 : 	0	0	0	6	25	
2745386740 : 	0	0	0	6	34	
2745887136 : 	0	0	0	6	7	
2746385660 : 	0	0	0	6	16	
2747387640 : 	0	0	0	6	34	
2747885664 : 	0	0	0	6	7	
2748386816 : 	0	0	0	6	16	
2748886872 : 	0	0	0	6	25	
2749386500 : 	0	0	0	6	34	
2749887584 : 	0	0	0	6	7	
2750387296 : 	0	0	0	6	16	
2751386892 : 	0	0	0	6	34	
2751885424 : 	0	0	0	6	7	
2752385472 : 	0	0	0	6	16	
2752887480 : 	0	0	0	6	25	
2753387368 : 	0	0	0	6	34	
2753888528 : 	0	0	0	6	7	
2754387392 : 	0	0	0	6	16	
2754885916 : 	0	0	0	6	25	
2755388528 : 	0	0	0	6	34	
2755886536 : 	0	0	0	6	7	
2756388120 : 	0	0	0	6	16	
2756888516 : 	0	0	0	6	25	
2757387892 : 	0	0	0	6	34	
2757886500 : 	0	0	0	6	7	
2758389020 : 	0	0	0	6	16	
2758888736 : 	0	0	0	6	25	
2759889100 : 	0	0	0	6	7	
2760388476 : 	0	0	0	6	16	
2760887852 : 	0	0	0	6	25	
2761389264 : 	0	0	0	6	34	
2761888044 : 	0	0	0	6	7	
2762388780 : 	0	0	0	6	16	
2762888920 : 	0	0	0	6	25	
2763888608 : 	0	0	0	6	7	
2764389172 : 	0	0	0	6	16	
2764888460 : 	0	0	0	6	25	
2765388864 : 	0	0	0	6	34	
2765888576 : 	0	0	0	6	7	
2766390416 : 	0	0	0	6	16	
2766889192 : 	0	0	0	6	25	
2773887496 : 	0	0	0	6	7	
2774387552 : 	0	0	0	6	16	
2777887936 : 	0	0	0	6	7	
2779388100 : 	0	0	0	6	34	
2779888328 : 	0	0	0	6	7	
2780387532 : 	0	0	0	6	16	
2780887500 : 	0	0	0	6	25	
2781388924 : 	0	0	0	6	34	
2781888292 : 	0	0	0	6	7	
2782387920 : 	0	0	0	6	16	
2782888068 : 	0	0	0	6	25	
2783888768 : 	0	0	0	6	7	
2788003964 : 	0	0	0	6	7	
2788509004 : 	0	0	0	6	16	
2789504524 : 	0	0	0	6	34	
2790007816 : 	0	0	0	6	7	
2790505400 : 	0	0	0	6	16	
