553933628 : 	0	0	0	4	5	
554433344 : 	0	0	0	4	14	
554932716 : 	0	0	0	4	23	
555433284 : 	0	0	0	4	32	
555935208 : 	0	0	0	4	5	
556432796 : 	0	0	0	4	14	
556935240 : 	0	0	0	4	23	
557433332 : 	0	0	0	4	32	
557933812 : 	0	0	0	4	5	
558433448 : 	0	0	0	4	14	
558934348 : 	0	0	0	4	23	
559435168 : 	0	0	0	4	32	
560433916 : 	0	0	0	4	14	
560932872 : 	0	0	0	4	23	
561435216 : 	0	0	0	4	32	
561933828 : 	0	0	0	4	5	
562434732 : 	0	0	0	4	14	
562934024 : 	0	0	0	4	23	
563435612 : 	0	0	0	4	32	
563933792 : 	0	0	0	4	5	
564434188 : 	0	0	0	4	14	
564932968 : 	0	0	0	4	23	
565434636 : 	0	0	0	4	32	
565935208 : 	0	0	0	4	5	
566433816 : 	0	0	0	4	14	
566935312 : 	0	0	0	4	23	
567435288 : 	0	0	0	4	32	
567935088 : 	0	0	0	4	5	
568933916 : 	0	0	0	4	23	
569434568 : 	0	0	0	4	32	
569934112 : 	0	0	0	4	5	
570432976 : 	0	0	0	4	14	
570933884 : 	0	0	0	4	23	
571434532 : 	0	0	0	4	32	
571935268 : 	0	0	0	4	5	
572434564 : 	0	0	0	4	14	
572934528 : 	0	0	0	4	23	
573434752 : 	0	0	0	4	32	
573933956 : 	0	0	0	4	5	
574432652 : 	0	0	0	4	14	
574933388 : 	0	0	0	4	23	
575433356 : 	0	0	0	4	32	
575935112 : 	0	0	0	4	5	
576434744 : 	0	0	0	4	14	
576935732 : 	0	0	0	4	23	
577433576 : 	0	0	0	4	32	
577933888 : 	0	0	0	4	5	
578434284 : 	0	0	0	4	14	
578935272 : 	0	0	0	4	23	
579434224 : 	0	0	0	4	32	
579933088 : 	0	0	0	4	5	
580434504 : 	0	0	0	4	14	
581432572 : 	0	0	0	4	32	
581933564 : 	0	0	0	4	5	
582433964 : 	0	0	0	4	14	
582932660 : 	0	0	0	4	23	
583433308 : 	0	0	0	4	32	
583933528 : 	0	0	0	4	5	
584434864 : 	0	0	0	4	14	
584933472 : 	0	0	0	4	23	
585432756 : 	0	0	0	4	32	
585934596 : 	0	0	0	4	5	
586432620 : 	0	0	0	4	14	
586934028 : 	0	0	0	4	23	
587434252 : 	0	0	0	4	32	
587934476 : 	0	0	0	4	5	
588432748 : 	0	0	0	4	14	
588934252 : 	0	0	0	4	23	
589432772 : 	0	0	0	4	32	
589933508 : 	0	0	0	4	5	
590433564 : 	0	0	0	4	14	
590933704 : 	0	0	0	4	23	
591434948 : 	0	0	0	4	32	
591933896 : 	0	0	0	4	5	
592433868 : 	0	0	0	4	14	
592935368 : 	0	0	0	4	23	
593434664 : 	0	0	0	4	32	
593933012 : 	0	0	0	4	5	
594433236 : 	0	0	0	4	14	
594932952 : 	0	0	0	4	23	
595435132 : 	0	0	0	4	32	
595932976 : 	0	0	0	4	5	
596433288 : 	0	0	0	4	14	
596935296 : 	0	0	0	4	23	
597434588 : 	0	0	0	4	32	
597936088 : 	0	0	0	4	5	
598433336 : 	0	0	0	4	14	
598933308 : 	0	0	0	4	23	
599432684 : 	0	0	0	4	32	
599935456 : 	0	0	0	4	5	
600432964 : 	0	0	0	4	14	
600933356 : 	0	0	0	4	23	
601433668 : 	0	0	0	4	32	
601932788 : 	0	0	0	4	5	
602432756 : 	0	0	0	4	14	
602935192 : 	0	0	0	4	23	
603434312 : 	0	0	0	4	32	
603933348 : 	0	0	0	4	5	
604433580 : 	0	0	0	4	14	
604934476 : 	0	0	0	4	23	
605433344 : 	0	0	0	4	32	
605935864 : 	0	0	0	4	5	
606433372 : 	0	0	0	4	14	
606935036 : 	0	0	0	4	23	
607433308 : 	0	0	0	4	32	
607934892 : 	0	0	0	4	5	
608433168 : 	0	0	0	4	14	
608933472 : 	0	0	0	4	23	
609433528 : 	0	0	0	4	32	
609935792 : 	0	0	0	4	5	
610433296 : 	0	0	0	4	14	
610933948 : 	0	0	0	4	23	
611433408 : 	0	0	0	4	32	
611934652 : 	0	0	0	4	5	
612432836 : 	0	0	0	4	14	
612934932 : 	0	0	0	4	23	
613434648 : 	0	0	0	4	32	
613934276 : 	0	0	0	4	5	
614433484 : 	0	0	0	4	14	
615434784 : 	0	0	0	4	32	
615933564 : 	0	0	0	4	5	
616433276 : 	0	0	0	4	14	
616933508 : 	0	0	0	4	23	
617433224 : 	0	0	0	4	32	
617935144 : 	0	0	0	4	5	
618933128 : 	0	0	0	4	23	
619434036 : 	0	0	0	4	32	
712622808 : 	0	0	0	4	5	
713125836 : 	0	0	0	4	14	
713625468 : 	0	0	0	4	23	
714122888 : 	0	0	0	4	32	
714622856 : 	0	0	0	4	5	
715122572 : 	0	0	0	4	14	
715622548 : 	0	0	0	4	23	
716122088 : 	0	0	0	4	32	
716622056 : 	0	0	0	4	5	
717125256 : 	0	0	0	4	14	
717621408 : 	0	0	0	4	23	
718122060 : 	0	0	0	4	32	
718622276 : 	0	0	0	4	5	
719123776 : 	0	0	0	4	14	
719621792 : 	0	0	0	4	23	
720123292 : 	0	0	0	4	32	
720621904 : 	0	0	0	4	5	
721123232 : 	0	0	0	4	14	
721622352 : 	0	0	0	4	23	
722122660 : 	0	0	0	4	32	
722621620 : 	0	0	0	4	5	
723123876 : 	0	0	0	4	14	
723623088 : 	0	0	0	4	23	
724122632 : 	0	0	0	4	32	
724624380 : 	0	0	0	4	5	
725123672 : 	0	0	0	4	14	
725625512 : 	0	0	0	4	23	
726121996 : 	0	0	0	4	32	
726622904 : 	0	0	0	4	5	
727122616 : 	0	0	0	4	14	
727620464 : 	0	0	0	4	23	
728122132 : 	0	0	0	4	32	
728623464 : 	0	0	0	4	5	
729121988 : 	0	0	0	4	14	
729623996 : 	0	0	0	4	23	
730125920 : 	0	0	0	4	32	
730621896 : 	0	0	0	4	5	
731123828 : 	0	0	0	4	14	
731622440 : 	0	0	0	4	23	
732122060 : 	0	0	0	4	32	
732623816 : 	0	0	0	4	5	
733123364 : 	0	0	0	4	14	
733623076 : 	0	0	0	4	23	
734125256 : 	0	0	0	4	32	
734623612 : 	0	0	0	4	5	
735123588 : 	0	0	0	4	14	
735624740 : 	0	0	0	4	23	
736121568 : 	0	0	0	4	32	
736622472 : 	0	0	0	4	5	
737122868 : 	0	0	0	4	14	
737623100 : 	0	0	0	4	23	
738124592 : 	0	0	0	4	32	
738623712 : 	0	0	0	4	5	
739124192 : 	0	0	0	4	14	
739621612 : 	0	0	0	4	23	
740122780 : 	0	0	0	4	32	
740624448 : 	0	0	0	4	5	
741122712 : 	0	0	0	4	14	
741624984 : 	0	0	0	4	23	
742123756 : 	0	0	0	4	32	
742625596 : 	0	0	0	4	5	
743124460 : 	0	0	0	4	14	
744122452 : 	0	0	0	4	32	
744624796 : 	0	0	0	4	5	
745123748 : 	0	0	0	4	14	
745623208 : 	0	0	0	4	23	
746124460 : 	0	0	0	4	32	
746623232 : 	0	0	0	4	5	
747126008 : 	0	0	0	4	14	
747624192 : 	0	0	0	4	23	
748121444 : 	0	0	0	4	32	
748625320 : 	0	0	0	4	5	
749123336 : 	0	0	0	4	14	
749624240 : 	0	0	0	4	23	
750123276 : 	0	0	0	4	32	
750623164 : 	0	0	0	4	5	
751122544 : 	0	0	0	4	14	
751623612 : 	0	0	0	4	23	
752124948 : 	0	0	0	4	32	
753123184 : 	0	0	0	4	14	
753623576 : 	0	0	0	4	23	
754123460 : 	0	0	0	4	32	
754623772 : 	0	0	0	4	5	
755124676 : 	0	0	0	4	14	
755624308 : 	0	0	0	4	23	
756126148 : 	0	0	0	4	32	
756625352 : 	0	0	0	4	5	
757123960 : 	0	0	0	4	14	
757625376 : 	0	0	0	4	23	
758123136 : 	0	0	0	4	32	
758624976 : 	0	0	0	4	5	
759123084 : 	0	0	0	4	14	
759625428 : 	0	0	0	4	23	
760124292 : 	0	0	0	4	32	
761123636 : 	0	0	0	4	14	
761625476 : 	0	0	0	4	23	
762124852 : 	0	0	0	4	32	
762625756 : 	0	0	0	4	5	
763125644 : 	0	0	0	4	14	
763624252 : 	0	0	0	4	23	
764123796 : 	0	0	0	4	32	
764624276 : 	0	0	0	4	5	
765123568 : 	0	0	0	4	14	
765625916 : 	0	0	0	4	23	
766123676 : 	0	0	0	4	32	
766625516 : 	0	0	0	4	5	
767124380 : 	0	0	0	4	14	
767625456 : 	0	0	0	4	23	
768125852 : 	0	0	0	4	32	
768626332 : 	0	0	0	4	5	
769624828 : 	0	0	0	4	23	
770122672 : 	0	0	0	4	32	
770624088 : 	0	0	0	4	5	
771124056 : 	0	0	0	4	14	
771625052 : 	0	0	0	4	23	
772124252 : 	0	0	0	4	32	
772625240 : 	0	0	0	4	5	
773626116 : 	0	0	0	4	23	
774122348 : 	0	0	0	4	32	
774625716 : 	0	0	0	4	5	
775124580 : 	0	0	0	4	14	
775623616 : 	0	0	0	4	23	
776124860 : 	0	0	0	4	32	
776625344 : 	0	0	0	4	5	
777124892 : 	0	0	0	4	14	
778122448 : 	0	0	0	4	32	
778625732 : 	0	0	0	4	5	
779125108 : 	0	0	0	4	14	
779626864 : 	0	0	0	4	23	
780124452 : 	0	0	0	4	32	
780626888 : 	0	0	0	4	5	
781126264 : 	0	0	0	4	14	
782124248 : 	0	0	0	4	32	
782626680 : 	0	0	0	4	5	
783124100 : 	0	0	0	4	14	
783626028 : 	0	0	0	4	23	
784126004 : 	0	0	0	4	32	
784624180 : 	0	0	0	4	5	
785125172 : 	0	0	0	4	14	
785626500 : 	0	0	0	4	23	
786124864 : 	0	0	0	4	32	
786626104 : 	0	0	0	4	5	
787124540 : 	0	0	0	4	14	
787626296 : 	0	0	0	4	23	
788126436 : 	0	0	0	4	32	
788625728 : 	0	0	0	4	5	
789126300 : 	0	0	0	4	14	
789625244 : 	0	0	0	4	23	
790124448 : 	0	0	0	4	32	
791125660 : 	0	0	0	4	14	
791626228 : 	0	0	0	4	23	
792124328 : 	0	0	0	4	32	
792624808 : 	0	0	0	4	5	
793124352 : 	0	0	0	4	14	
793626448 : 	0	0	0	4	23	
794126076 : 	0	0	0	4	32	
795125424 : 	0	0	0	4	14	
795626328 : 	0	0	0	4	23	
796124428 : 	0	0	0	4	32	
796626436 : 	0	0	0	4	5	
797126576 : 	0	0	0	4	14	
797624344 : 	0	0	0	4	23	
798125920 : 	0	0	0	4	32	
799626512 : 	0	0	0	4	23	
800125888 : 	0	0	0	4	32	
800626368 : 	0	0	0	4	5	
802126448 : 	0	0	0	4	32	
802626840 : 	0	0	0	4	5	
803626024 : 	0	0	0	4	23	
804125224 : 	0	0	0	4	32	
805125588 : 	0	0	0	4	14	
805625472 : 	0	0	0	4	23	
806625496 : 	0	0	0	4	5	
807624504 : 	0	0	0	4	23	
808126684 : 	0	0	0	4	32	
809124580 : 	0	0	0	4	14	
809626508 : 	0	0	0	4	23	
810125880 : 	0	0	0	4	32	
810624748 : 	0	0	0	4	5	
811124892 : 	0	0	0	4	14	
812125676 : 	0	0	0	4	32	
813125872 : 	0	0	0	4	14	
815124652 : 	0	0	0	4	14	
816125352 : 	0	0	0	4	32	
817126140 : 	0	0	0	4	14	
817625184 : 	0	0	0	4	23	
818124812 : 	0	0	0	4	32	
819625396 : 	0	0	0	4	23	
820626356 : 	0	0	0	4	5	
821125052 : 	0	0	0	4	14	
822126180 : 	0	0	0	4	32	
822625980 : 	0	0	0	4	5	
823125024 : 	0	0	0	4	14	
825125236 : 	0	0	0	4	14	
826125600 : 	0	0	0	4	32	
828125232 : 	0	0	0	4	32	
828626472 : 	0	0	0	4	5	
832125668 : 	0	0	0	4	32	
834626628 : 	0	0	0	4	5	
835126168 : 	0	0	0	4	14	
836125936 : 	0	0	0	4	32	
837626272 : 	0	0	0	4	23	
839126104 : 	0	0	0	4	14	
840125696 : 	0	0	0	4	32	
840626856 : 	0	0	0	4	5	
841626804 : 	0	0	0	4	23	
842626232 : 	0	0	0	4	5	
843126028 : 	0	0	0	4	14	
852126768 : 	0	0	0	4	32	
853127044 : 	0	0	0	4	14	
854129108 : 	0	0	0	4	32	
854623196 : 	0	0	0	4	5	
855123352 : 	0	0	0	4	14	
855624256 : 	0	0	0	4	23	
856123256 : 	0	0	0	4	32	
856625048 : 	0	0	0	4	5	
857125188 : 	0	0	0	4	14	
858133032 : 	0	0	0	4	32	
858623364 : 	0	0	0	4	5	
859123384 : 	0	0	0	4	14	
859625120 : 	0	0	0	4	23	
860125944 : 	0	0	0	4	32	
860623880 : 	0	0	0	4	5	
861626536 : 	0	0	0	4	23	
862124464 : 	0	0	0	4	32	
862623528 : 	0	0	0	4	5	
863124492 : 	0	0	0	4	14	
863623576 : 	0	0	0	4	23	
864126212 : 	0	0	0	4	32	
864623608 : 	0	0	0	4	5	
865123944 : 	0	0	0	4	14	
866133068 : 	0	0	0	4	32	
866623696 : 	0	0	0	4	5	
867125608 : 	0	0	0	4	14	
867624472 : 	0	0	0	4	23	
868124100 : 	0	0	0	4	32	
868625688 : 	0	0	0	4	5	
869125572 : 	0	0	0	4	14	
869632180 : 	0	0	0	4	23	
870623884 : 	0	0	0	4	5	
871124012 : 	0	0	0	4	14	
871624572 : 	0	0	0	4	23	
872124712 : 	0	0	0	4	32	
872624428 : 	0	0	0	4	5	
873125932 : 	0	0	0	4	14	
873626492 : 	0	0	0	4	23	
874125952 : 	0	0	0	4	32	
875125296 : 	0	0	0	4	14	
875625692 : 	0	0	0	4	23	
876124556 : 	0	0	0	4	32	
876624140 : 	0	0	0	4	5	
877127132 : 	0	0	0	4	14	
877626592 : 	0	0	0	4	23	
878126392 : 	0	0	0	4	32	
878632736 : 	0	0	0	4	5	
879124376 : 	0	0	0	4	14	
879625960 : 	0	0	0	4	23	
880125932 : 	0	0	0	4	32	
880627176 : 	0	0	0	4	5	
881125276 : 	0	0	0	4	14	
881626012 : 	0	0	0	4	23	
882627568 : 	0	0	0	4	5	
883126604 : 	0	0	0	4	14	
883624616 : 	0	0	0	4	23	
884126968 : 	0	0	0	4	32	
884626088 : 	0	0	0	4	5	
885124780 : 	0	0	0	4	14	
885625864 : 	0	0	0	4	23	
886635060 : 	0	0	0	4	5	
887127220 : 	0	0	0	4	14	
887625396 : 	0	0	0	4	23	
888125284 : 	0	0	0	4	32	
888625260 : 	0	0	0	4	5	
889125476 : 	0	0	0	4	14	
889624936 : 	0	0	0	4	23	
890127204 : 	0	0	0	4	32	
891126808 : 	0	0	0	4	14	
891627112 : 	0	0	0	4	23	
892126656 : 	0	0	0	4	32	
892625020 : 	0	0	0	4	5	
893126428 : 	0	0	0	4	14	
893625208 : 	0	0	0	4	23	
894627960 : 	0	0	0	4	5	
896628772 : 	0	0	0	4	5	
897628964 : 	0	0	0	4	23	
898628308 : 	0	0	0	4	5	
901129092 : 	0	0	0	4	14	
902629000 : 	0	0	0	4	5	
903129312 : 	0	0	0	4	14	
905629160 : 	0	0	0	4	23	
906129812 : 	0	0	0	4	32	
907628448 : 	0	0	0	4	23	
909129120 : 	0	0	0	4	14	
909629608 : 	0	0	0	4	23	
910129656 : 	0	0	0	4	32	
910629972 : 	0	0	0	4	5	
911629320 : 	0	0	0	4	23	
914629648 : 	0	0	0	4	5	
915128848 : 	0	0	0	4	14	
915629328 : 	0	0	0	4	23	
916629528 : 	0	0	0	4	5	
917629632 : 	0	0	0	4	23	
918130284 : 	0	0	0	4	32	
918630428 : 	0	0	0	4	5	
920630216 : 	0	0	0	4	5	
921128828 : 	0	0	0	4	14	
921629740 : 	0	0	0	4	23	
922629416 : 	0	0	0	4	5	
923129132 : 	0	0	0	4	14	
923630124 : 	0	0	0	4	23	
924130688 : 	0	0	0	4	32	
925128928 : 	0	0	0	4	14	
925630684 : 	0	0	0	4	23	
926129460 : 	0	0	0	4	32	
926630792 : 	0	0	0	4	5	
927630400 : 	0	0	0	4	23	
928129684 : 	0	0	0	4	32	
928629140 : 	0	0	0	4	5	
929129876 : 	0	0	0	4	14	
929629676 : 	0	0	0	4	23	
930129392 : 	0	0	0	4	32	
932130120 : 	0	0	0	4	32	
933129636 : 	0	0	0	4	14	
933630124 : 	0	0	0	4	23	
934131108 : 	0	0	0	4	32	
934629036 : 	0	0	0	4	5	
935629404 : 	0	0	0	4	23	
936631388 : 	0	0	0	4	5	
937629536 : 	0	0	0	4	23	
938129512 : 	0	0	0	4	32	
938630752 : 	0	0	0	4	5	
939129700 : 	0	0	0	4	14	
939631288 : 	0	0	0	4	23	
940630460 : 	0	0	0	4	5	
943629688 : 	0	0	0	4	23	
944130424 : 	0	0	0	4	32	
945130624 : 	0	0	0	4	14	
946131072 : 	0	0	0	4	32	
946630528 : 	0	0	0	4	5	
947130836 : 	0	0	0	4	14	
948130180 : 	0	0	0	4	32	
948630584 : 	0	0	0	4	5	
949131484 : 	0	0	0	4	14	
952130876 : 	0	0	0	4	32	
955631348 : 	0	0	0	4	23	
956130892 : 	0	0	0	4	32	
957630376 : 	0	0	0	4	23	
959131052 : 	0	0	0	4	14	
959630516 : 	0	0	0	4	23	
961130512 : 	0	0	0	4	14	
961631420 : 	0	0	0	4	23	
962132152 : 	0	0	0	4	32	
963131916 : 	0	0	0	4	14	
963631548 : 	0	0	0	4	23	
964131864 : 	0	0	0	4	32	
964631664 : 	0	0	0	4	5	
966631544 : 	0	0	0	4	5	
967132192 : 	0	0	0	4	14	
968132212 : 	0	0	0	4	32	
969131140 : 	0	0	0	4	14	
969632376 : 	0	0	0	4	23	
970632572 : 	0	0	0	4	5	
971632512 : 	0	0	0	4	23	
972132568 : 	0	0	0	4	32	
972632280 : 	0	0	0	4	5	
974632084 : 	0	0	0	4	5	
975132216 : 	0	0	0	4	14	
976132412 : 	0	0	0	4	32	
979632544 : 	0	0	0	4	23	
980633164 : 	0	0	0	4	5	
981133304 : 	0	0	0	4	14	
981633952 : 	0	0	0	4	23	
982632872 : 	0	0	0	4	5	
984633600 : 	0	0	0	4	5	
985632436 : 	0	0	0	4	23	
987133116 : 	0	0	0	4	14	
988633616 : 	0	0	0	4	5	
989633132 : 	0	0	0	4	23	
991133976 : 	0	0	0	4	14	
993134284 : 	0	0	0	4	14	
996633564 : 	0	0	0	4	5	
997134636 : 	0	0	0	4	14	
997634352 : 	0	0	0	4	23	
998134748 : 	0	0	0	4	32	
999134604 : 	0	0	0	4	14	
1000134116 : 	0	0	0	4	32	
1002135188 : 	0	0	0	4	32	
1002634988 : 	0	0	0	4	5	
1003134192 : 	0	0	0	4	14	
1004635036 : 	0	0	0	4	5	
1006134444 : 	0	0	0	4	32	
1007636132 : 	0	0	0	4	23	
1009635164 : 	0	0	0	4	23	
1010635104 : 	0	0	0	4	5	
1015134492 : 	0	0	0	4	14	
1020135044 : 	0	0	0	4	32	
1020635096 : 	0	0	0	4	5	
1022635152 : 	0	0	0	4	5	
1023134948 : 	0	0	0	4	14	
1025134996 : 	0	0	0	4	14	
1026135112 : 	0	0	0	4	32	
1027135812 : 	0	0	0	4	14	
1029134928 : 	0	0	0	4	14	
1029635748 : 	0	0	0	4	23	
1030135716 : 	0	0	0	4	32	
1031635796 : 	0	0	0	4	23	
1033135876 : 	0	0	0	4	14	
1033636696 : 	0	0	0	4	23	
1034136836 : 	0	0	0	4	32	
1034635368 : 	0	0	0	4	5	
1035135672 : 	0	0	0	4	14	
1035636408 : 	0	0	0	4	23	
1036636184 : 	0	0	0	4	5	
1037135636 : 	0	0	0	4	14	
1038637416 : 	0	0	0	4	5	
1039137300 : 	0	0	0	4	14	
1040136560 : 	0	0	0	4	32	
1040636448 : 	0	0	0	4	5	
1041136504 : 	0	0	0	4	14	
1042136192 : 	0	0	0	4	32	
1042636496 : 	0	0	0	4	5	
1043136644 : 	0	0	0	4	14	
1044135556 : 	0	0	0	4	32	
1045137620 : 	0	0	0	4	14	
1045636656 : 	0	0	0	4	23	
1046136116 : 	0	0	0	4	32	
1047136228 : 	0	0	0	4	14	
1047637728 : 	0	0	0	4	23	
1048137788 : 	0	0	0	4	32	
1050637208 : 	0	0	0	4	5	
1052138224 : 	0	0	0	4	32	
1052638020 : 	0	0	0	4	5	
1053136292 : 	0	0	0	4	14	
1053637796 : 	0	0	0	4	23	
1055138900 : 	0	0	0	4	14	
1056136876 : 	0	0	0	4	32	
1057136904 : 	0	0	0	4	14	
1058638596 : 	0	0	0	4	5	
1059137376 : 	0	0	0	4	14	
1059638876 : 	0	0	0	4	23	
1061137852 : 	0	0	0	4	14	
1061638504 : 	0	0	0	4	23	
1062136516 : 	0	0	0	4	32	
1062638616 : 	0	0	0	4	5	
1063637700 : 	0	0	0	4	23	
1064639004 : 	0	0	0	4	5	
1065138036 : 	0	0	0	4	14	
1065637752 : 	0	0	0	4	23	
1066137728 : 	0	0	0	4	32	
1067637892 : 	0	0	0	4	23	
1068138196 : 	0	0	0	4	32	
1068637404 : 	0	0	0	4	5	
1069138564 : 	0	0	0	4	14	
1069637512 : 	0	0	0	4	23	
1070138160 : 	0	0	0	4	32	
1070639156 : 	0	0	0	4	5	
1071137760 : 	0	0	0	4	14	
1071639432 : 	0	0	0	4	23	
1072138128 : 	0	0	0	4	32	
1072638180 : 	0	0	0	4	5	
1073137896 : 	0	0	0	4	14	
1073639820 : 	0	0	0	4	23	
1074138348 : 	0	0	0	4	32	
1074637984 : 	0	0	0	4	5	
1075639276 : 	0	0	0	4	23	
1076140352 : 	0	0	0	4	32	
1077638900 : 	0	0	0	4	23	
1078138448 : 	0	0	0	4	32	
1079139500 : 	0	0	0	4	14	
1080138760 : 	0	0	0	4	32	
1080639664 : 	0	0	0	4	5	
1081138948 : 	0	0	0	4	14	
1081638576 : 	0	0	0	4	23	
1082138464 : 	0	0	0	4	32	
1082639280 : 	0	0	0	4	5	
1083138828 : 	0	0	0	4	14	
1084138344 : 	0	0	0	4	32	
1085138536 : 	0	0	0	4	14	
1086140008 : 	0	0	0	4	32	
1086639808 : 	0	0	0	4	5	
1087139012 : 	0	0	0	4	14	
1088138696 : 	0	0	0	4	32	
1088639856 : 	0	0	0	4	5	
1089139748 : 	0	0	0	4	14	
1090139512 : 	0	0	0	4	32	
1090639056 : 	0	0	0	4	5	
1091139960 : 	0	0	0	4	14	
1091640952 : 	0	0	0	4	23	
1092139476 : 	0	0	0	4	32	
1093640328 : 	0	0	0	4	23	
1094140888 : 	0	0	0	4	32	
1094640780 : 	0	0	0	4	5	
1095139724 : 	0	0	0	4	14	
1095639012 : 	0	0	0	4	23	
1096139924 : 	0	0	0	4	32	
1096639124 : 	0	0	0	4	5	
1097140960 : 	0	0	0	4	14	
1097639148 : 	0	0	0	4	23	
1098140988 : 	0	0	0	4	32	
1098640616 : 	0	0	0	4	5	
1099140588 : 	0	0	0	4	14	
1099640812 : 	0	0	0	4	23	
1100139764 : 	0	0	0	4	32	
1100639476 : 	0	0	0	4	5	
1101141996 : 	0	0	0	4	14	
1101639332 : 	0	0	0	4	23	
1102141256 : 	0	0	0	4	32	
1102640972 : 	0	0	0	4	5	
1103140856 : 	0	0	0	4	14	
1103641084 : 	0	0	0	4	23	
1104141560 : 	0	0	0	4	32	
1104641956 : 	0	0	0	4	5	
1105141932 : 	0	0	0	4	14	
1105639772 : 	0	0	0	4	23	
1106640392 : 	0	0	0	4	5	
1107141296 : 	0	0	0	4	14	
1107641360 : 	0	0	0	4	23	
1108142340 : 	0	0	0	4	32	
1108641292 : 	0	0	0	4	5	
1109140504 : 	0	0	0	4	14	
1110140608 : 	0	0	0	4	32	
1110641936 : 	0	0	0	4	5	
1111140800 : 	0	0	0	4	14	
1111642224 : 	0	0	0	4	23	
1112141420 : 	0	0	0	4	32	
1112641568 : 	0	0	0	4	5	
1113142128 : 	0	0	0	4	14	
1114140960 : 	0	0	0	4	32	
1114642468 : 	0	0	0	4	5	
1115140144 : 	0	0	0	4	14	
1116141180 : 	0	0	0	4	32	
1116640472 : 	0	0	0	4	5	
1117142908 : 	0	0	0	4	14	
1118140384 : 	0	0	0	4	32	
1118641032 : 	0	0	0	4	5	
1119142028 : 	0	0	0	4	14	
1119642332 : 	0	0	0	4	23	
1120142392 : 	0	0	0	4	32	
1120642016 : 	0	0	0	4	5	
1121140372 : 	0	0	0	4	14	
1121640428 : 	0	0	0	4	23	
1122641896 : 	0	0	0	4	5	
1123141100 : 	0	0	0	4	14	
1123642772 : 	0	0	0	4	23	
1124140700 : 	0	0	0	4	32	
1124643136 : 	0	0	0	4	5	
1125641208 : 	0	0	0	4	23	
1126641832 : 	0	0	0	4	5	
1127143240 : 	0	0	0	4	14	
1127642448 : 	0	0	0	4	23	
1128143352 : 	0	0	0	4	32	
1128642216 : 	0	0	0	4	5	
1129143632 : 	0	0	0	4	14	
1129643772 : 	0	0	0	4	23	
1130141708 : 	0	0	0	4	32	
1130642184 : 	0	0	0	4	5	
1131141984 : 	0	0	0	4	14	
1131643736 : 	0	0	0	4	23	
1132142940 : 	0	0	0	4	32	
1132642740 : 	0	0	0	4	5	
1133142880 : 	0	0	0	4	14	
1133642256 : 	0	0	0	4	23	
1134144268 : 	0	0	0	4	32	
1134643812 : 	0	0	0	4	5	
1135143960 : 	0	0	0	4	14	
1136144148 : 	0	0	0	4	32	
1142641888 : 	0	0	0	4	5	
1144642192 : 	0	0	0	4	5	
1145141824 : 	0	0	0	4	14	
1146142272 : 	0	0	0	4	32	
1147141448 : 	0	0	0	4	14	
1147642352 : 	0	0	0	4	23	
1148142916 : 	0	0	0	4	32	
1149642060 : 	0	0	0	4	23	
1150642264 : 	0	0	0	4	5	
1152143356 : 	0	0	0	4	32	
1154142556 : 	0	0	0	4	32	
1154643548 : 	0	0	0	4	5	
1155143780 : 	0	0	0	4	14	
1155642212 : 	0	0	0	4	23	
1156143712 : 	0	0	0	4	32	
1157142716 : 	0	0	0	4	14	
1157643028 : 	0	0	0	4	23	
1158143848 : 	0	0	0	4	32	
1158643564 : 	0	0	0	4	5	
1159642824 : 	0	0	0	4	23	
1160644636 : 	0	0	0	4	5	
1161143920 : 	0	0	0	4	14	
1161645088 : 	0	0	0	4	23	
1162143948 : 	0	0	0	4	32	
1163142440 : 	0	0	0	4	14	
1163643092 : 	0	0	0	4	23	
1164145016 : 	0	0	0	4	32	
1164642356 : 	0	0	0	4	5	
1165644164 : 	0	0	0	4	23	
1166144048 : 	0	0	0	4	32	
1167144836 : 	0	0	0	4	14	
1167642172 : 	0	0	0	4	23	
1168144180 : 	0	0	0	4	32	
1168644068 : 	0	0	0	4	5	
1169643836 : 	0	0	0	4	23	
1170144996 : 	0	0	0	4	32	
1170644372 : 	0	0	0	4	5	
1171143840 : 	0	0	0	4	14	
1171643468 : 	0	0	0	4	23	
1172146492 : 	0	0	0	4	32	
1172645696 : 	0	0	0	4	5	
1173144900 : 	0	0	0	4	14	
1173642576 : 	0	0	0	4	23	
1174144756 : 	0	0	0	4	32	
1174645664 : 	0	0	0	4	5	
1175144532 : 	0	0	0	4	14	
1175644836 : 	0	0	0	4	23	
1176144384 : 	0	0	0	4	32	
1176643928 : 	0	0	0	4	5	
1177145852 : 	0	0	0	4	14	
1178143928 : 	0	0	0	4	32	
1178645932 : 	0	0	0	4	5	
1179145988 : 	0	0	0	4	14	
1179645192 : 	0	0	0	4	23	
1180147456 : 	0	0	0	4	32	
1180644372 : 	0	0	0	4	5	
1181145440 : 	0	0	0	4	14	
1182145976 : 	0	0	0	4	32	
1182645692 : 	0	0	0	4	5	
1183145152 : 	0	0	0	4	14	
1183644188 : 	0	0	0	4	23	
1184145092 : 	0	0	0	4	32	
1184647356 : 	0	0	0	4	5	
1185145204 : 	0	0	0	4	14	
1185647468 : 	0	0	0	4	23	
1186644516 : 	0	0	0	4	5	
1187144232 : 	0	0	0	4	14	
1187644548 : 	0	0	0	4	23	
1188144512 : 	0	0	0	4	32	
1188644736 : 	0	0	0	4	5	
1189145472 : 	0	0	0	4	14	
1189645104 : 	0	0	0	4	23	
1190645296 : 	0	0	0	4	5	
1191145012 : 	0	0	0	4	14	
1191645244 : 	0	0	0	4	23	
1192146312 : 	0	0	0	4	32	
1192647984 : 	0	0	0	4	5	
1193145996 : 	0	0	0	4	14	
1193645628 : 	0	0	0	4	23	
1194644376 : 	0	0	0	4	5	
1195146728 : 	0	0	0	4	14	
1195645336 : 	0	0	0	4	23	
1196144720 : 	0	0	0	4	32	
1196644852 : 	0	0	0	4	5	
1197148564 : 	0	0	0	4	14	
1197645812 : 	0	0	0	4	23	
1198149520 : 	0	0	0	4	32	
1198645668 : 	0	0	0	4	5	
1199148272 : 	0	0	0	4	14	
1199647648 : 	0	0	0	4	23	
1200146344 : 	0	0	0	4	32	
1200646736 : 	0	0	0	4	5	
1201145772 : 	0	0	0	4	14	
1201647188 : 	0	0	0	4	23	
1202146732 : 	0	0	0	4	32	
1203147692 : 	0	0	0	4	14	
1203645792 : 	0	0	0	4	23	
1204144572 : 	0	0	0	4	32	
1204645308 : 	0	0	0	4	5	
1205146128 : 	0	0	0	4	14	
1205645844 : 	0	0	0	4	23	
1206145300 : 	0	0	0	4	32	
1206649184 : 	0	0	0	4	5	
1207146856 : 	0	0	0	4	14	
1208146628 : 	0	0	0	4	32	
1208645832 : 	0	0	0	4	5	
1209147160 : 	0	0	0	4	14	
1209645600 : 	0	0	0	4	23	
1210145996 : 	0	0	0	4	32	
1210646052 : 	0	0	0	4	5	
1211147304 : 	0	0	0	4	14	
1211648288 : 	0	0	0	4	23	
1212646448 : 	0	0	0	4	5	
1213146496 : 	0	0	0	4	14	
1213646468 : 	0	0	0	4	23	
1214146948 : 	0	0	0	4	32	
1214646832 : 	0	0	0	4	5	
1215146800 : 	0	0	0	4	14	
1215647796 : 	0	0	0	4	23	
1216149972 : 	0	0	0	4	32	
1217148724 : 	0	0	0	4	14	
1217646660 : 	0	0	0	4	23	
1218148320 : 	0	0	0	4	32	
1218646932 : 	0	0	0	4	5	
1219146648 : 	0	0	0	4	14	
1219648828 : 	0	0	0	4	23	
1220149816 : 	0	0	0	4	32	
1221146868 : 	0	0	0	4	14	
1221650584 : 	0	0	0	4	23	
1222147236 : 	0	0	0	4	32	
1222647972 : 	0	0	0	4	5	
1223147512 : 	0	0	0	4	14	
1223648076 : 	0	0	0	4	23	
1224149156 : 	0	0	0	4	32	
1224649376 : 	0	0	0	4	5	
1225147816 : 	0	0	0	4	14	
1225647364 : 	0	0	0	4	23	
1226150308 : 	0	0	0	4	32	
1226647980 : 	0	0	0	4	5	
1227149568 : 	0	0	0	4	14	
1227648688 : 	0	0	0	4	23	
1228148232 : 	0	0	0	4	32	
1228650240 : 	0	0	0	4	5	
1229648568 : 	0	0	0	4	23	
1230151256 : 	0	0	0	4	32	
1230652076 : 	0	0	0	4	5	
1231150008 : 	0	0	0	4	14	
1231650572 : 	0	0	0	4	23	
1232151136 : 	0	0	0	4	32	
1232650684 : 	0	0	0	4	5	
1233149548 : 	0	0	0	4	14	
1233651216 : 	0	0	0	4	23	
1234151100 : 	0	0	0	4	32	
1234650648 : 	0	0	0	4	5	
1235150024 : 	0	0	0	4	14	
1235648888 : 	0	0	0	4	23	
1236150728 : 	0	0	0	4	32	
1236650612 : 	0	0	0	4	5	
1237150924 : 	0	0	0	4	14	
1237650296 : 	0	0	0	4	23	
1238150608 : 	0	0	0	4	32	
1238651256 : 	0	0	0	4	5	
1239152416 : 	0	0	0	4	14	
1240151172 : 	0	0	0	4	32	
1240650628 : 	0	0	0	4	5	
1241155272 : 	0	0	0	4	14	
1243151580 : 	0	0	0	4	14	
1243651636 : 	0	0	0	4	23	
1244151352 : 	0	0	0	4	32	
1244651408 : 	0	0	0	4	5	
1245152992 : 	0	0	0	4	14	
1246151488 : 	0	0	0	4	32	
1246652052 : 	0	0	0	4	5	
1247153304 : 	0	0	0	4	14	
1247650376 : 	0	0	0	4	23	
1248152648 : 	0	0	0	4	32	
1249152244 : 	0	0	0	4	14	
1249645076 : 	0	0	0	4	23	
1250650536 : 	0	0	0	4	5	
1251145916 : 	0	0	0	4	14	
1251646228 : 	0	0	0	4	23	
1252146960 : 	0	0	0	4	32	
1253162628 : 	0	0	0	4	14	
1253647636 : 	0	0	0	4	23	
1255646752 : 	0	0	0	4	23	
1256147572 : 	0	0	0	4	32	
1256646864 : 	0	0	0	4	5	
1257646632 : 	0	0	0	4	23	
1258147280 : 	0	0	0	4	32	
1258646488 : 	0	0	0	4	5	
1259148496 : 	0	0	0	4	14	
1259646256 : 	0	0	0	4	23	
1260145888 : 	0	0	0	4	32	
1261148716 : 	0	0	0	4	14	
1262146108 : 	0	0	0	4	32	
1262648464 : 	0	0	0	4	5	
1263147916 : 	0	0	0	4	14	
1263646356 : 	0	0	0	4	23	
1264148112 : 	0	0	0	4	32	
1264648508 : 	0	0	0	4	5	
1265648532 : 	0	0	0	4	23	
1266147908 : 	0	0	0	4	32	
1266647792 : 	0	0	0	4	5	
1267148696 : 	0	0	0	4	14	
1267647220 : 	0	0	0	4	23	
1268146348 : 	0	0	0	4	32	
1269648552 : 	0	0	0	4	23	
1270147328 : 	0	0	0	4	32	
1270648316 : 	0	0	0	4	5	
1271146416 : 	0	0	0	4	14	
1271648348 : 	0	0	0	4	23	
1272148148 : 	0	0	0	4	32	
1272649820 : 	0	0	0	4	5	
1274147596 : 	0	0	0	4	32	
1274647740 : 	0	0	0	4	5	
1275148392 : 	0	0	0	4	14	
1275647336 : 	0	0	0	4	23	
1276146716 : 	0	0	0	4	32	
1276648472 : 	0	0	0	4	5	
1277149628 : 	0	0	0	4	14	
1278148292 : 	0	0	0	4	32	
1278647580 : 	0	0	0	4	5	
1279148232 : 	0	0	0	4	14	
1279649052 : 	0	0	0	4	23	
1280148604 : 	0	0	0	4	32	
1280647888 : 	0	0	0	4	5	
1281149556 : 	0	0	0	4	14	
1282647768 : 	0	0	0	4	5	
1283149608 : 	0	0	0	4	14	
1283649748 : 	0	0	0	4	23	
1284147932 : 	0	0	0	4	32	
1284649260 : 	0	0	0	4	5	
1285150080 : 	0	0	0	4	14	
1287149452 : 	0	0	0	4	14	
1287649252 : 	0	0	0	4	23	
1288150668 : 	0	0	0	4	32	
1289148572 : 	0	0	0	4	14	
1290149696 : 	0	0	0	4	32	
1291151080 : 	0	0	0	4	14	
1291649188 : 	0	0	0	4	23	
1292151108 : 	0	0	0	4	32	
1292649804 : 	0	0	0	4	5	
1293651108 : 	0	0	0	4	23	
1296150444 : 	0	0	0	4	32	
1296649816 : 	0	0	0	4	5	
1297651116 : 	0	0	0	4	23	
1298148876 : 	0	0	0	4	32	
1299150092 : 	0	0	0	4	14	
1300651532 : 	0	0	0	4	5	
1301150312 : 	0	0	0	4	14	
1301651388 : 	0	0	0	4	23	
1302151016 : 	0	0	0	4	32	
1302651156 : 	0	0	0	4	5	
1303151128 : 	0	0	0	4	14	
1304650696 : 	0	0	0	4	5	
1305150504 : 	0	0	0	4	14	
1307151056 : 	0	0	0	4	14	
1308151252 : 	0	0	0	4	32	
1313150868 : 	0	0	0	4	14	
1313651604 : 	0	0	0	4	23	
1314152168 : 	0	0	0	4	32	
1314651968 : 	0	0	0	4	5	
1315152028 : 	0	0	0	4	14	
1315651908 : 	0	0	0	4	23	
1316151112 : 	0	0	0	4	32	
1317651872 : 	0	0	0	4	23	
1318651896 : 	0	0	0	4	5	
1320151892 : 	0	0	0	4	32	
1320651096 : 	0	0	0	4	5	
1321152172 : 	0	0	0	4	14	
1321652652 : 	0	0	0	4	23	
1322152120 : 	0	0	0	4	32	
1322652080 : 	0	0	0	4	5	
1323652872 : 	0	0	0	4	23	
1324153020 : 	0	0	0	4	32	
1324653584 : 	0	0	0	4	5	
1325152696 : 	0	0	0	4	14	
1326652444 : 	0	0	0	4	5	
1327152244 : 	0	0	0	4	14	
1328652656 : 	0	0	0	4	5	
1331153100 : 	0	0	0	4	14	
1331652564 : 	0	0	0	4	23	
1332153296 : 	0	0	0	4	32	
1333652532 : 	0	0	0	4	23	
1334153008 : 	0	0	0	4	32	
1335153288 : 	0	0	0	4	14	
1336653280 : 	0	0	0	4	5	
1337152828 : 	0	0	0	4	14	
1337652292 : 	0	0	0	4	23	
1338153192 : 	0	0	0	4	32	
1338653164 : 	0	0	0	4	5	
1339153644 : 	0	0	0	4	14	
1339653444 : 	0	0	0	4	23	
1340153928 : 	0	0	0	4	32	
1341653576 : 	0	0	0	4	23	
1342153548 : 	0	0	0	4	32	
1342654628 : 	0	0	0	4	5	
1343150596 : 	0	0	0	4	14	
1343651500 : 	0	0	0	4	23	
1344152236 : 	0	0	0	4	32	
1344650676 : 	0	0	0	4	5	
1345152184 : 	0	0	0	4	14	
1345650532 : 	0	0	0	4	23	
1346151948 : 	0	0	0	4	32	
1347650264 : 	0	0	0	4	23	
1348150300 : 	0	0	0	4	32	
1348650776 : 	0	0	0	4	5	
1349150344 : 	0	0	0	4	14	
1349650356 : 	0	0	0	4	23	
1350152728 : 	0	0	0	4	32	
1350652868 : 	0	0	0	4	5	
1351650476 : 	0	0	0	4	23	
1352151084 : 	0	0	0	4	32	
1352650520 : 	0	0	0	4	5	
1353151016 : 	0	0	0	4	14	
1353652268 : 	0	0	0	4	23	
1354152148 : 	0	0	0	4	32	
1354653220 : 	0	0	0	4	5	
1355152432 : 	0	0	0	4	14	
1356153388 : 	0	0	0	4	32	
1356652764 : 	0	0	0	4	5	
1357152560 : 	0	0	0	4	14	
1357650832 : 	0	0	0	4	23	
1358151396 : 	0	0	0	4	32	
1358652304 : 	0	0	0	4	5	
1359153212 : 	0	0	0	4	14	
1359651224 : 	0	0	0	4	23	
1360152728 : 	0	0	0	4	32	
1360653464 : 	0	0	0	4	5	
1361153512 : 	0	0	0	4	14	
1369159612 : 	0	0	0	4	5	
1369658224 : 	0	0	0	4	14	
1370158872 : 	0	0	0	4	23	
1370658848 : 	0	0	0	4	32	
1371156264 : 	0	0	0	4	5	
1371656744 : 	0	0	0	4	14	
1372156712 : 	0	0	0	4	23	
1372658384 : 	0	0	0	4	32	
1373159032 : 	0	0	0	4	5	
1373661044 : 	0	0	0	4	14	
1374160936 : 	0	0	0	4	23	
1374659452 : 	0	0	0	4	32	
1375158912 : 	0	0	0	4	5	
1375658372 : 	0	0	0	4	14	
1376156736 : 	0	0	0	4	23	
1376656700 : 	0	0	0	4	32	
1377159472 : 	0	0	0	4	5	
1377662248 : 	0	0	0	4	14	
1378160604 : 	0	0	0	4	23	
1378656920 : 	0	0	0	4	32	
1379157908 : 	0	0	0	4	5	
1379659492 : 	0	0	0	4	14	
1380160484 : 	0	0	0	4	23	
1380660452 : 	0	0	0	4	32	
1381160252 : 	0	0	0	4	5	
1381661412 : 	0	0	0	4	14	
1382160872 : 	0	0	0	4	23	
1383161492 : 	0	0	0	4	5	
1383662056 : 	0	0	0	4	14	
1384160500 : 	0	0	0	4	23	
1384662424 : 	0	0	0	4	32	
1385160608 : 	0	0	0	4	5	
1385662624 : 	0	0	0	4	14	
1386162076 : 	0	0	0	4	23	
1386662388 : 	0	0	0	4	32	
1387661052 : 	0	0	0	4	14	
1388160260 : 	0	0	0	4	23	
1388660312 : 	0	0	0	4	32	
1389162748 : 	0	0	0	4	5	
1389662888 : 	0	0	0	4	14	
1390161840 : 	0	0	0	4	23	
1390662404 : 	0	0	0	4	32	
1391662684 : 	0	0	0	4	14	
1392162228 : 	0	0	0	4	23	
1392661432 : 	0	0	0	4	32	
1393162676 : 	0	0	0	4	5	
1393662996 : 	0	0	0	4	14	
1394162192 : 	0	0	0	4	23	
1394660124 : 	0	0	0	4	32	
1395661680 : 	0	0	0	4	14	
1396161656 : 	0	0	0	4	23	
1396661108 : 	0	0	0	4	32	
1397161928 : 	0	0	0	4	5	
1397662324 : 	0	0	0	4	14	
1398161532 : 	0	0	0	4	23	
1398662688 : 	0	0	0	4	32	
1399163168 : 	0	0	0	4	5	
1399661700 : 	0	0	0	4	14	
1400162004 : 	0	0	0	4	23	
1400663504 : 	0	0	0	4	32	
1401162624 : 	0	0	0	4	5	
1401661492 : 	0	0	0	4	14	
1402161208 : 	0	0	0	4	23	
1402661260 : 	0	0	0	4	32	
1403161312 : 	0	0	0	4	5	
1403663500 : 	0	0	0	4	14	
1404662328 : 	0	0	0	4	32	
1405160940 : 	0	0	0	4	5	
1405662864 : 	0	0	0	4	14	
1406163008 : 	0	0	0	4	23	
1406661188 : 	0	0	0	4	32	
1407162944 : 	0	0	0	4	5	
1407661384 : 	0	0	0	4	14	
1408661748 : 	0	0	0	4	32	
1409162228 : 	0	0	0	4	5	
1409661772 : 	0	0	0	4	14	
1410163528 : 	0	0	0	4	23	
1410662568 : 	0	0	0	4	32	
1411161512 : 	0	0	0	4	5	
1411664040 : 	0	0	0	4	14	
1412164172 : 	0	0	0	4	23	
1413161224 : 	0	0	0	4	5	
1413661108 : 	0	0	0	4	14	
1414163372 : 	0	0	0	4	23	
1414661728 : 	0	0	0	4	32	
1415163484 : 	0	0	0	4	5	
1415660568 : 	0	0	0	4	14	
1416163344 : 	0	0	0	4	23	
1416664412 : 	0	0	0	4	32	
1417661632 : 	0	0	0	4	14	
1418163812 : 	0	0	0	4	23	
1418661744 : 	0	0	0	4	32	
1419163328 : 	0	0	0	4	5	
1419664064 : 	0	0	0	4	14	
1420163104 : 	0	0	0	4	23	
1420663840 : 	0	0	0	4	32	
1421662248 : 	0	0	0	4	14	
1422161704 : 	0	0	0	4	23	
1422662268 : 	0	0	0	4	32	
1423162152 : 	0	0	0	4	5	
1423662128 : 	0	0	0	4	14	
1424162688 : 	0	0	0	4	23	
1424663848 : 	0	0	0	4	32	
1425163732 : 	0	0	0	4	5	
1426164268 : 	0	0	0	4	23	
1426664240 : 	0	0	0	4	32	
1427165236 : 	0	0	0	4	5	
1427662392 : 	0	0	0	4	14	
1428163728 : 	0	0	0	4	23	
1428663780 : 	0	0	0	4	32	
1429163160 : 	0	0	0	4	5	
1429665936 : 	0	0	0	4	14	
1430163608 : 	0	0	0	4	23	
1430662980 : 	0	0	0	4	32	
1431164476 : 	0	0	0	4	5	
1431665816 : 	0	0	0	4	14	
1432165184 : 	0	0	0	4	23	
1432665244 : 	0	0	0	4	32	
1433165124 : 	0	0	0	4	5	
1433665608 : 	0	0	0	4	14	
1434166000 : 	0	0	0	4	23	
1434663756 : 	0	0	0	4	32	
1435163472 : 	0	0	0	4	5	
1435658892 : 	0	0	0	4	14	
1436160188 : 	0	0	0	4	23	
1436660240 : 	0	0	0	4	32	
1437661624 : 	0	0	0	4	14	
1438158980 : 	0	0	0	4	23	
1438658992 : 	0	0	0	4	32	
1439159240 : 	0	0	0	4	5	
1439659044 : 	0	0	0	4	14	
1440159944 : 	0	0	0	4	23	
1440659232 : 	0	0	0	4	32	
1441160480 : 	0	0	0	4	5	
1441667084 : 	0	0	0	4	14	
1442160928 : 	0	0	0	4	23	
1442659136 : 	0	0	0	4	32	
1443160952 : 	0	0	0	4	5	
1443659172 : 	0	0	0	4	14	
1444159788 : 	0	0	0	4	23	
1444662224 : 	0	0	0	4	32	
1445161172 : 	0	0	0	4	5	
1445687748 : 	0	0	0	4	14	
1446161196 : 	0	0	0	4	23	
1446659980 : 	0	0	0	4	32	
1447159868 : 	0	0	0	4	5	
1447659584 : 	0	0	0	4	14	
1448159720 : 	0	0	0	4	23	
1448659772 : 	0	0	0	4	32	
1449159836 : 	0	0	0	4	5	
1449660648 : 	0	0	0	4	14	
1450161808 : 	0	0	0	4	23	
1450661864 : 	0	0	0	4	32	
1451160648 : 	0	0	0	4	5	
1451659508 : 	0	0	0	4	14	
1452159480 : 	0	0	0	4	23	
1452660044 : 	0	0	0	4	32	
1453162052 : 	0	0	0	4	5	
1454659760 : 	0	0	0	4	32	
1455159808 : 	0	0	0	4	5	
1455660040 : 	0	0	0	4	14	
1456160344 : 	0	0	0	4	23	
1456661248 : 	0	0	0	4	32	
1457160112 : 	0	0	0	4	5	
1457661444 : 	0	0	0	4	14	
1458161412 : 	0	0	0	4	23	
1459161188 : 	0	0	0	4	5	
1459662428 : 	0	0	0	4	14	
1460159764 : 	0	0	0	4	23	
1460661268 : 	0	0	0	4	32	
1461161828 : 	0	0	0	4	5	
1461661204 : 	0	0	0	4	14	
1462662672 : 	0	0	0	4	32	
1463160264 : 	0	0	0	4	5	
1463662188 : 	0	0	0	4	14	
1464161480 : 	0	0	0	4	23	
1464662384 : 	0	0	0	4	32	
1465162268 : 	0	0	0	4	5	
1465660880 : 	0	0	0	4	14	
1466161444 : 	0	0	0	4	23	
1466663624 : 	0	0	0	4	32	
1467661692 : 	0	0	0	4	14	
1468161664 : 	0	0	0	4	23	
1468661124 : 	0	0	0	4	32	
1469162452 : 	0	0	0	4	5	
1469662680 : 	0	0	0	4	14	
1470160524 : 	0	0	0	4	23	
1470661688 : 	0	0	0	4	32	
1471163444 : 	0	0	0	4	5	
1471662728 : 	0	0	0	4	14	
1472161764 : 	0	0	0	4	23	
1472662588 : 	0	0	0	4	32	
1473162212 : 	0	0	0	4	5	
1474163172 : 	0	0	0	4	23	
1474662972 : 	0	0	0	4	32	
1475163452 : 	0	0	0	4	5	
1475663424 : 	0	0	0	4	14	
1476662684 : 	0	0	0	4	32	
1477162992 : 	0	0	0	4	5	
1478162848 : 	0	0	0	4	23	
1478661032 : 	0	0	0	4	32	
1479161944 : 	0	0	0	4	5	
1480162308 : 	0	0	0	4	23	
1481163180 : 	0	0	0	4	5	
1481663064 : 	0	0	0	4	14	
1482163296 : 	0	0	0	4	23	
1482663428 : 	0	0	0	4	32	
1486257492 : 	0	0	0	4	5	
1486759244 : 	0	0	0	4	14	
1487259216 : 	0	0	0	4	23	
1487759016 : 	0	0	0	4	32	
1488258644 : 	0	0	0	4	5	
1488758104 : 	0	0	0	4	14	
1489260540 : 	0	0	0	4	23	
1489760764 : 	0	0	0	4	32	
2259995600 : 	0	0	0	4	5	
2260494472 : 	0	0	0	4	14	
2260994436 : 	0	0	0	4	23	
2261494236 : 	0	0	0	4	32	
2261994636 : 	0	0	0	4	5	
2262494092 : 	0	0	0	4	14	
2262997044 : 	0	0	0	4	23	
2263496240 : 	0	0	0	4	32	
2264995556 : 	0	0	0	4	23	
2265495100 : 	0	0	0	4	32	
2265997028 : 	0	0	0	4	5	
2266496656 : 	0	0	0	4	14	
2266994848 : 	0	0	0	4	23	
2267494812 : 	0	0	0	4	32	
2267998096 : 	0	0	0	4	5	
2268494156 : 	0	0	0	4	14	
2268996336 : 	0	0	0	4	23	
2269494444 : 	0	0	0	4	32	
2269995936 : 	0	0	0	4	5	
2270494208 : 	0	0	0	4	14	
2270995368 : 	0	0	0	4	23	
2271496016 : 	0	0	0	4	32	
2271994796 : 	0	0	0	4	5	
2272495360 : 	0	0	0	4	14	
2272995160 : 	0	0	0	4	23	
2273496660 : 	0	0	0	4	32	
2273994852 : 	0	0	0	4	5	
2274494652 : 	0	0	0	4	14	
2274994700 : 	0	0	0	4	23	
2275495180 : 	0	0	0	4	32	
2275994648 : 	0	0	0	4	5	
2276495120 : 	0	0	0	4	14	
2276994836 : 	0	0	0	4	23	
2277496168 : 	0	0	0	4	32	
2277996476 : 	0	0	0	4	5	
2278495088 : 	0	0	0	4	14	
2278995568 : 	0	0	0	4	23	
2279494940 : 	0	0	0	4	32	
2279995080 : 	0	0	0	4	5	
2280496664 : 	0	0	0	4	14	
2280994856 : 	0	0	0	4	23	
2281995392 : 	0	0	0	4	5	
2282495780 : 	0	0	0	4	14	
2282995240 : 	0	0	0	4	23	
2283495380 : 	0	0	0	4	32	
2283995692 : 	0	0	0	4	5	
2284495320 : 	0	0	0	4	14	
2284995460 : 	0	0	0	4	23	
2285496876 : 	0	0	0	4	32	
2285995400 : 	0	0	0	4	5	
2286495712 : 	0	0	0	4	14	
2286995340 : 	0	0	0	4	23	
2287494716 : 	0	0	0	4	32	
2287995368 : 	0	0	0	4	5	
2288494748 : 	0	0	0	4	14	
2288995052 : 	0	0	0	4	23	
2289495700 : 	0	0	0	4	32	
2290496236 : 	0	0	0	4	14	
2290994760 : 	0	0	0	4	23	
2291494392 : 	0	0	0	4	32	
2291994956 : 	0	0	0	4	5	
2292496372 : 	0	0	0	4	14	
2292995832 : 	0	0	0	4	23	
2293495292 : 	0	0	0	4	32	
2293995608 : 	0	0	0	4	5	
2294494464 : 	0	0	0	4	14	
2294996644 : 	0	0	0	4	23	
2295496192 : 	0	0	0	4	32	
2295994716 : 	0	0	0	4	5	
2296495792 : 	0	0	0	4	14	
2296996612 : 	0	0	0	4	23	
2297496588 : 	0	0	0	4	32	
2297996472 : 	0	0	0	4	5	
2298496016 : 	0	0	0	4	14	
2299496208 : 	0	0	0	4	32	
2299995664 : 	0	0	0	4	5	
2300496572 : 	0	0	0	4	14	
2300995268 : 	0	0	0	4	23	
2301496348 : 	0	0	0	4	32	
2302996512 : 	0	0	0	4	23	
2303490864 : 	0	0	0	4	32	
2303991772 : 	0	0	0	4	5	
2304490364 : 	0	0	0	4	14	
2304990604 : 	0	0	0	4	23	
2305490916 : 	0	0	0	4	32	
2305992848 : 	0	0	0	4	5	
2306992356 : 	0	0	0	4	23	
2307496492 : 	0	0	0	4	32	
2307990852 : 	0	0	0	4	5	
2308491928 : 	0	0	0	4	14	
2308992832 : 	0	0	0	4	23	
2309491100 : 	0	0	0	4	32	
2309990988 : 	0	0	0	4	5	
2310490872 : 	0	0	0	4	14	
2311508156 : 	0	0	0	4	32	
2311992908 : 	0	0	0	4	5	
2312491432 : 	0	0	0	4	14	
2312990380 : 	0	0	0	4	23	
2313493156 : 	0	0	0	4	32	
2313991000 : 	0	0	0	4	5	
2314491140 : 	0	0	0	4	14	
2314992216 : 	0	0	0	4	23	
2315493120 : 	0	0	0	4	32	
2315990372 : 	0	0	0	4	5	
2316492468 : 	0	0	0	4	14	
2316991160 : 	0	0	0	4	23	
2317491980 : 	0	0	0	4	32	
2317990676 : 	0	0	0	4	5	
2318492260 : 	0	0	0	4	14	
2318993512 : 	0	0	0	4	23	
2319493052 : 	0	0	0	4	32	
2319994636 : 	0	0	0	4	5	
2320489760 : 	0	0	0	4	14	
2320990668 : 	0	0	0	4	23	
2321492168 : 	0	0	0	4	32	
2321991116 : 	0	0	0	4	5	
2322490236 : 	0	0	0	4	14	
2322991232 : 	0	0	0	4	23	
2323492640 : 	0	0	0	4	32	
2323994228 : 	0	0	0	4	5	
2324491312 : 	0	0	0	4	14	
2324991448 : 	0	0	0	4	23	
2325492352 : 	0	0	0	4	32	
2325992152 : 	0	0	0	4	5	
2326492548 : 	0	0	0	4	14	
2326991580 : 	0	0	0	4	23	
2327492232 : 	0	0	0	4	32	
2327994156 : 	0	0	0	4	5	
2328492852 : 	0	0	0	4	14	
2328991716 : 	0	0	0	4	23	
2329489988 : 	0	0	0	4	32	
2329991488 : 	0	0	0	4	5	
2330492648 : 	0	0	0	4	14	
2330991340 : 	0	0	0	4	23	
2331491820 : 	0	0	0	4	32	
2331991280 : 	0	0	0	4	5	
2332493800 : 	0	0	0	4	14	
2332993772 : 	0	0	0	4	23	
2333492892 : 	0	0	0	4	32	
2333989632 : 	0	0	0	4	5	
2334491980 : 	0	0	0	4	14	
2334992036 : 	0	0	0	4	23	
2335492184 : 	0	0	0	4	32	
2335989772 : 	0	0	0	4	5	
2336492372 : 	0	0	0	4	14	
2336993872 : 	0	0	0	4	23	
2337492312 : 	0	0	0	4	32	
2337992452 : 	0	0	0	4	5	
2338492512 : 	0	0	0	4	14	
2338989588 : 	0	0	0	4	23	
2339493212 : 	0	0	0	4	32	
2339991820 : 	0	0	0	4	5	
2340490772 : 	0	0	0	4	14	
2340992356 : 	0	0	0	4	23	
2341492756 : 	0	0	0	4	32	
2341992892 : 	0	0	0	4	5	
2342493116 : 	0	0	0	4	14	
2342992920 : 	0	0	0	4	23	
2343493908 : 	0	0	0	4	32	
2343993280 : 	0	0	0	4	5	
2344493676 : 	0	0	0	4	14	
2344991784 : 	0	0	0	4	23	
2345493020 : 	0	0	0	4	32	
2345991544 : 	0	0	0	4	5	
2346493988 : 	0	0	0	4	14	
2346990128 : 	0	0	0	4	23	
2347492560 : 	0	0	0	4	32	
2347992616 : 	0	0	0	4	5	
2348492848 : 	0	0	0	4	14	
2348993748 : 	0	0	0	4	23	
2349491760 : 	0	0	0	4	32	
2349991816 : 	0	0	0	4	5	
2350491792 : 	0	0	0	4	14	
2350993372 : 	0	0	0	4	23	
2351993820 : 	0	0	0	4	5	
2352492176 : 	0	0	0	4	14	
2352991552 : 	0	0	0	4	23	
2353493220 : 	0	0	0	4	32	
2353992512 : 	0	0	0	4	5	
2354493248 : 	0	0	0	4	14	
2354992960 : 	0	0	0	4	23	
2355994692 : 	0	0	0	4	5	
2356493040 : 	0	0	0	4	14	
2356992248 : 	0	0	0	4	23	
2357494428 : 	0	0	0	4	32	
2357994224 : 	0	0	0	4	5	
2358493008 : 	0	0	0	4	14	
2358991616 : 	0	0	0	4	23	
2359491416 : 	0	0	0	4	32	
2359991640 : 	0	0	0	4	5	
2360494076 : 	0	0	0	4	14	
2360992948 : 	0	0	0	4	23	
2361491296 : 	0	0	0	4	32	
2361993312 : 	0	0	0	4	5	
2362491832 : 	0	0	0	4	14	
2362994604 : 	0	0	0	4	23	
2363491940 : 	0	0	0	4	32	
2364491964 : 	0	0	0	4	14	
2364994144 : 	0	0	0	4	23	
2365491904 : 	0	0	0	4	32	
2365993916 : 	0	0	0	4	5	
2366490996 : 	0	0	0	4	14	
2366989948 : 	0	0	0	4	23	
2367495192 : 	0	0	0	4	32	
2368493172 : 	0	0	0	4	14	
2368991528 : 	0	0	0	4	23	
2369492344 : 	0	0	0	4	32	
2369993768 : 	0	0	0	4	5	
2370491352 : 	0	0	0	4	14	
2370992340 : 	0	0	0	4	23	
2371493076 : 	0	0	0	4	32	
2371991432 : 	0	0	0	4	5	
2372494204 : 	0	0	0	4	14	
2372992056 : 	0	0	0	4	23	
2373492616 : 	0	0	0	4	32	
2373992508 : 	0	0	0	4	5	
2374492812 : 	0	0	0	4	14	
2374991676 : 	0	0	0	4	23	
2375492920 : 	0	0	0	4	32	
2375992552 : 	0	0	0	4	5	
2376494052 : 	0	0	0	4	14	
2376991728 : 	0	0	0	4	23	
2377992092 : 	0	0	0	4	5	
2378491720 : 	0	0	0	4	14	
2378989228 : 	0	0	0	4	23	
2379489288 : 	0	0	0	4	32	
2379989848 : 	0	0	0	4	5	
2380489824 : 	0	0	0	4	14	
2380990892 : 	0	0	0	4	23	
2381487972 : 	0	0	0	4	32	
2381987772 : 	0	0	0	4	5	
2382487996 : 	0	0	0	4	14	
2382988220 : 	0	0	0	4	23	
2383488112 : 	0	0	0	4	32	
2383987740 : 	0	0	0	4	5	
2384487792 : 	0	0	0	4	14	
2384988612 : 	0	0	0	4	23	
2385988380 : 	0	0	0	4	5	
2386490304 : 	0	0	0	4	14	
2386989852 : 	0	0	0	4	23	
2387488544 : 	0	0	0	4	32	
2387988092 : 	0	0	0	4	5	
2388488236 : 	0	0	0	4	14	
2388989648 : 	0	0	0	4	23	
2389994940 : 	0	0	0	4	5	
2390488116 : 	0	0	0	4	14	
2390990204 : 	0	0	0	4	23	
2391489836 : 	0	0	0	4	32	
2391987936 : 	0	0	0	4	5	
2392489180 : 	0	0	0	4	14	
2392988732 : 	0	0	0	4	23	
2393488952 : 	0	0	0	4	32	
2393989856 : 	0	0	0	4	5	
2394490592 : 	0	0	0	4	14	
2394987924 : 	0	0	0	4	23	
2395488236 : 	0	0	0	4	32	
2395988292 : 	0	0	0	4	5	
2396488688 : 	0	0	0	4	14	
2396987636 : 	0	0	0	4	23	
2397490332 : 	0	0	0	4	32	
2397987660 : 	0	0	0	4	5	
2398488564 : 	0	0	0	4	14	
2398989556 : 	0	0	0	4	23	
2399490292 : 	0	0	0	4	32	
2399987456 : 	0	0	0	4	5	
2400490232 : 	0	0	0	4	14	
2400987652 : 	0	0	0	4	23	
2401488388 : 	0	0	0	4	32	
2401988272 : 	0	0	0	4	5	
2402489004 : 	0	0	0	4	14	
2402990508 : 	0	0	0	4	23	
2403490560 : 	0	0	0	4	32	
2403991556 : 	0	0	0	4	5	
2404487780 : 	0	0	0	4	14	
2404987496 : 	0	0	0	4	23	
2405487804 : 	0	0	0	4	32	
2405987096 : 	0	0	0	4	5	
2406489872 : 	0	0	0	4	14	
2406988568 : 	0	0	0	4	23	
2407488876 : 	0	0	0	4	32	
2407990204 : 	0	0	0	4	5	
2408488392 : 	0	0	0	4	14	
2408990232 : 	0	0	0	4	23	
2409487820 : 	0	0	0	4	32	
2409988640 : 	0	0	0	4	5	
2410486996 : 	0	0	0	4	14	
2410991384 : 	0	0	0	4	23	
2411492380 : 	0	0	0	4	32	
2411990220 : 	0	0	0	4	5	
2412988632 : 	0	0	0	4	23	
2413488516 : 	0	0	0	4	32	
2413988400 : 	0	0	0	4	5	
2414488716 : 	0	0	0	4	14	
2414987152 : 	0	0	0	4	23	
2415488652 : 	0	0	0	4	32	
2415991084 : 	0	0	0	4	5	
2416987372 : 	0	0	0	4	23	
2417489380 : 	0	0	0	4	32	
2417989860 : 	0	0	0	4	5	
2418489320 : 	0	0	0	4	14	
2418988780 : 	0	0	0	4	23	
2419489348 : 	0	0	0	4	32	
2419991440 : 	0	0	0	4	5	
2420989092 : 	0	0	0	4	23	
2421489312 : 	0	0	0	4	32	
2421989708 : 	0	0	0	4	5	
2422489848 : 	0	0	0	4	14	
2422989732 : 	0	0	0	4	23	
2423489708 : 	0	0	0	4	32	
2423991796 : 	0	0	0	4	5	
2424489728 : 	0	0	0	4	14	
2425490176 : 	0	0	0	4	32	
2425990488 : 	0	0	0	4	5	
2426490540 : 	0	0	0	4	14	
2426989752 : 	0	0	0	4	23	
2427488524 : 	0	0	0	4	32	
2427991472 : 	0	0	0	4	5	
2428488976 : 	0	0	0	4	14	
2429489512 : 	0	0	0	4	32	
2429989652 : 	0	0	0	4	5	
2430490388 : 	0	0	0	4	14	
2430990016 : 	0	0	0	4	23	
2431490412 : 	0	0	0	4	32	
2431991060 : 	0	0	0	4	5	
2432491288 : 	0	0	0	4	14	
2432992448 : 	0	0	0	4	23	
2433488504 : 	0	0	0	4	32	
2433989756 : 	0	0	0	4	5	
2434490572 : 	0	0	0	4	14	
2434989692 : 	0	0	0	4	23	
2435490000 : 	0	0	0	4	32	
2435991416 : 	0	0	0	4	5	
2436490452 : 	0	0	0	4	14	
2436989316 : 	0	0	0	4	23	
2437490392 : 	0	0	0	4	32	
2437989000 : 	0	0	0	4	5	
2438489992 : 	0	0	0	4	14	
2438989536 : 	0	0	0	4	23	
2439489164 : 	0	0	0	4	32	
2439990752 : 	0	0	0	4	5	
2440490892 : 	0	0	0	4	14	
2440988568 : 	0	0	0	4	23	
2441490408 : 	0	0	0	4	32	
2442490856 : 	0	0	0	4	14	
2442989892 : 	0	0	0	4	23	
2443488840 : 	0	0	0	4	32	
2443989576 : 	0	0	0	4	5	
2444490224 : 	0	0	0	4	14	
2444990960 : 	0	0	0	4	23	
2445492384 : 	0	0	0	4	32	
2445989796 : 	0	0	0	4	5	
2446490276 : 	0	0	0	4	14	
2446991528 : 	0	0	0	4	23	
2447986532 : 	0	0	0	4	5	
2450488344 : 	0	0	0	4	14	
2451488532 : 	0	0	0	4	32	
2452988272 : 	0	0	0	4	23	
2454987728 : 	0	0	0	4	23	
2456989052 : 	0	0	0	4	23	
2458488024 : 	0	0	0	4	14	
2459988956 : 	0	0	0	4	5	
2461489036 : 	0	0	0	4	32	
2461988668 : 	0	0	0	4	5	
2462989288 : 	0	0	0	4	23	
2464489196 : 	0	0	0	4	14	
2464989168 : 	0	0	0	4	23	
2465489056 : 	0	0	0	4	32	
2465988772 : 	0	0	0	4	5	
2466489420 : 	0	0	0	4	14	
2466988620 : 	0	0	0	4	23	
2467489184 : 	0	0	0	4	32	
2468489128 : 	0	0	0	4	14	
2469489492 : 	0	0	0	4	32	
2469989208 : 	0	0	0	4	5	
2470487900 : 	0	0	0	4	14	
2470989316 : 	0	0	0	4	23	
2471489456 : 	0	0	0	4	32	
2472488800 : 	0	0	0	4	14	
2472989452 : 	0	0	0	4	23	
2473489596 : 	0	0	0	4	32	
2473989392 : 	0	0	0	4	5	
2474489876 : 	0	0	0	4	14	
2474989756 : 	0	0	0	4	23	
2475490832 : 	0	0	0	4	32	
2476490344 : 	0	0	0	4	14	
2476989296 : 	0	0	0	4	23	
2477490208 : 	0	0	0	4	32	
2477990424 : 	0	0	0	4	5	
2478488952 : 	0	0	0	4	14	
2478989600 : 	0	0	0	4	23	
2479489740 : 	0	0	0	4	32	
2480489256 : 	0	0	0	4	14	
2480989568 : 	0	0	0	4	23	
2481489032 : 	0	0	0	4	32	
2481989684 : 	0	0	0	4	5	
2482489484 : 	0	0	0	4	14	
2482989360 : 	0	0	0	4	23	
2483490180 : 	0	0	0	4	32	
2483987772 : 	0	0	0	4	5	
2484487912 : 	0	0	0	4	14	
2484990260 : 	0	0	0	4	23	
2485490400 : 	0	0	0	4	32	
2485987908 : 	0	0	0	4	5	
2486490084 : 	0	0	0	4	14	
2486990140 : 	0	0	0	4	23	
2487488328 : 	0	0	0	4	32	
2487990168 : 	0	0	0	4	5	
2488489288 : 	0	0	0	4	14	
2488988320 : 	0	0	0	4	23	
2489489736 : 	0	0	0	4	32	
2489988516 : 	0	0	0	4	5	
2490490100 : 	0	0	0	4	14	
2490990580 : 	0	0	0	4	23	
2491490296 : 	0	0	0	4	32	
2491990268 : 	0	0	0	4	5	
2492488028 : 	0	0	0	4	14	
2492987912 : 	0	0	0	4	23	
2493488144 : 	0	0	0	4	32	
2493988876 : 	0	0	0	4	5	
2494488924 : 	0	0	0	4	14	
2494989236 : 	0	0	0	4	23	
2495489548 : 	0	0	0	4	32	
2495990196 : 	0	0	0	4	5	
2496489492 : 	0	0	0	4	14	
2497488492 : 	0	0	0	4	32	
2497987952 : 	0	0	0	4	5	
2498489112 : 	0	0	0	4	14	
2498988824 : 	0	0	0	4	23	
2504490032 : 	0	0	0	4	14	
2505487672 : 	0	0	0	4	32	
2507487892 : 	0	0	0	4	32	
2508988572 : 	0	0	0	4	23	
2514487724 : 	0	0	0	4	14	
2515487412 : 	0	0	0	4	32	
2515987556 : 	0	0	0	4	5	
2516487776 : 	0	0	0	4	14	
2516991824 : 	0	0	0	4	23	
2519488360 : 	0	0	0	4	32	
2519986888 : 	0	0	0	4	5	
2520487536 : 	0	0	0	4	14	
2521987872 : 	0	0	0	4	5	
2522488608 : 	0	0	0	4	14	
2522988068 : 	0	0	0	4	23	
2523987668 : 	0	0	0	4	5	
2524987264 : 	0	0	0	4	23	
2525489020 : 	0	0	0	4	32	
2525988480 : 	0	0	0	4	5	
2527487624 : 	0	0	0	4	32	
2527988020 : 	0	0	0	4	5	
2528989064 : 	0	0	0	4	23	
2530486000 : 	0	0	0	4	14	
2531487132 : 	0	0	0	4	32	
2532987048 : 	0	0	0	4	23	
2538987620 : 	0	0	0	4	23	
2540487100 : 	0	0	0	4	14	
2542487152 : 	0	0	0	4	14	
2543988168 : 	0	0	0	4	5	
2545488076 : 	0	0	0	4	32	
2550487012 : 	0	0	0	4	14	
2551486952 : 	0	0	0	4	32	
2551987268 : 	0	0	0	4	5	
2552487824 : 	0	0	0	4	14	
2553488108 : 	0	0	0	4	32	
2553988588 : 	0	0	0	4	5	
2554987168 : 	0	0	0	4	23	
2555487560 : 	0	0	0	4	32	
2555987788 : 	0	0	0	4	5	
2556987564 : 	0	0	0	4	23	
2557488888 : 	0	0	0	4	32	
2557988260 : 	0	0	0	4	5	
2559489196 : 	0	0	0	4	32	
2559988312 : 	0	0	0	4	5	
2560986892 : 	0	0	0	4	23	
2561488732 : 	0	0	0	4	32	
2562488508 : 	0	0	0	4	14	
2562988384 : 	0	0	0	4	23	
2563988752 : 	0	0	0	4	5	
2564488804 : 	0	0	0	4	14	
2564989200 : 	0	0	0	4	23	
2565988380 : 	0	0	0	4	5	
2566988916 : 	0	0	0	4	23	
2567988936 : 	0	0	0	4	5	
2568989732 : 	0	0	0	4	23	
2569988228 : 	0	0	0	4	5	
2570487340 : 	0	0	0	4	14	
2571983680 : 	0	0	0	4	5	
2572483820 : 	0	0	0	4	14	
2572985236 : 	0	0	0	4	23	
2573483448 : 	0	0	0	4	32	
2573985092 : 	0	0	0	4	5	
2574485148 : 	0	0	0	4	14	
2575485256 : 	0	0	0	4	32	
2575984036 : 	0	0	0	4	5	
2576486476 : 	0	0	0	4	14	
2576985844 : 	0	0	0	4	23	
2577486412 : 	0	0	0	4	32	
2577983584 : 	0	0	0	4	5	
2578485924 : 	0	0	0	4	14	
2578986492 : 	0	0	0	4	23	
2579986176 : 	0	0	0	4	5	
2580483680 : 	0	0	0	4	14	
2580984332 : 	0	0	0	4	23	
2581483628 : 	0	0	0	4	32	
2581986316 : 	0	0	0	4	5	
2582486368 : 	0	0	0	4	14	
2582987440 : 	0	0	0	4	23	
2583483840 : 	0	0	0	4	32	
2583983556 : 	0	0	0	4	5	
2584486160 : 	0	0	0	4	14	
2584984692 : 	0	0	0	4	23	
2585484232 : 	0	0	0	4	32	
2585984624 : 	0	0	0	4	5	
2586484172 : 	0	0	0	4	14	
2586987116 : 	0	0	0	4	23	
2587488192 : 	0	0	0	4	32	
2587983740 : 	0	0	0	4	5	
2588483968 : 	0	0	0	4	14	
2588985128 : 	0	0	0	4	23	
2589485436 : 	0	0	0	4	32	
2589983796 : 	0	0	0	4	5	
2590485292 : 	0	0	0	4	14	
2590987308 : 	0	0	0	4	23	
2591487780 : 	0	0	0	4	32	
2591983928 : 	0	0	0	4	5	
2592485340 : 	0	0	0	4	14	
2592984972 : 	0	0	0	4	23	
2593483496 : 	0	0	0	4	32	
2593984148 : 	0	0	0	4	5	
2594485732 : 	0	0	0	4	14	
2594986464 : 	0	0	0	4	23	
2595488220 : 	0	0	0	4	32	
2595984112 : 	0	0	0	4	5	
2596484592 : 	0	0	0	4	14	
2596983032 : 	0	0	0	4	23	
2597484020 : 	0	0	0	4	32	
2597984928 : 	0	0	0	4	5	
2598486092 : 	0	0	0	4	14	
2598987160 : 	0	0	0	4	23	
2599486196 : 	0	0	0	4	32	
2599989316 : 	0	0	0	4	5	
2600486392 : 	0	0	0	4	14	
2600985688 : 	0	0	0	4	23	
2601485316 : 	0	0	0	4	32	
2601985116 : 	0	0	0	4	5	
2602486356 : 	0	0	0	4	14	
2602985308 : 	0	0	0	4	23	
2603486304 : 	0	0	0	4	32	
2603988392 : 	0	0	0	4	5	
2604487000 : 	0	0	0	4	14	
2604987488 : 	0	0	0	4	23	
2605486688 : 	0	0	0	4	32	
2605986232 : 	0	0	0	4	5	
2606487476 : 	0	0	0	4	14	
2606985152 : 	0	0	0	4	23	
2607488520 : 	0	0	0	4	32	
2607987900 : 	0	0	0	4	5	
2608486080 : 	0	0	0	4	14	
2608987580 : 	0	0	0	4	23	
2609486276 : 	0	0	0	4	32	
2609988372 : 	0	0	0	4	5	
2610487328 : 	0	0	0	4	14	
2610988480 : 	0	0	0	4	23	
2611486844 : 	0	0	0	4	32	
2611988080 : 	0	0	0	4	5	
2612488228 : 	0	0	0	4	14	
2612987852 : 	0	0	0	4	23	
2613985496 : 	0	0	0	4	5	
2614486996 : 	0	0	0	4	14	
2614987988 : 	0	0	0	4	23	
2615487872 : 	0	0	0	4	32	
2615987500 : 	0	0	0	4	5	
2616486876 : 	0	0	0	4	14	
2616986504 : 	0	0	0	4	23	
2617487324 : 	0	0	0	4	32	
2617986276 : 	0	0	0	4	5	
2618486756 : 	0	0	0	4	14	
2618988428 : 	0	0	0	4	23	
2619486780 : 	0	0	0	4	32	
2619987772 : 	0	0	0	4	5	
2620487060 : 	0	0	0	4	14	
2620987464 : 	0	0	0	4	23	
2621486660 : 	0	0	0	4	32	
2622486176 : 	0	0	0	4	14	
2622985720 : 	0	0	0	4	23	
2623486200 : 	0	0	0	4	32	
2623985752 : 	0	0	0	4	5	
2624487244 : 	0	0	0	4	14	
2624985004 : 	0	0	0	4	23	
2625486420 : 	0	0	0	4	32	
2625986652 : 	0	0	0	4	5	
2626987860 : 	0	0	0	4	23	
2627485796 : 	0	0	0	4	32	
2627986696 : 	0	0	0	4	5	
2628486836 : 	0	0	0	4	14	
2628987740 : 	0	0	0	4	23	
2629487372 : 	0	0	0	4	32	
2629983856 : 	0	0	0	4	5	
2630486716 : 	0	0	0	4	14	
2630984308 : 	0	0	0	4	23	
2631482496 : 	0	0	0	4	32	
2631982184 : 	0	0	0	4	5	
2632484216 : 	0	0	0	4	14	
2632984016 : 	0	0	0	4	23	
2633482540 : 	0	0	0	4	32	
2634500672 : 	0	0	0	4	14	
2634984744 : 	0	0	0	4	23	
2635484296 : 	0	0	0	4	32	
2635982648 : 	0	0	0	4	5	
2636484060 : 	0	0	0	4	14	
2636982076 : 	0	0	0	4	23	
2637484596 : 	0	0	0	4	32	
2637984828 : 	0	0	0	4	5	
2638484628 : 	0	0	0	4	14	
2638982380 : 	0	0	0	4	23	
2639484900 : 	0	0	0	4	32	
2639984708 : 	0	0	0	4	5	
2640482468 : 	0	0	0	4	14	
2640982516 : 	0	0	0	4	23	
2641484872 : 	0	0	0	4	32	
2642982820 : 	0	0	0	4	23	
2643482620 : 	0	0	0	4	32	
2643983448 : 	0	0	0	4	5	
2644482228 : 	0	0	0	4	14	
2644984484 : 	0	0	0	4	23	
2645483264 : 	0	0	0	4	32	
2645984000 : 	0	0	0	4	5	
2646484480 : 	0	0	0	4	14	
2646985556 : 	0	0	0	4	23	
2647484080 : 	0	0	0	4	32	
2647983372 : 	0	0	0	4	5	
2648483428 : 	0	0	0	4	14	
2648983992 : 	0	0	0	4	23	
2649482352 : 	0	0	0	4	32	
2649984780 : 	0	0	0	4	5	
2650485948 : 	0	0	0	4	14	
2650985492 : 	0	0	0	4	23	
2651481800 : 	0	0	0	4	32	
2651983812 : 	0	0	0	4	5	
2652484888 : 	0	0	0	4	14	
2652982984 : 	0	0	0	4	23	
2653484316 : 	0	0	0	4	32	
2653982500 : 	0	0	0	4	5	
2654484852 : 	0	0	0	4	14	
2654985672 : 	0	0	0	4	23	
2655483516 : 	0	0	0	4	32	
2655983400 : 	0	0	0	4	5	
2656482944 : 	0	0	0	4	14	
2656982156 : 	0	0	0	4	23	
2657483912 : 	0	0	0	4	32	
2657985068 : 	0	0	0	4	5	
2658484364 : 	0	0	0	4	14	
2658985096 : 	0	0	0	4	23	
2659483276 : 	0	0	0	4	32	
2659983160 : 	0	0	0	4	5	
2660483300 : 	0	0	0	4	14	
2660986076 : 	0	0	0	4	23	
2661485112 : 	0	0	0	4	32	
2661982368 : 	0	0	0	4	5	
2662484628 : 	0	0	0	4	14	
2662986212 : 	0	0	0	4	23	
2663486948 : 	0	0	0	4	32	
2664484168 : 	0	0	0	4	14	
2664985756 : 	0	0	0	4	23	
2665483936 : 	0	0	0	4	32	
2665985776 : 	0	0	0	4	5	
2666484300 : 	0	0	0	4	14	
2666984780 : 	0	0	0	4	23	
2667485432 : 	0	0	0	4	32	
2667984212 : 	0	0	0	4	5	
2668484520 : 	0	0	0	4	14	
2668986360 : 	0	0	0	4	23	
2669484972 : 	0	0	0	4	32	
2669983756 : 	0	0	0	4	5	
2670483296 : 	0	0	0	4	14	
2670984376 : 	0	0	0	4	23	
2671485448 : 	0	0	0	4	32	
2671983208 : 	0	0	0	4	5	
2672484620 : 	0	0	0	4	14	
2672984088 : 	0	0	0	4	23	
2673484824 : 	0	0	0	4	32	
2673984104 : 	0	0	0	4	5	
2674484588 : 	0	0	0	4	14	
2674983364 : 	0	0	0	4	23	
2675486056 : 	0	0	0	4	32	
2675984416 : 	0	0	0	4	5	
2676486336 : 	0	0	0	4	14	
2676984352 : 	0	0	0	4	23	
2677485256 : 	0	0	0	4	32	
2677984800 : 	0	0	0	4	5	
2678485368 : 	0	0	0	4	14	
2678983212 : 	0	0	0	4	23	
2679485484 : 	0	0	0	4	32	
2679984428 : 	0	0	0	4	5	
2680485416 : 	0	0	0	4	14	
2680985300 : 	0	0	0	4	23	
2681485184 : 	0	0	0	4	32	
2681985580 : 	0	0	0	4	5	
2682485896 : 	0	0	0	4	14	
2682985528 : 	0	0	0	4	23	
2683485576 : 	0	0	0	4	32	
2684485348 : 	0	0	0	4	14	
2684986252 : 	0	0	0	4	23	
2690484312 : 	0	0	0	4	14	
2691483992 : 	0	0	0	4	32	
2692983476 : 	0	0	0	4	23	
2693483108 : 	0	0	0	4	32	
2693984012 : 	0	0	0	4	5	
2694483052 : 	0	0	0	4	14	
2694983524 : 	0	0	0	4	23	
2695484092 : 	0	0	0	4	32	
2695983216 : 	0	0	0	4	5	
2696484540 : 	0	0	0	4	14	
2696983916 : 	0	0	0	4	23	
2697984704 : 	0	0	0	4	5	
2698484504 : 	0	0	0	4	14	
2699483680 : 	0	0	0	4	32	
2699984672 : 	0	0	0	4	5	
2700984448 : 	0	0	0	4	23	
2701484580 : 	0	0	0	4	32	
2701984212 : 	0	0	0	4	5	
2702484860 : 	0	0	0	4	14	
2702984576 : 	0	0	0	4	23	
2703485736 : 	0	0	0	4	32	
2703984176 : 	0	0	0	4	5	
2704984628 : 	0	0	0	4	23	
2705483748 : 	0	0	0	4	32	
2705985076 : 	0	0	0	4	5	
2706484536 : 	0	0	0	4	14	
2706983828 : 	0	0	0	4	23	
2707484824 : 	0	0	0	4	32	
2707984956 : 	0	0	0	4	5	
2708984724 : 	0	0	0	4	23	
2709485120 : 	0	0	0	4	32	
2709985600 : 	0	0	0	4	5	
2710484636 : 	0	0	0	4	14	
2710985712 : 	0	0	0	4	23	
2711484580 : 	0	0	0	4	32	
2711984376 : 	0	0	0	4	5	
2712484948 : 	0	0	0	4	14	
2712983380 : 	0	0	0	4	23	
2713485484 : 	0	0	0	4	32	
2713983236 : 	0	0	0	4	5	
2714484992 : 	0	0	0	4	14	
2714985476 : 	0	0	0	4	23	
2715483324 : 	0	0	0	4	32	
2715983628 : 	0	0	0	4	5	
2716485644 : 	0	0	0	4	14	
2716983404 : 	0	0	0	4	23	
2717484896 : 	0	0	0	4	32	
2717985036 : 	0	0	0	4	5	
2720982988 : 	0	0	0	4	23	
2722482728 : 	0	0	0	4	14	
2722983120 : 	0	0	0	4	23	
2723985272 : 	0	0	0	4	5	
2724485836 : 	0	0	0	4	14	
2725482552 : 	0	0	0	4	32	
2726483088 : 	0	0	0	4	14	
2729983048 : 	0	0	0	4	5	
2732983628 : 	0	0	0	4	23	
2733483852 : 	0	0	0	4	32	
2733983480 : 	0	0	0	4	5	
2736983300 : 	0	0	0	4	23	
2737984092 : 	0	0	0	4	5	
2741487536 : 	0	0	0	4	32	
2741984192 : 	0	0	0	4	5	
2742479824 : 	0	0	0	4	14	
2742980984 : 	0	0	0	4	23	
2743480872 : 	0	0	0	4	32	
2743982208 : 	0	0	0	4	5	
2744480132 : 	0	0	0	4	14	
2746480520 : 	0	0	0	4	14	
2746980236 : 	0	0	0	4	23	
2747479108 : 	0	0	0	4	32	
2747979844 : 	0	0	0	4	5	
2748480232 : 	0	0	0	4	14	
2749481616 : 	0	0	0	4	32	
2749979884 : 	0	0	0	4	5	
2750480704 : 	0	0	0	4	14	
2750980508 : 	0	0	0	4	23	
2751481412 : 	0	0	0	4	32	
2751981976 : 	0	0	0	4	5	
2752479992 : 	0	0	0	4	14	
2753483076 : 	0	0	0	4	32	
2753979568 : 	0	0	0	4	5	
2754481656 : 	0	0	0	4	14	
2754981628 : 	0	0	0	4	23	
2755479732 : 	0	0	0	4	32	
2755980296 : 	0	0	0	4	5	
2756481792 : 	0	0	0	4	14	
2756982440 : 	0	0	0	4	23	
2757483260 : 	0	0	0	4	32	
2758480996 : 	0	0	0	4	14	
2758981648 : 	0	0	0	4	23	
2759479484 : 	0	0	0	4	32	
2759980560 : 	0	0	0	4	5	
2760481464 : 	0	0	0	4	14	
2760982032 : 	0	0	0	4	23	
2761481660 : 	0	0	0	4	32	
2761980956 : 	0	0	0	4	5	
2762481260 : 	0	0	0	4	14	
2762979276 : 	0	0	0	4	23	
2763480692 : 	0	0	0	4	32	
2763981172 : 	0	0	0	4	5	
2764480460 : 	0	0	0	4	14	
2765482612 : 	0	0	0	4	32	
2765984028 : 	0	0	0	4	5	
2766482472 : 	0	0	0	4	14	
2766980480 : 	0	0	0	4	23	
2767480536 : 	0	0	0	4	32	
2767981100 : 	0	0	0	4	5	
2768479964 : 	0	0	0	4	14	
2768981212 : 	0	0	0	4	23	
2769482456 : 	0	0	0	4	32	
2769983444 : 	0	0	0	4	5	
2770480868 : 	0	0	0	4	14	
2770982280 : 	0	0	0	4	23	
2771480728 : 	0	0	0	4	32	
2771982732 : 	0	0	0	4	5	
2772482788 : 	0	0	0	4	14	
2772982588 : 	0	0	0	4	23	
2773481112 : 	0	0	0	4	32	
2773983460 : 	0	0	0	4	5	
2774481560 : 	0	0	0	4	14	
2774983232 : 	0	0	0	4	23	
2775481332 : 	0	0	0	4	32	
2775981640 : 	0	0	0	4	5	
2776481016 : 	0	0	0	4	14	
2776982092 : 	0	0	0	4	23	
2777482408 : 	0	0	0	4	32	
2777982124 : 	0	0	0	4	5	
2778482084 : 	0	0	0	4	14	
2778982140 : 	0	0	0	4	23	
2779482452 : 	0	0	0	4	32	
2779982252 : 	0	0	0	4	5	
2780482220 : 	0	0	0	4	14	
2780981348 : 	0	0	0	4	23	
2781482416 : 	0	0	0	4	32	
2781981028 : 	0	0	0	4	5	
2782982496 : 	0	0	0	4	23	
2783483068 : 	0	0	0	4	32	
2783982696 : 	0	0	0	4	5	
2788139936 : 	0	0	0	4	5	
2788639564 : 	0	0	0	4	14	
2789639588 : 	0	0	0	4	32	
2790140664 : 	0	0	0	4	5	
2790639792 : 	0	0	0	4	14	
2791139076 : 	0	0	0	4	23	
