554001628 : 	0	0	0	4	6	
554662000 : 	0	0	0	4	6	
555662784 : 	0	0	0	4	15	
556665188 : 	0	0	0	4	24	
557662408 : 	0	0	0	4	33	
558664472 : 	0	0	0	4	6	
559661104 : 	0	0	0	4	15	
560664864 : 	0	0	0	4	24	
562662872 : 	0	0	0	4	6	
563660432 : 	0	0	0	4	15	
564662584 : 	0	0	0	4	24	
566662212 : 	0	0	0	4	6	
567662748 : 	0	0	0	4	15	
568661324 : 	0	0	0	4	24	
569660244 : 	0	0	0	4	33	
570662224 : 	0	0	0	4	6	
571663352 : 	0	0	0	4	15	
572662612 : 	0	0	0	4	24	
573661616 : 	0	0	0	4	33	
574662152 : 	0	0	0	4	6	
575663452 : 	0	0	0	4	15	
576662288 : 	0	0	0	4	24	
577663248 : 	0	0	0	4	33	
578661744 : 	0	0	0	4	6	
579661088 : 	0	0	0	4	15	
580661028 : 	0	0	0	4	24	
581662072 : 	0	0	0	4	33	
582660992 : 	0	0	0	4	6	
583663144 : 	0	0	0	4	15	
584660532 : 	0	0	0	4	24	
585662256 : 	0	0	0	4	33	
586663052 : 	0	0	0	4	6	
587661288 : 	0	0	0	4	15	
588661736 : 	0	0	0	4	24	
589662016 : 	0	0	0	4	33	
590660428 : 	0	0	0	4	6	
591662324 : 	0	0	0	4	15	
595658428 : 	0	0	0	4	15	
605657828 : 	0	0	0	4	33	
606659552 : 	0	0	0	4	6	
607658216 : 	0	0	0	4	15	
609658692 : 	0	0	0	4	33	
610657952 : 	0	0	0	4	6	
611658232 : 	0	0	0	4	15	
612658768 : 	0	0	0	4	24	
613659216 : 	0	0	0	4	33	
614657372 : 	0	0	0	4	6	
616657848 : 	0	0	0	4	24	
712951076 : 	0	0	0	4	6	
713951188 : 	0	0	0	4	15	
714950616 : 	0	0	0	4	24	
715951156 : 	0	0	0	4	33	
716951264 : 	0	0	0	4	6	
717950016 : 	0	0	0	4	15	
718953948 : 	0	0	0	4	24	
719950920 : 	0	0	0	4	33	
720953408 : 	0	0	0	4	6	
721951304 : 	0	0	0	4	15	
723950764 : 	0	0	0	4	33	
724951548 : 	0	0	0	4	6	
725952080 : 	0	0	0	4	15	
726950660 : 	0	0	0	4	24	
727950352 : 	0	0	0	4	33	
728952072 : 	0	0	0	4	6	
729950908 : 	0	0	0	4	15	
730951612 : 	0	0	0	4	24	
732950564 : 	0	0	0	4	6	
733951348 : 	0	0	0	4	15	
734951712 : 	0	0	0	4	24	
735951996 : 	0	0	0	4	33	
736949044 : 	0	0	0	4	6	
737950256 : 	0	0	0	4	15	
738952408 : 	0	0	0	4	24	
739950476 : 	0	0	0	4	33	
740950416 : 	0	0	0	4	6	
741949512 : 	0	0	0	4	15	
742950212 : 	0	0	0	4	24	
743952192 : 	0	0	0	4	33	
744950432 : 	0	0	0	4	6	
745950116 : 	0	0	0	4	15	
746950396 : 	0	0	0	4	24	
747950592 : 	0	0	0	4	33	
748950024 : 	0	0	0	4	6	
749949876 : 	0	0	0	4	15	
750950156 : 	0	0	0	4	24	
751951032 : 	0	0	0	4	33	
754947876 : 	0	0	0	4	24	
756947756 : 	0	0	0	4	6	
757947952 : 	0	0	0	4	15	
765948072 : 	0	0	0	4	15	
766948440 : 	0	0	0	4	24	
768949500 : 	0	0	0	4	6	
771947452 : 	0	0	0	4	33	
772947732 : 	0	0	0	4	6	
775947808 : 	0	0	0	4	33	
776949108 : 	0	0	0	4	6	
778949496 : 	0	0	0	4	24	
779948672 : 	0	0	0	4	33	
780948784 : 	0	0	0	4	6	
781948892 : 	0	0	0	4	15	
782949432 : 	0	0	0	4	24	
783950132 : 	0	0	0	4	33	
784948880 : 	0	0	0	4	6	
785948992 : 	0	0	0	4	15	
786948760 : 	0	0	0	4	24	
787950232 : 	0	0	0	4	33	
788948388 : 	0	0	0	4	6	
789947816 : 	0	0	0	4	15	
790949712 : 	0	0	0	4	24	
791949228 : 	0	0	0	4	33	
792949852 : 	0	0	0	4	6	
793949024 : 	0	0	0	4	15	
794949648 : 	0	0	0	4	24	
795948220 : 	0	0	0	4	33	
796949692 : 	0	0	0	4	6	
797949804 : 	0	0	0	4	15	
798949060 : 	0	0	0	4	24	
799949000 : 	0	0	0	4	33	
800948268 : 	0	0	0	4	6	
801949904 : 	0	0	0	4	15	
802949928 : 	0	0	0	4	24	
804948788 : 	0	0	0	4	6	
805948388 : 	0	0	0	4	15	
806947392 : 	0	0	0	4	24	
808948208 : 	0	0	0	4	6	
809947808 : 	0	0	0	4	15	
810949532 : 	0	0	0	4	24	
812949588 : 	0	0	0	4	6	
813949860 : 	0	0	0	4	15	
814948780 : 	0	0	0	4	24	
815949744 : 	0	0	0	4	33	
817948432 : 	0	0	0	4	15	
818948288 : 	0	0	0	4	24	
819950352 : 	0	0	0	4	33	
820948168 : 	0	0	0	4	6	
821949808 : 	0	0	0	4	15	
823949516 : 	0	0	0	4	33	
824951156 : 	0	0	0	4	6	
827947660 : 	0	0	0	4	33	
837947828 : 	0	0	0	4	15	
839947708 : 	0	0	0	4	33	
847947992 : 	0	0	0	4	33	
852948200 : 	0	0	0	4	6	
854948084 : 	0	0	0	4	24	
859948292 : 	0	0	0	4	33	
864948500 : 	0	0	0	4	6	
867950364 : 	0	0	0	4	33	
868948856 : 	0	0	0	4	6	
869951092 : 	0	0	0	4	15	
870950020 : 	0	0	0	4	24	
871950972 : 	0	0	0	4	33	
872949636 : 	0	0	0	4	6	
873949328 : 	0	0	0	4	15	
874951640 : 	0	0	0	4	24	
877948232 : 	0	0	0	4	15	
884948832 : 	0	0	0	4	6	
885948348 : 	0	0	0	4	15	
886951348 : 	0	0	0	4	24	
887948736 : 	0	0	0	4	33	
891948668 : 	0	0	0	4	33	
893948716 : 	0	0	0	4	15	
896948876 : 	0	0	0	4	6	
898948672 : 	0	0	0	4	24	
900948892 : 	0	0	0	4	6	
901949604 : 	0	0	0	4	15	
906949976 : 	0	0	0	4	24	
908948924 : 	0	0	0	4	6	
909949456 : 	0	0	0	4	15	
910949820 : 	0	0	0	4	24	
911949592 : 	0	0	0	4	33	
914949836 : 	0	0	0	4	24	
915949352 : 	0	0	0	4	33	
917949744 : 	0	0	0	4	15	
918949680 : 	0	0	0	4	24	
919950216 : 	0	0	0	4	33	
920949564 : 	0	0	0	4	6	
921949756 : 	0	0	0	4	15	
922950464 : 	0	0	0	4	24	
923949720 : 	0	0	0	4	33	
924949832 : 	0	0	0	4	6	
925949856 : 	0	0	0	4	15	
926950136 : 	0	0	0	4	24	
929949276 : 	0	0	0	4	15	
933950572 : 	0	0	0	4	15	
934949232 : 	0	0	0	4	24	
937949136 : 	0	0	0	4	15	
938951200 : 	0	0	0	4	24	
939951312 : 	0	0	0	4	33	
940950148 : 	0	0	0	4	6	
941949916 : 	0	0	0	4	15	
942949524 : 	0	0	0	4	24	
944950840 : 	0	0	0	4	6	
945950612 : 	0	0	0	4	15	
949949612 : 	0	0	0	4	15	
953950308 : 	0	0	0	4	15	
954950496 : 	0	0	0	4	24	
959951216 : 	0	0	0	4	33	
961951268 : 	0	0	0	4	15	
962951464 : 	0	0	0	4	24	
964952024 : 	0	0	0	4	6	
966951904 : 	0	0	0	4	24	
967952012 : 	0	0	0	4	33	
968951960 : 	0	0	0	4	6	
970952428 : 	0	0	0	4	24	
972952816 : 	0	0	0	4	6	
973953352 : 	0	0	0	4	15	
976952748 : 	0	0	0	4	6	
977952176 : 	0	0	0	4	15	
978951864 : 	0	0	0	4	24	
979951804 : 	0	0	0	4	33	
980952932 : 	0	0	0	4	6	
981953808 : 	0	0	0	4	15	
983952668 : 	0	0	0	4	33	
987954380 : 	0	0	0	4	33	
992953656 : 	0	0	0	4	6	
993953944 : 	0	0	0	4	15	
1013954268 : 	0	0	0	4	15	
1014954044 : 	0	0	0	4	24	
1017954460 : 	0	0	0	4	15	
1019953908 : 	0	0	0	4	33	
1022953980 : 	0	0	0	4	24	
1024954464 : 	0	0	0	4	6	
1025955248 : 	0	0	0	4	15	
1029954328 : 	0	0	0	4	15	
1030956224 : 	0	0	0	4	24	
1032955592 : 	0	0	0	4	6	
1033955020 : 	0	0	0	4	15	
1034954964 : 	0	0	0	4	24	
1036954500 : 	0	0	0	4	6	
1037955716 : 	0	0	0	4	15	
1038957356 : 	0	0	0	4	24	
1039954832 : 	0	0	0	4	33	
1040956480 : 	0	0	0	4	6	
1041955992 : 	0	0	0	4	15	
1042957116 : 	0	0	0	4	24	
1043956376 : 	0	0	0	4	33	
1044957676 : 	0	0	0	4	6	
1045956688 : 	0	0	0	4	15	
1046955264 : 	0	0	0	4	24	
1047957412 : 	0	0	0	4	33	
1048956248 : 	0	0	0	4	6	
1050955792 : 	0	0	0	4	24	
1051956244 : 	0	0	0	4	33	
1052957796 : 	0	0	0	4	6	
1053958164 : 	0	0	0	4	15	
1054957332 : 	0	0	0	4	24	
1055958292 : 	0	0	0	4	33	
1056957560 : 	0	0	0	4	6	
1057956472 : 	0	0	0	4	15	
1059956268 : 	0	0	0	4	33	
1060956212 : 	0	0	0	4	6	
1061958704 : 	0	0	0	4	15	
1063957472 : 	0	0	0	4	33	
1064956564 : 	0	0	0	4	6	
1065955736 : 	0	0	0	4	15	
1067957232 : 	0	0	0	4	33	
1068959296 : 	0	0	0	4	6	
1069956944 : 	0	0	0	4	15	
1071956908 : 	0	0	0	4	33	
1072958804 : 	0	0	0	4	6	
1073958148 : 	0	0	0	4	15	
1075959132 : 	0	0	0	4	33	
1076958228 : 	0	0	0	4	6	
1077958764 : 	0	0	0	4	15	
1078957420 : 	0	0	0	4	24	
1079957788 : 	0	0	0	4	33	
1080957472 : 	0	0	0	4	6	
1081957752 : 	0	0	0	4	15	
1082959648 : 	0	0	0	4	24	
1083957384 : 	0	0	0	4	33	
1085958700 : 	0	0	0	4	15	
1086958648 : 	0	0	0	4	24	
1087957648 : 	0	0	0	4	33	
1088958612 : 	0	0	0	4	6	
1089957696 : 	0	0	0	4	15	
1090958148 : 	0	0	0	4	24	
1091958860 : 	0	0	0	4	33	
1093959156 : 	0	0	0	4	15	
1094959776 : 	0	0	0	4	24	
1095960744 : 	0	0	0	4	33	
1096960848 : 	0	0	0	4	6	
1097960536 : 	0	0	0	4	15	
1098960388 : 	0	0	0	4	24	
1099958712 : 	0	0	0	4	33	
1100960436 : 	0	0	0	4	6	
1101958420 : 	0	0	0	4	15	
1102960664 : 	0	0	0	4	24	
1103961448 : 	0	0	0	4	33	
1104959524 : 	0	0	0	4	6	
1105960904 : 	0	0	0	4	15	
1106959488 : 	0	0	0	4	24	
1107961292 : 	0	0	0	4	33	
1108961324 : 	0	0	0	4	6	
1109959556 : 	0	0	0	4	15	
1110959496 : 	0	0	0	4	24	
1111961900 : 	0	0	0	4	33	
1112959716 : 	0	0	0	4	6	
1113960080 : 	0	0	0	4	15	
1114961636 : 	0	0	0	4	24	
1115961412 : 	0	0	0	4	33	
1116962536 : 	0	0	0	4	6	
1118960632 : 	0	0	0	4	24	
1119961336 : 	0	0	0	4	33	
1120963064 : 	0	0	0	4	6	
1121961052 : 	0	0	0	4	15	
1122963028 : 	0	0	0	4	24	
1123960756 : 	0	0	0	4	33	
1124961632 : 	0	0	0	4	6	
1125961316 : 	0	0	0	4	15	
1127963408 : 	0	0	0	4	33	
1136960912 : 	0	0	0	4	6	
1137960680 : 	0	0	0	4	15	
1138963604 : 	0	0	0	4	24	
1140961360 : 	0	0	0	4	6	
1143961340 : 	0	0	0	4	33	
1144961452 : 	0	0	0	4	6	
1145962244 : 	0	0	0	4	15	
1146961844 : 	0	0	0	4	24	
1147961784 : 	0	0	0	4	33	
1150961856 : 	0	0	0	4	24	
1151963580 : 	0	0	0	4	33	
1153962528 : 	0	0	0	4	15	
1154963232 : 	0	0	0	4	24	
1155961988 : 	0	0	0	4	33	
1158962736 : 	0	0	0	4	24	
1161963152 : 	0	0	0	4	15	
1162963260 : 	0	0	0	4	24	
1164964076 : 	0	0	0	4	6	
1165962656 : 	0	0	0	4	15	
1166964976 : 	0	0	0	4	24	
1167962368 : 	0	0	0	4	33	
1168964008 : 	0	0	0	4	6	
1169962084 : 	0	0	0	4	15	
1170965248 : 	0	0	0	4	24	
1171964168 : 	0	0	0	4	33	
1172962916 : 	0	0	0	4	6	
1173964556 : 	0	0	0	4	15	
1174964156 : 	0	0	0	4	24	
1175966648 : 	0	0	0	4	33	
1176963444 : 	0	0	0	4	6	
1177963040 : 	0	0	0	4	15	
1178966132 : 	0	0	0	4	24	
1179964368 : 	0	0	0	4	33	
1180964816 : 	0	0	0	4	6	
1181963824 : 	0	0	0	4	15	
1182963768 : 	0	0	0	4	24	
1183963616 : 	0	0	0	4	33	
1184964668 : 	0	0	0	4	6	
1185963244 : 	0	0	0	4	15	
1186964116 : 	0	0	0	4	24	
1187964480 : 	0	0	0	4	33	
1188965780 : 	0	0	0	4	6	
1189963512 : 	0	0	0	4	15	
1190966088 : 	0	0	0	4	24	
1191963900 : 	0	0	0	4	33	
1192966312 : 	0	0	0	4	6	
1194965592 : 	0	0	0	4	24	
1195964936 : 	0	0	0	4	33	
1196967092 : 	0	0	0	4	6	
1197967284 : 	0	0	0	4	15	
1198964332 : 	0	0	0	4	24	
1199966484 : 	0	0	0	4	33	
1200965912 : 	0	0	0	4	6	
1201966788 : 	0	0	0	4	15	
1202965028 : 	0	0	0	4	24	
1203965732 : 	0	0	0	4	33	
1204966096 : 	0	0	0	4	6	
1205967056 : 	0	0	0	4	15	
1206965212 : 	0	0	0	4	24	
1207969232 : 	0	0	0	4	33	
1208968328 : 	0	0	0	4	6	
1209966052 : 	0	0	0	4	15	
1210967608 : 	0	0	0	4	24	
1212966048 : 	0	0	0	4	6	
1213967256 : 	0	0	0	4	15	
1214966864 : 	0	0	0	4	24	
1215966628 : 	0	0	0	4	33	
1216967332 : 	0	0	0	4	6	
1217967192 : 	0	0	0	4	15	
1218966276 : 	0	0	0	4	24	
1219968852 : 	0	0	0	4	33	
1221967288 : 	0	0	0	4	15	
1222967652 : 	0	0	0	4	24	
1223968272 : 	0	0	0	4	33	
1225967304 : 	0	0	0	4	15	
1226967668 : 	0	0	0	4	24	
1227967184 : 	0	0	0	4	33	
1229967408 : 	0	0	0	4	15	
1230969296 : 	0	0	0	4	24	
1231968132 : 	0	0	0	4	33	
1232968844 : 	0	0	0	4	6	
1233968272 : 	0	0	0	4	15	
1234967952 : 	0	0	0	4	24	
1235967636 : 	0	0	0	4	33	
1237969388 : 	0	0	0	4	15	
1238969924 : 	0	0	0	4	24	
1239970116 : 	0	0	0	4	33	
1241971104 : 	0	0	0	4	15	
1242971468 : 	0	0	0	4	24	
1243970812 : 	0	0	0	4	33	
1244972280 : 	0	0	0	4	6	
1245970692 : 	0	0	0	4	15	
1246971568 : 	0	0	0	4	24	
1247971168 : 	0	0	0	4	33	
1248970512 : 	0	0	0	4	6	
1249969856 : 	0	0	0	4	15	
1250972176 : 	0	0	0	4	24	
1251971436 : 	0	0	0	4	33	
1252971640 : 	0	0	0	4	6	
1255969240 : 	0	0	0	4	33	
1260969280 : 	0	0	0	4	6	
1261969900 : 	0	0	0	4	15	
1263969696 : 	0	0	0	4	33	
1264969976 : 	0	0	0	4	6	
1265970596 : 	0	0	0	4	15	
1266970028 : 	0	0	0	4	24	
1267970308 : 	0	0	0	4	33	
1268970248 : 	0	0	0	4	6	
1270970892 : 	0	0	0	4	24	
1272971288 : 	0	0	0	4	6	
1273971052 : 	0	0	0	4	15	
1274971076 : 	0	0	0	4	24	
1275971616 : 	0	0	0	4	33	
1276971048 : 	0	0	0	4	6	
1278971856 : 	0	0	0	4	24	
1279971880 : 	0	0	0	4	33	
1280971396 : 	0	0	0	4	6	
1281973036 : 	0	0	0	4	15	
1285973144 : 	0	0	0	4	15	
1287973612 : 	0	0	0	4	33	
1288972368 : 	0	0	0	4	6	
1289972388 : 	0	0	0	4	15	
1290974112 : 	0	0	0	4	24	
1291973720 : 	0	0	0	4	33	
1292973312 : 	0	0	0	4	6	
1293975548 : 	0	0	0	4	15	
1294971492 : 	0	0	0	4	24	
1295973392 : 	0	0	0	4	33	
1296972824 : 	0	0	0	4	6	
1297973012 : 	0	0	0	4	15	
1298972868 : 	0	0	0	4	24	
1299972808 : 	0	0	0	4	33	
1301974472 : 	0	0	0	4	15	
1302976284 : 	0	0	0	4	24	
1303975288 : 	0	0	0	4	33	
1305974832 : 	0	0	0	4	15	
1306974852 : 	0	0	0	4	24	
1307974536 : 	0	0	0	4	33	
1308974476 : 	0	0	0	4	6	
1309973824 : 	0	0	0	4	15	
1310976736 : 	0	0	0	4	24	
1311975232 : 	0	0	0	4	33	
1312973988 : 	0	0	0	4	6	
1314975136 : 	0	0	0	4	24	
1315977116 : 	0	0	0	4	33	
1316974336 : 	0	0	0	4	6	
1318975324 : 	0	0	0	4	24	
1319974328 : 	0	0	0	4	33	
1320975968 : 	0	0	0	4	6	
1321974548 : 	0	0	0	4	15	
1322975344 : 	0	0	0	4	24	
1323976892 : 	0	0	0	4	33	
1324976156 : 	0	0	0	4	6	
1325976772 : 	0	0	0	4	15	
1327975208 : 	0	0	0	4	33	
1328975488 : 	0	0	0	4	6	
1329975432 : 	0	0	0	4	15	
1330975796 : 	0	0	0	4	24	
1331977176 : 	0	0	0	4	33	
1332977032 : 	0	0	0	4	6	
1333975952 : 	0	0	0	4	15	
1334976996 : 	0	0	0	4	24	
1335977956 : 	0	0	0	4	33	
1336975524 : 	0	0	0	4	6	
1337976732 : 	0	0	0	4	15	
1338976504 : 	0	0	0	4	24	
1339977632 : 	0	0	0	4	33	
1340975872 : 	0	0	0	4	6	
1341976584 : 	0	0	0	4	15	
1342978472 : 	0	0	0	4	24	
1344976736 : 	0	0	0	4	6	
1345978804 : 	0	0	0	4	15	
1346975512 : 	0	0	0	4	24	
1347978852 : 	0	0	0	4	33	
1348978196 : 	0	0	0	4	6	
1349978904 : 	0	0	0	4	15	
1350976972 : 	0	0	0	4	24	
1351980396 : 	0	0	0	4	33	
1353976968 : 	0	0	0	4	15	
1354979280 : 	0	0	0	4	24	
1355976248 : 	0	0	0	4	33	
1356979500 : 	0	0	0	4	6	
1357979016 : 	0	0	0	4	15	
1358977596 : 	0	0	0	4	24	
1359979320 : 	0	0	0	4	33	
1360978080 : 	0	0	0	4	6	
1369224892 : 	0	0	0	4	6	
1370225600 : 	0	0	0	4	15	
1372225308 : 	0	0	0	4	33	
1373227544 : 	0	0	0	4	6	
1374227144 : 	0	0	0	4	15	
1376228640 : 	0	0	0	4	33	
1377226540 : 	0	0	0	4	6	
1378228268 : 	0	0	0	4	15	
1380318248 : 	0	0	0	4	6	
1381320988 : 	0	0	0	4	15	
1383319168 : 	0	0	0	4	33	
1384318852 : 	0	0	0	4	6	
1385319480 : 	0	0	0	4	15	
1386321624 : 	0	0	0	4	24	
1387319096 : 	0	0	0	4	33	
1388321416 : 	0	0	0	4	6	
1389321280 : 	0	0	0	4	15	
1390321640 : 	0	0	0	4	24	
1391321492 : 	0	0	0	4	33	
1392319392 : 	0	0	0	4	6	
1393321288 : 	0	0	0	4	15	
1394320888 : 	0	0	0	4	24	
1395319816 : 	0	0	0	4	33	
1396321788 : 	0	0	0	4	6	
1397319780 : 	0	0	0	4	15	
1398322008 : 	0	0	0	4	24	
1399321436 : 	0	0	0	4	33	
1400321380 : 	0	0	0	4	6	
1401320640 : 	0	0	0	4	15	
1402321684 : 	0	0	0	4	24	
1403322984 : 	0	0	0	4	33	
1404320288 : 	0	0	0	4	6	
1405322524 : 	0	0	0	4	15	
1406322888 : 	0	0	0	4	24	
1407322572 : 	0	0	0	4	33	
1409323388 : 	0	0	0	4	15	
1410323328 : 	0	0	0	4	24	
1411320208 : 	0	0	0	4	33	
1412323124 : 	0	0	0	4	6	
1413323320 : 	0	0	0	4	15	
1414323348 : 	0	0	0	4	24	
1415323624 : 	0	0	0	4	33	
1416323732 : 	0	0	0	4	6	
1418324632 : 	0	0	0	4	24	
1419323980 : 	0	0	0	4	33	
1420323748 : 	0	0	0	4	6	
1421322420 : 	0	0	0	4	15	
1422323968 : 	0	0	0	4	24	
1423324076 : 	0	0	0	4	33	
1424323424 : 	0	0	0	4	6	
1425324468 : 	0	0	0	4	15	
1426325172 : 	0	0	0	4	24	
1427321976 : 	0	0	0	4	33	
1428323444 : 	0	0	0	4	6	
1429325080 : 	0	0	0	4	15	
1430323404 : 	0	0	0	4	24	
1431323256 : 	0	0	0	4	33	
1432323284 : 	0	0	0	4	6	
1433325008 : 	0	0	0	4	15	
1435324632 : 	0	0	0	4	33	
1436326528 : 	0	0	0	4	6	
1437323492 : 	0	0	0	4	15	
1438324112 : 	0	0	0	4	24	
1439325924 : 	0	0	0	4	33	
1440323660 : 	0	0	0	4	6	
1441323932 : 	0	0	0	4	15	
1443324408 : 	0	0	0	4	33	
1444325028 : 	0	0	0	4	6	
1445324888 : 	0	0	0	4	15	
1453324232 : 	0	0	0	4	15	
1454324600 : 	0	0	0	4	24	
1456324052 : 	0	0	0	4	6	
1462324296 : 	0	0	0	4	24	
1464326040 : 	0	0	0	4	6	
1465325552 : 	0	0	0	4	15	
1466325240 : 	0	0	0	4	24	
1468326308 : 	0	0	0	4	6	
1470326700 : 	0	0	0	4	24	
1471326128 : 	0	0	0	4	33	
1473326100 : 	0	0	0	4	15	
1474326372 : 	0	0	0	4	24	
1475327248 : 	0	0	0	4	33	
1476327612 : 	0	0	0	4	6	
1479327520 : 	0	0	0	4	33	
1480327460 : 	0	0	0	4	6	
1482327000 : 	0	0	0	4	24	
1483327540 : 	0	0	0	4	33	
1486325404 : 	0	0	0	4	6	
1487327392 : 	0	0	0	4	15	
1488324436 : 	0	0	0	4	24	
1489324544 : 	0	0	0	4	33	
2260063352 : 	0	0	0	4	6	
2263079740 : 	0	0	0	4	24	
2264080452 : 	0	0	0	4	33	
2266079816 : 	0	0	0	4	15	
2270080008 : 	0	0	0	4	15	
2275080552 : 	0	0	0	4	24	
2276080668 : 	0	0	0	4	33	
2281080700 : 	0	0	0	4	6	
2282080556 : 	0	0	0	4	15	
2285080544 : 	0	0	0	4	6	
2289080220 : 	0	0	0	4	6	
2291079344 : 	0	0	0	4	24	
2292079276 : 	0	0	0	4	33	
2293080492 : 	0	0	0	4	6	
2296079384 : 	0	0	0	4	33	
2299080472 : 	0	0	0	4	24	
2301080180 : 	0	0	0	4	6	
2302079696 : 	0	0	0	4	15	
2303079380 : 	0	0	0	4	24	
2304080008 : 	0	0	0	4	33	
2305079004 : 	0	0	0	4	6	
2306079540 : 	0	0	0	4	15	
2308080788 : 	0	0	0	4	33	
2309080216 : 	0	0	0	4	6	
2311078992 : 	0	0	0	4	24	
2312079528 : 	0	0	0	4	33	
2314080760 : 	0	0	0	4	15	
2315079256 : 	0	0	0	4	24	
2316079876 : 	0	0	0	4	33	
2320080060 : 	0	0	0	4	33	
2321080512 : 	0	0	0	4	6	
2324079568 : 	0	0	0	4	33	
2326079276 : 	0	0	0	4	15	
2327079556 : 	0	0	0	4	24	
2333080044 : 	0	0	0	4	6	
2338079836 : 	0	0	0	4	15	
2339080708 : 	0	0	0	4	24	
2340080308 : 	0	0	0	4	33	
2341080756 : 	0	0	0	4	6	
2347080312 : 	0	0	0	4	24	
2350080472 : 	0	0	0	4	15	
2351080240 : 	0	0	0	4	24	
2353081488 : 	0	0	0	4	6	
2354080488 : 	0	0	0	4	15	
2357081072 : 	0	0	0	4	6	
2358080840 : 	0	0	0	4	15	
2364081252 : 	0	0	0	4	33	
2366081720 : 	0	0	0	4	15	
2368081948 : 	0	0	0	4	33	
2375084496 : 	0	0	0	4	24	
2384080812 : 	0	0	0	4	33	
2386081288 : 	0	0	0	4	15	
2390081560 : 	0	0	0	4	15	
2391081328 : 	0	0	0	4	24	
2395081340 : 	0	0	0	4	24	
2397081984 : 	0	0	0	4	6	
2400081552 : 	0	0	0	4	33	
2404081744 : 	0	0	0	4	33	
2405082276 : 	0	0	0	4	6	
2406083232 : 	0	0	0	4	15	
2408082092 : 	0	0	0	4	33	
2410083160 : 	0	0	0	4	15	
2414083516 : 	0	0	0	4	15	
2416082208 : 	0	0	0	4	33	
2417082316 : 	0	0	0	4	6	
2418082428 : 	0	0	0	4	15	
2421083352 : 	0	0	0	4	6	
2423082892 : 	0	0	0	4	24	
2424083172 : 	0	0	0	4	33	
2427083500 : 	0	0	0	4	24	
2428082932 : 	0	0	0	4	33	
2431083856 : 	0	0	0	4	24	
2432083200 : 	0	0	0	4	33	
2435083532 : 	0	0	0	4	24	
2438083776 : 	0	0	0	4	15	
2439083292 : 	0	0	0	4	24	
2440083232 : 	0	0	0	4	33	
2441083340 : 	0	0	0	4	6	
2442083280 : 	0	0	0	4	15	
2448083688 : 	0	0	0	4	33	
2450083736 : 	0	0	0	4	15	
2452084212 : 	0	0	0	4	33	
2456084820 : 	0	0	0	4	33	
2458084452 : 	0	0	0	4	15	
2460084156 : 	0	0	0	4	33	
2463085080 : 	0	0	0	4	24	
2464085360 : 	0	0	0	4	33	
2465084540 : 	0	0	0	4	6	
2469085828 : 	0	0	0	4	6	
2472085568 : 	0	0	0	4	33	
2473086436 : 	0	0	0	4	6	
2475085040 : 	0	0	0	4	24	
2477086452 : 	0	0	0	4	6	
2478084352 : 	0	0	0	4	15	
2479084972 : 	0	0	0	4	24	
2480085252 : 	0	0	0	4	33	
2481086892 : 	0	0	0	4	6	
2483086940 : 	0	0	0	4	24	
2484085608 : 	0	0	0	4	33	
2489086328 : 	0	0	0	4	6	
2495086816 : 	0	0	0	4	24	
2496089476 : 	0	0	0	4	33	
2498086808 : 	0	0	0	4	15	
2499086916 : 	0	0	0	4	24	
2501087136 : 	0	0	0	4	6	
2505086388 : 	0	0	0	4	6	
2511086792 : 	0	0	0	4	24	
2512086560 : 	0	0	0	4	33	
2515087912 : 	0	0	0	4	24	
2516087944 : 	0	0	0	4	33	
2517089744 : 	0	0	0	4	6	
2519088436 : 	0	0	0	4	24	
2520088548 : 	0	0	0	4	33	
2521087636 : 	0	0	0	4	6	
2522086980 : 	0	0	0	4	15	
2524087460 : 	0	0	0	4	33	
2525088160 : 	0	0	0	4	6	
2527087956 : 	0	0	0	4	24	
2528088660 : 	0	0	0	4	33	
2531087208 : 	0	0	0	4	24	
2532088336 : 	0	0	0	4	33	
2533088532 : 	0	0	0	4	6	
2534087452 : 	0	0	0	4	15	
2536089032 : 	0	0	0	4	33	
2537088716 : 	0	0	0	4	6	
2541090008 : 	0	0	0	4	6	
2542089860 : 	0	0	0	4	15	
2545090108 : 	0	0	0	4	6	
2547089136 : 	0	0	0	4	24	
2548089756 : 	0	0	0	4	33	
2549088164 : 	0	0	0	4	6	
2551089660 : 	0	0	0	4	24	
2552088836 : 	0	0	0	4	33	
2554090928 : 	0	0	0	4	15	
2556090892 : 	0	0	0	4	33	
2557090836 : 	0	0	0	4	6	
2560090480 : 	0	0	0	4	33	
2565091540 : 	0	0	0	4	6	
2568090596 : 	0	0	0	4	33	
2571090500 : 	0	0	0	4	24	
2573091060 : 	0	0	0	4	6	
2577091248 : 	0	0	0	4	6	
2579092664 : 	0	0	0	4	24	
2581092876 : 	0	0	0	4	6	
2585092976 : 	0	0	0	4	6	
2587093364 : 	0	0	0	4	24	
2589092652 : 	0	0	0	4	6	
2590091824 : 	0	0	0	4	15	
2595093480 : 	0	0	0	4	24	
2596092232 : 	0	0	0	4	33	
2601094056 : 	0	0	0	4	6	
2603095296 : 	0	0	0	4	24	
2606096484 : 	0	0	0	4	15	
2609098592 : 	0	0	0	4	6	
2610095044 : 	0	0	0	4	15	
2612099096 : 	0	0	0	4	33	
2614095740 : 	0	0	0	4	15	
2615096872 : 	0	0	0	4	24	
2616096300 : 	0	0	0	4	33	
2617098452 : 	0	0	0	4	6	
2618097880 : 	0	0	0	4	15	
2619096376 : 	0	0	0	4	24	
2620096996 : 	0	0	0	4	33	
2621097532 : 	0	0	0	4	6	
2622098832 : 	0	0	0	4	15	
2623098348 : 	0	0	0	4	24	
2627094280 : 	0	0	0	4	24	
2636095616 : 	0	0	0	4	33	
2641095568 : 	0	0	0	4	6	
2644095896 : 	0	0	0	4	33	
2646095952 : 	0	0	0	4	15	
2647097332 : 	0	0	0	4	24	
2650096896 : 	0	0	0	4	15	
2657096824 : 	0	0	0	4	6	
2658098116 : 	0	0	0	4	15	
2661096496 : 	0	0	0	4	6	
2664096828 : 	0	0	0	4	33	
2665097188 : 	0	0	0	4	6	
2666097296 : 	0	0	0	4	15	
2671097676 : 	0	0	0	4	24	
2673098068 : 	0	0	0	4	6	
2674096816 : 	0	0	0	4	15	
2675099220 : 	0	0	0	4	24	
2678097088 : 	0	0	0	4	15	
2680099600 : 	0	0	0	4	33	
2681099376 : 	0	0	0	4	6	
2682099140 : 	0	0	0	4	15	
2683099336 : 	0	0	0	4	24	
2684099360 : 	0	0	0	4	33	
2686099752 : 	0	0	0	4	15	
2687099352 : 	0	0	0	4	24	
2689100168 : 	0	0	0	4	6	
2690098832 : 	0	0	0	4	15	
2691099196 : 	0	0	0	4	24	
2694099780 : 	0	0	0	4	15	
2696100512 : 	0	0	0	4	33	
2700101460 : 	0	0	0	4	33	
2702101088 : 	0	0	0	4	15	
2704101304 : 	0	0	0	4	33	
2705101500 : 	0	0	0	4	6	
2706101868 : 	0	0	0	4	15	
2708101244 : 	0	0	0	4	33	
2711100884 : 	0	0	0	4	24	
2713102212 : 	0	0	0	4	6	
2715101496 : 	0	0	0	4	24	
2716102456 : 	0	0	0	4	33	
2721102580 : 	0	0	0	4	6	
2722102356 : 	0	0	0	4	15	
2725102772 : 	0	0	0	4	6	
2728102672 : 	0	0	0	4	33	
2730102296 : 	0	0	0	4	15	
2739104052 : 	0	0	0	4	24	
2750107472 : 	0	0	0	4	15	
2755104024 : 	0	0	0	4	24	
2756104732 : 	0	0	0	4	33	
2758104868 : 	0	0	0	4	15	
2761105456 : 	0	0	0	4	6	
2762105560 : 	0	0	0	4	15	
2763105244 : 	0	0	0	4	24	
2765104784 : 	0	0	0	4	6	
2767105600 : 	0	0	0	4	24	
2768105116 : 	0	0	0	4	33	
2769105312 : 	0	0	0	4	6	
2772106576 : 	0	0	0	4	33	
2773106600 : 	0	0	0	4	6	
2778106388 : 	0	0	0	4	15	
2782105644 : 	0	0	0	4	15	
2784106792 : 	0	0	0	4	33	
2788207256 : 	0	0	0	4	6	
2789205836 : 	0	0	0	4	15	
2790205264 : 	0	0	0	4	24	
2791206060 : 	0	0	0	4	33	
